0.7926 	WARNING 	We strongly recommend you activate the PTB sound engine in PsychoPy prefs as the preferred audio engine. Its timing is vastly superior. Your prefs are currently set to use ['sounddevice', 'PTB', 'pyo', 'pygame'] (in that order).
4.5465 	WARNING 	User requested fullscreen with size [1920 1080], but screen is actually [3008, 1692]. Using actual size
5.1068 	EXP 	Created window1 = Window(allowGUI=True, allowStencil=False, autoLog=True, backendConf=UNKNOWN, bitsMode=UNKNOWN, blendMode='avg', bpc=(8, 8, 8), color=array([-1, -1, -1]), colorSpace='rgb', depthBits=8, fullscr=<method-wrapper '__getattribute__' of attributeSetter object at 0x7fea115601f0>, gamma=None, gammaErrorPolicy='raise', lms=UNKNOWN, monitor=<psychopy.monitors.calibTools.Monitor object at 0x7fe991455a90>, multiSample=False, name='window1', numSamples=2, pos=[752.0, 423.0], screen=0, size=array([6016, 3384]), stencilBits=0, stereo=False, units='height', useFBO=True, useRetina=True, viewOri=0.0, viewPos=None, viewScale=None, waitBlanking=True, winType='pyglet')
5.1069 	EXP 	window1: mouseVisible = True
5.1078 	EXP 	window1: mouseVisible = False
5.1078 	EXP 	window1: Attempting to measure frame rate of screen (0) ...
5.1078 	EXP 	window1: recordFrameIntervals = False
5.2738 	EXP 	window1: recordFrameIntervals = True
5.9621 	WARNING 	t of last frame was 23.44ms (=1/42)
6.3728 	EXP 	Screen (0) actual frame rate measured at 60.00Hz
6.3729 	EXP 	window1: recordFrameIntervals = False
7.8640 	EXP 	Created intro_text = TextStim(__class__=<class 'psychopy.visual.text.TextStim'>, alignHoriz=method-wrapper(...), alignText='center', alignVert=method-wrapper(...), anchorHoriz='center', anchorVert='center', antialias=True, autoDraw=False, autoLog=True, bold=False, color=array([1, 1, 1]), colorSpace='rgb', contrast=1.0, depth=-2.0, flipHoriz=False, flipVert=False, font='Arial', fontFiles=[], height=0.05, italic=False, languageStyle='LTR', name='intro_text', opacity=1.0, ori=0, pos=array([0., 0.]), rgb=UNKNOWN, text=str(...), units='height', win=Window(...), wrapWidth=1)
7.8729 	EXP 	Created instr_1 = TextStim(__class__=<class 'psychopy.visual.text.TextStim'>, alignHoriz=method-wrapper(...), alignText='center', alignVert=method-wrapper(...), anchorHoriz='center', anchorVert='center', antialias=True, autoDraw=False, autoLog=True, bold=False, color=array([1, 1, 1]), colorSpace='rgb', contrast=1.0, depth=0.0, flipHoriz=False, flipVert=False, font='Arial', fontFiles=[], height=0.05, italic=False, languageStyle='LTR', name='instr_1', opacity=1.0, ori=0, pos=array([0., 0.]), rgb=UNKNOWN, text=str(...), units='height', win=Window(...), wrapWidth=1)
7.8869 	EXP 	Created instr_2 = TextStim(__class__=<class 'psychopy.visual.text.TextStim'>, alignHoriz=method-wrapper(...), alignText='center', alignVert=method-wrapper(...), anchorHoriz='center', anchorVert='center', antialias=True, autoDraw=False, autoLog=True, bold=False, color=array([1, 1, 1]), colorSpace='rgb', contrast=1.0, depth=0.0, flipHoriz=False, flipVert=False, font='Arial', fontFiles=[], height=0.05, italic=False, languageStyle='LTR', name='instr_2', opacity=1.0, ori=0, pos=array([0., 0.]), rgb=UNKNOWN, text=str(...), units='height', win=Window(...), wrapWidth=1)
7.8954 	EXP 	Created instr_3 = TextStim(__class__=<class 'psychopy.visual.text.TextStim'>, alignHoriz=method-wrapper(...), alignText='center', alignVert=method-wrapper(...), anchorHoriz='center', anchorVert='center', antialias=True, autoDraw=False, autoLog=True, bold=False, color=array([1, 1, 1]), colorSpace='rgb', contrast=1.0, depth=0.0, flipHoriz=False, flipVert=False, font='Arial', fontFiles=[], height=0.05, italic=False, languageStyle='LTR', name='instr_3', opacity=1.0, ori=0, pos=array([0., 0.]), rgb=UNKNOWN, text=str(...), units='height', win=Window(...), wrapWidth=1)
7.9034 	EXP 	Created read_prac = TextStim(__class__=<class 'psychopy.visual.text.TextStim'>, alignHoriz=method-wrapper(...), alignText='center', alignVert=method-wrapper(...), anchorHoriz='center', anchorVert='center', antialias=True, autoDraw=False, autoLog=True, bold=False, color=array([1, 1, 1]), colorSpace='rgb', contrast=1.0, depth=0.0, flipHoriz=False, flipVert=False, font='Arial', fontFiles=[], height=0.05, italic=False, languageStyle='LTR', name='read_prac', opacity=1.0, ori=0, pos=array([0., 0.]), rgb=UNKNOWN, text=str(...), units='height', win=Window(...), wrapWidth=1)
7.9040 	EXP 	Created BlockInstr_disp = TextStim(__class__=<class 'psychopy.visual.text.TextStim'>, alignHoriz=method-wrapper(...), alignText='center', alignVert=method-wrapper(...), anchorHoriz='center', anchorVert='center', antialias=True, autoDraw=False, autoLog=True, bold=False, color=array([1, 1, 1]), colorSpace='rgb', contrast=1.0, depth=-1.0, flipHoriz=False, flipVert=False, font='Arial', fontFiles=[], height=0.08, italic=False, languageStyle='LTR', name='BlockInstr_disp', opacity=1.0, ori=0, pos=array([0., 0.]), rgb=UNKNOWN, text='', units='height', win=Window(...), wrapWidth=1)
7.9081 	EXP 	Created iti = ShapeStim(__class__=<class 'psychopy.visual.shape.ShapeStim'>, anchor=('center', 'center'), autoDraw=False, autoLog=True, closeShape=True, color=method-wrapper(...), colorSpace='rgb', contrast=None, depth=0.0, fillColor=array([1, 1, 1]), fillColorSpace='rgb', fillRGB=array([1, 1, 1]), interpolate=True, lineColor=array([1, 1, 1]), lineColorSpace='rgb', lineRGB=array([1, 1, 1]), lineWidth=1, name='iti', opacity=1.0, ori=0.0, pos=array([0., 0.]), size=array([0.05, 0.05]), units='height', vertices=ndarray(...), win=Window(...), windingRule=None)
7.9504 	EXP 	Created left = ImageStim(__class__=<class 'psychopy.visual.image.ImageStim'>, anchor=('center', 'center'), autoLog=True, color=array([1, 1, 1]), colorSpace='rgb', contrast=1.0, depth=0.0, flipHoriz=False, flipVert=False, image='sin', interpolate=True, mask=None, maskParams=None, name='left', opacity=1.0, ori=0.0, pos=array([-0.4,  0. ]), size=array([0.4, 0.4]), texRes=128, units='height', win=Window(...))
7.9534 	EXP 	Created right = ImageStim(__class__=<class 'psychopy.visual.image.ImageStim'>, anchor=('center', 'center'), autoLog=True, color=array([1, 1, 1]), colorSpace='rgb', contrast=1.0, depth=-1.0, flipHoriz=False, flipVert=False, image='sin', interpolate=True, mask=None, maskParams=None, name='right', opacity=1.0, ori=0.0, pos=array([0.4, 0. ]), size=array([0.4, 0.4]), texRes=128, units='height', win=Window(...))
7.9561 	EXP 	Created left_feedback = ImageStim(__class__=<class 'psychopy.visual.image.ImageStim'>, anchor=('center', 'center'), autoLog=True, color=array([1, 1, 1]), colorSpace='rgb', contrast=1.0, depth=-1.0, flipHoriz=False, flipVert=False, image='sin', interpolate=True, mask=None, maskParams=None, name='left_feedback', opacity=1.0, ori=0.0, pos=array([-0.4,  0. ]), size=array([0.4, 0.4]), texRes=128, units='height', win=Window(...))
7.9590 	EXP 	Created right_feedback = ImageStim(__class__=<class 'psychopy.visual.image.ImageStim'>, anchor=('center', 'center'), autoLog=True, color=array([1, 1, 1]), colorSpace='rgb', contrast=1.0, depth=-2.0, flipHoriz=False, flipVert=False, image='sin', interpolate=True, mask=None, maskParams=None, name='right_feedback', opacity=1.0, ori=0.0, pos=array([0.4, 0. ]), size=array([0.4, 0.4]), texRes=128, units='height', win=Window(...))
7.9599 	EXP 	Created iti = ShapeStim(__class__=<class 'psychopy.visual.shape.ShapeStim'>, anchor=('center', 'center'), autoDraw=False, autoLog=True, closeShape=True, color=method-wrapper(...), colorSpace='rgb', contrast=None, depth=0.0, fillColor=array([1, 1, 1]), fillColorSpace='rgb', fillRGB=array([1, 1, 1]), interpolate=True, lineColor=array([1, 1, 1]), lineColorSpace='rgb', lineRGB=array([1, 1, 1]), lineWidth=1, name='iti', opacity=1.0, ori=0.0, pos=array([0., 0.]), size=array([0.05, 0.05]), units='height', vertices=ndarray(...), win=Window(...), windingRule=None)
7.9606 	EXP 	Created feedback_text = TextStim(__class__=<class 'psychopy.visual.text.TextStim'>, alignHoriz=method-wrapper(...), alignText='center', alignVert=method-wrapper(...), anchorHoriz='center', anchorVert='center', antialias=True, autoDraw=False, autoLog=True, bold=False, color=array([1, 1, 1]), colorSpace='rgb', contrast=1.0, depth=-1.0, flipHoriz=False, flipVert=False, font='Arial', fontFiles=[], height=0.1, italic=False, languageStyle='LTR', name='feedback_text', opacity=1.0, ori=0, pos=array([0., 0.]), rgb=UNKNOWN, text='', units='height', win=Window(...), wrapWidth=1)
7.9662 	EXP 	Created instr_4 = TextStim(__class__=<class 'psychopy.visual.text.TextStim'>, alignHoriz=method-wrapper(...), alignText='center', alignVert=method-wrapper(...), anchorHoriz='center', anchorVert='center', antialias=True, autoDraw=False, autoLog=True, bold=False, color=array([1, 1, 1]), colorSpace='rgb', contrast=1.0, depth=0.0, flipHoriz=False, flipVert=False, font='Arial', fontFiles=[], height=0.05, italic=False, languageStyle='LTR', name='instr_4', opacity=1.0, ori=0, pos=array([0., 0.]), rgb=UNKNOWN, text=str(...), units='height', win=Window(...), wrapWidth=1)
7.9722 	EXP 	Created ready_exp = TextStim(__class__=<class 'psychopy.visual.text.TextStim'>, alignHoriz=method-wrapper(...), alignText='center', alignVert=method-wrapper(...), anchorHoriz='center', anchorVert='center', antialias=True, autoDraw=False, autoLog=True, bold=False, color=array([1, 1, 1]), colorSpace='rgb', contrast=1.0, depth=0.0, flipHoriz=False, flipVert=False, font='Arial', fontFiles=[], height=0.05, italic=False, languageStyle='LTR', name='ready_exp', opacity=1.0, ori=0, pos=array([0., 0.]), rgb=UNKNOWN, text=str(...), units='height', win=Window(...), wrapWidth=1)
7.9726 	EXP 	Created BlockInstr_disp = TextStim(__class__=<class 'psychopy.visual.text.TextStim'>, alignHoriz=method-wrapper(...), alignText='center', alignVert=method-wrapper(...), anchorHoriz='center', anchorVert='center', antialias=True, autoDraw=False, autoLog=True, bold=False, color=array([1, 1, 1]), colorSpace='rgb', contrast=1.0, depth=-1.0, flipHoriz=False, flipVert=False, font='Arial', fontFiles=[], height=0.08, italic=False, languageStyle='LTR', name='BlockInstr_disp', opacity=1.0, ori=0, pos=array([0., 0.]), rgb=UNKNOWN, text='', units='height', win=Window(...), wrapWidth=1)
7.9737 	EXP 	Created iti = ShapeStim(__class__=<class 'psychopy.visual.shape.ShapeStim'>, anchor=('center', 'center'), autoDraw=False, autoLog=True, closeShape=True, color=method-wrapper(...), colorSpace='rgb', contrast=None, depth=0.0, fillColor=array([1, 1, 1]), fillColorSpace='rgb', fillRGB=array([1, 1, 1]), interpolate=True, lineColor=array([1, 1, 1]), lineColorSpace='rgb', lineRGB=array([1, 1, 1]), lineWidth=1, name='iti', opacity=1.0, ori=0.0, pos=array([0., 0.]), size=array([0.05, 0.05]), units='height', vertices=ndarray(...), win=Window(...), windingRule=None)
7.9770 	EXP 	Created left = ImageStim(__class__=<class 'psychopy.visual.image.ImageStim'>, anchor=('center', 'center'), autoLog=True, color=array([1, 1, 1]), colorSpace='rgb', contrast=1.0, depth=0.0, flipHoriz=False, flipVert=False, image='sin', interpolate=True, mask=None, maskParams=None, name='left', opacity=1.0, ori=0.0, pos=array([-0.4,  0. ]), size=array([0.4, 0.4]), texRes=128, units='height', win=Window(...))
7.9798 	EXP 	Created right = ImageStim(__class__=<class 'psychopy.visual.image.ImageStim'>, anchor=('center', 'center'), autoLog=True, color=array([1, 1, 1]), colorSpace='rgb', contrast=1.0, depth=-1.0, flipHoriz=False, flipVert=False, image='sin', interpolate=True, mask=None, maskParams=None, name='right', opacity=1.0, ori=0.0, pos=array([0.4, 0. ]), size=array([0.4, 0.4]), texRes=128, units='height', win=Window(...))
7.9826 	EXP 	Created left_feedback = ImageStim(__class__=<class 'psychopy.visual.image.ImageStim'>, anchor=('center', 'center'), autoLog=True, color=array([1, 1, 1]), colorSpace='rgb', contrast=1.0, depth=-1.0, flipHoriz=False, flipVert=False, image='sin', interpolate=True, mask=None, maskParams=None, name='left_feedback', opacity=1.0, ori=0.0, pos=array([-0.4,  0. ]), size=array([0.4, 0.4]), texRes=128, units='height', win=Window(...))
7.9856 	EXP 	Created right_feedback = ImageStim(__class__=<class 'psychopy.visual.image.ImageStim'>, anchor=('center', 'center'), autoLog=True, color=array([1, 1, 1]), colorSpace='rgb', contrast=1.0, depth=-2.0, flipHoriz=False, flipVert=False, image='sin', interpolate=True, mask=None, maskParams=None, name='right_feedback', opacity=1.0, ori=0.0, pos=array([0.4, 0. ]), size=array([0.4, 0.4]), texRes=128, units='height', win=Window(...))
7.9881 	EXP 	Created iti = ShapeStim(__class__=<class 'psychopy.visual.shape.ShapeStim'>, anchor=('center', 'center'), autoDraw=False, autoLog=True, closeShape=True, color=method-wrapper(...), colorSpace='rgb', contrast=None, depth=0.0, fillColor=array([1, 1, 1]), fillColorSpace='rgb', fillRGB=array([1, 1, 1]), interpolate=True, lineColor=array([1, 1, 1]), lineColorSpace='rgb', lineRGB=array([1, 1, 1]), lineWidth=1, name='iti', opacity=1.0, ori=0.0, pos=array([0., 0.]), size=array([0.05, 0.05]), units='height', vertices=ndarray(...), win=Window(...), windingRule=None)
7.9885 	EXP 	Created feedback_text = TextStim(__class__=<class 'psychopy.visual.text.TextStim'>, alignHoriz=method-wrapper(...), alignText='center', alignVert=method-wrapper(...), anchorHoriz='center', anchorVert='center', antialias=True, autoDraw=False, autoLog=True, bold=False, color=array([1, 1, 1]), colorSpace='rgb', contrast=1.0, depth=-1.0, flipHoriz=False, flipVert=False, font='Arial', fontFiles=[], height=0.1, italic=False, languageStyle='LTR', name='feedback_text', opacity=1.0, ori=0, pos=array([0., 0.]), rgb=UNKNOWN, text='', units='height', win=Window(...), wrapWidth=1)
7.9969 	EXP 	Created end_heading = TextStim(__class__=<class 'psychopy.visual.text.TextStim'>, alignHoriz=method-wrapper(...), alignText='center', alignVert=method-wrapper(...), anchorHoriz='center', anchorVert='center', antialias=True, autoDraw=False, autoLog=True, bold=False, color=array([ 1,  1, -1]), colorSpace='rgb', contrast=1.0, depth=-1.0, flipHoriz=False, flipVert=False, font='Arial', fontFiles=[], height=0.075, italic=False, languageStyle='LTR', name='end_heading', opacity=1.0, ori=0, pos=array([0. , 0.4]), rgb=UNKNOWN, text='Experiment complete!', units='height', win=Window(...), wrapWidth=1)
7.9974 	EXP 	Created end_text = TextStim(__class__=<class 'psychopy.visual.text.TextStim'>, alignHoriz=method-wrapper(...), alignText='center', alignVert=method-wrapper(...), anchorHoriz='center', anchorVert='center', antialias=True, autoDraw=False, autoLog=True, bold=False, color=array([1, 1, 1]), colorSpace='rgb', contrast=1.0, depth=-2.0, flipHoriz=False, flipVert=False, font='Arial', fontFiles=[], height=0.05, italic=False, languageStyle='LTR', name='end_text', opacity=1.0, ori=0, pos=array([0., 0.]), rgb=UNKNOWN, text='', units='height', win=Window(...), wrapWidth=1)
8.0050 	EXP 	Created text_4 = TextStim(__class__=<class 'psychopy.visual.text.TextStim'>, alignHoriz=method-wrapper(...), alignText='center', alignVert=method-wrapper(...), anchorHoriz='center', anchorVert='center', antialias=True, autoDraw=False, autoLog=True, bold=False, color=array([1, 1, 1]), colorSpace='rgb', contrast=1.0, depth=-4.0, flipHoriz=False, flipVert=False, font='Arial', fontFiles=[], height=0.08, italic=False, languageStyle='LTR', name='text_4', opacity=1.0, ori=0, pos=array([ 0. , -0.4]), rgb=UNKNOWN, text='Press SPACE to exit.', units='height', win=Window(...), wrapWidth=1)
8.0222 	EXP 	intro_text: autoDraw = True
13.9732 	DATA 	Keypress: space
13.9796 	EXP 	intro_text: autoDraw = False
13.9796 	EXP 	instr_1: autoDraw = True
19.3932 	DATA 	Keypress: space
19.4060 	EXP 	instr_1: autoDraw = False
19.4060 	EXP 	instr_2: autoDraw = True
22.1608 	DATA 	Keypress: space
22.1727 	EXP 	instr_2: autoDraw = False
22.1727 	EXP 	instr_3: autoDraw = True
23.0605 	DATA 	Keypress: space
23.0728 	EXP 	instr_3: autoDraw = False
23.0728 	EXP 	read_prac: autoDraw = True
23.8125 	EXP 	Imported orders/prac_stim-order.csv as conditions, 16 conditions, 21 params
23.8134 	EXP 	Created sequence: sequential, trialTypes=16, nReps=1, seed=None
23.8139 	EXP 	New trial (rep=0, index=0): OrderedDict([('subject', 14), ('type', 0), ('condition', 'self'), ('goal', 'win'), ('block', 'practice'), ('block_num', 1), ('block_instr_text', 'Play to WIN points'), ('trial_num', 0), ('stim_0', 'stimuli/slotA_up.jpg'), ('stim_0_value', 1), ('stim_1', 'stimuli/slotB_up.jpg'), ('stim_1_value', 0), ('position_changed', 1), ('stim_left', 2), ('stim_right', 1), ('stim_left_name', 'stimuli/slotB_up.jpg'), ('stim_right_name', 'stimuli/slotA_up.jpg'), ('stim_left_name_feedback', 'stimuli/slotB_down.jpg'), ('stim_right_name_feedback', 'stimuli/slotA_down.jpg'), ('optimal_stim', 'stimuli/slotA_up.jpg'), ('optimal_choice', 'right')])
23.8223 	DATA 	Keypress: space
23.8257 	EXP 	read_prac: autoDraw = False
23.8257 	EXP 	BlockInstr_disp: height = 0.08
23.8257 	EXP 	BlockInstr_disp: height = 0.08
23.8257 	EXP 	BlockInstr_disp: height = 0.08
23.8257 	EXP 	BlockInstr_disp: text = 'Play to WIN points'
23.8257 	EXP 	BlockInstr_disp: autoDraw = True
27.9920 	DATA 	Keypress: space
28.8319 	EXP 	BlockInstr_disp: autoDraw = False
28.8319 	EXP 	iti: autoDraw = True
29.3655 	EXP 	iti: autoDraw = False
29.3655 	EXP 	left: image = 'stimuli/slotB_up.jpg'
29.3655 	EXP 	right: image = 'stimuli/slotA_up.jpg'
29.3655 	EXP 	left: autoDraw = True
29.3655 	EXP 	right: autoDraw = True
30.1052 	DATA 	Keypress: right
30.1089 	EXP 	left: autoDraw = False
30.1089 	EXP 	right: autoDraw = False
30.1089 	EXP 	left_feedback: image = 'stimuli/slotB_up.jpg'
30.1089 	EXP 	right_feedback: image = 'stimuli/slotA_down.jpg'
30.1089 	EXP 	left_feedback: autoDraw = True
30.1089 	EXP 	right_feedback: autoDraw = True
30.6065 	EXP 	left_feedback: autoDraw = False
30.6065 	EXP 	right_feedback: autoDraw = False
30.6065 	EXP 	iti: autoDraw = True
31.1074 	EXP 	iti: autoDraw = False
31.1074 	EXP 	feedback_text: height = 0.1
31.1074 	EXP 	feedback_text: height = 0.1
31.1074 	EXP 	feedback_text: height = 0.1
31.1074 	EXP 	feedback_text: text = 'YOU\n\n+100 points'
31.1074 	EXP 	feedback_text: autoDraw = True
32.5914 	EXP 	New trial (rep=0, index=1): OrderedDict([('subject', 14), ('type', 0), ('condition', 'self'), ('goal', 'win'), ('block', 'practice'), ('block_num', 1), ('block_instr_text', 'Play to WIN points'), ('trial_num', 1), ('stim_0', 'stimuli/slotA_up.jpg'), ('stim_0_value', 1), ('stim_1', 'stimuli/slotB_up.jpg'), ('stim_1_value', 0), ('position_changed', 0), ('stim_left', 1), ('stim_right', 2), ('stim_left_name', 'stimuli/slotA_up.jpg'), ('stim_right_name', 'stimuli/slotB_up.jpg'), ('stim_left_name_feedback', 'stimuli/slotA_down.jpg'), ('stim_right_name_feedback', 'stimuli/slotB_down.jpg'), ('optimal_stim', 'stimuli/slotA_up.jpg'), ('optimal_choice', 'left')])
32.6062 	EXP 	feedback_text: autoDraw = False
32.6062 	EXP 	BlockInstr_disp: text = 'Play to WIN points'
32.6062 	EXP 	BlockInstr_disp: autoDraw = True
32.6062 	EXP 	BlockInstr_disp: autoDraw = False
32.6062 	EXP 	iti: autoDraw = True
33.1133 	EXP 	iti: autoDraw = False
33.1133 	EXP 	iti: autoDraw = False
33.1133 	EXP 	left: image = 'stimuli/slotA_up.jpg'
33.1133 	EXP 	right: image = 'stimuli/slotB_up.jpg'
33.1133 	EXP 	left: autoDraw = True
33.1133 	EXP 	right: autoDraw = True
33.9954 	DATA 	Keypress: left
33.9988 	EXP 	left: autoDraw = False
33.9988 	EXP 	right: autoDraw = False
33.9988 	EXP 	left_feedback: image = 'stimuli/slotA_down.jpg'
33.9988 	EXP 	right_feedback: image = 'stimuli/slotB_up.jpg'
33.9988 	EXP 	left_feedback: autoDraw = True
33.9988 	EXP 	right_feedback: autoDraw = True
34.5080 	EXP 	left_feedback: autoDraw = False
34.5080 	EXP 	right_feedback: autoDraw = False
34.5080 	EXP 	iti: autoDraw = True
35.0077 	EXP 	iti: autoDraw = False
35.0077 	EXP 	feedback_text: text = 'YOU\n\n+100 points'
35.0077 	EXP 	feedback_text: autoDraw = True
36.4907 	EXP 	New trial (rep=0, index=2): OrderedDict([('subject', 14), ('type', 0), ('condition', 'self'), ('goal', 'win'), ('block', 'practice'), ('block_num', 1), ('block_instr_text', 'Play to WIN points'), ('trial_num', 2), ('stim_0', 'stimuli/slotA_up.jpg'), ('stim_0_value', 0), ('stim_1', 'stimuli/slotB_up.jpg'), ('stim_1_value', 1), ('position_changed', 1), ('stim_left', 2), ('stim_right', 1), ('stim_left_name', 'stimuli/slotB_up.jpg'), ('stim_right_name', 'stimuli/slotA_up.jpg'), ('stim_left_name_feedback', 'stimuli/slotB_down.jpg'), ('stim_right_name_feedback', 'stimuli/slotA_down.jpg'), ('optimal_stim', 'stimuli/slotB_up.jpg'), ('optimal_choice', 'left')])
36.5083 	EXP 	feedback_text: autoDraw = False
36.5083 	EXP 	BlockInstr_disp: text = 'Play to WIN points'
36.5083 	EXP 	BlockInstr_disp: autoDraw = True
36.5083 	EXP 	BlockInstr_disp: autoDraw = False
36.5083 	EXP 	iti: autoDraw = True
37.0255 	EXP 	iti: autoDraw = False
37.0255 	EXP 	left: image = 'stimuli/slotB_up.jpg'
37.0255 	EXP 	right: image = 'stimuli/slotA_up.jpg'
37.0255 	EXP 	left: autoDraw = True
37.0255 	EXP 	right: autoDraw = True
37.7593 	DATA 	Keypress: left
37.7627 	EXP 	left: autoDraw = False
37.7627 	EXP 	right: autoDraw = False
37.7627 	EXP 	left_feedback: image = 'stimuli/slotB_down.jpg'
37.7627 	EXP 	right_feedback: image = 'stimuli/slotA_up.jpg'
37.7627 	EXP 	left_feedback: autoDraw = True
37.7627 	EXP 	right_feedback: autoDraw = True
38.2731 	EXP 	left_feedback: autoDraw = False
38.2731 	EXP 	right_feedback: autoDraw = False
38.2731 	EXP 	iti: autoDraw = True
38.7742 	EXP 	iti: autoDraw = False
38.7742 	EXP 	feedback_text: text = 'YOU\n\n+100 points'
38.7742 	EXP 	feedback_text: autoDraw = True
40.2571 	EXP 	New trial (rep=0, index=3): OrderedDict([('subject', 14), ('type', 0), ('condition', 'self'), ('goal', 'win'), ('block', 'practice'), ('block_num', 1), ('block_instr_text', 'Play to WIN points'), ('trial_num', 3), ('stim_0', 'stimuli/slotA_up.jpg'), ('stim_0_value', 1), ('stim_1', 'stimuli/slotB_up.jpg'), ('stim_1_value', 0), ('position_changed', 1), ('stim_left', 2), ('stim_right', 1), ('stim_left_name', 'stimuli/slotB_up.jpg'), ('stim_right_name', 'stimuli/slotA_up.jpg'), ('stim_left_name_feedback', 'stimuli/slotB_down.jpg'), ('stim_right_name_feedback', 'stimuli/slotA_down.jpg'), ('optimal_stim', 'stimuli/slotA_up.jpg'), ('optimal_choice', 'right')])
40.2741 	EXP 	feedback_text: autoDraw = False
40.2741 	EXP 	BlockInstr_disp: text = 'Play to WIN points'
40.2741 	EXP 	BlockInstr_disp: autoDraw = True
40.2741 	EXP 	BlockInstr_disp: autoDraw = False
40.2741 	EXP 	iti: autoDraw = True
40.7762 	EXP 	iti: autoDraw = False
40.7762 	EXP 	iti: autoDraw = False
40.7762 	EXP 	left: image = 'stimuli/slotB_up.jpg'
40.7762 	EXP 	right: image = 'stimuli/slotA_up.jpg'
40.7762 	EXP 	left: autoDraw = True
40.7762 	EXP 	right: autoDraw = True
41.5399 	DATA 	Keypress: left
41.5435 	EXP 	left: autoDraw = False
41.5435 	EXP 	right: autoDraw = False
41.5435 	EXP 	left_feedback: image = 'stimuli/slotB_down.jpg'
41.5435 	EXP 	right_feedback: image = 'stimuli/slotA_up.jpg'
41.5435 	EXP 	left_feedback: autoDraw = True
41.5435 	EXP 	right_feedback: autoDraw = True
42.0399 	EXP 	left_feedback: autoDraw = False
42.0399 	EXP 	right_feedback: autoDraw = False
42.0399 	EXP 	iti: autoDraw = True
42.5407 	EXP 	iti: autoDraw = False
42.5407 	EXP 	iti: autoDraw = False
42.5407 	EXP 	feedback_text: height = 0.1
42.5407 	EXP 	feedback_text: height = 0.1
42.5407 	EXP 	feedback_text: height = 0.1
42.5407 	EXP 	feedback_text: text = 'YOU\n\n0 points'
42.5407 	EXP 	feedback_text: autoDraw = True
44.0244 	EXP 	New trial (rep=0, index=4): OrderedDict([('subject', 14), ('type', 0), ('condition', 'self'), ('goal', 'win'), ('block', 'practice'), ('block_num', 1), ('block_instr_text', 'Play to WIN points'), ('trial_num', 4), ('stim_0', 'stimuli/slotA_up.jpg'), ('stim_0_value', 1), ('stim_1', 'stimuli/slotB_up.jpg'), ('stim_1_value', 0), ('position_changed', 1), ('stim_left', 2), ('stim_right', 1), ('stim_left_name', 'stimuli/slotB_up.jpg'), ('stim_right_name', 'stimuli/slotA_up.jpg'), ('stim_left_name_feedback', 'stimuli/slotB_down.jpg'), ('stim_right_name_feedback', 'stimuli/slotA_down.jpg'), ('optimal_stim', 'stimuli/slotA_up.jpg'), ('optimal_choice', 'right')])
44.0405 	EXP 	feedback_text: autoDraw = False
44.0405 	EXP 	feedback_text: autoDraw = False
44.0405 	EXP 	BlockInstr_disp: text = 'Play to WIN points'
44.0405 	EXP 	BlockInstr_disp: autoDraw = True
44.0405 	EXP 	BlockInstr_disp: autoDraw = False
44.0405 	EXP 	iti: autoDraw = True
44.5442 	EXP 	iti: autoDraw = False
44.5442 	EXP 	iti: autoDraw = False
44.5442 	EXP 	left: image = 'stimuli/slotB_up.jpg'
44.5442 	EXP 	right: image = 'stimuli/slotA_up.jpg'
44.5442 	EXP 	left: autoDraw = True
44.5442 	EXP 	right: autoDraw = True
45.5081 	DATA 	Keypress: left
45.5115 	EXP 	left: autoDraw = False
45.5115 	EXP 	right: autoDraw = False
45.5115 	EXP 	left_feedback: image = 'stimuli/slotB_down.jpg'
45.5115 	EXP 	right_feedback: image = 'stimuli/slotA_up.jpg'
45.5115 	EXP 	left_feedback: autoDraw = True
45.5115 	EXP 	right_feedback: autoDraw = True
46.0245 	EXP 	left_feedback: autoDraw = False
46.0245 	EXP 	right_feedback: autoDraw = False
46.0245 	EXP 	iti: autoDraw = True
46.5250 	EXP 	iti: autoDraw = False
46.5250 	EXP 	feedback_text: text = 'YOU\n\n0 points'
46.5250 	EXP 	feedback_text: autoDraw = True
48.0073 	EXP 	New trial (rep=0, index=5): OrderedDict([('subject', 14), ('type', 0), ('condition', 'self'), ('goal', 'win'), ('block', 'practice'), ('block_num', 1), ('block_instr_text', 'Play to WIN points'), ('trial_num', 5), ('stim_0', 'stimuli/slotA_up.jpg'), ('stim_0_value', 1), ('stim_1', 'stimuli/slotB_up.jpg'), ('stim_1_value', 0), ('position_changed', 1), ('stim_left', 2), ('stim_right', 1), ('stim_left_name', 'stimuli/slotB_up.jpg'), ('stim_right_name', 'stimuli/slotA_up.jpg'), ('stim_left_name_feedback', 'stimuli/slotB_down.jpg'), ('stim_right_name_feedback', 'stimuli/slotA_down.jpg'), ('optimal_stim', 'stimuli/slotA_up.jpg'), ('optimal_choice', 'right')])
48.0248 	EXP 	feedback_text: autoDraw = False
48.0248 	EXP 	BlockInstr_disp: text = 'Play to WIN points'
48.0248 	EXP 	BlockInstr_disp: autoDraw = True
48.0248 	EXP 	BlockInstr_disp: autoDraw = False
48.0248 	EXP 	iti: autoDraw = True
48.5266 	EXP 	iti: autoDraw = False
48.5266 	EXP 	iti: autoDraw = False
48.5266 	EXP 	left: image = 'stimuli/slotB_up.jpg'
48.5266 	EXP 	right: image = 'stimuli/slotA_up.jpg'
48.5266 	EXP 	left: autoDraw = True
48.5266 	EXP 	right: autoDraw = True
49.4933 	DATA 	Keypress: left
49.4967 	EXP 	left: autoDraw = False
49.4967 	EXP 	right: autoDraw = False
49.4967 	EXP 	left_feedback: image = 'stimuli/slotB_down.jpg'
49.4967 	EXP 	right_feedback: image = 'stimuli/slotA_up.jpg'
49.4967 	EXP 	left_feedback: autoDraw = True
49.4967 	EXP 	right_feedback: autoDraw = True
50.0070 	EXP 	left_feedback: autoDraw = False
50.0070 	EXP 	right_feedback: autoDraw = False
50.0070 	EXP 	iti: autoDraw = True
50.5086 	EXP 	iti: autoDraw = False
50.5086 	EXP 	feedback_text: text = 'YOU\n\n0 points'
50.5086 	EXP 	feedback_text: autoDraw = True
51.9926 	EXP 	New trial (rep=0, index=6): OrderedDict([('subject', 14), ('type', 0), ('condition', 'self'), ('goal', 'win'), ('block', 'practice'), ('block_num', 1), ('block_instr_text', 'Play to WIN points'), ('trial_num', 6), ('stim_0', 'stimuli/slotA_up.jpg'), ('stim_0_value', 0), ('stim_1', 'stimuli/slotB_up.jpg'), ('stim_1_value', 1), ('position_changed', 1), ('stim_left', 2), ('stim_right', 1), ('stim_left_name', 'stimuli/slotB_up.jpg'), ('stim_right_name', 'stimuli/slotA_up.jpg'), ('stim_left_name_feedback', 'stimuli/slotB_down.jpg'), ('stim_right_name_feedback', 'stimuli/slotA_down.jpg'), ('optimal_stim', 'stimuli/slotB_up.jpg'), ('optimal_choice', 'left')])
52.0073 	EXP 	feedback_text: autoDraw = False
52.0073 	EXP 	BlockInstr_disp: text = 'Play to WIN points'
52.0073 	EXP 	BlockInstr_disp: autoDraw = True
52.0073 	EXP 	BlockInstr_disp: autoDraw = False
52.0073 	EXP 	iti: autoDraw = True
52.5098 	EXP 	iti: autoDraw = False
52.5098 	EXP 	iti: autoDraw = False
52.5098 	EXP 	left: image = 'stimuli/slotB_up.jpg'
52.5098 	EXP 	right: image = 'stimuli/slotA_up.jpg'
52.5098 	EXP 	left: autoDraw = True
52.5098 	EXP 	right: autoDraw = True
53.2743 	DATA 	Keypress: left
53.2779 	EXP 	left: autoDraw = False
53.2779 	EXP 	right: autoDraw = False
53.2779 	EXP 	left_feedback: image = 'stimuli/slotB_down.jpg'
53.2779 	EXP 	right_feedback: image = 'stimuli/slotA_up.jpg'
53.2779 	EXP 	left_feedback: autoDraw = True
53.2779 	EXP 	right_feedback: autoDraw = True
53.7911 	EXP 	left_feedback: autoDraw = False
53.7911 	EXP 	right_feedback: autoDraw = False
53.7911 	EXP 	iti: autoDraw = True
54.2743 	EXP 	iti: autoDraw = False
54.2743 	EXP 	feedback_text: height = 0.1
54.2743 	EXP 	feedback_text: height = 0.1
54.2743 	EXP 	feedback_text: height = 0.1
54.2743 	EXP 	feedback_text: text = 'YOU\n\n+100 points'
54.2743 	EXP 	feedback_text: autoDraw = True
55.7581 	EXP 	New trial (rep=0, index=7): OrderedDict([('subject', 14), ('type', 0), ('condition', 'self'), ('goal', 'win'), ('block', 'practice'), ('block_num', 1), ('block_instr_text', 'Play to WIN points'), ('trial_num', 7), ('stim_0', 'stimuli/slotA_up.jpg'), ('stim_0_value', 1), ('stim_1', 'stimuli/slotB_up.jpg'), ('stim_1_value', 0), ('position_changed', 1), ('stim_left', 2), ('stim_right', 1), ('stim_left_name', 'stimuli/slotB_up.jpg'), ('stim_right_name', 'stimuli/slotA_up.jpg'), ('stim_left_name_feedback', 'stimuli/slotB_down.jpg'), ('stim_right_name_feedback', 'stimuli/slotA_down.jpg'), ('optimal_stim', 'stimuli/slotA_up.jpg'), ('optimal_choice', 'right')])
55.7756 	EXP 	feedback_text: autoDraw = False
55.7756 	EXP 	feedback_text: autoDraw = False
55.7756 	EXP 	BlockInstr_disp: text = 'Play to WIN points'
55.7756 	EXP 	BlockInstr_disp: autoDraw = True
55.7756 	EXP 	BlockInstr_disp: autoDraw = False
55.7756 	EXP 	iti: autoDraw = True
56.2949 	EXP 	iti: autoDraw = False
56.2949 	EXP 	left: image = 'stimuli/slotB_up.jpg'
56.2949 	EXP 	right: image = 'stimuli/slotA_up.jpg'
56.2949 	EXP 	left: autoDraw = True
56.2949 	EXP 	right: autoDraw = True
56.8264 	DATA 	Keypress: right
56.8297 	EXP 	left: autoDraw = False
56.8297 	EXP 	right: autoDraw = False
56.8297 	EXP 	left_feedback: image = 'stimuli/slotB_up.jpg'
56.8297 	EXP 	right_feedback: image = 'stimuli/slotA_down.jpg'
56.8297 	EXP 	left_feedback: autoDraw = True
56.8297 	EXP 	right_feedback: autoDraw = True
57.3426 	EXP 	left_feedback: autoDraw = False
57.3426 	EXP 	right_feedback: autoDraw = False
57.3426 	EXP 	iti: autoDraw = True
57.8427 	EXP 	iti: autoDraw = False
57.8427 	EXP 	feedback_text: text = 'YOU\n\n+100 points'
57.8427 	EXP 	feedback_text: autoDraw = True
59.3245 	EXP 	New trial (rep=0, index=8): OrderedDict([('subject', 14), ('type', 0), ('condition', 'self'), ('goal', 'win'), ('block', 'practice'), ('block_num', 1), ('block_instr_text', 'Play to WIN points'), ('trial_num', 8), ('stim_0', 'stimuli/slotA_up.jpg'), ('stim_0_value', 1), ('stim_1', 'stimuli/slotB_up.jpg'), ('stim_1_value', 0), ('position_changed', 1), ('stim_left', 2), ('stim_right', 1), ('stim_left_name', 'stimuli/slotB_up.jpg'), ('stim_right_name', 'stimuli/slotA_up.jpg'), ('stim_left_name_feedback', 'stimuli/slotB_down.jpg'), ('stim_right_name_feedback', 'stimuli/slotA_down.jpg'), ('optimal_stim', 'stimuli/slotA_up.jpg'), ('optimal_choice', 'right')])
59.3423 	EXP 	feedback_text: autoDraw = False
59.3423 	EXP 	BlockInstr_disp: text = 'Play to WIN points'
59.3423 	EXP 	BlockInstr_disp: autoDraw = True
59.3423 	EXP 	BlockInstr_disp: autoDraw = False
59.3423 	EXP 	iti: autoDraw = True
59.8450 	EXP 	iti: autoDraw = False
59.8450 	EXP 	iti: autoDraw = False
59.8450 	EXP 	left: image = 'stimuli/slotB_up.jpg'
59.8450 	EXP 	right: image = 'stimuli/slotA_up.jpg'
59.8450 	EXP 	left: autoDraw = True
59.8450 	EXP 	right: autoDraw = True
60.2438 	DATA 	Keypress: left
60.2476 	EXP 	left: autoDraw = False
60.2476 	EXP 	right: autoDraw = False
60.2476 	EXP 	left_feedback: image = 'stimuli/slotB_down.jpg'
60.2476 	EXP 	right_feedback: image = 'stimuli/slotA_up.jpg'
60.2476 	EXP 	left_feedback: autoDraw = True
60.2476 	EXP 	right_feedback: autoDraw = True
60.7577 	EXP 	left_feedback: autoDraw = False
60.7577 	EXP 	right_feedback: autoDraw = False
60.7577 	EXP 	iti: autoDraw = True
61.2573 	EXP 	iti: autoDraw = False
61.2573 	EXP 	feedback_text: height = 0.1
61.2573 	EXP 	feedback_text: height = 0.1
61.2573 	EXP 	feedback_text: height = 0.1
61.2573 	EXP 	feedback_text: text = 'YOU\n\n0 points'
61.2573 	EXP 	feedback_text: autoDraw = True
62.7418 	EXP 	New trial (rep=0, index=9): OrderedDict([('subject', 14), ('type', 0), ('condition', 'self'), ('goal', 'win'), ('block', 'practice'), ('block_num', 1), ('block_instr_text', 'Play to WIN points'), ('trial_num', 9), ('stim_0', 'stimuli/slotA_up.jpg'), ('stim_0_value', 1), ('stim_1', 'stimuli/slotB_up.jpg'), ('stim_1_value', 0), ('position_changed', 0), ('stim_left', 1), ('stim_right', 2), ('stim_left_name', 'stimuli/slotA_up.jpg'), ('stim_right_name', 'stimuli/slotB_up.jpg'), ('stim_left_name_feedback', 'stimuli/slotA_down.jpg'), ('stim_right_name_feedback', 'stimuli/slotB_down.jpg'), ('optimal_stim', 'stimuli/slotA_up.jpg'), ('optimal_choice', 'left')])
62.7592 	EXP 	feedback_text: autoDraw = False
62.7592 	EXP 	BlockInstr_disp: text = 'Play to WIN points'
62.7592 	EXP 	BlockInstr_disp: autoDraw = True
62.7592 	EXP 	BlockInstr_disp: autoDraw = False
62.7592 	EXP 	iti: autoDraw = True
63.2781 	EXP 	iti: autoDraw = False
63.2781 	EXP 	left: image = 'stimuli/slotA_up.jpg'
63.2781 	EXP 	right: image = 'stimuli/slotB_up.jpg'
63.2781 	EXP 	left: autoDraw = True
63.2781 	EXP 	right: autoDraw = True
63.6277 	DATA 	Keypress: right
63.6311 	EXP 	left: autoDraw = False
63.6311 	EXP 	right: autoDraw = False
63.6311 	EXP 	left_feedback: image = 'stimuli/slotA_up.jpg'
63.6311 	EXP 	right_feedback: image = 'stimuli/slotB_down.jpg'
63.6311 	EXP 	left_feedback: autoDraw = True
63.6311 	EXP 	right_feedback: autoDraw = True
64.1574 	EXP 	left_feedback: autoDraw = False
64.1574 	EXP 	right_feedback: autoDraw = False
64.1574 	EXP 	iti: autoDraw = True
64.6420 	EXP 	iti: autoDraw = False
64.6420 	EXP 	feedback_text: text = 'YOU\n\n0 points'
64.6420 	EXP 	feedback_text: autoDraw = True
66.1262 	EXP 	New trial (rep=0, index=10): OrderedDict([('subject', 14), ('type', 0), ('condition', 'self'), ('goal', 'win'), ('block', 'practice'), ('block_num', 1), ('block_instr_text', 'Play to WIN points'), ('trial_num', 10), ('stim_0', 'stimuli/slotA_up.jpg'), ('stim_0_value', 1), ('stim_1', 'stimuli/slotB_up.jpg'), ('stim_1_value', 0), ('position_changed', 0), ('stim_left', 1), ('stim_right', 2), ('stim_left_name', 'stimuli/slotA_up.jpg'), ('stim_right_name', 'stimuli/slotB_up.jpg'), ('stim_left_name_feedback', 'stimuli/slotA_down.jpg'), ('stim_right_name_feedback', 'stimuli/slotB_down.jpg'), ('optimal_stim', 'stimuli/slotA_up.jpg'), ('optimal_choice', 'left')])
66.1433 	EXP 	feedback_text: autoDraw = False
66.1433 	EXP 	BlockInstr_disp: text = 'Play to WIN points'
66.1433 	EXP 	BlockInstr_disp: autoDraw = True
66.1433 	EXP 	BlockInstr_disp: autoDraw = False
66.1433 	EXP 	iti: autoDraw = True
66.6641 	EXP 	iti: autoDraw = False
66.6641 	EXP 	left: image = 'stimuli/slotA_up.jpg'
66.6641 	EXP 	right: image = 'stimuli/slotB_up.jpg'
66.6641 	EXP 	left: autoDraw = True
66.6641 	EXP 	right: autoDraw = True
67.2975 	DATA 	Keypress: left
67.3009 	EXP 	left: autoDraw = False
67.3009 	EXP 	right: autoDraw = False
67.3009 	EXP 	left_feedback: image = 'stimuli/slotA_down.jpg'
67.3009 	EXP 	right_feedback: image = 'stimuli/slotB_up.jpg'
67.3009 	EXP 	left_feedback: autoDraw = True
67.3009 	EXP 	right_feedback: autoDraw = True
67.8089 	EXP 	left_feedback: autoDraw = False
67.8089 	EXP 	right_feedback: autoDraw = False
67.8089 	EXP 	iti: autoDraw = True
68.3088 	EXP 	iti: autoDraw = False
68.3088 	EXP 	feedback_text: height = 0.1
68.3088 	EXP 	feedback_text: height = 0.1
68.3088 	EXP 	feedback_text: height = 0.1
68.3088 	EXP 	feedback_text: text = 'YOU\n\n+100 points'
68.3088 	EXP 	feedback_text: autoDraw = True
69.7926 	EXP 	New trial (rep=0, index=11): OrderedDict([('subject', 14), ('type', 0), ('condition', 'self'), ('goal', 'win'), ('block', 'practice'), ('block_num', 1), ('block_instr_text', 'Play to WIN points'), ('trial_num', 11), ('stim_0', 'stimuli/slotA_up.jpg'), ('stim_0_value', 1), ('stim_1', 'stimuli/slotB_up.jpg'), ('stim_1_value', 0), ('position_changed', 1), ('stim_left', 2), ('stim_right', 1), ('stim_left_name', 'stimuli/slotB_up.jpg'), ('stim_right_name', 'stimuli/slotA_up.jpg'), ('stim_left_name_feedback', 'stimuli/slotB_down.jpg'), ('stim_right_name_feedback', 'stimuli/slotA_down.jpg'), ('optimal_stim', 'stimuli/slotA_up.jpg'), ('optimal_choice', 'right')])
69.8087 	EXP 	feedback_text: autoDraw = False
69.8087 	EXP 	BlockInstr_disp: text = 'Play to WIN points'
69.8087 	EXP 	BlockInstr_disp: autoDraw = True
69.8087 	EXP 	BlockInstr_disp: autoDraw = False
69.8087 	EXP 	iti: autoDraw = True
70.3113 	EXP 	iti: autoDraw = False
70.3113 	EXP 	iti: autoDraw = False
70.3113 	EXP 	left: image = 'stimuli/slotB_up.jpg'
70.3113 	EXP 	right: image = 'stimuli/slotA_up.jpg'
70.3113 	EXP 	left: autoDraw = True
70.3113 	EXP 	right: autoDraw = True
70.7229 	DATA 	Keypress: left
70.7263 	EXP 	left: autoDraw = False
70.7263 	EXP 	right: autoDraw = False
70.7263 	EXP 	left_feedback: image = 'stimuli/slotB_down.jpg'
70.7263 	EXP 	right_feedback: image = 'stimuli/slotA_up.jpg'
70.7263 	EXP 	left_feedback: autoDraw = True
70.7263 	EXP 	right_feedback: autoDraw = True
71.2262 	EXP 	left_feedback: autoDraw = False
71.2262 	EXP 	right_feedback: autoDraw = False
71.2262 	EXP 	left_feedback: autoDraw = False
71.2262 	EXP 	right_feedback: autoDraw = False
71.2262 	EXP 	iti: autoDraw = True
71.7263 	EXP 	iti: autoDraw = False
71.7263 	EXP 	iti: autoDraw = False
71.7263 	EXP 	feedback_text: height = 0.1
71.7263 	EXP 	feedback_text: height = 0.1
71.7263 	EXP 	feedback_text: height = 0.1
71.7263 	EXP 	feedback_text: text = 'YOU\n\n0 points'
71.7263 	EXP 	feedback_text: autoDraw = True
73.2102 	EXP 	New trial (rep=0, index=12): OrderedDict([('subject', 14), ('type', 0), ('condition', 'self'), ('goal', 'win'), ('block', 'practice'), ('block_num', 1), ('block_instr_text', 'Play to WIN points'), ('trial_num', 12), ('stim_0', 'stimuli/slotA_up.jpg'), ('stim_0_value', 0), ('stim_1', 'stimuli/slotB_up.jpg'), ('stim_1_value', 1), ('position_changed', 0), ('stim_left', 1), ('stim_right', 2), ('stim_left_name', 'stimuli/slotA_up.jpg'), ('stim_right_name', 'stimuli/slotB_up.jpg'), ('stim_left_name_feedback', 'stimuli/slotA_down.jpg'), ('stim_right_name_feedback', 'stimuli/slotB_down.jpg'), ('optimal_stim', 'stimuli/slotB_up.jpg'), ('optimal_choice', 'right')])
73.2262 	EXP 	feedback_text: autoDraw = False
73.2262 	EXP 	feedback_text: autoDraw = False
73.2262 	EXP 	BlockInstr_disp: text = 'Play to WIN points'
73.2262 	EXP 	BlockInstr_disp: autoDraw = True
73.2262 	EXP 	BlockInstr_disp: autoDraw = False
73.2262 	EXP 	iti: autoDraw = True
73.7296 	EXP 	iti: autoDraw = False
73.7296 	EXP 	iti: autoDraw = False
73.7296 	EXP 	left: image = 'stimuli/slotA_up.jpg'
73.7296 	EXP 	right: image = 'stimuli/slotB_up.jpg'
73.7296 	EXP 	left: autoDraw = True
73.7296 	EXP 	right: autoDraw = True
74.0755 	DATA 	Keypress: right
74.0793 	EXP 	left: autoDraw = False
74.0793 	EXP 	right: autoDraw = False
74.0793 	EXP 	left_feedback: image = 'stimuli/slotA_up.jpg'
74.0793 	EXP 	right_feedback: image = 'stimuli/slotB_down.jpg'
74.0793 	EXP 	left_feedback: autoDraw = True
74.0793 	EXP 	right_feedback: autoDraw = True
74.5760 	EXP 	left_feedback: autoDraw = False
74.5760 	EXP 	right_feedback: autoDraw = False
74.5760 	EXP 	iti: autoDraw = True
75.0772 	EXP 	iti: autoDraw = False
75.0772 	EXP 	iti: autoDraw = False
75.0772 	EXP 	feedback_text: height = 0.1
75.0772 	EXP 	feedback_text: height = 0.1
75.0772 	EXP 	feedback_text: height = 0.1
75.0772 	EXP 	feedback_text: text = 'YOU\n\n+100 points'
75.0772 	EXP 	feedback_text: autoDraw = True
76.5769 	EXP 	New trial (rep=0, index=13): OrderedDict([('subject', 14), ('type', 0), ('condition', 'self'), ('goal', 'win'), ('block', 'practice'), ('block_num', 1), ('block_instr_text', 'Play to WIN points'), ('trial_num', 13), ('stim_0', 'stimuli/slotA_up.jpg'), ('stim_0_value', 0), ('stim_1', 'stimuli/slotB_up.jpg'), ('stim_1_value', 1), ('position_changed', 0), ('stim_left', 1), ('stim_right', 2), ('stim_left_name', 'stimuli/slotA_up.jpg'), ('stim_right_name', 'stimuli/slotB_up.jpg'), ('stim_left_name_feedback', 'stimuli/slotA_down.jpg'), ('stim_right_name_feedback', 'stimuli/slotB_down.jpg'), ('optimal_stim', 'stimuli/slotB_up.jpg'), ('optimal_choice', 'right')])
76.5926 	EXP 	feedback_text: autoDraw = False
76.5926 	EXP 	BlockInstr_disp: text = 'Play to WIN points'
76.5926 	EXP 	BlockInstr_disp: autoDraw = True
76.5926 	EXP 	BlockInstr_disp: autoDraw = False
76.5926 	EXP 	iti: autoDraw = True
77.0964 	EXP 	iti: autoDraw = False
77.0964 	EXP 	iti: autoDraw = False
77.0964 	EXP 	left: image = 'stimuli/slotA_up.jpg'
77.0964 	EXP 	right: image = 'stimuli/slotB_up.jpg'
77.0964 	EXP 	left: autoDraw = True
77.0964 	EXP 	right: autoDraw = True
77.5938 	DATA 	Keypress: right
77.5971 	EXP 	left: autoDraw = False
77.5971 	EXP 	right: autoDraw = False
77.5971 	EXP 	left_feedback: image = 'stimuli/slotA_up.jpg'
77.5971 	EXP 	right_feedback: image = 'stimuli/slotB_down.jpg'
77.5971 	EXP 	left_feedback: autoDraw = True
77.5971 	EXP 	right_feedback: autoDraw = True
78.1097 	EXP 	left_feedback: autoDraw = False
78.1097 	EXP 	right_feedback: autoDraw = False
78.1097 	EXP 	iti: autoDraw = True
78.6092 	EXP 	iti: autoDraw = False
78.6092 	EXP 	feedback_text: text = 'YOU\n\n+100 points'
78.6092 	EXP 	feedback_text: autoDraw = True
80.0926 	EXP 	New trial (rep=0, index=14): OrderedDict([('subject', 14), ('type', 0), ('condition', 'self'), ('goal', 'win'), ('block', 'practice'), ('block_num', 1), ('block_instr_text', 'Play to WIN points'), ('trial_num', 14), ('stim_0', 'stimuli/slotA_up.jpg'), ('stim_0_value', 1), ('stim_1', 'stimuli/slotB_up.jpg'), ('stim_1_value', 0), ('position_changed', 1), ('stim_left', 2), ('stim_right', 1), ('stim_left_name', 'stimuli/slotB_up.jpg'), ('stim_right_name', 'stimuli/slotA_up.jpg'), ('stim_left_name_feedback', 'stimuli/slotB_down.jpg'), ('stim_right_name_feedback', 'stimuli/slotA_down.jpg'), ('optimal_stim', 'stimuli/slotA_up.jpg'), ('optimal_choice', 'right')])
80.1093 	EXP 	feedback_text: autoDraw = False
80.1093 	EXP 	BlockInstr_disp: text = 'Play to WIN points'
80.1093 	EXP 	BlockInstr_disp: autoDraw = True
80.1093 	EXP 	BlockInstr_disp: autoDraw = False
80.1093 	EXP 	iti: autoDraw = True
80.6118 	EXP 	iti: autoDraw = False
80.6118 	EXP 	iti: autoDraw = False
80.6118 	EXP 	left: image = 'stimuli/slotB_up.jpg'
80.6118 	EXP 	right: image = 'stimuli/slotA_up.jpg'
80.6118 	EXP 	left: autoDraw = True
80.6118 	EXP 	right: autoDraw = True
81.1932 	DATA 	Keypress: right
81.1966 	EXP 	left: autoDraw = False
81.1966 	EXP 	right: autoDraw = False
81.1966 	EXP 	left_feedback: image = 'stimuli/slotB_up.jpg'
81.1966 	EXP 	right_feedback: image = 'stimuli/slotA_down.jpg'
81.1966 	EXP 	left_feedback: autoDraw = True
81.1966 	EXP 	right_feedback: autoDraw = True
81.7100 	EXP 	left_feedback: autoDraw = False
81.7100 	EXP 	right_feedback: autoDraw = False
81.7100 	EXP 	iti: autoDraw = True
82.2098 	EXP 	iti: autoDraw = False
82.2098 	EXP 	feedback_text: text = 'YOU\n\n+100 points'
82.2098 	EXP 	feedback_text: autoDraw = True
83.6934 	EXP 	New trial (rep=0, index=15): OrderedDict([('subject', 14), ('type', 0), ('condition', 'self'), ('goal', 'win'), ('block', 'practice'), ('block_num', 1), ('block_instr_text', 'Play to WIN points'), ('trial_num', 15), ('stim_0', 'stimuli/slotA_up.jpg'), ('stim_0_value', 1), ('stim_1', 'stimuli/slotB_up.jpg'), ('stim_1_value', 0), ('position_changed', 1), ('stim_left', 2), ('stim_right', 1), ('stim_left_name', 'stimuli/slotB_up.jpg'), ('stim_right_name', 'stimuli/slotA_up.jpg'), ('stim_left_name_feedback', 'stimuli/slotB_down.jpg'), ('stim_right_name_feedback', 'stimuli/slotA_down.jpg'), ('optimal_stim', 'stimuli/slotA_up.jpg'), ('optimal_choice', 'right')])
83.7096 	EXP 	feedback_text: autoDraw = False
83.7096 	EXP 	BlockInstr_disp: text = 'Play to WIN points'
83.7096 	EXP 	BlockInstr_disp: autoDraw = True
83.7096 	EXP 	BlockInstr_disp: autoDraw = False
83.7096 	EXP 	iti: autoDraw = True
84.2135 	EXP 	iti: autoDraw = False
84.2135 	EXP 	iti: autoDraw = False
84.2135 	EXP 	left: image = 'stimuli/slotB_up.jpg'
84.2135 	EXP 	right: image = 'stimuli/slotA_up.jpg'
84.2135 	EXP 	left: autoDraw = True
84.2135 	EXP 	right: autoDraw = True
84.6613 	DATA 	Keypress: right
84.6647 	EXP 	left: autoDraw = False
84.6647 	EXP 	right: autoDraw = False
84.6647 	EXP 	left_feedback: image = 'stimuli/slotB_up.jpg'
84.6647 	EXP 	right_feedback: image = 'stimuli/slotA_down.jpg'
84.6647 	EXP 	left_feedback: autoDraw = True
84.6647 	EXP 	right_feedback: autoDraw = True
85.1766 	EXP 	left_feedback: autoDraw = False
85.1766 	EXP 	right_feedback: autoDraw = False
85.1766 	EXP 	iti: autoDraw = True
85.6764 	EXP 	iti: autoDraw = False
85.6764 	EXP 	feedback_text: text = 'YOU\n\n+100 points'
85.6764 	EXP 	feedback_text: autoDraw = True
87.1771 	EXP 	feedback_text: autoDraw = False
87.1771 	EXP 	instr_4: autoDraw = True
89.8312 	DATA 	Keypress: space
89.8438 	EXP 	instr_4: autoDraw = False
89.8438 	EXP 	ready_exp: autoDraw = True
91.3057 	EXP 	window1: mouseVisible = True
