0.11299999999999999	EXP	Created Window = Window( name=Window, fullscr=true, color=#808080, units=height, waitBlanking=true, autoLog=true, size=[2560,1336] )
0.6080000000000001	DATA	Mouse: 0 button down, pos=(220,348)
0.6389999999999998	DATA	Mouse: 0 button down, pos=(220,348)
3.2600000000000002	EXP	Created trialTarget0 = Polygon( name=trialTarget0, win=Window( name=Window, fullscr=true, color=#808080, ~), autoDraw=null, autoLog=true, units=height, ori=null, opacity=0.25, pos=[-0.1451578289564482,0.3987536535052447], size=[0.05,0.05], lineWidth=1, lineColor=#ffffff, fillColor=#ffffff, vertices=[[0,0.5],[0.10395584540887966,0.48907380036690284]~, closeShape=true, contrast=1, depth=-3, interpolate=true, edges=30, radius=0.5 )
3.2630000000000003	EXP	Created label0 = TextStim( name=label0, win=Window( name=Window, fullscr=true, color=#808080, ~), autoDraw=null, autoLog=true, units=height, ori=null, opacity=1, pos=[-0.1451578289564482,0.3987536535052447], size=undefined, text=-1, font=Arial, color=#000000, contrast=1, height=0.03, bold=null, italic=null, alignHoriz=left, alignVert=center, wrapWidth=1, flipHoriz=null, flipVert=null )
3.2659999999999996	EXP	Created trialTarget1 = Polygon( name=trialTarget1, win=Window( name=Window, fullscr=true, color=#808080, ~), autoDraw=null, autoLog=true, units=height, ori=null, opacity=0.25, pos=[-0.049924666969686546,0.2950005675387557], size=[0.05,0.05], lineWidth=1, lineColor=#ffffff, fillColor=#ffffff, vertices=[[0,0.5],[0.10395584540887966,0.48907380036690284]~, closeShape=true, contrast=1, depth=-3, interpolate=true, edges=30, radius=0.5 )
3.267	EXP	Created label1 = TextStim( name=label1, win=Window( name=Window, fullscr=true, color=#808080, ~), autoDraw=null, autoLog=true, units=height, ori=null, opacity=1, pos=[-0.049924666969686546,0.2950005675387557], size=undefined, text=-1, font=Arial, color=#000000, contrast=1, height=0.03, bold=null, italic=null, alignHoriz=left, alignVert=center, wrapWidth=1, flipHoriz=null, flipVert=null )
3.27	EXP	Created trialTarget2 = Polygon( name=trialTarget2, win=Window( name=Window, fullscr=true, color=#808080, ~), autoDraw=null, autoLog=true, units=height, ori=null, opacity=0.25, pos=[-0.3994236002262495,-0.1450333347907453], size=[0.05,0.05], lineWidth=1, lineColor=#ffffff, fillColor=#ffffff, vertices=[[0,0.5],[0.10395584540887966,0.48907380036690284]~, closeShape=true, contrast=1, depth=-3, interpolate=true, edges=30, radius=0.5 )
3.272	EXP	Created label2 = TextStim( name=label2, win=Window( name=Window, fullscr=true, color=#808080, ~), autoDraw=null, autoLog=true, units=height, ori=null, opacity=1, pos=[-0.3994236002262495,-0.1450333347907453], size=undefined, text=-1, font=Arial, color=#000000, contrast=1, height=0.03, bold=null, italic=null, alignHoriz=left, alignVert=center, wrapWidth=1, flipHoriz=null, flipVert=null )
3.2739999999999996	EXP	Created trialTarget3 = Polygon( name=trialTarget3, win=Window( name=Window, fullscr=true, color=#808080, ~), autoDraw=null, autoLog=true, units=height, ori=null, opacity=0.25, pos=[-0.2549736427700167,-0.14948728409790638], size=[0.05,0.05], lineWidth=1, lineColor=#ffffff, fillColor=#ffffff, vertices=[[0,0.5],[0.10395584540887966,0.48907380036690284]~, closeShape=true, contrast=1, depth=-3, interpolate=true, edges=30, radius=0.5 )
3.2769999999999997	EXP	Created label3 = TextStim( name=label3, win=Window( name=Window, fullscr=true, color=#808080, ~), autoDraw=null, autoLog=true, units=height, ori=null, opacity=1, pos=[-0.2549736427700167,-0.14948728409790638], size=undefined, text=-1, font=Arial, color=#000000, contrast=1, height=0.03, bold=null, italic=null, alignHoriz=left, alignVert=center, wrapWidth=1, flipHoriz=null, flipVert=null )
3.28	EXP	Created trialTarget4 = Polygon( name=trialTarget4, win=Window( name=Window, fullscr=true, color=#808080, ~), autoDraw=null, autoLog=true, units=height, ori=null, opacity=0.25, pos=[0.24512407336881742,-0.3511069505351748], size=[0.05,0.05], lineWidth=1, lineColor=#ffffff, fillColor=#ffffff, vertices=[[0,0.5],[0.10395584540887966,0.48907380036690284]~, closeShape=true, contrast=1, depth=-3, interpolate=true, edges=30, radius=0.5 )
3.28	EXP	Created label4 = TextStim( name=label4, win=Window( name=Window, fullscr=true, color=#808080, ~), autoDraw=null, autoLog=true, units=height, ori=null, opacity=1, pos=[0.24512407336881742,-0.3511069505351748], size=undefined, text=-1, font=Arial, color=#000000, contrast=1, height=0.03, bold=null, italic=null, alignHoriz=left, alignVert=center, wrapWidth=1, flipHoriz=null, flipVert=null )
3.2929999999999997	EXP	Created trialCursor = Polygon( name=trialCursor, win=Window( name=Window, fullscr=true, color=#808080, ~), autoDraw=null, autoLog=true, units=height, ori=null, opacity=1, pos=[0,0], size=[0.025,0.025], lineWidth=1, lineColor=#ffffff, fillColor=#ffffff, vertices=[[0,0.5],[0.017449748351250485,0.4996954135095479]~, closeShape=true, contrast=1, depth=-2, interpolate=true, edges=180, radius=0.5 )
3.2950000000000004	EXP	Created text = TextStim( name=text, win=Window( name=Window, fullscr=true, color=#808080, ~), autoDraw=null, autoLog=true, units=height, ori=null, opacity=1, pos=[-0.4,0.4], size=undefined, text=hi, font=Arial, color=#FFFFFF, contrast=1, height=0.1, bold=null, italic=null, alignHoriz=left, alignVert=center, wrapWidth=1, flipHoriz=null, flipVert=null )
3.491	EXP	trialTarget0: units = "height"
3.491	EXP	trialTarget0: ori = 0
3.491	EXP	trialTarget0: opacity = 0.25
3.491	EXP	trialTarget0: pos = [-0.1451578289564482,0.3987536535052447]
3.491	EXP	trialTarget0: size = [0.05,0.05]
3.491	EXP	trialTarget0: lineWidth = 1
3.491	EXP	trialTarget0: lineColor = {"_rgb":[1,1,1]}
3.491	EXP	trialTarget0: fillColor = {"_rgb":[1,1,1]}
3.491	EXP	trialTarget0: vertices = [[-0.5,0],[0,0.5],[0.5,0]]
3.491	EXP	trialTarget0: closeShape = true
3.491	EXP	trialTarget0: contrast = 1
3.491	EXP	trialTarget0: depth = -3
3.491	EXP	trialTarget0: interpolate = true
3.491	EXP	trialTarget0: edges = 30
3.491	EXP	trialTarget0: vertices = [[null,null],[null,null],[null,null],[null,null],[null,null],[null,null],[null,null],[null,null],[null,null],[null,null],[null,null],[null,null],[null,null],[null,null],[null,null],[null,null],[null,null],[null,null],[null,null],[null,null],[null,null],[null,null],[null,null],[null,null],[null,null],[null,null],[null,null],[null,null],[null,null],[null,null]]
3.491	EXP	trialTarget0: radius = 0.5
3.491	EXP	trialTarget0: vertices = [[0,0.5],[0.10395584540887966,0.48907380036690284],[0.20336832153790008,0.45677272882130043],[0.29389262614623657,0.4045084971874737],[0.37157241273869707,0.3345653031794291],[0.4330127018922193,0.25000000000000006],[0.47552825814757677,0.15450849718747373],[0.49726094768413664,0.05226423163382684],[0.4972609476841367,-0.052264231633826666],[0.4755282581475768,-0.15450849718747367],[0.43301270189221935,-0.2499999999999999],[0.37157241273869723,-0.33456530317942895],[0.2938926261462366,-0.40450849718747367],[0.20336832153790022,-0.4567727288213004],[0.10395584540887987,-0.4890738003669028],[6.123233995736766e-17,-0.5],[-0.10395584540887953,-0.48907380036690284],[-0.2033683215378999,-0.45677272882130054],[-0.2938926261462365,-0.4045084971874737],[-0.371572412738697,-0.33456530317942923],[-0.43301270189221924,-0.2500000000000002],[-0.47552825814757677,-0.15450849718747378],[-0.49726094768413664,-0.05226423163382712],[-0.4972609476841367,0.05226423163382649],[-0.4755282581475768,0.15450849718747361],[-0.4330127018922195,0.24999999999999967],[-0.3715724127386973,0.3345653031794289],[-0.2938926261462367,0.40450849718747367],[-0.20336832153790046,0.45677272882130027],[-0.10395584540887993,0.4890738003669028]]
3.491	EXP	trialTarget0: vertices = [[0,0.5],[0.10395584540887966,0.48907380036690284],[0.20336832153790008,0.45677272882130043],[0.29389262614623657,0.4045084971874737],[0.37157241273869707,0.3345653031794291],[0.4330127018922193,0.25000000000000006],[0.47552825814757677,0.15450849718747373],[0.49726094768413664,0.05226423163382684],[0.4972609476841367,-0.052264231633826666],[0.4755282581475768,-0.15450849718747367],[0.43301270189221935,-0.2499999999999999],[0.37157241273869723,-0.33456530317942895],[0.2938926261462366,-0.40450849718747367],[0.20336832153790022,-0.4567727288213004],[0.10395584540887987,-0.4890738003669028],[6.123233995736766e-17,-0.5],[-0.10395584540887953,-0.48907380036690284],[-0.2033683215378999,-0.45677272882130054],[-0.2938926261462365,-0.4045084971874737],[-0.371572412738697,-0.33456530317942923],[-0.43301270189221924,-0.2500000000000002],[-0.47552825814757677,-0.15450849718747378],[-0.49726094768413664,-0.05226423163382712],[-0.4972609476841367,0.05226423163382649],[-0.4755282581475768,0.15450849718747361],[-0.4330127018922195,0.24999999999999967],[-0.3715724127386973,0.3345653031794289],[-0.2938926261462367,0.40450849718747367],[-0.20336832153790046,0.45677272882130027],[-0.10395584540887993,0.4890738003669028]]
3.491	EXP	label0: units = "height"
3.491	EXP	label0: ori = 0
3.491	EXP	label0: opacity = 1
3.491	EXP	label0: pos = [-0.1451578289564482,0.3987536535052447]
3.491	EXP	label0: size = undefined
3.491	EXP	label0: text = -1
3.491	EXP	label0: font = "Arial"
3.491	EXP	label0: color = {"_hex":"#000000","_rgb":[0,0,0]}
3.491	EXP	label0: contrast = 1
3.491	EXP	label0: height = 0.03
3.491	EXP	label0: bold = false
3.491	EXP	label0: italic = false
3.491	EXP	label0: alignHoriz = "left"
3.491	EXP	label0: alignVert = "center"
3.491	EXP	label0: wrapWidth = 1
3.491	EXP	label0: flipHoriz = false
3.491	EXP	label0: flipVert = false
3.491	EXP	label0: text = 1
3.491	EXP	trialTarget1: units = "height"
3.491	EXP	trialTarget1: ori = 0
3.491	EXP	trialTarget1: opacity = 0.25
3.491	EXP	trialTarget1: pos = [-0.049924666969686546,0.2950005675387557]
3.491	EXP	trialTarget1: size = [0.05,0.05]
3.491	EXP	trialTarget1: lineWidth = 1
3.491	EXP	trialTarget1: lineColor = {"_rgb":[1,1,1]}
3.491	EXP	trialTarget1: fillColor = {"_rgb":[1,1,1]}
3.491	EXP	trialTarget1: vertices = [[-0.5,0],[0,0.5],[0.5,0]]
3.491	EXP	trialTarget1: closeShape = true
3.491	EXP	trialTarget1: contrast = 1
3.491	EXP	trialTarget1: depth = -3
3.491	EXP	trialTarget1: interpolate = true
3.491	EXP	trialTarget1: edges = 30
3.491	EXP	trialTarget1: vertices = [[null,null],[null,null],[null,null],[null,null],[null,null],[null,null],[null,null],[null,null],[null,null],[null,null],[null,null],[null,null],[null,null],[null,null],[null,null],[null,null],[null,null],[null,null],[null,null],[null,null],[null,null],[null,null],[null,null],[null,null],[null,null],[null,null],[null,null],[null,null],[null,null],[null,null]]
3.491	EXP	trialTarget1: radius = 0.5
3.491	EXP	trialTarget1: vertices = [[0,0.5],[0.10395584540887966,0.48907380036690284],[0.20336832153790008,0.45677272882130043],[0.29389262614623657,0.4045084971874737],[0.37157241273869707,0.3345653031794291],[0.4330127018922193,0.25000000000000006],[0.47552825814757677,0.15450849718747373],[0.49726094768413664,0.05226423163382684],[0.4972609476841367,-0.052264231633826666],[0.4755282581475768,-0.15450849718747367],[0.43301270189221935,-0.2499999999999999],[0.37157241273869723,-0.33456530317942895],[0.2938926261462366,-0.40450849718747367],[0.20336832153790022,-0.4567727288213004],[0.10395584540887987,-0.4890738003669028],[6.123233995736766e-17,-0.5],[-0.10395584540887953,-0.48907380036690284],[-0.2033683215378999,-0.45677272882130054],[-0.2938926261462365,-0.4045084971874737],[-0.371572412738697,-0.33456530317942923],[-0.43301270189221924,-0.2500000000000002],[-0.47552825814757677,-0.15450849718747378],[-0.49726094768413664,-0.05226423163382712],[-0.4972609476841367,0.05226423163382649],[-0.4755282581475768,0.15450849718747361],[-0.4330127018922195,0.24999999999999967],[-0.3715724127386973,0.3345653031794289],[-0.2938926261462367,0.40450849718747367],[-0.20336832153790046,0.45677272882130027],[-0.10395584540887993,0.4890738003669028]]
3.491	EXP	trialTarget1: vertices = [[0,0.5],[0.10395584540887966,0.48907380036690284],[0.20336832153790008,0.45677272882130043],[0.29389262614623657,0.4045084971874737],[0.37157241273869707,0.3345653031794291],[0.4330127018922193,0.25000000000000006],[0.47552825814757677,0.15450849718747373],[0.49726094768413664,0.05226423163382684],[0.4972609476841367,-0.052264231633826666],[0.4755282581475768,-0.15450849718747367],[0.43301270189221935,-0.2499999999999999],[0.37157241273869723,-0.33456530317942895],[0.2938926261462366,-0.40450849718747367],[0.20336832153790022,-0.4567727288213004],[0.10395584540887987,-0.4890738003669028],[6.123233995736766e-17,-0.5],[-0.10395584540887953,-0.48907380036690284],[-0.2033683215378999,-0.45677272882130054],[-0.2938926261462365,-0.4045084971874737],[-0.371572412738697,-0.33456530317942923],[-0.43301270189221924,-0.2500000000000002],[-0.47552825814757677,-0.15450849718747378],[-0.49726094768413664,-0.05226423163382712],[-0.4972609476841367,0.05226423163382649],[-0.4755282581475768,0.15450849718747361],[-0.4330127018922195,0.24999999999999967],[-0.3715724127386973,0.3345653031794289],[-0.2938926261462367,0.40450849718747367],[-0.20336832153790046,0.45677272882130027],[-0.10395584540887993,0.4890738003669028]]
3.491	EXP	label1: units = "height"
3.491	EXP	label1: ori = 0
3.491	EXP	label1: opacity = 1
3.491	EXP	label1: pos = [-0.049924666969686546,0.2950005675387557]
3.491	EXP	label1: size = undefined
3.491	EXP	label1: text = -1
3.491	EXP	label1: font = "Arial"
3.491	EXP	label1: color = {"_hex":"#000000","_rgb":[0,0,0]}
3.491	EXP	label1: contrast = 1
3.491	EXP	label1: height = 0.03
3.491	EXP	label1: bold = false
3.491	EXP	label1: italic = false
3.491	EXP	label1: alignHoriz = "left"
3.491	EXP	label1: alignVert = "center"
3.491	EXP	label1: wrapWidth = 1
3.491	EXP	label1: flipHoriz = false
3.491	EXP	label1: flipVert = false
3.491	EXP	label1: text = "A"
3.491	EXP	trialTarget2: units = "height"
3.491	EXP	trialTarget2: ori = 0
3.491	EXP	trialTarget2: opacity = 0.25
3.491	EXP	trialTarget2: pos = [-0.3994236002262495,-0.1450333347907453]
3.491	EXP	trialTarget2: size = [0.05,0.05]
3.491	EXP	trialTarget2: lineWidth = 1
3.491	EXP	trialTarget2: lineColor = {"_rgb":[1,1,1]}
3.491	EXP	trialTarget2: fillColor = {"_rgb":[1,1,1]}
3.491	EXP	trialTarget2: vertices = [[-0.5,0],[0,0.5],[0.5,0]]
3.491	EXP	trialTarget2: closeShape = true
3.491	EXP	trialTarget2: contrast = 1
3.491	EXP	trialTarget2: depth = -3
3.491	EXP	trialTarget2: interpolate = true
3.491	EXP	trialTarget2: edges = 30
3.491	EXP	trialTarget2: vertices = [[null,null],[null,null],[null,null],[null,null],[null,null],[null,null],[null,null],[null,null],[null,null],[null,null],[null,null],[null,null],[null,null],[null,null],[null,null],[null,null],[null,null],[null,null],[null,null],[null,null],[null,null],[null,null],[null,null],[null,null],[null,null],[null,null],[null,null],[null,null],[null,null],[null,null]]
3.491	EXP	trialTarget2: radius = 0.5
3.491	EXP	trialTarget2: vertices = [[0,0.5],[0.10395584540887966,0.48907380036690284],[0.20336832153790008,0.45677272882130043],[0.29389262614623657,0.4045084971874737],[0.37157241273869707,0.3345653031794291],[0.4330127018922193,0.25000000000000006],[0.47552825814757677,0.15450849718747373],[0.49726094768413664,0.05226423163382684],[0.4972609476841367,-0.052264231633826666],[0.4755282581475768,-0.15450849718747367],[0.43301270189221935,-0.2499999999999999],[0.37157241273869723,-0.33456530317942895],[0.2938926261462366,-0.40450849718747367],[0.20336832153790022,-0.4567727288213004],[0.10395584540887987,-0.4890738003669028],[6.123233995736766e-17,-0.5],[-0.10395584540887953,-0.48907380036690284],[-0.2033683215378999,-0.45677272882130054],[-0.2938926261462365,-0.4045084971874737],[-0.371572412738697,-0.33456530317942923],[-0.43301270189221924,-0.2500000000000002],[-0.47552825814757677,-0.15450849718747378],[-0.49726094768413664,-0.05226423163382712],[-0.4972609476841367,0.05226423163382649],[-0.4755282581475768,0.15450849718747361],[-0.4330127018922195,0.24999999999999967],[-0.3715724127386973,0.3345653031794289],[-0.2938926261462367,0.40450849718747367],[-0.20336832153790046,0.45677272882130027],[-0.10395584540887993,0.4890738003669028]]
3.491	EXP	trialTarget2: vertices = [[0,0.5],[0.10395584540887966,0.48907380036690284],[0.20336832153790008,0.45677272882130043],[0.29389262614623657,0.4045084971874737],[0.37157241273869707,0.3345653031794291],[0.4330127018922193,0.25000000000000006],[0.47552825814757677,0.15450849718747373],[0.49726094768413664,0.05226423163382684],[0.4972609476841367,-0.052264231633826666],[0.4755282581475768,-0.15450849718747367],[0.43301270189221935,-0.2499999999999999],[0.37157241273869723,-0.33456530317942895],[0.2938926261462366,-0.40450849718747367],[0.20336832153790022,-0.4567727288213004],[0.10395584540887987,-0.4890738003669028],[6.123233995736766e-17,-0.5],[-0.10395584540887953,-0.48907380036690284],[-0.2033683215378999,-0.45677272882130054],[-0.2938926261462365,-0.4045084971874737],[-0.371572412738697,-0.33456530317942923],[-0.43301270189221924,-0.2500000000000002],[-0.47552825814757677,-0.15450849718747378],[-0.49726094768413664,-0.05226423163382712],[-0.4972609476841367,0.05226423163382649],[-0.4755282581475768,0.15450849718747361],[-0.4330127018922195,0.24999999999999967],[-0.3715724127386973,0.3345653031794289],[-0.2938926261462367,0.40450849718747367],[-0.20336832153790046,0.45677272882130027],[-0.10395584540887993,0.4890738003669028]]
3.491	EXP	label2: units = "height"
3.491	EXP	label2: ori = 0
3.491	EXP	label2: opacity = 1
3.491	EXP	label2: pos = [-0.3994236002262495,-0.1450333347907453]
3.491	EXP	label2: size = undefined
3.491	EXP	label2: text = -1
3.491	EXP	label2: font = "Arial"
3.491	EXP	label2: color = {"_hex":"#000000","_rgb":[0,0,0]}
3.491	EXP	label2: contrast = 1
3.491	EXP	label2: height = 0.03
3.491	EXP	label2: bold = false
3.491	EXP	label2: italic = false
3.491	EXP	label2: alignHoriz = "left"
3.491	EXP	label2: alignVert = "center"
3.491	EXP	label2: wrapWidth = 1
3.491	EXP	label2: flipHoriz = false
3.491	EXP	label2: flipVert = false
3.491	EXP	label2: text = 2
3.491	EXP	trialTarget3: units = "height"
3.491	EXP	trialTarget3: ori = 0
3.491	EXP	trialTarget3: opacity = 0.25
3.491	EXP	trialTarget3: pos = [-0.2549736427700167,-0.14948728409790638]
3.491	EXP	trialTarget3: size = [0.05,0.05]
3.491	EXP	trialTarget3: lineWidth = 1
3.491	EXP	trialTarget3: lineColor = {"_rgb":[1,1,1]}
3.491	EXP	trialTarget3: fillColor = {"_rgb":[1,1,1]}
3.491	EXP	trialTarget3: vertices = [[-0.5,0],[0,0.5],[0.5,0]]
3.491	EXP	trialTarget3: closeShape = true
3.491	EXP	trialTarget3: contrast = 1
3.491	EXP	trialTarget3: depth = -3
3.491	EXP	trialTarget3: interpolate = true
3.491	EXP	trialTarget3: edges = 30
3.491	EXP	trialTarget3: vertices = [[null,null],[null,null],[null,null],[null,null],[null,null],[null,null],[null,null],[null,null],[null,null],[null,null],[null,null],[null,null],[null,null],[null,null],[null,null],[null,null],[null,null],[null,null],[null,null],[null,null],[null,null],[null,null],[null,null],[null,null],[null,null],[null,null],[null,null],[null,null],[null,null],[null,null]]
3.491	EXP	trialTarget3: radius = 0.5
3.491	EXP	trialTarget3: vertices = [[0,0.5],[0.10395584540887966,0.48907380036690284],[0.20336832153790008,0.45677272882130043],[0.29389262614623657,0.4045084971874737],[0.37157241273869707,0.3345653031794291],[0.4330127018922193,0.25000000000000006],[0.47552825814757677,0.15450849718747373],[0.49726094768413664,0.05226423163382684],[0.4972609476841367,-0.052264231633826666],[0.4755282581475768,-0.15450849718747367],[0.43301270189221935,-0.2499999999999999],[0.37157241273869723,-0.33456530317942895],[0.2938926261462366,-0.40450849718747367],[0.20336832153790022,-0.4567727288213004],[0.10395584540887987,-0.4890738003669028],[6.123233995736766e-17,-0.5],[-0.10395584540887953,-0.48907380036690284],[-0.2033683215378999,-0.45677272882130054],[-0.2938926261462365,-0.4045084971874737],[-0.371572412738697,-0.33456530317942923],[-0.43301270189221924,-0.2500000000000002],[-0.47552825814757677,-0.15450849718747378],[-0.49726094768413664,-0.05226423163382712],[-0.4972609476841367,0.05226423163382649],[-0.4755282581475768,0.15450849718747361],[-0.4330127018922195,0.24999999999999967],[-0.3715724127386973,0.3345653031794289],[-0.2938926261462367,0.40450849718747367],[-0.20336832153790046,0.45677272882130027],[-0.10395584540887993,0.4890738003669028]]
3.491	EXP	trialTarget3: vertices = [[0,0.5],[0.10395584540887966,0.48907380036690284],[0.20336832153790008,0.45677272882130043],[0.29389262614623657,0.4045084971874737],[0.37157241273869707,0.3345653031794291],[0.4330127018922193,0.25000000000000006],[0.47552825814757677,0.15450849718747373],[0.49726094768413664,0.05226423163382684],[0.4972609476841367,-0.052264231633826666],[0.4755282581475768,-0.15450849718747367],[0.43301270189221935,-0.2499999999999999],[0.37157241273869723,-0.33456530317942895],[0.2938926261462366,-0.40450849718747367],[0.20336832153790022,-0.4567727288213004],[0.10395584540887987,-0.4890738003669028],[6.123233995736766e-17,-0.5],[-0.10395584540887953,-0.48907380036690284],[-0.2033683215378999,-0.45677272882130054],[-0.2938926261462365,-0.4045084971874737],[-0.371572412738697,-0.33456530317942923],[-0.43301270189221924,-0.2500000000000002],[-0.47552825814757677,-0.15450849718747378],[-0.49726094768413664,-0.05226423163382712],[-0.4972609476841367,0.05226423163382649],[-0.4755282581475768,0.15450849718747361],[-0.4330127018922195,0.24999999999999967],[-0.3715724127386973,0.3345653031794289],[-0.2938926261462367,0.40450849718747367],[-0.20336832153790046,0.45677272882130027],[-0.10395584540887993,0.4890738003669028]]
3.491	EXP	label3: units = "height"
3.491	EXP	label3: ori = 0
3.491	EXP	label3: opacity = 1
3.491	EXP	label3: pos = [-0.2549736427700167,-0.14948728409790638]
3.491	EXP	label3: size = undefined
3.491	EXP	label3: text = -1
3.491	EXP	label3: font = "Arial"
3.491	EXP	label3: color = {"_hex":"#000000","_rgb":[0,0,0]}
3.491	EXP	label3: contrast = 1
3.491	EXP	label3: height = 0.03
3.491	EXP	label3: bold = false
3.491	EXP	label3: italic = false
3.491	EXP	label3: alignHoriz = "left"
3.491	EXP	label3: alignVert = "center"
3.491	EXP	label3: wrapWidth = 1
3.491	EXP	label3: flipHoriz = false
3.491	EXP	label3: flipVert = false
3.491	EXP	label3: text = "B"
3.491	EXP	trialTarget4: units = "height"
3.491	EXP	trialTarget4: ori = 0
3.491	EXP	trialTarget4: opacity = 0.25
3.491	EXP	trialTarget4: pos = [0.24512407336881742,-0.3511069505351748]
3.491	EXP	trialTarget4: size = [0.05,0.05]
3.491	EXP	trialTarget4: lineWidth = 1
3.491	EXP	trialTarget4: lineColor = {"_rgb":[1,1,1]}
3.491	EXP	trialTarget4: fillColor = {"_rgb":[1,1,1]}
3.491	EXP	trialTarget4: vertices = [[-0.5,0],[0,0.5],[0.5,0]]
3.491	EXP	trialTarget4: closeShape = true
3.491	EXP	trialTarget4: contrast = 1
3.491	EXP	trialTarget4: depth = -3
3.491	EXP	trialTarget4: interpolate = true
3.491	EXP	trialTarget4: edges = 30
3.491	EXP	trialTarget4: vertices = [[null,null],[null,null],[null,null],[null,null],[null,null],[null,null],[null,null],[null,null],[null,null],[null,null],[null,null],[null,null],[null,null],[null,null],[null,null],[null,null],[null,null],[null,null],[null,null],[null,null],[null,null],[null,null],[null,null],[null,null],[null,null],[null,null],[null,null],[null,null],[null,null],[null,null]]
3.491	EXP	trialTarget4: radius = 0.5
3.491	EXP	trialTarget4: vertices = [[0,0.5],[0.10395584540887966,0.48907380036690284],[0.20336832153790008,0.45677272882130043],[0.29389262614623657,0.4045084971874737],[0.37157241273869707,0.3345653031794291],[0.4330127018922193,0.25000000000000006],[0.47552825814757677,0.15450849718747373],[0.49726094768413664,0.05226423163382684],[0.4972609476841367,-0.052264231633826666],[0.4755282581475768,-0.15450849718747367],[0.43301270189221935,-0.2499999999999999],[0.37157241273869723,-0.33456530317942895],[0.2938926261462366,-0.40450849718747367],[0.20336832153790022,-0.4567727288213004],[0.10395584540887987,-0.4890738003669028],[6.123233995736766e-17,-0.5],[-0.10395584540887953,-0.48907380036690284],[-0.2033683215378999,-0.45677272882130054],[-0.2938926261462365,-0.4045084971874737],[-0.371572412738697,-0.33456530317942923],[-0.43301270189221924,-0.2500000000000002],[-0.47552825814757677,-0.15450849718747378],[-0.49726094768413664,-0.05226423163382712],[-0.4972609476841367,0.05226423163382649],[-0.4755282581475768,0.15450849718747361],[-0.4330127018922195,0.24999999999999967],[-0.3715724127386973,0.3345653031794289],[-0.2938926261462367,0.40450849718747367],[-0.20336832153790046,0.45677272882130027],[-0.10395584540887993,0.4890738003669028]]
3.491	EXP	trialTarget4: vertices = [[0,0.5],[0.10395584540887966,0.48907380036690284],[0.20336832153790008,0.45677272882130043],[0.29389262614623657,0.4045084971874737],[0.37157241273869707,0.3345653031794291],[0.4330127018922193,0.25000000000000006],[0.47552825814757677,0.15450849718747373],[0.49726094768413664,0.05226423163382684],[0.4972609476841367,-0.052264231633826666],[0.4755282581475768,-0.15450849718747367],[0.43301270189221935,-0.2499999999999999],[0.37157241273869723,-0.33456530317942895],[0.2938926261462366,-0.40450849718747367],[0.20336832153790022,-0.4567727288213004],[0.10395584540887987,-0.4890738003669028],[6.123233995736766e-17,-0.5],[-0.10395584540887953,-0.48907380036690284],[-0.2033683215378999,-0.45677272882130054],[-0.2938926261462365,-0.4045084971874737],[-0.371572412738697,-0.33456530317942923],[-0.43301270189221924,-0.2500000000000002],[-0.47552825814757677,-0.15450849718747378],[-0.49726094768413664,-0.05226423163382712],[-0.4972609476841367,0.05226423163382649],[-0.4755282581475768,0.15450849718747361],[-0.4330127018922195,0.24999999999999967],[-0.3715724127386973,0.3345653031794289],[-0.2938926261462367,0.40450849718747367],[-0.20336832153790046,0.45677272882130027],[-0.10395584540887993,0.4890738003669028]]
3.491	EXP	label4: units = "height"
3.491	EXP	label4: ori = 0
3.491	EXP	label4: opacity = 1
3.491	EXP	label4: pos = [0.24512407336881742,-0.3511069505351748]
3.491	EXP	label4: size = undefined
3.491	EXP	label4: text = -1
3.491	EXP	label4: font = "Arial"
3.491	EXP	label4: color = {"_hex":"#000000","_rgb":[0,0,0]}
3.491	EXP	label4: contrast = 1
3.491	EXP	label4: height = 0.03
3.491	EXP	label4: bold = false
3.491	EXP	label4: italic = false
3.491	EXP	label4: alignHoriz = "left"
3.491	EXP	label4: alignVert = "center"
3.491	EXP	label4: wrapWidth = 1
3.491	EXP	label4: flipHoriz = false
3.491	EXP	label4: flipVert = false
3.491	EXP	label4: text = 3
3.491	EXP	ShapeStim: units = "height"
3.491	EXP	ShapeStim: ori = 0
3.491	EXP	ShapeStim: opacity = 1
3.491	EXP	ShapeStim: pos = [0,0]
3.491	EXP	ShapeStim: size = [1,1]
3.491	EXP	ShapeStim: lineWidth = 1.5
3.491	EXP	ShapeStim: lineColor = {"_hex":"#FFFFFF","_rgb":[1,1,1]}
3.491	EXP	ShapeStim: fillColor = undefined
3.491	EXP	ShapeStim: vertices = [[-0.1451578289564482,0.3987536535052447],[-0.049924666969686546,0.2950005675387557]]
3.491	EXP	ShapeStim: closeShape = true
3.491	EXP	ShapeStim: contrast = 1
3.491	EXP	ShapeStim: depth = 0
3.491	EXP	ShapeStim: interpolate = true
3.491	EXP	ShapeStim: units = "height"
3.491	EXP	ShapeStim: ori = 0
3.491	EXP	ShapeStim: opacity = 1
3.491	EXP	ShapeStim: pos = [0,0]
3.491	EXP	ShapeStim: size = [1,1]
3.491	EXP	ShapeStim: lineWidth = 1.5
3.491	EXP	ShapeStim: lineColor = {"_hex":"#FFFFFF","_rgb":[1,1,1]}
3.491	EXP	ShapeStim: fillColor = undefined
3.491	EXP	ShapeStim: vertices = [[-0.049924666969686546,0.2950005675387557],[-0.3994236002262495,-0.1450333347907453]]
3.491	EXP	ShapeStim: closeShape = true
3.491	EXP	ShapeStim: contrast = 1
3.491	EXP	ShapeStim: depth = 0
3.491	EXP	ShapeStim: interpolate = true
3.491	EXP	ShapeStim: units = "height"
3.491	EXP	ShapeStim: ori = 0
3.491	EXP	ShapeStim: opacity = 1
3.491	EXP	ShapeStim: pos = [0,0]
3.491	EXP	ShapeStim: size = [1,1]
3.491	EXP	ShapeStim: lineWidth = 1.5
3.491	EXP	ShapeStim: lineColor = {"_hex":"#FFFFFF","_rgb":[1,1,1]}
3.491	EXP	ShapeStim: fillColor = undefined
3.491	EXP	ShapeStim: vertices = [[-0.3994236002262495,-0.1450333347907453],[-0.2549736427700167,-0.14948728409790638]]
3.491	EXP	ShapeStim: closeShape = true
3.491	EXP	ShapeStim: contrast = 1
3.491	EXP	ShapeStim: depth = 0
3.491	EXP	ShapeStim: interpolate = true
3.491	EXP	ShapeStim: units = "height"
3.491	EXP	ShapeStim: ori = 0
3.491	EXP	ShapeStim: opacity = 1
3.491	EXP	ShapeStim: pos = [0,0]
3.491	EXP	ShapeStim: size = [1,1]
3.491	EXP	ShapeStim: lineWidth = 1.5
3.491	EXP	ShapeStim: lineColor = {"_hex":"#FFFFFF","_rgb":[1,1,1]}
3.491	EXP	ShapeStim: fillColor = undefined
3.491	EXP	ShapeStim: vertices = [[-0.2549736427700167,-0.14948728409790638],[0.24512407336881742,-0.3511069505351748]]
3.491	EXP	ShapeStim: closeShape = true
3.491	EXP	ShapeStim: contrast = 1
3.491	EXP	ShapeStim: depth = 0
3.491	EXP	ShapeStim: interpolate = true
3.491	EXP	trialCursor: units = "height"
3.491	EXP	trialCursor: ori = 0
3.491	EXP	trialCursor: opacity = 1
3.491	EXP	trialCursor: pos = [0,0]
3.491	EXP	trialCursor: size = [0.025,0.025]
3.491	EXP	trialCursor: lineWidth = 1
3.491	EXP	trialCursor: lineColor = {"_rgb":[1,1,1]}
3.491	EXP	trialCursor: fillColor = {"_rgb":[1,1,1]}
3.491	EXP	trialCursor: vertices = [[-0.5,0],[0,0.5],[0.5,0]]
3.491	EXP	trialCursor: closeShape = true
3.491	EXP	trialCursor: contrast = 1
3.491	EXP	trialCursor: depth = -2
3.491	EXP	trialCursor: interpolate = true
3.491	EXP	trialCursor: edges = 180
3.491	EXP	trialCursor: vertices = [[null,null],[null,null],[null,null],[null,null],[null,null],[null,null],[null,null],[null,null],[null,null],[null,null],[null,null],[null,null],[null,null],[null,null],[null,null],[null,null],[null,null],[null,null],[null,null],[null,null],[null,null],[null,null],[null,null],[null,null],[null,null],[null,null],[null,null],[null,null],[null,null],[null,null],[null,null],[null,null],[null,null],[null,null],[null,null],[null,null],[null,null],[null,null],[null,null],[null,null],[null,null],[null,null],[null,null],[null,null],[null,null],[null,null],[null,null],[null,null],[null,null],[null,null],[null,null],[null,null],[null,null],[null,null],[null,null],[null,null],[null,null],[null,null],[null,null],[null,null],[null,null],[null,null],[null,null],[null,null],[null,null],[null,null],[null,null],[null,null],[null,null],[null,null],[null,null],[null,null],[null,null],[null,null],[null,null],[null,null],[null,null],[null,null],[null,null],[null,null],[null,null],[null,null],[null,null],[null,null],[null,null],[null,null],[null,null],[null,null],[null,null],[null,null],[null,null],[null,null],[null,null],[null,null],[null,null],[null,null],[null,null],[null,null],[null,null],[null,null],[null,null],[null,null],[null,null],[null,null],[null,null],[null,null],[null,null],[null,null],[null,null],[null,null],[null,null],[null,null],[null,null],[null,null],[null,null],[null,null],[null,null],[null,null],[null,null],[null,null],[null,null],[null,null],[null,null],[null,null],[null,null],[null,null],[null,null],[null,null],[null,null],[null,null],[null,null],[null,null],[null,null],[null,null],[null,null],[null,null],[null,null],[null,null],[null,null],[null,null],[null,null],[null,null],[null,null],[null,null],[null,null],[null,null],[null,null],[null,null],[null,null],[null,null],[null,null],[null,null],[null,null],[null,null],[null,null],[null,null],[null,null],[null,null],[null,null],[null,null],[null,null],[null,null],[null,null],[null,null],[null,null],[null,null],[null,null],[null,null],[null,null],[null,null],[null,null],[null,null],[null,null],[null,null],[null,null],[null,null],[null,null],[null,null],[null,null],[null,null]]
3.491	EXP	trialCursor: radius = 0.5
3.491	EXP	trialCursor: vertices = [[0,0.5],[0.017449748351250485,0.4996954135095479],[0.03487823687206265,0.4987820251299121],[0.052264231633826735,0.49726094768413664],[0.06958655048003272,0.4951340343707852],[0.08682408883346517,0.492403876506104],[0.10395584540887967,0.48907380036690284],[0.12096094779983387,0.48514786313799824],[0.13781867790849958,0.48063084796915945],[0.1545084971874737,0.47552825814757677],[0.17101007166283436,0.4698463103929542],[0.187303296707956,0.4635919272833937],[0.2033683215379001,0.45677272882130043],[0.2191855733945387,0.4493970231495835],[0.2347357813929454,0.4414737964294635],[0.24999999999999997,0.43301270189221935],[0.26495963211660245,0.424024048078213],[0.27959645173537345,0.41451878627752087],[0.29389262614623657,0.4045084971874737],[0.30783073766282915,0.39400537680336095],[0.3213938048432696,0.383022221559489],[0.3345653031794291,0.3715724127386971],[0.3473291852294986,0.3596699001693256],[0.3596699001693256,0.3473291852294986],[0.3715724127386971,0.3345653031794291],[0.383022221559489,0.3213938048432697],[0.394005376803361,0.30783073766282915],[0.4045084971874737,0.29389262614623657],[0.41451878627752087,0.2795964517353734],[0.42402404807821303,0.26495963211660245],[0.4330127018922193,0.25000000000000006],[0.44147379642946344,0.23473578139294543],[0.4493970231495835,0.21918557339453873],[0.45677272882130043,0.2033683215379001],[0.4635919272833937,0.18730329670795598],[0.46984631039295416,0.1710100716628344],[0.47552825814757677,0.15450849718747373],[0.48063084796915945,0.13781867790849958],[0.48514786313799824,0.12096094779983384],[0.4890738003669028,0.10395584540887973],[0.492403876506104,0.08682408883346521],[0.4951340343707852,0.06958655048003273],[0.49726094768413664,0.05226423163382673],[0.4987820251299121,0.034878236872062617],[0.4996954135095479,0.01744974835125054],[0.5,3.061616997868383e-17],[0.4996954135095479,-0.017449748351250478],[0.4987820251299121,-0.034878236872062665],[0.49726094768413664,-0.05226423163382678],[0.4951340343707852,-0.06958655048003268],[0.492403876506104,-0.08682408883346515],[0.48907380036690284,-0.10395584540887967],[0.48514786313799824,-0.12096094779983389],[0.48063084796915945,-0.13781867790849953],[0.4755282581475768,-0.15450849718747367],[0.4698463103929542,-0.17101007166283436],[0.4635919272833937,-0.18730329670795604],[0.45677272882130043,-0.20336832153790013],[0.44939702314958346,-0.21918557339453876],[0.44147379642946344,-0.23473578139294546],[0.43301270189221935,-0.2499999999999999],[0.42402404807821303,-0.2649596321166024],[0.41451878627752087,-0.27959645173537334],[0.4045084971874737,-0.2938926261462365],[0.394005376803361,-0.30783073766282915],[0.383022221559489,-0.3213938048432697],[0.3715724127386971,-0.3345653031794291],[0.35966990016932554,-0.3473291852294987],[0.34732918522949857,-0.35966990016932565],[0.3345653031794292,-0.37157241273869707],[0.32139380484326974,-0.38302222155948895],[0.3078307376628292,-0.39400537680336095],[0.2938926261462366,-0.40450849718747367],[0.27959645173537345,-0.4145187862775208],[0.26495963211660245,-0.424024048078213],[0.24999999999999997,-0.43301270189221935],[0.23473578139294535,-0.4414737964294635],[0.21918557339453865,-0.4493970231495835],[0.20336832153790022,-0.4567727288213004],[0.18730329670795612,-0.46359192728339366],[0.17101007166283444,-0.46984631039295416],[0.15450849718747375,-0.47552825814757677],[0.1378186779084996,-0.48063084796915945],[0.12096094779983387,-0.48514786313799824],[0.10395584540887966,-0.48907380036690284],[0.08682408883346514,-0.492403876506104],[0.06958655048003266,-0.4951340343707852],[0.05226423163382687,-0.49726094768413664],[0.03487823687206276,-0.4987820251299121],[0.01744974835125057,-0.4996954135095479],[6.123233995736766e-17,-0.5],[-0.01744974835125045,-0.4996954135095479],[-0.03487823687206264,-0.4987820251299121],[-0.05226423163382675,-0.49726094768413664],[-0.06958655048003276,-0.4951340343707851],[-0.08682408883346523,-0.492403876506104],[-0.10395584540887975,-0.4890738003669028],[-0.12096094779983375,-0.48514786313799824],[-0.1378186779084995,-0.48063084796915945],[-0.15450849718747364,-0.4755282581475768],[-0.17101007166283433,-0.4698463103929542],[-0.187303296707956,-0.4635919272833937],[-0.2033683215379001,-0.45677272882130043],[-0.21918557339453873,-0.44939702314958346],[-0.23473578139294543,-0.44147379642946344],[-0.25000000000000006,-0.4330127018922193],[-0.2649596321166024,-0.42402404807821303],[-0.27959645173537334,-0.41451878627752087],[-0.2938926261462365,-0.4045084971874737],[-0.3078307376628291,-0.394005376803361],[-0.3213938048432696,-0.383022221559489],[-0.3345653031794291,-0.3715724127386971],[-0.3473291852294986,-0.35966990016932554],[-0.3596699001693256,-0.3473291852294986],[-0.3715724127386972,-0.33456530317942906],[-0.38302222155948895,-0.32139380484326974],[-0.39400537680336106,-0.30783073766282903],[-0.40450849718747367,-0.2938926261462366],[-0.4145187862775209,-0.2795964517353733],[-0.424024048078213,-0.2649596321166025],[-0.43301270189221924,-0.2500000000000002],[-0.4414737964294635,-0.23473578139294538],[-0.4493970231495834,-0.21918557339453887],[-0.4567727288213005,-0.20336832153790005],[-0.46359192728339366,-0.18730329670795615],[-0.4698463103929542,-0.17101007166283427],[-0.47552825814757677,-0.15450849718747378],[-0.4806308479691595,-0.13781867790849944],[-0.48514786313799824,-0.12096094779983389],[-0.4890738003669028,-0.1039558454088799],[-0.492403876506104,-0.08682408883346517],[-0.4951340343707851,-0.06958655048003291],[-0.4972609476841367,-0.05226423163382668],[-0.4987820251299121,-0.03487823687206279],[-0.4996954135095479,-0.01744974835125038],[-0.5,-9.184850993605148e-17],[-0.4996954135095479,0.01744974835125064],[-0.49878202512991215,0.03487823687206261],[-0.4972609476841367,0.05226423163382649],[-0.4951340343707852,0.06958655048003273],[-0.49240387650610407,0.08682408883346499],[-0.4890738003669028,0.10395584540887971],[-0.4851478631379983,0.12096094779983371],[-0.4806308479691594,0.1378186779084997],[-0.4755282581475768,0.15450849718747361],[-0.46984631039295416,0.1710100716628345],[-0.4635919272833937,0.18730329670795598],[-0.45677272882130054,0.20336832153789988],[-0.4493970231495835,0.2191855733945387],[-0.44147379642946355,0.2347357813929452],[-0.4330127018922193,0.25000000000000006],[-0.42402404807821303,0.26495963211660234],[-0.4145187862775208,0.2795964517353735],[-0.4045084971874738,0.29389262614623646],[-0.3940053768033609,0.30783073766282926],[-0.38302222155948906,0.3213938048432696],[-0.3715724127386973,0.3345653031794289],[-0.35966990016932554,0.3473291852294986],[-0.3473291852294988,0.35966990016932543],[-0.33456530317942906,0.3715724127386971],[-0.3213938048432698,0.3830222215594889],[-0.3078307376628291,0.394005376803361],[-0.2938926261462367,0.40450849718747367],[-0.2795964517353733,0.4145187862775209],[-0.2649596321166025,0.4240240480782129],[-0.2500000000000002,0.4330127018922192],[-0.2347357813929454,0.4414737964294635],[-0.2191855733945389,0.4493970231495834],[-0.20336832153790008,0.4567727288213005],[-0.18730329670795617,0.46359192728339366],[-0.1710100716628343,0.4698463103929542],[-0.15450849718747384,0.47552825814757677],[-0.13781867790849947,0.48063084796915945],[-0.12096094779983393,0.48514786313799824],[-0.10395584540887993,0.4890738003669028],[-0.0868240888334652,0.492403876506104],[-0.06958655048003294,0.4951340343707851],[-0.05226423163382671,0.49726094768413664],[-0.03487823687206282,0.4987820251299121],[-0.017449748351250412,0.4996954135095479]]
3.491	EXP	trialCursor: vertices = [[0,0.5],[0.017449748351250485,0.4996954135095479],[0.03487823687206265,0.4987820251299121],[0.052264231633826735,0.49726094768413664],[0.06958655048003272,0.4951340343707852],[0.08682408883346517,0.492403876506104],[0.10395584540887967,0.48907380036690284],[0.12096094779983387,0.48514786313799824],[0.13781867790849958,0.48063084796915945],[0.1545084971874737,0.47552825814757677],[0.17101007166283436,0.4698463103929542],[0.187303296707956,0.4635919272833937],[0.2033683215379001,0.45677272882130043],[0.2191855733945387,0.4493970231495835],[0.2347357813929454,0.4414737964294635],[0.24999999999999997,0.43301270189221935],[0.26495963211660245,0.424024048078213],[0.27959645173537345,0.41451878627752087],[0.29389262614623657,0.4045084971874737],[0.30783073766282915,0.39400537680336095],[0.3213938048432696,0.383022221559489],[0.3345653031794291,0.3715724127386971],[0.3473291852294986,0.3596699001693256],[0.3596699001693256,0.3473291852294986],[0.3715724127386971,0.3345653031794291],[0.383022221559489,0.3213938048432697],[0.394005376803361,0.30783073766282915],[0.4045084971874737,0.29389262614623657],[0.41451878627752087,0.2795964517353734],[0.42402404807821303,0.26495963211660245],[0.4330127018922193,0.25000000000000006],[0.44147379642946344,0.23473578139294543],[0.4493970231495835,0.21918557339453873],[0.45677272882130043,0.2033683215379001],[0.4635919272833937,0.18730329670795598],[0.46984631039295416,0.1710100716628344],[0.47552825814757677,0.15450849718747373],[0.48063084796915945,0.13781867790849958],[0.48514786313799824,0.12096094779983384],[0.4890738003669028,0.10395584540887973],[0.492403876506104,0.08682408883346521],[0.4951340343707852,0.06958655048003273],[0.49726094768413664,0.05226423163382673],[0.4987820251299121,0.034878236872062617],[0.4996954135095479,0.01744974835125054],[0.5,3.061616997868383e-17],[0.4996954135095479,-0.017449748351250478],[0.4987820251299121,-0.034878236872062665],[0.49726094768413664,-0.05226423163382678],[0.4951340343707852,-0.06958655048003268],[0.492403876506104,-0.08682408883346515],[0.48907380036690284,-0.10395584540887967],[0.48514786313799824,-0.12096094779983389],[0.48063084796915945,-0.13781867790849953],[0.4755282581475768,-0.15450849718747367],[0.4698463103929542,-0.17101007166283436],[0.4635919272833937,-0.18730329670795604],[0.45677272882130043,-0.20336832153790013],[0.44939702314958346,-0.21918557339453876],[0.44147379642946344,-0.23473578139294546],[0.43301270189221935,-0.2499999999999999],[0.42402404807821303,-0.2649596321166024],[0.41451878627752087,-0.27959645173537334],[0.4045084971874737,-0.2938926261462365],[0.394005376803361,-0.30783073766282915],[0.383022221559489,-0.3213938048432697],[0.3715724127386971,-0.3345653031794291],[0.35966990016932554,-0.3473291852294987],[0.34732918522949857,-0.35966990016932565],[0.3345653031794292,-0.37157241273869707],[0.32139380484326974,-0.38302222155948895],[0.3078307376628292,-0.39400537680336095],[0.2938926261462366,-0.40450849718747367],[0.27959645173537345,-0.4145187862775208],[0.26495963211660245,-0.424024048078213],[0.24999999999999997,-0.43301270189221935],[0.23473578139294535,-0.4414737964294635],[0.21918557339453865,-0.4493970231495835],[0.20336832153790022,-0.4567727288213004],[0.18730329670795612,-0.46359192728339366],[0.17101007166283444,-0.46984631039295416],[0.15450849718747375,-0.47552825814757677],[0.1378186779084996,-0.48063084796915945],[0.12096094779983387,-0.48514786313799824],[0.10395584540887966,-0.48907380036690284],[0.08682408883346514,-0.492403876506104],[0.06958655048003266,-0.4951340343707852],[0.05226423163382687,-0.49726094768413664],[0.03487823687206276,-0.4987820251299121],[0.01744974835125057,-0.4996954135095479],[6.123233995736766e-17,-0.5],[-0.01744974835125045,-0.4996954135095479],[-0.03487823687206264,-0.4987820251299121],[-0.05226423163382675,-0.49726094768413664],[-0.06958655048003276,-0.4951340343707851],[-0.08682408883346523,-0.492403876506104],[-0.10395584540887975,-0.4890738003669028],[-0.12096094779983375,-0.48514786313799824],[-0.1378186779084995,-0.48063084796915945],[-0.15450849718747364,-0.4755282581475768],[-0.17101007166283433,-0.4698463103929542],[-0.187303296707956,-0.4635919272833937],[-0.2033683215379001,-0.45677272882130043],[-0.21918557339453873,-0.44939702314958346],[-0.23473578139294543,-0.44147379642946344],[-0.25000000000000006,-0.4330127018922193],[-0.2649596321166024,-0.42402404807821303],[-0.27959645173537334,-0.41451878627752087],[-0.2938926261462365,-0.4045084971874737],[-0.3078307376628291,-0.394005376803361],[-0.3213938048432696,-0.383022221559489],[-0.3345653031794291,-0.3715724127386971],[-0.3473291852294986,-0.35966990016932554],[-0.3596699001693256,-0.3473291852294986],[-0.3715724127386972,-0.33456530317942906],[-0.38302222155948895,-0.32139380484326974],[-0.39400537680336106,-0.30783073766282903],[-0.40450849718747367,-0.2938926261462366],[-0.4145187862775209,-0.2795964517353733],[-0.424024048078213,-0.2649596321166025],[-0.43301270189221924,-0.2500000000000002],[-0.4414737964294635,-0.23473578139294538],[-0.4493970231495834,-0.21918557339453887],[-0.4567727288213005,-0.20336832153790005],[-0.46359192728339366,-0.18730329670795615],[-0.4698463103929542,-0.17101007166283427],[-0.47552825814757677,-0.15450849718747378],[-0.4806308479691595,-0.13781867790849944],[-0.48514786313799824,-0.12096094779983389],[-0.4890738003669028,-0.1039558454088799],[-0.492403876506104,-0.08682408883346517],[-0.4951340343707851,-0.06958655048003291],[-0.4972609476841367,-0.05226423163382668],[-0.4987820251299121,-0.03487823687206279],[-0.4996954135095479,-0.01744974835125038],[-0.5,-9.184850993605148e-17],[-0.4996954135095479,0.01744974835125064],[-0.49878202512991215,0.03487823687206261],[-0.4972609476841367,0.05226423163382649],[-0.4951340343707852,0.06958655048003273],[-0.49240387650610407,0.08682408883346499],[-0.4890738003669028,0.10395584540887971],[-0.4851478631379983,0.12096094779983371],[-0.4806308479691594,0.1378186779084997],[-0.4755282581475768,0.15450849718747361],[-0.46984631039295416,0.1710100716628345],[-0.4635919272833937,0.18730329670795598],[-0.45677272882130054,0.20336832153789988],[-0.4493970231495835,0.2191855733945387],[-0.44147379642946355,0.2347357813929452],[-0.4330127018922193,0.25000000000000006],[-0.42402404807821303,0.26495963211660234],[-0.4145187862775208,0.2795964517353735],[-0.4045084971874738,0.29389262614623646],[-0.3940053768033609,0.30783073766282926],[-0.38302222155948906,0.3213938048432696],[-0.3715724127386973,0.3345653031794289],[-0.35966990016932554,0.3473291852294986],[-0.3473291852294988,0.35966990016932543],[-0.33456530317942906,0.3715724127386971],[-0.3213938048432698,0.3830222215594889],[-0.3078307376628291,0.394005376803361],[-0.2938926261462367,0.40450849718747367],[-0.2795964517353733,0.4145187862775209],[-0.2649596321166025,0.4240240480782129],[-0.2500000000000002,0.4330127018922192],[-0.2347357813929454,0.4414737964294635],[-0.2191855733945389,0.4493970231495834],[-0.20336832153790008,0.4567727288213005],[-0.18730329670795617,0.46359192728339366],[-0.1710100716628343,0.4698463103929542],[-0.15450849718747384,0.47552825814757677],[-0.13781867790849947,0.48063084796915945],[-0.12096094779983393,0.48514786313799824],[-0.10395584540887993,0.4890738003669028],[-0.0868240888334652,0.492403876506104],[-0.06958655048003294,0.4951340343707851],[-0.05226423163382671,0.49726094768413664],[-0.03487823687206282,0.4987820251299121],[-0.017449748351250412,0.4996954135095479]]
3.491	EXP	text: units = "height"
3.491	EXP	text: ori = 0
3.491	EXP	text: opacity = 1
3.491	EXP	text: pos = [-0.4,0.4]
3.491	EXP	text: size = undefined
3.491	EXP	text: text = "hi"
3.491	EXP	text: font = "Arial"
3.491	EXP	text: color = {"_hex":"#FFFFFF","_rgb":[1,1,1]}
3.491	EXP	text: contrast = 1
3.491	EXP	text: height = 0.1
3.491	EXP	text: bold = false
3.491	EXP	text: italic = false
3.491	EXP	text: alignHoriz = "left"
3.491	EXP	text: alignVert = "center"
3.491	EXP	text: wrapWidth = 1
3.491	EXP	text: flipHoriz = false
3.491	EXP	text: flipVert = false
3.491	EXP	trialTarget0: autoDraw = true
3.491	EXP	trialTarget1: autoDraw = true
3.491	EXP	trialTarget2: autoDraw = true
3.491	EXP	trialTarget3: autoDraw = true
3.491	EXP	trialTarget4: autoDraw = true
3.491	EXP	label0: autoDraw = true
3.491	EXP	label1: autoDraw = true
3.491	EXP	label2: autoDraw = true
3.491	EXP	label3: autoDraw = true
3.491	EXP	label4: autoDraw = true
3.491	EXP	ShapeStim: autoDraw = true
3.491	EXP	ShapeStim: autoDraw = true
3.491	EXP	ShapeStim: autoDraw = true
3.491	EXP	ShapeStim: autoDraw = true
3.491	EXP	trialCursor: autoDraw = true
3.491	EXP	trialCursor: pos = [-0.7934131736526946,0.23952095808383234]
3.491	EXP	text: autoDraw = true
3.5639999999999996	EXP	trialCursor: pos = [0.06287425149700598,-0.15718562874251496]
3.712	EXP	trialCursor: pos = [0.030555555555555555,-0.1326388888888889]
3.7680000000000002	EXP	trialCursor: pos = [0.022916666666666665,-0.12569444444444444]
3.802	EXP	trialCursor: pos = [0.022222222222222223,-0.12569444444444444]
3.8409999999999997	EXP	trialCursor: pos = [0.022222222222222223,-0.12569444444444444]
3.86	EXP	trialCursor: pos = [0.022222222222222223,-0.12569444444444444]
3.911	EXP	trialCursor: pos = [0.022222222222222223,-0.12569444444444444]
4.002000000000001	EXP	trialCursor: pos = [0.022222222222222223,-0.12569444444444444]
4.02	EXP	trialCursor: pos = [0.022222222222222223,-0.12569444444444444]
4.085000000000001	EXP	trialCursor: pos = [0.022222222222222223,-0.12569444444444444]
4.1240000000000006	EXP	trialCursor: pos = [0.022222222222222223,-0.12569444444444444]
4.135	EXP	trialCursor: pos = [0.022222222222222223,-0.12569444444444444]
4.1739999999999995	EXP	trialCursor: pos = [0.022222222222222223,-0.12569444444444444]
4.2059999999999995	EXP	trialCursor: pos = [0.022222222222222223,-0.12569444444444444]
4.273999999999999	EXP	trialCursor: pos = [0.023952095808383235,-0.17440119760479042]
5.285	EXP	trialCursor: pos = [0.023952095808383235,-0.17440119760479042]
5.285	EXP	text: autoDraw = false
5.393000000000001	EXP	trialCursor: pos = [0.023952095808383235,-0.17440119760479042]
5.840999999999999	EXP	trialCursor: pos = [0.023952095808383235,-0.17440119760479042]
5.865	EXP	trialCursor: pos = [0.023952095808383235,-0.17440119760479042]
5.886999999999999	EXP	trialCursor: pos = [0.023952095808383235,-0.17440119760479042]
5.901999999999999	EXP	trialCursor: pos = [0.023952095808383235,-0.17440119760479042]
5.916	EXP	trialCursor: pos = [0.023952095808383235,-0.17440119760479042]
5.932	EXP	trialCursor: pos = [0.023952095808383235,-0.17440119760479042]
5.948	EXP	trialCursor: pos = [0.023952095808383235,-0.17440119760479042]
5.965	EXP	trialCursor: pos = [0.023952095808383235,-0.17440119760479042]
5.979999999999999	EXP	trialCursor: pos = [0.023952095808383235,-0.17440119760479042]
5.997999999999999	EXP	trialCursor: pos = [0.023952095808383235,-0.17440119760479042]
6.013999999999999	EXP	trialCursor: pos = [0.023952095808383235,-0.17440119760479042]
6.030999999999999	EXP	trialCursor: pos = [0.023952095808383235,-0.17440119760479042]
6.048	EXP	trialCursor: pos = [0.023952095808383235,-0.17440119760479042]
6.0649999999999995	EXP	trialCursor: pos = [0.023952095808383235,-0.17440119760479042]
6.08	EXP	trialCursor: pos = [0.023952095808383235,-0.17440119760479042]
6.097999999999999	EXP	trialCursor: pos = [0.023952095808383235,-0.17440119760479042]
6.116	EXP	trialCursor: pos = [0.023952095808383235,-0.17440119760479042]
6.134	EXP	trialCursor: pos = [0.023952095808383235,-0.17440119760479042]
6.151	EXP	trialCursor: pos = [0.023952095808383235,-0.17440119760479042]
6.168999999999999	EXP	trialCursor: pos = [0.023952095808383235,-0.17440119760479042]
6.184999999999999	EXP	trialCursor: pos = [0.023952095808383235,-0.17440119760479042]
6.199999999999999	EXP	trialCursor: pos = [0.023952095808383235,-0.17440119760479042]
6.231999999999999	EXP	trialCursor: pos = [0.023952095808383235,-0.17440119760479042]
6.25	EXP	trialCursor: pos = [0.023952095808383235,-0.17440119760479042]
6.267999999999999	EXP	trialCursor: pos = [0.023952095808383235,-0.17440119760479042]
6.280999999999999	EXP	trialCursor: pos = [0.023952095808383235,-0.17440119760479042]
6.296999999999999	EXP	trialCursor: pos = [0.023952095808383235,-0.17440119760479042]
6.314	EXP	trialCursor: pos = [0.023952095808383235,-0.17440119760479042]
6.3309999999999995	EXP	trialCursor: pos = [0.023952095808383235,-0.17440119760479042]
6.35	EXP	trialCursor: pos = [0.023952095808383235,-0.17440119760479042]
6.368	EXP	trialCursor: pos = [0.023952095808383235,-0.17440119760479042]
6.385999999999999	EXP	trialCursor: pos = [0.023952095808383235,-0.17440119760479042]
6.398	EXP	trialCursor: pos = [0.023952095808383235,-0.17440119760479042]
6.416	EXP	trialCursor: pos = [0.023952095808383235,-0.17440119760479042]
6.434999999999999	EXP	trialCursor: pos = [0.023952095808383235,-0.17440119760479042]
6.448	EXP	trialCursor: pos = [0.023952095808383235,-0.17440119760479042]
6.465	EXP	trialCursor: pos = [0.023952095808383235,-0.17440119760479042]
6.491	EXP	trialCursor: pos = [0.023952095808383235,-0.17440119760479042]
6.501999999999999	EXP	trialCursor: pos = [0.023952095808383235,-0.17440119760479042]
6.517999999999999	EXP	trialCursor: pos = [0.023952095808383235,-0.17440119760479042]
6.535	EXP	trialCursor: pos = [0.023952095808383235,-0.17440119760479042]
6.562999999999999	EXP	trialCursor: pos = [0.023952095808383235,-0.17440119760479042]
6.583	EXP	trialCursor: pos = [0.023952095808383235,-0.17440119760479042]
6.6129999999999995	EXP	trialCursor: pos = [0.6452095808383234,0.4940119760479042]
6.664	EXP	trialCursor: pos = [0.500748502994012,0.47305389221556887]
6.698	EXP	trialCursor: pos = [0.33607784431137727,0.4476047904191617]
6.715	EXP	trialCursor: pos = [0.33607784431137727,0.4476047904191617]
6.7379999999999995	EXP	trialCursor: pos = [0.25523952095808383,0.4214071856287425]
6.75	EXP	trialCursor: pos = [0.25523952095808383,0.4214071856287425]
6.766	EXP	trialCursor: pos = [0.22380239520958084,0.4041916167664671]
6.783999999999999	EXP	trialCursor: pos = [0.2125748502994012,0.39895209580838326]
6.799999999999999	EXP	trialCursor: pos = [0.19760479041916168,0.3937125748502994]
6.818	EXP	trialCursor: pos = [0.18637724550898205,0.39146706586826346]
6.833	EXP	trialCursor: pos = [0.1661676646706587,0.39146706586826346]
6.849	EXP	trialCursor: pos = [0.14595808383233533,0.3929640718562874]
6.866	EXP	trialCursor: pos = [0.12275449101796407,0.39520958083832336]
6.882	EXP	trialCursor: pos = [0.10029940119760479,0.3967065868263473]
6.898	EXP	trialCursor: pos = [0.08008982035928144,0.39820359281437123]
6.913	EXP	trialCursor: pos = [0.06437125748502993,0.4004491017964072]
6.930999999999999	EXP	trialCursor: pos = [0.05239520958083832,0.40194610778443113]
6.946999999999999	EXP	trialCursor: pos = [0.03143712574850299,0.4041916167664671]
6.964	EXP	trialCursor: pos = [0.014221556886227544,0.405688622754491]
6.981	EXP	trialCursor: pos = [0.0014970059880239522,0.405688622754491]
7.0009999999999994	EXP	trialCursor: pos = [0.0014970059880239522,0.405688622754491]
7.02	EXP	trialCursor: pos = [-0.01347305389221557,0.40494011976047906]
7.0329999999999995	EXP	trialCursor: pos = [-0.029191616766467067,0.40793413173652693]
7.051	EXP	trialCursor: pos = [-0.03592814371257485,0.4094311377245509]
7.068	EXP	trialCursor: pos = [-0.05089820359281437,0.41092814371257486]
7.084	EXP	trialCursor: pos = [-0.06437125748502993,0.4124251497005988]
7.1	EXP	trialCursor: pos = [-0.07559880239520958,0.4154191616766467]
7.116	EXP	trialCursor: pos = [-0.09131736526946108,0.4184131736526946]
7.132999999999999	EXP	trialCursor: pos = [-0.10479041916167664,0.4214071856287425]
7.148999999999999	EXP	trialTarget0: opacity = 0
7.148999999999999	EXP	label0: opacity = 0.25
7.148999999999999	EXP	trialCursor: pos = [-0.11452095808383234,0.4221556886227545]
7.170999999999999	EXP	trialCursor: pos = [-0.12275449101796407,0.4221556886227545]
7.183999999999999	EXP	trialCursor: pos = [-0.12275449101796407,0.4221556886227545]
7.199	EXP	trialCursor: pos = [-0.12949101796407186,0.4221556886227545]
7.215	EXP	trialCursor: pos = [-0.1317365269461078,0.4214071856287425]
7.231	EXP	trialCursor: pos = [-0.1347305389221557,0.4214071856287425]
7.247999999999999	EXP	trialCursor: pos = [-0.13847305389221556,0.42065868263473055]
7.264999999999999	EXP	trialCursor: pos = [-0.13922155688622753,0.42065868263473055]
7.283999999999999	EXP	trialCursor: pos = [-0.13997005988023953,0.4199101796407186]
7.302	EXP	trialCursor: pos = [-0.13997005988023953,0.41916167664670656]
7.318	EXP	trialCursor: pos = [-0.1407185628742515,0.41916167664670656]
7.331999999999999	EXP	trialCursor: pos = [-0.1407185628742515,0.4176646706586826]
7.347999999999999	EXP	trialCursor: pos = [-0.13997005988023953,0.41317365269461076]
7.3629999999999995	EXP	trialCursor: pos = [-0.1377245508982036,0.40718562874251496]
7.379	EXP	trialCursor: pos = [-0.1347305389221557,0.3997005988023952]
7.398	EXP	trialCursor: pos = [-0.13323353293413173,0.39595808383233533]
7.414999999999999	EXP	trialCursor: pos = [-0.12649700598802396,0.38547904191616766]
7.433	EXP	trialCursor: pos = [-0.11751497005988024,0.375]
7.449	EXP	trialCursor: pos = [-0.10254491017964072,0.3615269461077844]
7.468999999999999	EXP	trialCursor: pos = [-0.08982035928143713,0.35254491017964074]
7.481999999999999	EXP	trialCursor: pos = [-0.08083832335329341,0.344311377245509]
7.497999999999999	EXP	trialCursor: pos = [-0.07335329341317365,0.3375748502994012]
7.517999999999999	EXP	trialTarget1: opacity = 0
7.517999999999999	EXP	label1: opacity = 0.25
7.517999999999999	EXP	trialCursor: pos = [-0.07035928143712575,0.3338323353293413]
7.533999999999999	EXP	trialCursor: pos = [-0.07035928143712575,0.3338323353293413]
7.5489999999999995	EXP	trialCursor: pos = [-0.0658682634730539,0.31736526946107785]
7.564	EXP	trialCursor: pos = [-0.06362275449101797,0.3091317365269461]
7.5809999999999995	EXP	trialCursor: pos = [-0.059880239520958084,0.29790419161676646]
7.5969999999999995	EXP	trialCursor: pos = [-0.05538922155688623,0.28967065868263475]
7.612	EXP	trialCursor: pos = [-0.0531437125748503,0.2851796407185629]
7.629	EXP	trialCursor: pos = [-0.05239520958083832,0.28293413173652693]
7.647	EXP	trialCursor: pos = [-0.05239520958083832,0.280688622754491]
7.663	EXP	trialCursor: pos = [-0.05389221556886228,0.27395209580838326]
7.68	EXP	trialCursor: pos = [-0.0561377245508982,0.2634730538922156]
7.696999999999999	EXP	trialCursor: pos = [-0.061377245508982034,0.2440119760479042]
7.715	EXP	trialCursor: pos = [-0.07035928143712575,0.21706586826347304]
7.734	EXP	trialCursor: pos = [-0.08383233532934131,0.19161676646706588]
7.7509999999999994	EXP	trialCursor: pos = [-0.10778443113772455,0.15269461077844312]
7.766	EXP	trialCursor: pos = [-0.11751497005988024,0.13622754491017963]
7.780999999999999	EXP	trialCursor: pos = [-0.11826347305389222,0.1339820359281437]
7.795999999999999	EXP	trialCursor: pos = [-0.11826347305389222,0.1339820359281437]
7.811	EXP	trialCursor: pos = [-0.11826347305389222,0.1339820359281437]
7.828999999999999	EXP	trialCursor: pos = [-0.11826347305389222,0.1339820359281437]
7.844999999999999	EXP	trialCursor: pos = [-0.11826347305389222,0.1339820359281437]
7.862	EXP	trialCursor: pos = [-0.11826347305389222,0.1339820359281437]
7.879	EXP	trialCursor: pos = [-0.11826347305389222,0.1339820359281437]
7.895999999999999	EXP	trialCursor: pos = [-0.11826347305389222,0.1339820359281437]
7.911999999999999	EXP	trialCursor: pos = [-0.11826347305389222,0.1339820359281437]
7.93	EXP	trialCursor: pos = [-0.11601796407185629,0.13547904191616766]
7.946999999999999	EXP	trialCursor: pos = [-0.11826347305389222,0.13922155688622753]
7.962999999999999	EXP	trialCursor: pos = [-0.13547904191616766,0.13023952095808383]
7.979999999999999	EXP	trialCursor: pos = [-0.16841317365269462,0.10853293413173652]
7.995999999999999	EXP	trialCursor: pos = [-0.20134730538922155,0.0845808383233533]
8.013	EXP	trialCursor: pos = [-0.2252994011976048,0.06362275449101797]
8.03	EXP	trialCursor: pos = [-0.25748502994011974,0.040419161676646706]
8.046999999999999	EXP	trialCursor: pos = [-0.2844311377245509,0.023952095808383235]
8.062999999999999	EXP	trialCursor: pos = [-0.30538922155688625,0.008233532934131737]
8.08	EXP	trialCursor: pos = [-0.32335329341317365,-0.009730538922155689]
8.097	EXP	trialCursor: pos = [-0.3398203592814371,-0.027694610778443114]
8.113999999999999	EXP	trialCursor: pos = [-0.3502994011976048,-0.040419161676646706]
8.129999999999999	EXP	trialCursor: pos = [-0.3615269461077844,-0.05239520958083832]
8.147	EXP	trialCursor: pos = [-0.3712574850299401,-0.06287425149700598]
8.164	EXP	trialCursor: pos = [-0.38173652694610777,-0.07410179640718563]
8.181	EXP	trialCursor: pos = [-0.39146706586826346,-0.0875748502994012]
8.197	EXP	trialCursor: pos = [-0.3997005988023952,-0.10104790419161677]
8.214	EXP	trialTarget2: opacity = 0
8.214	EXP	label2: opacity = 0.25
8.214	EXP	trialCursor: pos = [-0.405688622754491,-0.11002994011976049]
8.234	EXP	trialCursor: pos = [-0.4124251497005988,-0.11826347305389222]
8.25	EXP	trialCursor: pos = [-0.4161676646706587,-0.125]
8.267999999999999	EXP	trialCursor: pos = [-0.4214071856287425,-0.13323353293413173]
8.283999999999999	EXP	trialCursor: pos = [-0.4236526946107784,-0.13922155688622753]
8.301	EXP	trialCursor: pos = [-0.4258982035928144,-0.1467065868263473]
8.315999999999999	EXP	trialCursor: pos = [-0.42664670658682635,-0.15269461077844312]
8.331	EXP	trialCursor: pos = [-0.42664670658682635,-0.15494011976047903]
8.347999999999999	EXP	trialCursor: pos = [-0.42664670658682635,-0.15793413173652696]
8.365	EXP	trialCursor: pos = [-0.42664670658682635,-0.16167664670658682]
8.384	EXP	trialCursor: pos = [-0.4236526946107784,-0.1661676646706587]
8.401	EXP	trialCursor: pos = [-0.41691616766467066,-0.16991017964071856]
8.418	EXP	trialCursor: pos = [-0.4086826347305389,-0.17290419161676646]
8.436	EXP	trialCursor: pos = [-0.40119760479041916,-0.1751497005988024]
8.45	EXP	trialCursor: pos = [-0.3907185628742515,-0.17739520958083832]
8.466999999999999	EXP	trialCursor: pos = [-0.37425149700598803,-0.18038922155688622]
8.485999999999999	EXP	trialCursor: pos = [-0.3532934131736527,-0.18188622754491018]
8.503	EXP	trialCursor: pos = [-0.33083832335329344,-0.18263473053892215]
8.516	EXP	trialCursor: pos = [-0.3046407185628742,-0.17964071856287425]
8.533	EXP	trialCursor: pos = [-0.28967065868263475,-0.17739520958083832]
8.551	EXP	trialTarget3: opacity = 0
8.551	EXP	label3: opacity = 0.25
8.551	EXP	trialCursor: pos = [-0.2776946107784431,-0.17589820359281438]
8.568	EXP	trialCursor: pos = [-0.2687125748502994,-0.17589820359281438]
8.583	EXP	trialCursor: pos = [-0.2634730538922156,-0.17589820359281438]
8.600999999999999	EXP	trialCursor: pos = [-0.26272455089820357,-0.17589820359281438]
8.619	EXP	trialCursor: pos = [-0.26272455089820357,-0.17589820359281438]
8.634	EXP	trialCursor: pos = [-0.2597305389221557,-0.17589820359281438]
8.651	EXP	trialCursor: pos = [-0.2597305389221557,-0.17589820359281438]
8.666	EXP	trialCursor: pos = [-0.2597305389221557,-0.17589820359281438]
8.682	EXP	trialCursor: pos = [-0.2597305389221557,-0.17589820359281438]
8.698	EXP	trialCursor: pos = [-0.2597305389221557,-0.17589820359281438]
8.715	EXP	trialCursor: pos = [-0.2597305389221557,-0.17589820359281438]
8.729999999999999	EXP	trialCursor: pos = [-0.2597305389221557,-0.17589820359281438]
8.747	EXP	trialCursor: pos = [-0.2597305389221557,-0.17589820359281438]
8.764999999999999	EXP	trialCursor: pos = [-0.2597305389221557,-0.17589820359281438]
8.78	EXP	trialCursor: pos = [-0.25748502994011974,-0.17589820359281438]
8.798	EXP	trialCursor: pos = [-0.25748502994011974,-0.17589820359281438]
8.815	EXP	trialCursor: pos = [-0.25748502994011974,-0.17589820359281438]
8.831999999999999	EXP	trialCursor: pos = [-0.23802395209580837,-0.18113772455089822]
8.849	EXP	trialCursor: pos = [-0.21931137724550898,-0.18862275449101795]
8.865	EXP	trialCursor: pos = [-0.18862275449101795,-0.20059880239520958]
8.881	EXP	trialCursor: pos = [-0.15494011976047903,-0.21332335329341318]
8.898	EXP	trialCursor: pos = [-0.11377245508982035,-0.2275449101796407]
8.915	EXP	trialCursor: pos = [-0.0845808383233533,-0.2342814371257485]
8.932	EXP	trialCursor: pos = [-0.0845808383233533,-0.2342814371257485]
8.948	EXP	trialCursor: pos = [-0.0074850299401197605,-0.2522455089820359]
8.966	EXP	trialCursor: pos = [-0.0074850299401197605,-0.2522455089820359]
8.982999999999999	EXP	trialCursor: pos = [0.05389221556886228,-0.26646706586826346]
9	EXP	trialCursor: pos = [0.07784431137724551,-0.27095808383233533]
9.014999999999999	EXP	trialCursor: pos = [0.09730538922155689,-0.2747005988023952]
9.032	EXP	trialCursor: pos = [0.11377245508982035,-0.27844311377245506]
9.049	EXP	trialCursor: pos = [0.1317365269461078,-0.281437125748503]
9.065999999999999	EXP	trialCursor: pos = [0.14595808383233533,-0.2851796407185629]
9.081999999999999	EXP	trialCursor: pos = [0.1601796407185629,-0.28817365269461076]
9.099	EXP	trialCursor: pos = [0.1751497005988024,-0.2911676646706587]
9.116	EXP	trialCursor: pos = [0.18488023952095808,-0.2934131736526946]
9.132	EXP	trialCursor: pos = [0.19311377245508982,-0.29565868263473055]
9.149	EXP	trialCursor: pos = [0.1998502994011976,-0.29790419161676646]
9.164	EXP	trialCursor: pos = [0.20434131736526945,-0.2994011976047904]
9.181	EXP	trialCursor: pos = [0.20808383233532934,-0.3008982035928144]
9.2	EXP	trialCursor: pos = [0.20808383233532934,-0.3008982035928144]
9.216	EXP	trialCursor: pos = [0.20808383233532934,-0.3008982035928144]
9.232999999999999	EXP	trialCursor: pos = [0.22904191616766467,-0.30988023952095806]
9.25	EXP	trialTarget4: opacity = 0
9.25	EXP	label4: opacity = 0.25
9.25	EXP	trialCursor: pos = [0.22904191616766467,-0.30988023952095806]
