13.0722 	EXP 	Created window1 = Window(allowGUI=True, allowStencil=False, autoLog=True, backendConf=UNKNOWN, backgroundFit=<method-wrapper '__getattribute__' of attributeSetter object at 0x000001AD5026CF40>, backgroundImage=<method-wrapper '__getattribute__' of attributeSetter object at 0x000001AD5026CFA0>, bitsMode=UNKNOWN, blendMode='avg', bpc=(8, 8, 8), color=array([-1, -1, -1]), colorSpace='rgb', depthBits=8, fullscr=<method-wrapper '__getattribute__' of attributeSetter object at 0x000001AD5026CDC0>, gamma=None, gammaErrorPolicy='raise', lms=UNKNOWN, monitor=<psychopy.monitors.calibTools.Monitor object at 0x000001AD5060DA00>, multiSample=False, name='window1', numSamples=2, pos=(0, 0), screen=0, size=array([1920, 1080]), stencilBits=0, stereo=False, title='PsychoPy', units='height', useFBO=True, useRetina=False, viewOri=0.0, viewPos=None, viewScale=None, waitBlanking=True, winType='pyglet')
13.0723 	EXP 	window1: mouseVisible = True
13.0724 	EXP 	window1: backgroundImage = ''
13.0724 	EXP 	window1: backgroundFit = 'none'
13.0762 	EXP 	window1: Attempting to measure frame rate of screen (0) ...
13.0762 	EXP 	window1: recordFrameIntervals = False
13.2046 	EXP 	window1: recordFrameIntervals = True
13.3516 	EXP 	Screen (0) actual frame rate measured at 74.92Hz
13.3517 	EXP 	window1: recordFrameIntervals = False
13.3519 	EXP 	window1: mouseVisible = False
17.9053 	EXP 	two-armed-bandit: status = STARTED
17.9058 	EXP 	window1: mouseVisible = True
18.1078 	EXP 	Created intro_text = TextStim(__class__=<class 'psychopy.visual.text.TextStim'>, alignHoriz=method-wrapper(...), alignText='center', alignVert=method-wrapper(...), anchorHoriz='center', anchorVert='center', antialias=True, autoDraw=False, autoLog=True, bold=False, color=array([1., 1., 1.]), colorSpace='rgb', contrast=1.0, depth=-2.0, draggable=False, flipHoriz=False, flipVert=False, font='Arial', fontFiles=[], height=0.05, italic=False, languageStyle='LTR', name='intro_text', opacity=1.0, ori=0, pos=array([0., 0.]), rgb=UNKNOWN, text=str(...), units='height', win=Window(...), wrapWidth=1)
18.1080 	EXP 	window1: mouseVisible = True
18.1256 	EXP 	Created instr_1 = TextStim(__class__=<class 'psychopy.visual.text.TextStim'>, alignHoriz=method-wrapper(...), alignText='center', alignVert=method-wrapper(...), anchorHoriz='center', anchorVert='center', antialias=True, autoDraw=False, autoLog=True, bold=False, color=array([1., 1., 1.]), colorSpace='rgb', contrast=1.0, depth=0.0, draggable=False, flipHoriz=False, flipVert=False, font='Arial', fontFiles=[], height=0.05, italic=False, languageStyle='LTR', name='instr_1', opacity=1.0, ori=0, pos=array([0., 0.]), rgb=UNKNOWN, text=str(...), units='height', win=Window(...), wrapWidth=1)
18.1258 	EXP 	window1: mouseVisible = True
18.1511 	EXP 	Created instr_2 = TextStim(__class__=<class 'psychopy.visual.text.TextStim'>, alignHoriz=method-wrapper(...), alignText='center', alignVert=method-wrapper(...), anchorHoriz='center', anchorVert='center', antialias=True, autoDraw=False, autoLog=True, bold=False, color=array([1., 1., 1.]), colorSpace='rgb', contrast=1.0, depth=0.0, draggable=False, flipHoriz=False, flipVert=False, font='Arial', fontFiles=[], height=0.05, italic=False, languageStyle='LTR', name='instr_2', opacity=1.0, ori=0, pos=array([0., 0.]), rgb=UNKNOWN, text=str(...), units='height', win=Window(...), wrapWidth=1)
18.1513 	EXP 	window1: mouseVisible = True
18.1708 	EXP 	Created instr_3 = TextStim(__class__=<class 'psychopy.visual.text.TextStim'>, alignHoriz=method-wrapper(...), alignText='center', alignVert=method-wrapper(...), anchorHoriz='center', anchorVert='center', antialias=True, autoDraw=False, autoLog=True, bold=False, color=array([1., 1., 1.]), colorSpace='rgb', contrast=1.0, depth=0.0, draggable=False, flipHoriz=False, flipVert=False, font='Arial', fontFiles=[], height=0.05, italic=False, languageStyle='LTR', name='instr_3', opacity=1.0, ori=0, pos=array([0., 0.]), rgb=UNKNOWN, text=str(...), units='height', win=Window(...), wrapWidth=1)
18.1710 	EXP 	window1: mouseVisible = True
18.1864 	EXP 	Created read_prac = TextStim(__class__=<class 'psychopy.visual.text.TextStim'>, alignHoriz=method-wrapper(...), alignText='center', alignVert=method-wrapper(...), anchorHoriz='center', anchorVert='center', antialias=True, autoDraw=False, autoLog=True, bold=False, color=array([1., 1., 1.]), colorSpace='rgb', contrast=1.0, depth=0.0, draggable=False, flipHoriz=False, flipVert=False, font='Arial', fontFiles=[], height=0.05, italic=False, languageStyle='LTR', name='read_prac', opacity=1.0, ori=0, pos=array([0., 0.]), rgb=UNKNOWN, text=str(...), units='height', win=Window(...), wrapWidth=1)
18.1865 	EXP 	window1: mouseVisible = True
18.1886 	EXP 	Created BlockInstr_disp = TextStim(__class__=<class 'psychopy.visual.text.TextStim'>, alignHoriz=method-wrapper(...), alignText='center', alignVert=method-wrapper(...), anchorHoriz='center', anchorVert='center', antialias=True, autoDraw=False, autoLog=True, bold=False, color=array([1., 1., 1.]), colorSpace='rgb', contrast=1.0, depth=-1.0, draggable=False, flipHoriz=False, flipVert=False, font='Arial', fontFiles=[], height=0.08, italic=False, languageStyle='LTR', name='BlockInstr_disp', opacity=1.0, ori=0, pos=array([0., 0.]), rgb=UNKNOWN, text='', units='height', win=Window(...), wrapWidth=1)
18.1887 	EXP 	window1: mouseVisible = True
18.1914 	EXP 	Created iti = ShapeStim(__class__=<class 'psychopy.visual.shape.ShapeStim'>, anchor=('center', 'center'), autoDraw=False, autoLog=True, closeShape=True, color=method-wrapper(...), colorSpace='rgb', contrast=None, depth=0.0, draggable=False, fillColor=array([1, 1, 1]), fillColorSpace='rgb', fillRGB=array([1, 1, 1]), interpolate=True, lineColor=array([1., 1., 1.]), lineColorSpace='rgb', lineRGB=array([1, 1, 1]), lineWidth=1, name='iti', opacity=1.0, ori=0.0, pos=array([0., 0.]), size=array([0.05, 0.05]), units='height', vertices=ndarray(...), win=Window(...), windingRule=None)
18.1915 	EXP 	window1: mouseVisible = True
18.2766 	EXP 	Created left = ImageStim(__class__=<class 'psychopy.visual.image.ImageStim'>, anchor=('center', 'center'), autoLog=True, color=array([1., 1., 1.]), colorSpace='rgb', contrast=1.0, depth=0.0, draggable=False, flipHoriz=False, flipVert=False, image='default.png', interpolate=True, mask=None, maskParams=None, name='left', opacity=1.0, ori=0.0, pos=array([-0.4,  0. ]), size=array([0.4, 0.4]), texRes=128, units='height', win=Window(...))
18.2767 	EXP 	window1: mouseVisible = True
18.2909 	EXP 	Created right = ImageStim(__class__=<class 'psychopy.visual.image.ImageStim'>, anchor=('center', 'center'), autoLog=True, color=array([1., 1., 1.]), colorSpace='rgb', contrast=1.0, depth=-1.0, draggable=False, flipHoriz=False, flipVert=False, image='default.png', interpolate=True, mask=None, maskParams=None, name='right', opacity=1.0, ori=0.0, pos=array([0.4, 0. ]), size=array([0.4, 0.4]), texRes=128, units='height', win=Window(...))
18.2911 	EXP 	window1: mouseVisible = True
18.3072 	EXP 	Created left_feedback = ImageStim(__class__=<class 'psychopy.visual.image.ImageStim'>, anchor=('center', 'center'), autoLog=True, color=array([1., 1., 1.]), colorSpace='rgb', contrast=1.0, depth=-1.0, draggable=False, flipHoriz=False, flipVert=False, image='default.png', interpolate=True, mask=None, maskParams=None, name='left_feedback', opacity=1.0, ori=0.0, pos=array([-0.4,  0. ]), size=array([0.4, 0.4]), texRes=128, units='height', win=Window(...))
18.3073 	EXP 	window1: mouseVisible = True
18.3229 	EXP 	Created right_feedback = ImageStim(__class__=<class 'psychopy.visual.image.ImageStim'>, anchor=('center', 'center'), autoLog=True, color=array([1., 1., 1.]), colorSpace='rgb', contrast=1.0, depth=-2.0, draggable=False, flipHoriz=False, flipVert=False, image='default.png', interpolate=True, mask=None, maskParams=None, name='right_feedback', opacity=1.0, ori=0.0, pos=array([0.4, 0. ]), size=array([0.4, 0.4]), texRes=128, units='height', win=Window(...))
18.3231 	EXP 	window1: mouseVisible = True
18.3254 	EXP 	Created iti = ShapeStim(__class__=<class 'psychopy.visual.shape.ShapeStim'>, anchor=('center', 'center'), autoDraw=False, autoLog=True, closeShape=True, color=method-wrapper(...), colorSpace='rgb', contrast=None, depth=0.0, draggable=False, fillColor=array([1, 1, 1]), fillColorSpace='rgb', fillRGB=array([1, 1, 1]), interpolate=True, lineColor=array([1., 1., 1.]), lineColorSpace='rgb', lineRGB=array([1, 1, 1]), lineWidth=1, name='iti', opacity=1.0, ori=0.0, pos=array([0., 0.]), size=array([0.05, 0.05]), units='height', vertices=ndarray(...), win=Window(...), windingRule=None)
18.3255 	EXP 	window1: mouseVisible = True
18.3279 	EXP 	Created feedback_text = TextStim(__class__=<class 'psychopy.visual.text.TextStim'>, alignHoriz=method-wrapper(...), alignText='center', alignVert=method-wrapper(...), anchorHoriz='center', anchorVert='center', antialias=True, autoDraw=False, autoLog=True, bold=False, color=array([1., 1., 1.]), colorSpace='rgb', contrast=1.0, depth=-1.0, draggable=False, flipHoriz=False, flipVert=False, font='Arial', fontFiles=[], height=0.1, italic=False, languageStyle='LTR', name='feedback_text', opacity=1.0, ori=0, pos=array([0., 0.]), rgb=UNKNOWN, text='', units='height', win=Window(...), wrapWidth=1)
18.3280 	EXP 	window1: mouseVisible = True
18.3393 	EXP 	Created instr_4 = TextStim(__class__=<class 'psychopy.visual.text.TextStim'>, alignHoriz=method-wrapper(...), alignText='center', alignVert=method-wrapper(...), anchorHoriz='center', anchorVert='center', antialias=True, autoDraw=False, autoLog=True, bold=False, color=array([1., 1., 1.]), colorSpace='rgb', contrast=1.0, depth=0.0, draggable=False, flipHoriz=False, flipVert=False, font='Arial', fontFiles=[], height=0.05, italic=False, languageStyle='LTR', name='instr_4', opacity=1.0, ori=0, pos=array([0., 0.]), rgb=UNKNOWN, text=str(...), units='height', win=Window(...), wrapWidth=1)
18.3395 	EXP 	window1: mouseVisible = True
18.3505 	EXP 	Created ready_exp = TextStim(__class__=<class 'psychopy.visual.text.TextStim'>, alignHoriz=method-wrapper(...), alignText='center', alignVert=method-wrapper(...), anchorHoriz='center', anchorVert='center', antialias=True, autoDraw=False, autoLog=True, bold=False, color=array([1., 1., 1.]), colorSpace='rgb', contrast=1.0, depth=0.0, draggable=False, flipHoriz=False, flipVert=False, font='Arial', fontFiles=[], height=0.05, italic=False, languageStyle='LTR', name='ready_exp', opacity=1.0, ori=0, pos=array([0., 0.]), rgb=UNKNOWN, text=str(...), units='height', win=Window(...), wrapWidth=1)
18.3506 	EXP 	window1: mouseVisible = True
18.3522 	EXP 	Created BlockInstr_disp = TextStim(__class__=<class 'psychopy.visual.text.TextStim'>, alignHoriz=method-wrapper(...), alignText='center', alignVert=method-wrapper(...), anchorHoriz='center', anchorVert='center', antialias=True, autoDraw=False, autoLog=True, bold=False, color=array([1., 1., 1.]), colorSpace='rgb', contrast=1.0, depth=-1.0, draggable=False, flipHoriz=False, flipVert=False, font='Arial', fontFiles=[], height=0.08, italic=False, languageStyle='LTR', name='BlockInstr_disp', opacity=1.0, ori=0, pos=array([0., 0.]), rgb=UNKNOWN, text='', units='height', win=Window(...), wrapWidth=1)
18.3524 	EXP 	window1: mouseVisible = True
18.3555 	EXP 	Created iti = ShapeStim(__class__=<class 'psychopy.visual.shape.ShapeStim'>, anchor=('center', 'center'), autoDraw=False, autoLog=True, closeShape=True, color=method-wrapper(...), colorSpace='rgb', contrast=None, depth=0.0, draggable=False, fillColor=array([1, 1, 1]), fillColorSpace='rgb', fillRGB=array([1, 1, 1]), interpolate=True, lineColor=array([1., 1., 1.]), lineColorSpace='rgb', lineRGB=array([1, 1, 1]), lineWidth=1, name='iti', opacity=1.0, ori=0.0, pos=array([0., 0.]), size=array([0.05, 0.05]), units='height', vertices=ndarray(...), win=Window(...), windingRule=None)
18.3557 	EXP 	window1: mouseVisible = True
18.3730 	EXP 	Created left = ImageStim(__class__=<class 'psychopy.visual.image.ImageStim'>, anchor=('center', 'center'), autoLog=True, color=array([1., 1., 1.]), colorSpace='rgb', contrast=1.0, depth=0.0, draggable=False, flipHoriz=False, flipVert=False, image='default.png', interpolate=True, mask=None, maskParams=None, name='left', opacity=1.0, ori=0.0, pos=array([-0.4,  0. ]), size=array([0.4, 0.4]), texRes=128, units='height', win=Window(...))
18.3731 	EXP 	window1: mouseVisible = True
18.3896 	EXP 	Created right = ImageStim(__class__=<class 'psychopy.visual.image.ImageStim'>, anchor=('center', 'center'), autoLog=True, color=array([1., 1., 1.]), colorSpace='rgb', contrast=1.0, depth=-1.0, draggable=False, flipHoriz=False, flipVert=False, image='default.png', interpolate=True, mask=None, maskParams=None, name='right', opacity=1.0, ori=0.0, pos=array([0.4, 0. ]), size=array([0.4, 0.4]), texRes=128, units='height', win=Window(...))
18.3897 	EXP 	window1: mouseVisible = True
18.4053 	EXP 	Created left_feedback = ImageStim(__class__=<class 'psychopy.visual.image.ImageStim'>, anchor=('center', 'center'), autoLog=True, color=array([1., 1., 1.]), colorSpace='rgb', contrast=1.0, depth=-1.0, draggable=False, flipHoriz=False, flipVert=False, image='default.png', interpolate=True, mask=None, maskParams=None, name='left_feedback', opacity=1.0, ori=0.0, pos=array([-0.4,  0. ]), size=array([0.4, 0.4]), texRes=128, units='height', win=Window(...))
18.4055 	EXP 	window1: mouseVisible = True
18.4205 	EXP 	Created right_feedback = ImageStim(__class__=<class 'psychopy.visual.image.ImageStim'>, anchor=('center', 'center'), autoLog=True, color=array([1., 1., 1.]), colorSpace='rgb', contrast=1.0, depth=-2.0, draggable=False, flipHoriz=False, flipVert=False, image='default.png', interpolate=True, mask=None, maskParams=None, name='right_feedback', opacity=1.0, ori=0.0, pos=array([0.4, 0. ]), size=array([0.4, 0.4]), texRes=128, units='height', win=Window(...))
18.4207 	EXP 	window1: mouseVisible = True
18.4231 	EXP 	Created iti = ShapeStim(__class__=<class 'psychopy.visual.shape.ShapeStim'>, anchor=('center', 'center'), autoDraw=False, autoLog=True, closeShape=True, color=method-wrapper(...), colorSpace='rgb', contrast=None, depth=0.0, draggable=False, fillColor=array([1, 1, 1]), fillColorSpace='rgb', fillRGB=array([1, 1, 1]), interpolate=True, lineColor=array([1., 1., 1.]), lineColorSpace='rgb', lineRGB=array([1, 1, 1]), lineWidth=1, name='iti', opacity=1.0, ori=0.0, pos=array([0., 0.]), size=array([0.05, 0.05]), units='height', vertices=ndarray(...), win=Window(...), windingRule=None)
18.4232 	EXP 	window1: mouseVisible = True
18.4247 	EXP 	Created feedback_text = TextStim(__class__=<class 'psychopy.visual.text.TextStim'>, alignHoriz=method-wrapper(...), alignText='center', alignVert=method-wrapper(...), anchorHoriz='center', anchorVert='center', antialias=True, autoDraw=False, autoLog=True, bold=False, color=array([1., 1., 1.]), colorSpace='rgb', contrast=1.0, depth=-1.0, draggable=False, flipHoriz=False, flipVert=False, font='Arial', fontFiles=[], height=0.1, italic=False, languageStyle='LTR', name='feedback_text', opacity=1.0, ori=0, pos=array([0., 0.]), rgb=UNKNOWN, text='', units='height', win=Window(...), wrapWidth=1)
18.4248 	EXP 	window1: mouseVisible = True
18.4454 	EXP 	Created end_heading = TextStim(__class__=<class 'psychopy.visual.text.TextStim'>, alignHoriz=method-wrapper(...), alignText='center', alignVert=method-wrapper(...), anchorHoriz='center', anchorVert='center', antialias=True, autoDraw=False, autoLog=True, bold=False, color=array([ 1.,  1., -1.]), colorSpace='rgb', contrast=1.0, depth=-1.0, draggable=False, flipHoriz=False, flipVert=False, font='Arial', fontFiles=[], height=0.075, italic=False, languageStyle='LTR', name='end_heading', opacity=1.0, ori=0, pos=array([0. , 0.4]), rgb=UNKNOWN, text='Experiment complete!', units='height', win=Window(...), wrapWidth=1)
18.4455 	EXP 	window1: mouseVisible = True
18.4470 	EXP 	Created end_text = TextStim(__class__=<class 'psychopy.visual.text.TextStim'>, alignHoriz=method-wrapper(...), alignText='center', alignVert=method-wrapper(...), anchorHoriz='center', anchorVert='center', antialias=True, autoDraw=False, autoLog=True, bold=False, color=array([1., 1., 1.]), colorSpace='rgb', contrast=1.0, depth=-2.0, draggable=False, flipHoriz=False, flipVert=False, font='Arial', fontFiles=[], height=0.05, italic=False, languageStyle='LTR', name='end_text', opacity=1.0, ori=0, pos=array([0., 0.]), rgb=UNKNOWN, text='', units='height', win=Window(...), wrapWidth=1)
18.4472 	EXP 	window1: mouseVisible = True
18.4613 	EXP 	Created text_4 = TextStim(__class__=<class 'psychopy.visual.text.TextStim'>, alignHoriz=method-wrapper(...), alignText='center', alignVert=method-wrapper(...), anchorHoriz='center', anchorVert='center', antialias=True, autoDraw=False, autoLog=True, bold=False, color=array([1., 1., 1.]), colorSpace='rgb', contrast=1.0, depth=-4.0, draggable=False, flipHoriz=False, flipVert=False, font='Arial', fontFiles=[], height=0.08, italic=False, languageStyle='LTR', name='text_4', opacity=1.0, ori=0, pos=array([ 0. , -0.4]), rgb=UNKNOWN, text='Press SPACE to exit.', units='height', win=Window(...), wrapWidth=1)
0.0250 	EXP 	intro_text: autoDraw = True
1.3487 	DATA 	Keypress: space
1.3588 	EXP 	intro_text: autoDraw = False
1.3588 	EXP 	instr_1: autoDraw = True
1.9226 	DATA 	Keypress: space
1.9323 	EXP 	instr_1: autoDraw = False
1.9323 	EXP 	instr_2: autoDraw = True
2.3220 	DATA 	Keypress: space
2.3325 	EXP 	instr_2: autoDraw = False
2.3325 	EXP 	instr_3: autoDraw = True
2.7624 	DATA 	Keypress: space
2.7726 	EXP 	instr_3: autoDraw = False
2.7726 	EXP 	read_prac: autoDraw = True
3.1283 	EXP 	Imported orders/prac_stim-order.csv as conditions, 16 conditions, 21 params
3.1658 	EXP 	Created sequence: sequential, trialTypes=16, nReps=1, seed=None
3.1661 	EXP 	New trial (rep=0, index=0): OrderedDict([('subject', 14), ('type', 0), ('condition', 'self'), ('goal', 'win'), ('block', 'practice'), ('block_num', 1), ('block_instr_text', 'Play to WIN points'), ('trial_num', 0), ('stim_0', 'stimuli/slotA_up.jpg'), ('stim_0_value', 1), ('stim_1', 'stimuli/slotB_up.jpg'), ('stim_1_value', 0), ('position_changed', 1), ('stim_left', 2), ('stim_right', 1), ('stim_left_name', 'stimuli/slotB_up.jpg'), ('stim_right_name', 'stimuli/slotA_up.jpg'), ('stim_left_name_feedback', 'stimuli/slotB_down.jpg'), ('stim_right_name_feedback', 'stimuli/slotA_down.jpg'), ('optimal_stim', 'stimuli/slotA_up.jpg'), ('optimal_choice', 'right')])
3.1758 	DATA 	Keypress: space
3.1861 	EXP 	read_prac: autoDraw = False
3.1861 	EXP 	BlockInstr_disp: height = 0.08
3.1861 	EXP 	BlockInstr_disp: height = 0.08
3.1861 	EXP 	BlockInstr_disp: height = 0.08
3.1861 	EXP 	BlockInstr_disp: text = 'Play to WIN points'
3.1861 	EXP 	BlockInstr_disp: autoDraw = True
8.1746 	EXP 	BlockInstr_disp: autoDraw = False
8.1746 	EXP 	iti: autoDraw = True
8.7883 	EXP 	iti: autoDraw = False
8.7883 	EXP 	left: image = 'stimuli/slotB_up.jpg'
8.7883 	EXP 	right: image = 'stimuli/slotA_up.jpg'
8.7883 	EXP 	left: autoDraw = True
8.7883 	EXP 	right: autoDraw = True
9.5557 	DATA 	Keypress: right
9.5622 	EXP 	left: autoDraw = False
9.5622 	EXP 	right: autoDraw = False
9.5622 	EXP 	left_feedback: image = 'stimuli/slotB_up.jpg'
9.5622 	EXP 	right_feedback: image = 'stimuli/slotA_down.jpg'
9.5622 	EXP 	left_feedback: autoDraw = True
9.5622 	EXP 	right_feedback: autoDraw = True
10.0020 	EXP 	left_feedback: autoDraw = False
10.0020 	EXP 	right_feedback: autoDraw = False
10.0020 	EXP 	iti: autoDraw = True
10.5089 	EXP 	iti: autoDraw = False
10.5089 	EXP 	feedback_text: height = 0.1
10.5089 	EXP 	feedback_text: height = 0.1
10.5089 	EXP 	feedback_text: height = 0.1
10.5089 	EXP 	feedback_text: text = 'YOU\n\n+100 points'
10.5089 	EXP 	feedback_text: autoDraw = True
11.9902 	EXP 	New trial (rep=0, index=1): OrderedDict([('subject', 14), ('type', 0), ('condition', 'self'), ('goal', 'win'), ('block', 'practice'), ('block_num', 1), ('block_instr_text', 'Play to WIN points'), ('trial_num', 1), ('stim_0', 'stimuli/slotA_up.jpg'), ('stim_0_value', 1), ('stim_1', 'stimuli/slotB_up.jpg'), ('stim_1_value', 0), ('position_changed', 0), ('stim_left', 1), ('stim_right', 2), ('stim_left_name', 'stimuli/slotA_up.jpg'), ('stim_right_name', 'stimuli/slotB_up.jpg'), ('stim_left_name_feedback', 'stimuli/slotA_down.jpg'), ('stim_right_name_feedback', 'stimuli/slotB_down.jpg'), ('optimal_stim', 'stimuli/slotA_up.jpg'), ('optimal_choice', 'left')])
12.0027 	EXP 	feedback_text: autoDraw = False
12.0027 	EXP 	BlockInstr_disp: text = 'Play to WIN points'
12.0027 	EXP 	BlockInstr_disp: autoDraw = True
12.0027 	EXP 	BlockInstr_disp: autoDraw = False
12.0027 	EXP 	iti: autoDraw = True
12.5229 	EXP 	iti: autoDraw = False
12.5229 	EXP 	left: image = 'stimuli/slotA_up.jpg'
12.5229 	EXP 	right: image = 'stimuli/slotB_up.jpg'
12.5229 	EXP 	left: autoDraw = True
12.5229 	EXP 	right: autoDraw = True
12.7986 	DATA 	Keypress: left
12.8030 	EXP 	left: autoDraw = False
12.8030 	EXP 	right: autoDraw = False
12.8030 	EXP 	left_feedback: image = 'stimuli/slotA_down.jpg'
12.8030 	EXP 	right_feedback: image = 'stimuli/slotB_up.jpg'
12.8030 	EXP 	left_feedback: autoDraw = True
12.8030 	EXP 	right_feedback: autoDraw = True
13.2965 	EXP 	left_feedback: autoDraw = False
13.2965 	EXP 	right_feedback: autoDraw = False
13.2965 	EXP 	iti: autoDraw = True
13.8034 	EXP 	iti: autoDraw = False
13.8034 	EXP 	feedback_text: text = 'YOU\n\n+100 points'
13.8034 	EXP 	feedback_text: autoDraw = True
15.2843 	EXP 	New trial (rep=0, index=2): OrderedDict([('subject', 14), ('type', 0), ('condition', 'self'), ('goal', 'win'), ('block', 'practice'), ('block_num', 1), ('block_instr_text', 'Play to WIN points'), ('trial_num', 2), ('stim_0', 'stimuli/slotA_up.jpg'), ('stim_0_value', 0), ('stim_1', 'stimuli/slotB_up.jpg'), ('stim_1_value', 1), ('position_changed', 1), ('stim_left', 2), ('stim_right', 1), ('stim_left_name', 'stimuli/slotB_up.jpg'), ('stim_right_name', 'stimuli/slotA_up.jpg'), ('stim_left_name_feedback', 'stimuli/slotB_down.jpg'), ('stim_right_name_feedback', 'stimuli/slotA_down.jpg'), ('optimal_stim', 'stimuli/slotB_up.jpg'), ('optimal_choice', 'left')])
15.2973 	EXP 	feedback_text: autoDraw = False
15.2973 	EXP 	BlockInstr_disp: text = 'Play to WIN points'
15.2973 	EXP 	BlockInstr_disp: autoDraw = True
15.2973 	EXP 	BlockInstr_disp: autoDraw = False
15.2973 	EXP 	iti: autoDraw = True
15.8174 	EXP 	iti: autoDraw = False
15.8174 	EXP 	left: image = 'stimuli/slotB_up.jpg'
15.8174 	EXP 	right: image = 'stimuli/slotA_up.jpg'
15.8174 	EXP 	left: autoDraw = True
15.8174 	EXP 	right: autoDraw = True
16.1276 	DATA 	Keypress: left
16.1376 	EXP 	left: autoDraw = False
16.1376 	EXP 	right: autoDraw = False
16.1376 	EXP 	left_feedback: image = 'stimuli/slotB_down.jpg'
16.1376 	EXP 	right_feedback: image = 'stimuli/slotA_up.jpg'
16.1376 	EXP 	left_feedback: autoDraw = True
16.1376 	EXP 	right_feedback: autoDraw = True
16.6178 	EXP 	left_feedback: autoDraw = False
16.6178 	EXP 	right_feedback: autoDraw = False
16.6178 	EXP 	iti: autoDraw = True
17.1247 	EXP 	iti: autoDraw = False
17.1247 	EXP 	feedback_text: text = 'YOU\n\n+100 points'
17.1247 	EXP 	feedback_text: autoDraw = True
18.6056 	EXP 	New trial (rep=0, index=3): OrderedDict([('subject', 14), ('type', 0), ('condition', 'self'), ('goal', 'win'), ('block', 'practice'), ('block_num', 1), ('block_instr_text', 'Play to WIN points'), ('trial_num', 3), ('stim_0', 'stimuli/slotA_up.jpg'), ('stim_0_value', 1), ('stim_1', 'stimuli/slotB_up.jpg'), ('stim_1_value', 0), ('position_changed', 1), ('stim_left', 2), ('stim_right', 1), ('stim_left_name', 'stimuli/slotB_up.jpg'), ('stim_right_name', 'stimuli/slotA_up.jpg'), ('stim_left_name_feedback', 'stimuli/slotB_down.jpg'), ('stim_right_name_feedback', 'stimuli/slotA_down.jpg'), ('optimal_stim', 'stimuli/slotA_up.jpg'), ('optimal_choice', 'right')])
18.6186 	EXP 	feedback_text: autoDraw = False
18.6186 	EXP 	BlockInstr_disp: text = 'Play to WIN points'
18.6186 	EXP 	BlockInstr_disp: autoDraw = True
18.6186 	EXP 	BlockInstr_disp: autoDraw = False
18.6186 	EXP 	iti: autoDraw = True
19.1387 	EXP 	iti: autoDraw = False
19.1387 	EXP 	left: image = 'stimuli/slotB_up.jpg'
19.1387 	EXP 	right: image = 'stimuli/slotA_up.jpg'
19.1387 	EXP 	left: autoDraw = True
19.1387 	EXP 	right: autoDraw = True
19.6543 	DATA 	Keypress: left
19.6589 	EXP 	left: autoDraw = False
19.6589 	EXP 	right: autoDraw = False
19.6589 	EXP 	left_feedback: image = 'stimuli/slotB_down.jpg'
19.6589 	EXP 	right_feedback: image = 'stimuli/slotA_up.jpg'
19.6589 	EXP 	left_feedback: autoDraw = True
19.6589 	EXP 	right_feedback: autoDraw = True
20.1525 	EXP 	left_feedback: autoDraw = False
20.1525 	EXP 	right_feedback: autoDraw = False
20.1525 	EXP 	iti: autoDraw = True
20.6592 	EXP 	iti: autoDraw = False
20.6592 	EXP 	feedback_text: height = 0.1
20.6592 	EXP 	feedback_text: height = 0.1
20.6592 	EXP 	feedback_text: height = 0.1
20.6592 	EXP 	feedback_text: text = 'YOU\n\n0 points'
20.6592 	EXP 	feedback_text: autoDraw = True
22.1402 	EXP 	New trial (rep=0, index=4): OrderedDict([('subject', 14), ('type', 0), ('condition', 'self'), ('goal', 'win'), ('block', 'practice'), ('block_num', 1), ('block_instr_text', 'Play to WIN points'), ('trial_num', 4), ('stim_0', 'stimuli/slotA_up.jpg'), ('stim_0_value', 1), ('stim_1', 'stimuli/slotB_up.jpg'), ('stim_1_value', 0), ('position_changed', 1), ('stim_left', 2), ('stim_right', 1), ('stim_left_name', 'stimuli/slotB_up.jpg'), ('stim_right_name', 'stimuli/slotA_up.jpg'), ('stim_left_name_feedback', 'stimuli/slotB_down.jpg'), ('stim_right_name_feedback', 'stimuli/slotA_down.jpg'), ('optimal_stim', 'stimuli/slotA_up.jpg'), ('optimal_choice', 'right')])
22.1532 	EXP 	feedback_text: autoDraw = False
22.1532 	EXP 	BlockInstr_disp: text = 'Play to WIN points'
22.1532 	EXP 	BlockInstr_disp: autoDraw = True
22.1532 	EXP 	BlockInstr_disp: autoDraw = False
22.1532 	EXP 	iti: autoDraw = True
22.6734 	EXP 	iti: autoDraw = False
22.6734 	EXP 	left: image = 'stimuli/slotB_up.jpg'
22.6734 	EXP 	right: image = 'stimuli/slotA_up.jpg'
22.6734 	EXP 	left: autoDraw = True
22.6734 	EXP 	right: autoDraw = True
23.0833 	DATA 	Keypress: right
23.0868 	EXP 	left: autoDraw = False
23.0868 	EXP 	right: autoDraw = False
23.0868 	EXP 	left_feedback: image = 'stimuli/slotB_up.jpg'
23.0868 	EXP 	right_feedback: image = 'stimuli/slotA_down.jpg'
23.0868 	EXP 	left_feedback: autoDraw = True
23.0868 	EXP 	right_feedback: autoDraw = True
23.5805 	EXP 	left_feedback: autoDraw = False
23.5805 	EXP 	right_feedback: autoDraw = False
23.5805 	EXP 	iti: autoDraw = True
24.0875 	EXP 	iti: autoDraw = False
24.0875 	EXP 	feedback_text: height = 0.1
24.0875 	EXP 	feedback_text: height = 0.1
24.0875 	EXP 	feedback_text: height = 0.1
24.0875 	EXP 	feedback_text: text = 'YOU\n\n+100 points'
24.0875 	EXP 	feedback_text: autoDraw = True
25.5685 	EXP 	New trial (rep=0, index=5): OrderedDict([('subject', 14), ('type', 0), ('condition', 'self'), ('goal', 'win'), ('block', 'practice'), ('block_num', 1), ('block_instr_text', 'Play to WIN points'), ('trial_num', 5), ('stim_0', 'stimuli/slotA_up.jpg'), ('stim_0_value', 1), ('stim_1', 'stimuli/slotB_up.jpg'), ('stim_1_value', 0), ('position_changed', 1), ('stim_left', 2), ('stim_right', 1), ('stim_left_name', 'stimuli/slotB_up.jpg'), ('stim_right_name', 'stimuli/slotA_up.jpg'), ('stim_left_name_feedback', 'stimuli/slotB_down.jpg'), ('stim_right_name_feedback', 'stimuli/slotA_down.jpg'), ('optimal_stim', 'stimuli/slotA_up.jpg'), ('optimal_choice', 'right')])
25.5812 	EXP 	feedback_text: autoDraw = False
25.5812 	EXP 	BlockInstr_disp: text = 'Play to WIN points'
25.5812 	EXP 	BlockInstr_disp: autoDraw = True
25.5812 	EXP 	BlockInstr_disp: autoDraw = False
25.5812 	EXP 	iti: autoDraw = True
26.1012 	EXP 	iti: autoDraw = False
26.1012 	EXP 	left: image = 'stimuli/slotB_up.jpg'
26.1012 	EXP 	right: image = 'stimuli/slotA_up.jpg'
26.1012 	EXP 	left: autoDraw = True
26.1012 	EXP 	right: autoDraw = True
26.4156 	DATA 	Keypress: right
26.4214 	EXP 	left: autoDraw = False
26.4214 	EXP 	right: autoDraw = False
26.4214 	EXP 	left_feedback: image = 'stimuli/slotB_up.jpg'
26.4214 	EXP 	right_feedback: image = 'stimuli/slotA_down.jpg'
26.4214 	EXP 	left_feedback: autoDraw = True
26.4214 	EXP 	right_feedback: autoDraw = True
26.9149 	EXP 	left_feedback: autoDraw = False
26.9149 	EXP 	right_feedback: autoDraw = False
26.9149 	EXP 	iti: autoDraw = True
27.4219 	EXP 	iti: autoDraw = False
27.4219 	EXP 	feedback_text: text = 'YOU\n\n+100 points'
27.4219 	EXP 	feedback_text: autoDraw = True
28.9040 	EXP 	New trial (rep=0, index=6): OrderedDict([('subject', 14), ('type', 0), ('condition', 'self'), ('goal', 'win'), ('block', 'practice'), ('block_num', 1), ('block_instr_text', 'Play to WIN points'), ('trial_num', 6), ('stim_0', 'stimuli/slotA_up.jpg'), ('stim_0_value', 0), ('stim_1', 'stimuli/slotB_up.jpg'), ('stim_1_value', 1), ('position_changed', 1), ('stim_left', 2), ('stim_right', 1), ('stim_left_name', 'stimuli/slotB_up.jpg'), ('stim_right_name', 'stimuli/slotA_up.jpg'), ('stim_left_name_feedback', 'stimuli/slotB_down.jpg'), ('stim_right_name_feedback', 'stimuli/slotA_down.jpg'), ('optimal_stim', 'stimuli/slotB_up.jpg'), ('optimal_choice', 'left')])
28.9160 	EXP 	feedback_text: autoDraw = False
28.9160 	EXP 	BlockInstr_disp: text = 'Play to WIN points'
28.9160 	EXP 	BlockInstr_disp: autoDraw = True
28.9160 	EXP 	BlockInstr_disp: autoDraw = False
28.9160 	EXP 	iti: autoDraw = True
29.5027 	EXP 	iti: autoDraw = False
29.5027 	EXP 	left: image = 'stimuli/slotB_up.jpg'
29.5027 	EXP 	right: image = 'stimuli/slotA_up.jpg'
29.5027 	EXP 	left: autoDraw = True
29.5027 	EXP 	right: autoDraw = True
30.2511 	DATA 	Keypress: right
30.2839 	EXP 	left: autoDraw = False
30.2839 	EXP 	right: autoDraw = False
30.2839 	EXP 	left_feedback: image = 'stimuli/slotB_up.jpg'
30.2839 	EXP 	right_feedback: image = 'stimuli/slotA_down.jpg'
30.2839 	EXP 	left_feedback: autoDraw = True
30.2839 	EXP 	right_feedback: autoDraw = True
30.6232 	EXP 	left_feedback: autoDraw = False
30.6232 	EXP 	right_feedback: autoDraw = False
30.6232 	EXP 	iti: autoDraw = True
31.1164 	EXP 	iti: autoDraw = False
31.1164 	EXP 	feedback_text: height = 0.1
31.1164 	EXP 	feedback_text: height = 0.1
31.1164 	EXP 	feedback_text: height = 0.1
31.1164 	EXP 	feedback_text: text = 'YOU\n\n0 points'
31.1164 	EXP 	feedback_text: autoDraw = True
32.6109 	EXP 	New trial (rep=0, index=7): OrderedDict([('subject', 14), ('type', 0), ('condition', 'self'), ('goal', 'win'), ('block', 'practice'), ('block_num', 1), ('block_instr_text', 'Play to WIN points'), ('trial_num', 7), ('stim_0', 'stimuli/slotA_up.jpg'), ('stim_0_value', 1), ('stim_1', 'stimuli/slotB_up.jpg'), ('stim_1_value', 0), ('position_changed', 1), ('stim_left', 2), ('stim_right', 1), ('stim_left_name', 'stimuli/slotB_up.jpg'), ('stim_right_name', 'stimuli/slotA_up.jpg'), ('stim_left_name_feedback', 'stimuli/slotB_down.jpg'), ('stim_right_name_feedback', 'stimuli/slotA_down.jpg'), ('optimal_stim', 'stimuli/slotA_up.jpg'), ('optimal_choice', 'right')])
32.6237 	EXP 	feedback_text: autoDraw = False
32.6237 	EXP 	BlockInstr_disp: text = 'Play to WIN points'
32.6237 	EXP 	BlockInstr_disp: autoDraw = True
32.6237 	EXP 	BlockInstr_disp: autoDraw = False
32.6237 	EXP 	iti: autoDraw = True
33.1439 	EXP 	iti: autoDraw = False
33.1439 	EXP 	left: image = 'stimuli/slotB_up.jpg'
33.1439 	EXP 	right: image = 'stimuli/slotA_up.jpg'
33.1439 	EXP 	left: autoDraw = True
33.1439 	EXP 	right: autoDraw = True
33.6191 	DATA 	Keypress: right
33.6240 	EXP 	left: autoDraw = False
33.6240 	EXP 	right: autoDraw = False
33.6240 	EXP 	left_feedback: image = 'stimuli/slotB_up.jpg'
33.6240 	EXP 	right_feedback: image = 'stimuli/slotA_down.jpg'
33.6240 	EXP 	left_feedback: autoDraw = True
33.6240 	EXP 	right_feedback: autoDraw = True
34.1176 	EXP 	left_feedback: autoDraw = False
34.1176 	EXP 	right_feedback: autoDraw = False
34.1176 	EXP 	iti: autoDraw = True
34.6245 	EXP 	iti: autoDraw = False
34.6245 	EXP 	feedback_text: height = 0.1
34.6245 	EXP 	feedback_text: height = 0.1
34.6245 	EXP 	feedback_text: height = 0.1
34.6245 	EXP 	feedback_text: text = 'YOU\n\n+100 points'
34.6245 	EXP 	feedback_text: autoDraw = True
36.1056 	EXP 	New trial (rep=0, index=8): OrderedDict([('subject', 14), ('type', 0), ('condition', 'self'), ('goal', 'win'), ('block', 'practice'), ('block_num', 1), ('block_instr_text', 'Play to WIN points'), ('trial_num', 8), ('stim_0', 'stimuli/slotA_up.jpg'), ('stim_0_value', 1), ('stim_1', 'stimuli/slotB_up.jpg'), ('stim_1_value', 0), ('position_changed', 1), ('stim_left', 2), ('stim_right', 1), ('stim_left_name', 'stimuli/slotB_up.jpg'), ('stim_right_name', 'stimuli/slotA_up.jpg'), ('stim_left_name_feedback', 'stimuli/slotB_down.jpg'), ('stim_right_name_feedback', 'stimuli/slotA_down.jpg'), ('optimal_stim', 'stimuli/slotA_up.jpg'), ('optimal_choice', 'right')])
36.1184 	EXP 	feedback_text: autoDraw = False
36.1184 	EXP 	BlockInstr_disp: text = 'Play to WIN points'
36.1184 	EXP 	BlockInstr_disp: autoDraw = True
36.1184 	EXP 	BlockInstr_disp: autoDraw = False
36.1184 	EXP 	iti: autoDraw = True
36.6385 	EXP 	iti: autoDraw = False
36.6385 	EXP 	left: image = 'stimuli/slotB_up.jpg'
36.6385 	EXP 	right: image = 'stimuli/slotA_up.jpg'
36.6385 	EXP 	left: autoDraw = True
36.6385 	EXP 	right: autoDraw = True
36.9423 	DATA 	Keypress: right
36.9453 	EXP 	left: autoDraw = False
36.9453 	EXP 	right: autoDraw = False
36.9453 	EXP 	left_feedback: image = 'stimuli/slotB_up.jpg'
36.9453 	EXP 	right_feedback: image = 'stimuli/slotA_down.jpg'
36.9453 	EXP 	left_feedback: autoDraw = True
36.9453 	EXP 	right_feedback: autoDraw = True
37.4388 	EXP 	left_feedback: autoDraw = False
37.4388 	EXP 	right_feedback: autoDraw = False
37.4388 	EXP 	iti: autoDraw = True
37.9456 	EXP 	iti: autoDraw = False
37.9456 	EXP 	feedback_text: text = 'YOU\n\n+100 points'
37.9456 	EXP 	feedback_text: autoDraw = True
39.4267 	EXP 	New trial (rep=0, index=9): OrderedDict([('subject', 14), ('type', 0), ('condition', 'self'), ('goal', 'win'), ('block', 'practice'), ('block_num', 1), ('block_instr_text', 'Play to WIN points'), ('trial_num', 9), ('stim_0', 'stimuli/slotA_up.jpg'), ('stim_0_value', 1), ('stim_1', 'stimuli/slotB_up.jpg'), ('stim_1_value', 0), ('position_changed', 0), ('stim_left', 1), ('stim_right', 2), ('stim_left_name', 'stimuli/slotA_up.jpg'), ('stim_right_name', 'stimuli/slotB_up.jpg'), ('stim_left_name_feedback', 'stimuli/slotA_down.jpg'), ('stim_right_name_feedback', 'stimuli/slotB_down.jpg'), ('optimal_stim', 'stimuli/slotA_up.jpg'), ('optimal_choice', 'left')])
39.4396 	EXP 	feedback_text: autoDraw = False
39.4396 	EXP 	BlockInstr_disp: text = 'Play to WIN points'
39.4396 	EXP 	BlockInstr_disp: autoDraw = True
39.4396 	EXP 	BlockInstr_disp: autoDraw = False
39.4396 	EXP 	iti: autoDraw = True
39.9598 	EXP 	iti: autoDraw = False
39.9598 	EXP 	left: image = 'stimuli/slotA_up.jpg'
39.9598 	EXP 	right: image = 'stimuli/slotB_up.jpg'
39.9598 	EXP 	left: autoDraw = True
39.9598 	EXP 	right: autoDraw = True
40.2368 	DATA 	Keypress: left
40.2399 	EXP 	left: autoDraw = False
40.2399 	EXP 	right: autoDraw = False
40.2399 	EXP 	left_feedback: image = 'stimuli/slotA_down.jpg'
40.2399 	EXP 	right_feedback: image = 'stimuli/slotB_up.jpg'
40.2399 	EXP 	left_feedback: autoDraw = True
40.2399 	EXP 	right_feedback: autoDraw = True
40.7334 	EXP 	left_feedback: autoDraw = False
40.7334 	EXP 	right_feedback: autoDraw = False
40.7334 	EXP 	iti: autoDraw = True
41.2403 	EXP 	iti: autoDraw = False
41.2403 	EXP 	feedback_text: text = 'YOU\n\n+100 points'
41.2403 	EXP 	feedback_text: autoDraw = True
42.7213 	EXP 	New trial (rep=0, index=10): OrderedDict([('subject', 14), ('type', 0), ('condition', 'self'), ('goal', 'win'), ('block', 'practice'), ('block_num', 1), ('block_instr_text', 'Play to WIN points'), ('trial_num', 10), ('stim_0', 'stimuli/slotA_up.jpg'), ('stim_0_value', 1), ('stim_1', 'stimuli/slotB_up.jpg'), ('stim_1_value', 0), ('position_changed', 0), ('stim_left', 1), ('stim_right', 2), ('stim_left_name', 'stimuli/slotA_up.jpg'), ('stim_right_name', 'stimuli/slotB_up.jpg'), ('stim_left_name_feedback', 'stimuli/slotA_down.jpg'), ('stim_right_name_feedback', 'stimuli/slotB_down.jpg'), ('optimal_stim', 'stimuli/slotA_up.jpg'), ('optimal_choice', 'left')])
42.7342 	EXP 	feedback_text: autoDraw = False
42.7342 	EXP 	BlockInstr_disp: text = 'Play to WIN points'
42.7342 	EXP 	BlockInstr_disp: autoDraw = True
42.7342 	EXP 	BlockInstr_disp: autoDraw = False
42.7342 	EXP 	iti: autoDraw = True
43.2543 	EXP 	iti: autoDraw = False
43.2543 	EXP 	left: image = 'stimuli/slotA_up.jpg'
43.2543 	EXP 	right: image = 'stimuli/slotB_up.jpg'
43.2543 	EXP 	left: autoDraw = True
43.2543 	EXP 	right: autoDraw = True
43.6224 	DATA 	Keypress: left
43.6278 	EXP 	left: autoDraw = False
43.6278 	EXP 	right: autoDraw = False
43.6278 	EXP 	left_feedback: image = 'stimuli/slotA_down.jpg'
43.6278 	EXP 	right_feedback: image = 'stimuli/slotB_up.jpg'
43.6278 	EXP 	left_feedback: autoDraw = True
43.6278 	EXP 	right_feedback: autoDraw = True
44.1214 	EXP 	left_feedback: autoDraw = False
44.1214 	EXP 	right_feedback: autoDraw = False
44.1214 	EXP 	iti: autoDraw = True
44.6282 	EXP 	iti: autoDraw = False
44.6282 	EXP 	feedback_text: text = 'YOU\n\n+100 points'
44.6282 	EXP 	feedback_text: autoDraw = True
46.1092 	EXP 	New trial (rep=0, index=11): OrderedDict([('subject', 14), ('type', 0), ('condition', 'self'), ('goal', 'win'), ('block', 'practice'), ('block_num', 1), ('block_instr_text', 'Play to WIN points'), ('trial_num', 11), ('stim_0', 'stimuli/slotA_up.jpg'), ('stim_0_value', 1), ('stim_1', 'stimuli/slotB_up.jpg'), ('stim_1_value', 0), ('position_changed', 1), ('stim_left', 2), ('stim_right', 1), ('stim_left_name', 'stimuli/slotB_up.jpg'), ('stim_right_name', 'stimuli/slotA_up.jpg'), ('stim_left_name_feedback', 'stimuli/slotB_down.jpg'), ('stim_right_name_feedback', 'stimuli/slotA_down.jpg'), ('optimal_stim', 'stimuli/slotA_up.jpg'), ('optimal_choice', 'right')])
46.1220 	EXP 	feedback_text: autoDraw = False
46.1220 	EXP 	BlockInstr_disp: text = 'Play to WIN points'
46.1220 	EXP 	BlockInstr_disp: autoDraw = True
46.1220 	EXP 	BlockInstr_disp: autoDraw = False
46.1220 	EXP 	iti: autoDraw = True
46.6423 	EXP 	iti: autoDraw = False
46.6423 	EXP 	left: image = 'stimuli/slotB_up.jpg'
46.6423 	EXP 	right: image = 'stimuli/slotA_up.jpg'
46.6423 	EXP 	left: autoDraw = True
46.6423 	EXP 	right: autoDraw = True
47.2026 	DATA 	Keypress: left
47.2160 	EXP 	left: autoDraw = False
47.2160 	EXP 	right: autoDraw = False
47.2160 	EXP 	left_feedback: image = 'stimuli/slotB_down.jpg'
47.2160 	EXP 	right_feedback: image = 'stimuli/slotA_up.jpg'
47.2160 	EXP 	left_feedback: autoDraw = True
47.2160 	EXP 	right_feedback: autoDraw = True
47.6963 	EXP 	left_feedback: autoDraw = False
47.6963 	EXP 	right_feedback: autoDraw = False
47.6963 	EXP 	iti: autoDraw = True
48.2029 	EXP 	iti: autoDraw = False
48.2029 	EXP 	feedback_text: height = 0.1
48.2029 	EXP 	feedback_text: height = 0.1
48.2029 	EXP 	feedback_text: height = 0.1
48.2029 	EXP 	feedback_text: text = 'YOU\n\n0 points'
48.2029 	EXP 	feedback_text: autoDraw = True
49.6842 	EXP 	New trial (rep=0, index=12): OrderedDict([('subject', 14), ('type', 0), ('condition', 'self'), ('goal', 'win'), ('block', 'practice'), ('block_num', 1), ('block_instr_text', 'Play to WIN points'), ('trial_num', 12), ('stim_0', 'stimuli/slotA_up.jpg'), ('stim_0_value', 0), ('stim_1', 'stimuli/slotB_up.jpg'), ('stim_1_value', 1), ('position_changed', 0), ('stim_left', 1), ('stim_right', 2), ('stim_left_name', 'stimuli/slotA_up.jpg'), ('stim_right_name', 'stimuli/slotB_up.jpg'), ('stim_left_name_feedback', 'stimuli/slotA_down.jpg'), ('stim_right_name_feedback', 'stimuli/slotB_down.jpg'), ('optimal_stim', 'stimuli/slotB_up.jpg'), ('optimal_choice', 'right')])
49.6967 	EXP 	feedback_text: autoDraw = False
49.6967 	EXP 	BlockInstr_disp: text = 'Play to WIN points'
49.6967 	EXP 	BlockInstr_disp: autoDraw = True
49.6967 	EXP 	BlockInstr_disp: autoDraw = False
49.6967 	EXP 	iti: autoDraw = True
50.2169 	EXP 	iti: autoDraw = False
50.2169 	EXP 	left: image = 'stimuli/slotA_up.jpg'
50.2169 	EXP 	right: image = 'stimuli/slotB_up.jpg'
50.2169 	EXP 	left: autoDraw = True
50.2169 	EXP 	right: autoDraw = True
50.5451 	DATA 	Keypress: left
50.5503 	EXP 	left: autoDraw = False
50.5503 	EXP 	right: autoDraw = False
50.5503 	EXP 	left_feedback: image = 'stimuli/slotA_down.jpg'
50.5503 	EXP 	right_feedback: image = 'stimuli/slotB_up.jpg'
50.5503 	EXP 	left_feedback: autoDraw = True
50.5503 	EXP 	right_feedback: autoDraw = True
51.0439 	EXP 	left_feedback: autoDraw = False
51.0439 	EXP 	right_feedback: autoDraw = False
51.0439 	EXP 	iti: autoDraw = True
51.5508 	EXP 	iti: autoDraw = False
51.5508 	EXP 	feedback_text: text = 'YOU\n\n0 points'
51.5508 	EXP 	feedback_text: autoDraw = True
53.0318 	EXP 	New trial (rep=0, index=13): OrderedDict([('subject', 14), ('type', 0), ('condition', 'self'), ('goal', 'win'), ('block', 'practice'), ('block_num', 1), ('block_instr_text', 'Play to WIN points'), ('trial_num', 13), ('stim_0', 'stimuli/slotA_up.jpg'), ('stim_0_value', 0), ('stim_1', 'stimuli/slotB_up.jpg'), ('stim_1_value', 1), ('position_changed', 0), ('stim_left', 1), ('stim_right', 2), ('stim_left_name', 'stimuli/slotA_up.jpg'), ('stim_right_name', 'stimuli/slotB_up.jpg'), ('stim_left_name_feedback', 'stimuli/slotA_down.jpg'), ('stim_right_name_feedback', 'stimuli/slotB_down.jpg'), ('optimal_stim', 'stimuli/slotB_up.jpg'), ('optimal_choice', 'right')])
53.0446 	EXP 	feedback_text: autoDraw = False
53.0446 	EXP 	BlockInstr_disp: text = 'Play to WIN points'
53.0446 	EXP 	BlockInstr_disp: autoDraw = True
53.0446 	EXP 	BlockInstr_disp: autoDraw = False
53.0446 	EXP 	iti: autoDraw = True
53.5648 	EXP 	iti: autoDraw = False
53.5648 	EXP 	left: image = 'stimuli/slotA_up.jpg'
53.5648 	EXP 	right: image = 'stimuli/slotB_up.jpg'
53.5648 	EXP 	left: autoDraw = True
53.5648 	EXP 	right: autoDraw = True
53.8520 	DATA 	Keypress: right
53.8583 	EXP 	left: autoDraw = False
53.8583 	EXP 	right: autoDraw = False
53.8583 	EXP 	left_feedback: image = 'stimuli/slotA_up.jpg'
53.8583 	EXP 	right_feedback: image = 'stimuli/slotB_down.jpg'
53.8583 	EXP 	left_feedback: autoDraw = True
53.8583 	EXP 	right_feedback: autoDraw = True
54.3518 	EXP 	left_feedback: autoDraw = False
54.3518 	EXP 	right_feedback: autoDraw = False
54.3518 	EXP 	iti: autoDraw = True
54.8587 	EXP 	iti: autoDraw = False
54.8587 	EXP 	feedback_text: height = 0.1
54.8587 	EXP 	feedback_text: height = 0.1
54.8587 	EXP 	feedback_text: height = 0.1
54.8587 	EXP 	feedback_text: text = 'YOU\n\n+100 points'
54.8587 	EXP 	feedback_text: autoDraw = True
56.3398 	EXP 	New trial (rep=0, index=14): OrderedDict([('subject', 14), ('type', 0), ('condition', 'self'), ('goal', 'win'), ('block', 'practice'), ('block_num', 1), ('block_instr_text', 'Play to WIN points'), ('trial_num', 14), ('stim_0', 'stimuli/slotA_up.jpg'), ('stim_0_value', 1), ('stim_1', 'stimuli/slotB_up.jpg'), ('stim_1_value', 0), ('position_changed', 1), ('stim_left', 2), ('stim_right', 1), ('stim_left_name', 'stimuli/slotB_up.jpg'), ('stim_right_name', 'stimuli/slotA_up.jpg'), ('stim_left_name_feedback', 'stimuli/slotB_down.jpg'), ('stim_right_name_feedback', 'stimuli/slotA_down.jpg'), ('optimal_stim', 'stimuli/slotA_up.jpg'), ('optimal_choice', 'right')])
56.3526 	EXP 	feedback_text: autoDraw = False
56.3526 	EXP 	BlockInstr_disp: text = 'Play to WIN points'
56.3526 	EXP 	BlockInstr_disp: autoDraw = True
56.3526 	EXP 	BlockInstr_disp: autoDraw = False
56.3526 	EXP 	iti: autoDraw = True
56.6876 	DATA 	Keypress: right
56.8861 	EXP 	iti: autoDraw = False
56.8861 	EXP 	left: image = 'stimuli/slotB_up.jpg'
56.8861 	EXP 	right: image = 'stimuli/slotA_up.jpg'
56.8861 	EXP 	left: autoDraw = True
56.8861 	EXP 	right: autoDraw = True
57.1505 	DATA 	Keypress: right
57.1528 	EXP 	left: autoDraw = False
57.1528 	EXP 	right: autoDraw = False
57.1528 	EXP 	left_feedback: image = 'stimuli/slotB_up.jpg'
57.1528 	EXP 	right_feedback: image = 'stimuli/slotA_down.jpg'
57.1528 	EXP 	left_feedback: autoDraw = True
57.1528 	EXP 	right_feedback: autoDraw = True
57.6464 	EXP 	left_feedback: autoDraw = False
57.6464 	EXP 	right_feedback: autoDraw = False
57.6464 	EXP 	iti: autoDraw = True
58.1532 	EXP 	iti: autoDraw = False
58.1532 	EXP 	feedback_text: text = 'YOU\n\n+100 points'
58.1532 	EXP 	feedback_text: autoDraw = True
59.6346 	EXP 	New trial (rep=0, index=15): OrderedDict([('subject', 14), ('type', 0), ('condition', 'self'), ('goal', 'win'), ('block', 'practice'), ('block_num', 1), ('block_instr_text', 'Play to WIN points'), ('trial_num', 15), ('stim_0', 'stimuli/slotA_up.jpg'), ('stim_0_value', 1), ('stim_1', 'stimuli/slotB_up.jpg'), ('stim_1_value', 0), ('position_changed', 1), ('stim_left', 2), ('stim_right', 1), ('stim_left_name', 'stimuli/slotB_up.jpg'), ('stim_right_name', 'stimuli/slotA_up.jpg'), ('stim_left_name_feedback', 'stimuli/slotB_down.jpg'), ('stim_right_name_feedback', 'stimuli/slotA_down.jpg'), ('optimal_stim', 'stimuli/slotA_up.jpg'), ('optimal_choice', 'right')])
59.6472 	EXP 	feedback_text: autoDraw = False
59.6472 	EXP 	BlockInstr_disp: text = 'Play to WIN points'
59.6472 	EXP 	BlockInstr_disp: autoDraw = True
59.6472 	EXP 	BlockInstr_disp: autoDraw = False
59.6472 	EXP 	iti: autoDraw = True
60.1673 	EXP 	iti: autoDraw = False
60.1673 	EXP 	left: image = 'stimuli/slotB_up.jpg'
60.1673 	EXP 	right: image = 'stimuli/slotA_up.jpg'
60.1673 	EXP 	left: autoDraw = True
60.1673 	EXP 	right: autoDraw = True
60.4954 	DATA 	Keypress: right
60.5008 	EXP 	left: autoDraw = False
60.5008 	EXP 	right: autoDraw = False
60.5008 	EXP 	left_feedback: image = 'stimuli/slotB_up.jpg'
60.5008 	EXP 	right_feedback: image = 'stimuli/slotA_down.jpg'
60.5008 	EXP 	left_feedback: autoDraw = True
60.5008 	EXP 	right_feedback: autoDraw = True
60.9944 	EXP 	left_feedback: autoDraw = False
60.9944 	EXP 	right_feedback: autoDraw = False
60.9944 	EXP 	iti: autoDraw = True
61.5012 	EXP 	iti: autoDraw = False
61.5012 	EXP 	feedback_text: text = 'YOU\n\n+100 points'
61.5012 	EXP 	feedback_text: autoDraw = True
62.9950 	EXP 	feedback_text: autoDraw = False
62.9950 	EXP 	instr_4: autoDraw = True
63.3841 	DATA 	Keypress: right
65.1989 	DATA 	Keypress: space
65.2225 	EXP 	instr_4: autoDraw = False
65.2225 	EXP 	ready_exp: autoDraw = True
66.0790 	DATA 	Keypress: space
66.1101 	EXP 	Imported orders/sub-01_stim-order.csv as conditions, 72 conditions, 21 params
66.1107 	EXP 	Created sequence: sequential, trialTypes=72, nReps=1, seed=None
66.1110 	EXP 	New trial (rep=0, index=0): OrderedDict([('subject', 1), ('type', 0), ('condition', 'self'), ('goal', 'win'), ('block', 'self_win'), ('block_num', 1), ('block_instr_text', 'Play to WIN points'), ('trial_num', 0), ('stim_0', 'stimuli/slot1_up.jpg'), ('stim_0_value', 1), ('stim_1', 'stimuli/slot2_up.jpg'), ('stim_1_value', 0), ('position_changed', 0), ('stim_left', 1), ('stim_right', 2), ('stim_left_name', 'stimuli/slot1_up.jpg'), ('stim_right_name', 'stimuli/slot2_up.jpg'), ('stim_left_name_feedback', 'stimuli/slot1_down.jpg'), ('stim_right_name_feedback', 'stimuli/slot2_down.jpg'), ('optimal_stim', 'stimuli/slot1_up.jpg'), ('optimal_choice', 'left')])
66.1162 	EXP 	ready_exp: autoDraw = False
66.1162 	EXP 	BlockInstr_disp: text = 'Play to WIN points'
66.1162 	EXP 	BlockInstr_disp: autoDraw = True
71.1047 	EXP 	BlockInstr_disp: autoDraw = False
71.1047 	EXP 	iti: autoDraw = True
71.6382 	EXP 	iti: autoDraw = False
71.6382 	EXP 	left: image = 'stimuli/slot1_up.jpg'
71.6382 	EXP 	right: image = 'stimuli/slot2_up.jpg'
71.6382 	EXP 	left: autoDraw = True
71.6382 	EXP 	right: autoDraw = True
72.1846 	DATA 	Keypress: left
72.1985 	EXP 	left: autoDraw = False
72.1985 	EXP 	right: autoDraw = False
72.1985 	EXP 	left_feedback: image = 'stimuli/slot1_down.jpg'
72.1985 	EXP 	right_feedback: image = 'stimuli/slot2_up.jpg'
72.1985 	EXP 	left_feedback: autoDraw = True
72.1985 	EXP 	right_feedback: autoDraw = True
72.6786 	EXP 	left_feedback: autoDraw = False
72.6786 	EXP 	right_feedback: autoDraw = False
72.6786 	EXP 	iti: autoDraw = True
73.1855 	EXP 	iti: autoDraw = False
73.1855 	EXP 	feedback_text: text = 'YOU\n\n+100 points'
73.1855 	EXP 	feedback_text: autoDraw = True
74.6666 	EXP 	New trial (rep=0, index=1): OrderedDict([('subject', 1), ('type', 0), ('condition', 'self'), ('goal', 'win'), ('block', 'self_win'), ('block_num', 1), ('block_instr_text', 'Play to WIN points'), ('trial_num', 1), ('stim_0', 'stimuli/slot1_up.jpg'), ('stim_0_value', 1), ('stim_1', 'stimuli/slot2_up.jpg'), ('stim_1_value', 0), ('position_changed', 1), ('stim_left', 2), ('stim_right', 1), ('stim_left_name', 'stimuli/slot2_up.jpg'), ('stim_right_name', 'stimuli/slot1_up.jpg'), ('stim_left_name_feedback', 'stimuli/slot2_down.jpg'), ('stim_right_name_feedback', 'stimuli/slot1_down.jpg'), ('optimal_stim', 'stimuli/slot1_up.jpg'), ('optimal_choice', 'right')])
74.6794 	EXP 	feedback_text: autoDraw = False
74.6794 	EXP 	BlockInstr_disp: text = 'Play to WIN points'
74.6794 	EXP 	BlockInstr_disp: autoDraw = True
74.6794 	EXP 	BlockInstr_disp: autoDraw = False
74.6794 	EXP 	iti: autoDraw = True
75.1995 	EXP 	iti: autoDraw = False
75.1995 	EXP 	left: image = 'stimuli/slot2_up.jpg'
75.1995 	EXP 	right: image = 'stimuli/slot1_up.jpg'
75.1995 	EXP 	left: autoDraw = True
75.1995 	EXP 	right: autoDraw = True
75.8619 	DATA 	Keypress: right
75.8665 	EXP 	left: autoDraw = False
75.8665 	EXP 	right: autoDraw = False
75.8665 	EXP 	left_feedback: image = 'stimuli/slot2_up.jpg'
75.8665 	EXP 	right_feedback: image = 'stimuli/slot1_down.jpg'
75.8665 	EXP 	left_feedback: autoDraw = True
75.8665 	EXP 	right_feedback: autoDraw = True
76.3601 	EXP 	left_feedback: autoDraw = False
76.3601 	EXP 	right_feedback: autoDraw = False
76.3601 	EXP 	iti: autoDraw = True
76.8669 	EXP 	iti: autoDraw = False
76.8669 	EXP 	feedback_text: text = 'YOU\n\n+100 points'
76.8669 	EXP 	feedback_text: autoDraw = True
78.3479 	EXP 	New trial (rep=0, index=2): OrderedDict([('subject', 1), ('type', 0), ('condition', 'self'), ('goal', 'win'), ('block', 'self_win'), ('block_num', 1), ('block_instr_text', 'Play to WIN points'), ('trial_num', 2), ('stim_0', 'stimuli/slot1_up.jpg'), ('stim_0_value', 1), ('stim_1', 'stimuli/slot2_up.jpg'), ('stim_1_value', 0), ('position_changed', 1), ('stim_left', 2), ('stim_right', 1), ('stim_left_name', 'stimuli/slot2_up.jpg'), ('stim_right_name', 'stimuli/slot1_up.jpg'), ('stim_left_name_feedback', 'stimuli/slot2_down.jpg'), ('stim_right_name_feedback', 'stimuli/slot1_down.jpg'), ('optimal_stim', 'stimuli/slot1_up.jpg'), ('optimal_choice', 'right')])
78.3607 	EXP 	feedback_text: autoDraw = False
78.3607 	EXP 	BlockInstr_disp: text = 'Play to WIN points'
78.3607 	EXP 	BlockInstr_disp: autoDraw = True
78.3607 	EXP 	BlockInstr_disp: autoDraw = False
78.3607 	EXP 	iti: autoDraw = True
78.8942 	EXP 	iti: autoDraw = False
78.8942 	EXP 	left: image = 'stimuli/slot2_up.jpg'
78.8942 	EXP 	right: image = 'stimuli/slot1_up.jpg'
78.8942 	EXP 	left: autoDraw = True
78.8942 	EXP 	right: autoDraw = True
79.3041 	DATA 	Keypress: right
79.3077 	EXP 	left: autoDraw = False
79.3077 	EXP 	right: autoDraw = False
79.3077 	EXP 	left_feedback: image = 'stimuli/slot2_up.jpg'
79.3077 	EXP 	right_feedback: image = 'stimuli/slot1_down.jpg'
79.3077 	EXP 	left_feedback: autoDraw = True
79.3077 	EXP 	right_feedback: autoDraw = True
79.8013 	EXP 	left_feedback: autoDraw = False
79.8013 	EXP 	right_feedback: autoDraw = False
79.8013 	EXP 	iti: autoDraw = True
80.3082 	EXP 	iti: autoDraw = False
80.3082 	EXP 	feedback_text: text = 'YOU\n\n+100 points'
80.3082 	EXP 	feedback_text: autoDraw = True
81.5914 	DATA 	Keypress: lalt
81.7892 	EXP 	New trial (rep=0, index=3): OrderedDict([('subject', 1), ('type', 0), ('condition', 'self'), ('goal', 'win'), ('block', 'self_win'), ('block_num', 1), ('block_instr_text', 'Play to WIN points'), ('trial_num', 3), ('stim_0', 'stimuli/slot1_up.jpg'), ('stim_0_value', 0), ('stim_1', 'stimuli/slot2_up.jpg'), ('stim_1_value', 1), ('position_changed', 0), ('stim_left', 1), ('stim_right', 2), ('stim_left_name', 'stimuli/slot1_up.jpg'), ('stim_right_name', 'stimuli/slot2_up.jpg'), ('stim_left_name_feedback', 'stimuli/slot1_down.jpg'), ('stim_right_name_feedback', 'stimuli/slot2_down.jpg'), ('optimal_stim', 'stimuli/slot2_up.jpg'), ('optimal_choice', 'right')])
81.8020 	EXP 	feedback_text: autoDraw = False
81.8020 	EXP 	BlockInstr_disp: text = 'Play to WIN points'
81.8020 	EXP 	BlockInstr_disp: autoDraw = True
81.8020 	EXP 	BlockInstr_disp: autoDraw = False
81.8020 	EXP 	iti: autoDraw = True
82.0308 	DATA 	Keypress: f4
82.3222 	EXP 	iti: autoDraw = False
82.3222 	EXP 	left: image = 'stimuli/slot1_up.jpg'
82.3222 	EXP 	right: image = 'stimuli/slot2_up.jpg'
82.3222 	EXP 	left: autoDraw = True
82.3222 	EXP 	right: autoDraw = True
83.4842 	DATA 	Keypress: escape
83.5903 	EXP 	two-armed-bandit: status = STOPPED
83.6027 	EXP 	left: autoDraw = False
83.6027 	EXP 	right: autoDraw = False
83.6028 	EXP 	two-armed-bandit: status = STOPPED
83.6878 	EXP 	window1: mouseVisible = True
9.7303 	EXP 	Created window1 = Window(allowGUI=True, allowStencil=False, autoLog=True, backendConf=UNKNOWN, backgroundFit=<method-wrapper '__getattribute__' of attributeSetter object at 0x0000021C8271BE50>, backgroundImage=<method-wrapper '__getattribute__' of attributeSetter object at 0x0000021C8271BDF0>, bitsMode=UNKNOWN, blendMode='avg', bpc=(8, 8, 8), color=array([-1, -1, -1]), colorSpace='rgb', depthBits=8, fullscr=<method-wrapper '__getattribute__' of attributeSetter object at 0x0000021C8271BC10>, gamma=None, gammaErrorPolicy='raise', lms=UNKNOWN, monitor=<psychopy.monitors.calibTools.Monitor object at 0x0000021C82ABD850>, multiSample=False, name='window1', numSamples=2, pos=(0, 0), screen=0, size=array([1920, 1080]), stencilBits=0, stereo=False, title='PsychoPy', units='height', useFBO=True, useRetina=False, viewOri=0.0, viewPos=None, viewScale=None, waitBlanking=True, winType='pyglet')
9.7304 	EXP 	window1: mouseVisible = True
9.7304 	EXP 	window1: backgroundImage = ''
9.7304 	EXP 	window1: backgroundFit = 'none'
9.7324 	EXP 	window1: Attempting to measure frame rate of screen (0) ...
9.7324 	EXP 	window1: recordFrameIntervals = False
9.8632 	EXP 	window1: recordFrameIntervals = True
10.0102 	EXP 	Screen (0) actual frame rate measured at 74.90Hz
10.0102 	EXP 	window1: recordFrameIntervals = False
10.0103 	EXP 	window1: mouseVisible = False
12.9663 	EXP 	two-armed-bandit: status = STARTED
12.9668 	EXP 	window1: mouseVisible = True
15.0181 	EXP 	Created intro_text = TextStim(__class__=<class 'psychopy.visual.text.TextStim'>, alignHoriz=method-wrapper(...), alignText='center', alignVert=method-wrapper(...), anchorHoriz='center', anchorVert='center', antialias=True, autoDraw=False, autoLog=True, bold=False, color=array([1., 1., 1.]), colorSpace='rgb', contrast=1.0, depth=-2.0, draggable=False, flipHoriz=False, flipVert=False, font='Arial', fontFiles=[], height=0.05, italic=False, languageStyle='LTR', name='intro_text', opacity=1.0, ori=0, pos=array([0., 0.]), rgb=UNKNOWN, text=str(...), units='height', win=Window(...), wrapWidth=1)
15.0182 	EXP 	window1: mouseVisible = True
15.0423 	EXP 	Created instr_1 = TextStim(__class__=<class 'psychopy.visual.text.TextStim'>, alignHoriz=method-wrapper(...), alignText='center', alignVert=method-wrapper(...), anchorHoriz='center', anchorVert='center', antialias=True, autoDraw=False, autoLog=True, bold=False, color=array([1., 1., 1.]), colorSpace='rgb', contrast=1.0, depth=0.0, draggable=False, flipHoriz=False, flipVert=False, font='Arial', fontFiles=[], height=0.05, italic=False, languageStyle='LTR', name='instr_1', opacity=1.0, ori=0, pos=array([0., 0.]), rgb=UNKNOWN, text=str(...), units='height', win=Window(...), wrapWidth=1)
15.0425 	EXP 	window1: mouseVisible = True
15.0653 	EXP 	Created instr_2 = TextStim(__class__=<class 'psychopy.visual.text.TextStim'>, alignHoriz=method-wrapper(...), alignText='center', alignVert=method-wrapper(...), anchorHoriz='center', anchorVert='center', antialias=True, autoDraw=False, autoLog=True, bold=False, color=array([1., 1., 1.]), colorSpace='rgb', contrast=1.0, depth=0.0, draggable=False, flipHoriz=False, flipVert=False, font='Arial', fontFiles=[], height=0.05, italic=False, languageStyle='LTR', name='instr_2', opacity=1.0, ori=0, pos=array([0., 0.]), rgb=UNKNOWN, text=str(...), units='height', win=Window(...), wrapWidth=1)
15.0655 	EXP 	window1: mouseVisible = True
15.0840 	EXP 	Created instr_3 = TextStim(__class__=<class 'psychopy.visual.text.TextStim'>, alignHoriz=method-wrapper(...), alignText='center', alignVert=method-wrapper(...), anchorHoriz='center', anchorVert='center', antialias=True, autoDraw=False, autoLog=True, bold=False, color=array([1., 1., 1.]), colorSpace='rgb', contrast=1.0, depth=0.0, draggable=False, flipHoriz=False, flipVert=False, font='Arial', fontFiles=[], height=0.05, italic=False, languageStyle='LTR', name='instr_3', opacity=1.0, ori=0, pos=array([0., 0.]), rgb=UNKNOWN, text=str(...), units='height', win=Window(...), wrapWidth=1)
15.0842 	EXP 	window1: mouseVisible = True
15.0986 	EXP 	Created read_prac = TextStim(__class__=<class 'psychopy.visual.text.TextStim'>, alignHoriz=method-wrapper(...), alignText='center', alignVert=method-wrapper(...), anchorHoriz='center', anchorVert='center', antialias=True, autoDraw=False, autoLog=True, bold=False, color=array([1., 1., 1.]), colorSpace='rgb', contrast=1.0, depth=0.0, draggable=False, flipHoriz=False, flipVert=False, font='Arial', fontFiles=[], height=0.05, italic=False, languageStyle='LTR', name='read_prac', opacity=1.0, ori=0, pos=array([0., 0.]), rgb=UNKNOWN, text=str(...), units='height', win=Window(...), wrapWidth=1)
15.0988 	EXP 	window1: mouseVisible = True
15.1009 	EXP 	Created BlockInstr_disp = TextStim(__class__=<class 'psychopy.visual.text.TextStim'>, alignHoriz=method-wrapper(...), alignText='center', alignVert=method-wrapper(...), anchorHoriz='center', anchorVert='center', antialias=True, autoDraw=False, autoLog=True, bold=False, color=array([1., 1., 1.]), colorSpace='rgb', contrast=1.0, depth=-1.0, draggable=False, flipHoriz=False, flipVert=False, font='Arial', fontFiles=[], height=0.08, italic=False, languageStyle='LTR', name='BlockInstr_disp', opacity=1.0, ori=0, pos=array([0., 0.]), rgb=UNKNOWN, text='', units='height', win=Window(...), wrapWidth=1)
15.1010 	EXP 	window1: mouseVisible = True
15.1034 	EXP 	Created iti = ShapeStim(__class__=<class 'psychopy.visual.shape.ShapeStim'>, anchor=('center', 'center'), autoDraw=False, autoLog=True, closeShape=True, color=method-wrapper(...), colorSpace='rgb', contrast=None, depth=0.0, draggable=False, fillColor=array([1, 1, 1]), fillColorSpace='rgb', fillRGB=array([1, 1, 1]), interpolate=True, lineColor=array([1., 1., 1.]), lineColorSpace='rgb', lineRGB=array([1, 1, 1]), lineWidth=1, name='iti', opacity=1.0, ori=0.0, pos=array([0., 0.]), size=array([0.05, 0.05]), units='height', vertices=ndarray(...), win=Window(...), windingRule=None)
15.1035 	EXP 	window1: mouseVisible = True
15.1203 	EXP 	Created left = ImageStim(__class__=<class 'psychopy.visual.image.ImageStim'>, anchor=('center', 'center'), autoLog=True, color=array([1., 1., 1.]), colorSpace='rgb', contrast=1.0, depth=0.0, draggable=False, flipHoriz=False, flipVert=False, image='default.png', interpolate=True, mask=None, maskParams=None, name='left', opacity=1.0, ori=0.0, pos=array([-0.4,  0. ]), size=array([0.4, 0.4]), texRes=128, units='height', win=Window(...))
15.1204 	EXP 	window1: mouseVisible = True
15.1371 	EXP 	Created right = ImageStim(__class__=<class 'psychopy.visual.image.ImageStim'>, anchor=('center', 'center'), autoLog=True, color=array([1., 1., 1.]), colorSpace='rgb', contrast=1.0, depth=-1.0, draggable=False, flipHoriz=False, flipVert=False, image='default.png', interpolate=True, mask=None, maskParams=None, name='right', opacity=1.0, ori=0.0, pos=array([0.4, 0. ]), size=array([0.4, 0.4]), texRes=128, units='height', win=Window(...))
15.1372 	EXP 	window1: mouseVisible = True
15.1506 	EXP 	Created left_feedback = ImageStim(__class__=<class 'psychopy.visual.image.ImageStim'>, anchor=('center', 'center'), autoLog=True, color=array([1., 1., 1.]), colorSpace='rgb', contrast=1.0, depth=-1.0, draggable=False, flipHoriz=False, flipVert=False, image='default.png', interpolate=True, mask=None, maskParams=None, name='left_feedback', opacity=1.0, ori=0.0, pos=array([-0.4,  0. ]), size=array([0.4, 0.4]), texRes=128, units='height', win=Window(...))
15.1507 	EXP 	window1: mouseVisible = True
15.1639 	EXP 	Created right_feedback = ImageStim(__class__=<class 'psychopy.visual.image.ImageStim'>, anchor=('center', 'center'), autoLog=True, color=array([1., 1., 1.]), colorSpace='rgb', contrast=1.0, depth=-2.0, draggable=False, flipHoriz=False, flipVert=False, image='default.png', interpolate=True, mask=None, maskParams=None, name='right_feedback', opacity=1.0, ori=0.0, pos=array([0.4, 0. ]), size=array([0.4, 0.4]), texRes=128, units='height', win=Window(...))
15.1640 	EXP 	window1: mouseVisible = True
15.1662 	EXP 	Created iti = ShapeStim(__class__=<class 'psychopy.visual.shape.ShapeStim'>, anchor=('center', 'center'), autoDraw=False, autoLog=True, closeShape=True, color=method-wrapper(...), colorSpace='rgb', contrast=None, depth=0.0, draggable=False, fillColor=array([1, 1, 1]), fillColorSpace='rgb', fillRGB=array([1, 1, 1]), interpolate=True, lineColor=array([1., 1., 1.]), lineColorSpace='rgb', lineRGB=array([1, 1, 1]), lineWidth=1, name='iti', opacity=1.0, ori=0.0, pos=array([0., 0.]), size=array([0.05, 0.05]), units='height', vertices=ndarray(...), win=Window(...), windingRule=None)
15.1663 	EXP 	window1: mouseVisible = True
15.1685 	EXP 	Created feedback_text = TextStim(__class__=<class 'psychopy.visual.text.TextStim'>, alignHoriz=method-wrapper(...), alignText='center', alignVert=method-wrapper(...), anchorHoriz='center', anchorVert='center', antialias=True, autoDraw=False, autoLog=True, bold=False, color=array([1., 1., 1.]), colorSpace='rgb', contrast=1.0, depth=-1.0, draggable=False, flipHoriz=False, flipVert=False, font='Arial', fontFiles=[], height=0.1, italic=False, languageStyle='LTR', name='feedback_text', opacity=1.0, ori=0, pos=array([0., 0.]), rgb=UNKNOWN, text='', units='height', win=Window(...), wrapWidth=1)
15.1686 	EXP 	window1: mouseVisible = True
15.1787 	EXP 	Created instr_4 = TextStim(__class__=<class 'psychopy.visual.text.TextStim'>, alignHoriz=method-wrapper(...), alignText='center', alignVert=method-wrapper(...), anchorHoriz='center', anchorVert='center', antialias=True, autoDraw=False, autoLog=True, bold=False, color=array([1., 1., 1.]), colorSpace='rgb', contrast=1.0, depth=0.0, draggable=False, flipHoriz=False, flipVert=False, font='Arial', fontFiles=[], height=0.05, italic=False, languageStyle='LTR', name='instr_4', opacity=1.0, ori=0, pos=array([0., 0.]), rgb=UNKNOWN, text=str(...), units='height', win=Window(...), wrapWidth=1)
15.1789 	EXP 	window1: mouseVisible = True
15.1890 	EXP 	Created ready_exp = TextStim(__class__=<class 'psychopy.visual.text.TextStim'>, alignHoriz=method-wrapper(...), alignText='center', alignVert=method-wrapper(...), anchorHoriz='center', anchorVert='center', antialias=True, autoDraw=False, autoLog=True, bold=False, color=array([1., 1., 1.]), colorSpace='rgb', contrast=1.0, depth=0.0, draggable=False, flipHoriz=False, flipVert=False, font='Arial', fontFiles=[], height=0.05, italic=False, languageStyle='LTR', name='ready_exp', opacity=1.0, ori=0, pos=array([0., 0.]), rgb=UNKNOWN, text=str(...), units='height', win=Window(...), wrapWidth=1)
15.1891 	EXP 	window1: mouseVisible = True
15.1905 	EXP 	Created BlockInstr_disp = TextStim(__class__=<class 'psychopy.visual.text.TextStim'>, alignHoriz=method-wrapper(...), alignText='center', alignVert=method-wrapper(...), anchorHoriz='center', anchorVert='center', antialias=True, autoDraw=False, autoLog=True, bold=False, color=array([1., 1., 1.]), colorSpace='rgb', contrast=1.0, depth=-1.0, draggable=False, flipHoriz=False, flipVert=False, font='Arial', fontFiles=[], height=0.08, italic=False, languageStyle='LTR', name='BlockInstr_disp', opacity=1.0, ori=0, pos=array([0., 0.]), rgb=UNKNOWN, text='', units='height', win=Window(...), wrapWidth=1)
15.1906 	EXP 	window1: mouseVisible = True
15.1927 	EXP 	Created iti = ShapeStim(__class__=<class 'psychopy.visual.shape.ShapeStim'>, anchor=('center', 'center'), autoDraw=False, autoLog=True, closeShape=True, color=method-wrapper(...), colorSpace='rgb', contrast=None, depth=0.0, draggable=False, fillColor=array([1, 1, 1]), fillColorSpace='rgb', fillRGB=array([1, 1, 1]), interpolate=True, lineColor=array([1., 1., 1.]), lineColorSpace='rgb', lineRGB=array([1, 1, 1]), lineWidth=1, name='iti', opacity=1.0, ori=0.0, pos=array([0., 0.]), size=array([0.05, 0.05]), units='height', vertices=ndarray(...), win=Window(...), windingRule=None)
15.1928 	EXP 	window1: mouseVisible = True
15.2072 	EXP 	Created left = ImageStim(__class__=<class 'psychopy.visual.image.ImageStim'>, anchor=('center', 'center'), autoLog=True, color=array([1., 1., 1.]), colorSpace='rgb', contrast=1.0, depth=0.0, draggable=False, flipHoriz=False, flipVert=False, image='default.png', interpolate=True, mask=None, maskParams=None, name='left', opacity=1.0, ori=0.0, pos=array([-0.4,  0. ]), size=array([0.4, 0.4]), texRes=128, units='height', win=Window(...))
15.2073 	EXP 	window1: mouseVisible = True
15.2220 	EXP 	Created right = ImageStim(__class__=<class 'psychopy.visual.image.ImageStim'>, anchor=('center', 'center'), autoLog=True, color=array([1., 1., 1.]), colorSpace='rgb', contrast=1.0, depth=-1.0, draggable=False, flipHoriz=False, flipVert=False, image='default.png', interpolate=True, mask=None, maskParams=None, name='right', opacity=1.0, ori=0.0, pos=array([0.4, 0. ]), size=array([0.4, 0.4]), texRes=128, units='height', win=Window(...))
15.2221 	EXP 	window1: mouseVisible = True
15.2363 	EXP 	Created left_feedback = ImageStim(__class__=<class 'psychopy.visual.image.ImageStim'>, anchor=('center', 'center'), autoLog=True, color=array([1., 1., 1.]), colorSpace='rgb', contrast=1.0, depth=-1.0, draggable=False, flipHoriz=False, flipVert=False, image='default.png', interpolate=True, mask=None, maskParams=None, name='left_feedback', opacity=1.0, ori=0.0, pos=array([-0.4,  0. ]), size=array([0.4, 0.4]), texRes=128, units='height', win=Window(...))
15.2364 	EXP 	window1: mouseVisible = True
15.2505 	EXP 	Created right_feedback = ImageStim(__class__=<class 'psychopy.visual.image.ImageStim'>, anchor=('center', 'center'), autoLog=True, color=array([1., 1., 1.]), colorSpace='rgb', contrast=1.0, depth=-2.0, draggable=False, flipHoriz=False, flipVert=False, image='default.png', interpolate=True, mask=None, maskParams=None, name='right_feedback', opacity=1.0, ori=0.0, pos=array([0.4, 0. ]), size=array([0.4, 0.4]), texRes=128, units='height', win=Window(...))
15.2506 	EXP 	window1: mouseVisible = True
15.2528 	EXP 	Created iti = ShapeStim(__class__=<class 'psychopy.visual.shape.ShapeStim'>, anchor=('center', 'center'), autoDraw=False, autoLog=True, closeShape=True, color=method-wrapper(...), colorSpace='rgb', contrast=None, depth=0.0, draggable=False, fillColor=array([1, 1, 1]), fillColorSpace='rgb', fillRGB=array([1, 1, 1]), interpolate=True, lineColor=array([1., 1., 1.]), lineColorSpace='rgb', lineRGB=array([1, 1, 1]), lineWidth=1, name='iti', opacity=1.0, ori=0.0, pos=array([0., 0.]), size=array([0.05, 0.05]), units='height', vertices=ndarray(...), win=Window(...), windingRule=None)
15.2530 	EXP 	window1: mouseVisible = True
15.2543 	EXP 	Created feedback_text = TextStim(__class__=<class 'psychopy.visual.text.TextStim'>, alignHoriz=method-wrapper(...), alignText='center', alignVert=method-wrapper(...), anchorHoriz='center', anchorVert='center', antialias=True, autoDraw=False, autoLog=True, bold=False, color=array([1., 1., 1.]), colorSpace='rgb', contrast=1.0, depth=-1.0, draggable=False, flipHoriz=False, flipVert=False, font='Arial', fontFiles=[], height=0.1, italic=False, languageStyle='LTR', name='feedback_text', opacity=1.0, ori=0, pos=array([0., 0.]), rgb=UNKNOWN, text='', units='height', win=Window(...), wrapWidth=1)
15.2545 	EXP 	window1: mouseVisible = True
15.2730 	EXP 	Created end_heading = TextStim(__class__=<class 'psychopy.visual.text.TextStim'>, alignHoriz=method-wrapper(...), alignText='center', alignVert=method-wrapper(...), anchorHoriz='center', anchorVert='center', antialias=True, autoDraw=False, autoLog=True, bold=False, color=array([ 1.,  1., -1.]), colorSpace='rgb', contrast=1.0, depth=-1.0, draggable=False, flipHoriz=False, flipVert=False, font='Arial', fontFiles=[], height=0.075, italic=False, languageStyle='LTR', name='end_heading', opacity=1.0, ori=0, pos=array([0. , 0.4]), rgb=UNKNOWN, text='Experiment complete!', units='height', win=Window(...), wrapWidth=1)
15.2732 	EXP 	window1: mouseVisible = True
15.2746 	EXP 	Created end_text = TextStim(__class__=<class 'psychopy.visual.text.TextStim'>, alignHoriz=method-wrapper(...), alignText='center', alignVert=method-wrapper(...), anchorHoriz='center', anchorVert='center', antialias=True, autoDraw=False, autoLog=True, bold=False, color=array([1., 1., 1.]), colorSpace='rgb', contrast=1.0, depth=-2.0, draggable=False, flipHoriz=False, flipVert=False, font='Arial', fontFiles=[], height=0.05, italic=False, languageStyle='LTR', name='end_text', opacity=1.0, ori=0, pos=array([0., 0.]), rgb=UNKNOWN, text='', units='height', win=Window(...), wrapWidth=1)
15.2747 	EXP 	window1: mouseVisible = True
15.2881 	EXP 	Created text_4 = TextStim(__class__=<class 'psychopy.visual.text.TextStim'>, alignHoriz=method-wrapper(...), alignText='center', alignVert=method-wrapper(...), anchorHoriz='center', anchorVert='center', antialias=True, autoDraw=False, autoLog=True, bold=False, color=array([1., 1., 1.]), colorSpace='rgb', contrast=1.0, depth=-4.0, draggable=False, flipHoriz=False, flipVert=False, font='Arial', fontFiles=[], height=0.08, italic=False, languageStyle='LTR', name='text_4', opacity=1.0, ori=0, pos=array([ 0. , -0.4]), rgb=UNKNOWN, text='Press SPACE to exit.', units='height', win=Window(...), wrapWidth=1)
0.0173 	EXP 	intro_text: autoDraw = True
2.4736 	DATA 	Keypress: space
2.4846 	EXP 	intro_text: autoDraw = False
2.4846 	EXP 	instr_1: autoDraw = True
2.8471 	DATA 	Keypress: space
2.8581 	EXP 	instr_1: autoDraw = False
2.8581 	EXP 	instr_2: autoDraw = True
3.1004 	DATA 	Keypress: space
3.1115 	EXP 	instr_2: autoDraw = False
3.1115 	EXP 	instr_3: autoDraw = True
3.3942 	DATA 	Keypress: space
3.4050 	EXP 	instr_3: autoDraw = False
3.4050 	EXP 	read_prac: autoDraw = True
3.6804 	EXP 	Imported orders/prac_stim-order.csv as conditions, 16 conditions, 21 params
3.6807 	EXP 	Created sequence: sequential, trialTypes=16, nReps=1, seed=None
3.6809 	EXP 	New trial (rep=0, index=0): OrderedDict([('subject', 14), ('type', 0), ('condition', 'self'), ('goal', 'win'), ('block', 'practice'), ('block_num', 1), ('block_instr_text', 'Play to WIN points'), ('trial_num', 0), ('stim_0', 'stimuli/slotA_up.jpg'), ('stim_0_value', 1), ('stim_1', 'stimuli/slotB_up.jpg'), ('stim_1_value', 0), ('position_changed', 1), ('stim_left', 2), ('stim_right', 1), ('stim_left_name', 'stimuli/slotB_up.jpg'), ('stim_right_name', 'stimuli/slotA_up.jpg'), ('stim_left_name_feedback', 'stimuli/slotB_down.jpg'), ('stim_right_name_feedback', 'stimuli/slotA_down.jpg'), ('optimal_stim', 'stimuli/slotA_up.jpg'), ('optimal_choice', 'right')])
3.6920 	DATA 	Keypress: space
3.6984 	EXP 	read_prac: autoDraw = False
3.6984 	EXP 	BlockInstr_disp: height = 0.08
3.6984 	EXP 	BlockInstr_disp: height = 0.08
3.6984 	EXP 	BlockInstr_disp: height = 0.08
3.6984 	EXP 	BlockInstr_disp: text = 'Play to WIN points'
3.6984 	EXP 	BlockInstr_disp: autoDraw = True
3.9535 	DATA 	Keypress: space
8.6870 	EXP 	BlockInstr_disp: autoDraw = False
8.6870 	EXP 	iti: autoDraw = True
9.2738 	EXP 	iti: autoDraw = False
9.2738 	EXP 	left: image = 'stimuli/slotB_up.jpg'
9.2738 	EXP 	right: image = 'stimuli/slotA_up.jpg'
9.2738 	EXP 	left: autoDraw = True
9.2738 	EXP 	right: autoDraw = True
11.2883 	EXP 	left: autoDraw = False
11.2883 	EXP 	right: autoDraw = False
11.2883 	EXP 	left_feedback: image = 'stimuli/slotB_up.jpg'
11.2883 	EXP 	right_feedback: image = 'stimuli/slotA_up.jpg'
11.2883 	EXP 	left_feedback: autoDraw = True
11.2883 	EXP 	right_feedback: autoDraw = True
11.6881 	EXP 	left_feedback: autoDraw = False
11.6881 	EXP 	right_feedback: autoDraw = False
11.6881 	EXP 	iti: autoDraw = True
12.1949 	EXP 	iti: autoDraw = False
12.1949 	EXP 	feedback_text: height = 0.1
12.1949 	EXP 	feedback_text: height = 0.1
12.1949 	EXP 	feedback_text: height = 0.1
12.1949 	EXP 	feedback_text: text = 'missed'
12.1949 	EXP 	feedback_text: autoDraw = True
13.6758 	EXP 	New trial (rep=0, index=1): OrderedDict([('subject', 14), ('type', 0), ('condition', 'self'), ('goal', 'win'), ('block', 'practice'), ('block_num', 1), ('block_instr_text', 'Play to WIN points'), ('trial_num', 1), ('stim_0', 'stimuli/slotA_up.jpg'), ('stim_0_value', 1), ('stim_1', 'stimuli/slotB_up.jpg'), ('stim_1_value', 0), ('position_changed', 0), ('stim_left', 1), ('stim_right', 2), ('stim_left_name', 'stimuli/slotA_up.jpg'), ('stim_right_name', 'stimuli/slotB_up.jpg'), ('stim_left_name_feedback', 'stimuli/slotA_down.jpg'), ('stim_right_name_feedback', 'stimuli/slotB_down.jpg'), ('optimal_stim', 'stimuli/slotA_up.jpg'), ('optimal_choice', 'left')])
13.6889 	EXP 	feedback_text: autoDraw = False
13.6889 	EXP 	BlockInstr_disp: text = 'Play to WIN points'
13.6889 	EXP 	BlockInstr_disp: autoDraw = True
13.6889 	EXP 	BlockInstr_disp: autoDraw = False
13.6889 	EXP 	iti: autoDraw = True
14.2090 	EXP 	iti: autoDraw = False
14.2090 	EXP 	left: image = 'stimuli/slotA_up.jpg'
14.2090 	EXP 	right: image = 'stimuli/slotB_up.jpg'
14.2090 	EXP 	left: autoDraw = True
14.2090 	EXP 	right: autoDraw = True
15.5307 	DATA 	Keypress: escape
15.5968 	EXP 	two-armed-bandit: status = STOPPED
15.6095 	EXP 	left: autoDraw = False
15.6095 	EXP 	right: autoDraw = False
15.6095 	EXP 	two-armed-bandit: status = STOPPED
15.6696 	EXP 	window1: mouseVisible = True
