7.7555 	WARNING 	We strongly recommend you activate the PTB sound engine in PsychoPy prefs as the preferred audio engine. Its timing is vastly superior. Your prefs are currently set to use ['sounddevice', 'PTB', 'pyo', 'pygame'] (in that order).
26.4649 	WARNING 	User requested fullscreen with size [1024  768], but screen is actually [1920, 1080]. Using actual size
28.2237 	DATA 	Mouse: Left button down, pos=(545,775)
28.2245 	DATA 	Mouse:  Left button up, pos=(545,775)
30.0458 	WARNING 	Couldn't measure a consistent frame rate.
  - Is your graphics card set to sync to vertical blank?
  - Are you running other processes on your computer?

30.0465 	EXP 	Created window1 = Window(allowGUI=False, allowStencil=False, autoLog=True, backendConf=UNKNOWN, bitsMode=UNKNOWN, blendMode='avg', bpc=(8, 8, 8), color=array([0, 0, 0]), colorSpace='rgb', depthBits=8, fullscr=<method-wrapper '__getattribute__' of attributeSetter object at 0x0000023BEE6E1C50>, gamma=None, gammaErrorPolicy='raise', lms=UNKNOWN, monitor=<psychopy.monitors.calibTools.Monitor object at 0x0000023BEE6CC160>, multiSample=False, name='window1', numSamples=2, pos=[0.0, 0.0], screen=0, size=array([1920, 1080]), stencilBits=0, stereo=False, units='height', useFBO=True, useRetina=False, viewOri=0.0, viewPos=None, viewScale=None, waitBlanking=True, winType='pyglet')
30.0472 	EXP 	window1: mouseVisible = True
30.0473 	EXP 	window1: recordFrameIntervals = False
30.2082 	EXP 	window1: recordFrameIntervals = True
30.2461 	WARNING 	t of last frame was 20.15ms (=1/49)
30.2667 	WARNING 	t of last frame was 20.58ms (=1/48)
30.3182 	WARNING 	t of last frame was 26.77ms (=1/37)
30.3622 	WARNING 	t of last frame was 20.42ms (=1/48)
30.5328 	WARNING 	Multiple dropped frames have occurred - I'll stop bothering you about them!
31.8623 	WARNING 	Couldn't measure a consistent frame rate.
  - Is your graphics card set to sync to vertical blank?
  - Are you running other processes on your computer?

32.8903 	EXP 	Created instructions = TextStim(__class__=<class 'psychopy.visual.text.TextStim'>, alignHoriz=method-wrapper(...), alignText='center', alignVert=method-wrapper(...), anchorHoriz='center', anchorVert='center', antialias=True, autoLog=True, bold=False, color=array([1., 1., 1.]), colorSpace='rgb', contrast=1.0, depth=0.0, flipHoriz=False, flipVert=False, font='Arial', fontFiles=[], height=0.03, italic=False, languageStyle='LTR', name='instructions', opacity=1, ori=0, pos=array([0., 0.]), rgb=UNKNOWN, text=str(...), units='height', win=Window(...), wrapWidth=1)
32.9098 	EXP 	Created cont_button_2 = ImageStim(__class__=<class 'psychopy.visual.image.ImageStim'>, autoLog=True, color=array([1., 1., 1.]), colorSpace='rgb', contrast=1.0, depth=-1.0, flipHoriz=False, flipVert=False, image='continue.png', interpolate=True, mask=None, maskParams=None, name='cont_button_2', opacity=1, ori=0.0, pos=array([ 0. , -0.4]), size=array([0.3 , 0.07]), texRes=128.0, units='height', win=Window(...))
32.9099 	EXP 	window1: mouseVisible = True
32.9123 	EXP 	Created fixation = TextStim(__class__=<class 'psychopy.visual.text.TextStim'>, alignHoriz=method-wrapper(...), alignText='center', alignVert=method-wrapper(...), anchorHoriz='center', anchorVert='center', antialias=True, autoLog=True, bold=False, color=array([1., 1., 1.]), colorSpace='rgb', contrast=1.0, depth=0.0, flipHoriz=False, flipVert=False, font='Arial', fontFiles=[], height=0.1, italic=False, languageStyle='LTR', name='fixation', opacity=1, ori=0, pos=array([0., 0.]), rgb=UNKNOWN, text='', units='height', win=Window(...), wrapWidth=1)
32.9139 	EXP 	Created pres_text = TextStim(__class__=<class 'psychopy.visual.text.TextStim'>, alignHoriz=method-wrapper(...), alignText='center', alignVert=method-wrapper(...), anchorHoriz='center', anchorVert='center', antialias=True, autoLog=True, bold=False, color=array([1., 1., 1.]), colorSpace='rgb', contrast=1.0, depth=-1.0, flipHoriz=False, flipVert=False, font='Arial', fontFiles=[], height=0.1, italic=False, languageStyle='LTR', name='pres_text', opacity=1, ori=0, pos=array([0., 0.]), rgb=UNKNOWN, text='', units='height', win=Window(...), wrapWidth=1)
32.9351 	EXP 	Created recall_txt = TextStim(__class__=<class 'psychopy.visual.text.TextStim'>, alignHoriz=method-wrapper(...), alignText='center', alignVert=method-wrapper(...), anchorHoriz='center', anchorVert='center', antialias=True, autoLog=True, bold=False, color=array([1., 1., 1.]), colorSpace='rgb', contrast=1.0, depth=0.0, flipHoriz=False, flipVert=False, font='Arial', fontFiles=[], height=0.05, italic=False, languageStyle='LTR', name='recall_txt', opacity=1, ori=0, pos=array([0.  , 0.25]), rgb=UNKNOWN, text='Recordar', units='height', win=Window(...), wrapWidth=1)
32.9636 	EXP 	Created cont_button = ImageStim(__class__=<class 'psychopy.visual.image.ImageStim'>, autoLog=True, color=array([1., 1., 1.]), colorSpace='rgb', contrast=1.0, depth=-2.0, flipHoriz=False, flipVert=False, image='continue.png', interpolate=True, mask=None, maskParams=None, name='cont_button', opacity=1, ori=0.0, pos=array([ 0. , -0.4]), size=array([0.3 , 0.07]), texRes=128.0, units='height', win=Window(...))
32.9637 	EXP 	window1: mouseVisible = True
32.9656 	EXP 	Created feedback_text = TextStim(__class__=<class 'psychopy.visual.text.TextStim'>, alignHoriz=method-wrapper(...), alignText='center', alignVert=method-wrapper(...), anchorHoriz='center', anchorVert='center', antialias=True, autoLog=True, bold=False, color=array([1., 1., 1.]), colorSpace='rgb', contrast=1.0, depth=0.0, flipHoriz=False, flipVert=False, font='Arial', fontFiles=[], height=0.05, italic=False, languageStyle='LTR', name='feedback_text', opacity=1, ori=0, pos=array([0., 0.]), rgb=UNKNOWN, text='', units='height', win=Window(...), wrapWidth=1)
32.9853 	EXP 	Created thank_you = TextStim(__class__=<class 'psychopy.visual.text.TextStim'>, alignHoriz=method-wrapper(...), alignText='center', alignVert=method-wrapper(...), anchorHoriz='center', anchorVert='center', antialias=True, autoLog=True, bold=False, color=array([1., 1., 1.]), colorSpace='rgb', contrast=1.0, depth=0.0, flipHoriz=False, flipVert=False, font='Arial', fontFiles=[], height=0.05, italic=False, languageStyle='LTR', name='thank_you', opacity=1, ori=0, pos=array([0., 0.]), rgb=UNKNOWN, text=str(...), units='height', win=Window(...), wrapWidth=1)
32.9858 	DATA 	Mouse: Left button down, pos=(863,526)
32.9860 	DATA 	Mouse:  Left button up, pos=(863,526)
33.0584 	EXP 	textbox: autoLog = True
33.0584 	EXP 	instructions: autoDraw = True
33.0584 	EXP 	cont_button_2: autoDraw = True
34.9598 	DATA 	Mouse: Left button down, pos=(934,116)
35.0111 	EXP 	Imported choose_digitSpan.xlsx as conditions, 7 conditions, 1 params
35.0124 	EXP 	Created sequence: sequential, trialTypes=7, nReps=1, seed=None
35.0133 	EXP 	New trial (rep=0, index=0): {'condition_file': 'three.xlsx'}
35.0367 	EXP 	Imported three.xlsx as conditions, 3 conditions, 2 params
35.0380 	EXP 	Created sequence: sequential, trialTypes=3, nReps=1, seed=None
35.0388 	EXP 	New trial (rep=0, index=0): {'digitSpan': 3, 'digits': 217}
35.0401 	EXP 	Created sequence: sequential, trialTypes=1, nReps=3, seed=None
35.0406 	EXP 	New trial (rep=0, index=0): None
35.0558 	DATA 	Mouse:  Left button up, pos=(934,116)
35.0725 	EXP 	instructions: autoDraw = False
35.0725 	EXP 	cont_button_2: autoDraw = False
35.0725 	EXP 	pres_text: text = '2'
35.0725 	EXP 	fixation: autoDraw = True
36.0496 	EXP 	pres_text: autoDraw = True
36.0970 	EXP 	fixation: autoDraw = False
36.9806 	EXP 	New trial (rep=1, index=0): None
37.0133 	EXP 	fixation: autoDraw = False
37.0133 	EXP 	pres_text: autoDraw = False
37.0133 	EXP 	pres_text: text = '1'
37.0133 	EXP 	fixation: autoDraw = True
37.9808 	EXP 	pres_text: autoDraw = True
38.0299 	EXP 	fixation: autoDraw = False
38.9780 	EXP 	New trial (rep=2, index=0): None
39.0099 	EXP 	fixation: autoDraw = False
39.0099 	EXP 	pres_text: autoDraw = False
39.0099 	EXP 	pres_text: text = '7'
39.0099 	EXP 	fixation: autoDraw = True
39.9949 	EXP 	pres_text: autoDraw = True
40.0240 	EXP 	fixation: autoDraw = False
41.0102 	EXP 	fixation: autoDraw = False
41.0102 	EXP 	pres_text: autoDraw = False
41.0102 	EXP 	recall_txt: autoDraw = True
41.0102 	EXP 	textbox: autoDraw = True
41.0102 	EXP 	cont_button: autoDraw = True
42.4607 	DATA 	Keypress: 2
42.6813 	DATA 	Keypress: 1
43.4442 	DATA 	Keypress: 7
43.7604 	DATA 	Keypress: return
44.9806 	DATA 	Keypress: backspace
45.6973 	DATA 	Mouse: Left button down, pos=(934,116)
45.7363 	DATA 	Mouse:  Left button up, pos=(934,116)
45.7402 	EXP 	recall_txt: autoDraw = False
45.7402 	EXP 	textbox: autoDraw = False
45.7402 	EXP 	cont_button: autoDraw = False
45.7402 	EXP 	feedback_text: text = 'Correct!'
45.7402 	EXP 	feedback_text: autoDraw = True
46.7254 	EXP 	New trial (rep=0, index=1): {'digitSpan': 3, 'digits': 486}
46.7262 	EXP 	Created sequence: sequential, trialTypes=1, nReps=3, seed=None
46.7266 	EXP 	New trial (rep=0, index=0): None
46.7565 	EXP 	feedback_text: autoDraw = False
46.7565 	EXP 	pres_text: text = '4'
46.7565 	EXP 	fixation: autoDraw = True
47.7454 	EXP 	pres_text: autoDraw = True
47.7714 	EXP 	fixation: autoDraw = False
48.7282 	EXP 	New trial (rep=1, index=0): None
48.7495 	EXP 	fixation: autoDraw = False
48.7495 	EXP 	pres_text: autoDraw = False
48.7495 	EXP 	pres_text: text = '8'
48.7495 	EXP 	fixation: autoDraw = True
49.7485 	EXP 	pres_text: autoDraw = True
49.7690 	EXP 	fixation: autoDraw = False
50.7241 	EXP 	New trial (rep=2, index=0): None
50.7549 	EXP 	fixation: autoDraw = False
50.7549 	EXP 	pres_text: autoDraw = False
50.7549 	EXP 	pres_text: text = '6'
50.7549 	EXP 	fixation: autoDraw = True
51.7380 	EXP 	pres_text: autoDraw = True
51.7584 	EXP 	fixation: autoDraw = False
52.7475 	EXP 	fixation: autoDraw = False
52.7475 	EXP 	pres_text: autoDraw = False
52.7475 	EXP 	recall_txt: autoDraw = True
52.7475 	EXP 	textbox: autoDraw = True
52.7475 	EXP 	cont_button: autoDraw = True
66.7568 	DATA 	Keypress: 3
66.9409 	DATA 	Keypress: 2
67.3371 	DATA 	Keypress: 4
68.7455 	DATA 	Keypress: return
70.4570 	DATA 	Keypress: backspace
71.7349 	DATA 	Mouse: Left button down, pos=(1001,117)
71.7644 	EXP 	recall_txt: autoDraw = False
71.7644 	EXP 	textbox: autoDraw = False
71.7644 	EXP 	cont_button: autoDraw = False
71.7644 	EXP 	feedback_text: text = 'Incorrect'
71.7644 	EXP 	feedback_text: autoDraw = True
71.7975 	DATA 	Mouse:  Left button up, pos=(1004,117)
72.7661 	EXP 	New trial (rep=0, index=2): {'digitSpan': 3, 'digits': 760}
72.7671 	EXP 	Created sequence: sequential, trialTypes=1, nReps=3, seed=None
72.7675 	EXP 	New trial (rep=0, index=0): None
72.7875 	EXP 	feedback_text: autoDraw = False
72.7875 	EXP 	pres_text: text = '7'
72.7875 	EXP 	fixation: autoDraw = True
73.7833 	EXP 	pres_text: autoDraw = True
73.8070 	EXP 	fixation: autoDraw = False
74.7528 	EXP 	New trial (rep=1, index=0): None
74.7642 	EXP 	fixation: autoDraw = False
74.7642 	EXP 	pres_text: autoDraw = False
74.7642 	EXP 	pres_text: text = '6'
74.7642 	EXP 	fixation: autoDraw = True
75.7614 	EXP 	fixation: autoDraw = False
75.7614 	EXP 	pres_text: autoDraw = True
76.7652 	EXP 	New trial (rep=2, index=0): None
76.7924 	EXP 	fixation: autoDraw = False
76.7924 	EXP 	pres_text: autoDraw = False
76.7924 	EXP 	pres_text: text = '0'
76.7924 	EXP 	fixation: autoDraw = True
77.7756 	EXP 	pres_text: autoDraw = True
77.7905 	EXP 	fixation: autoDraw = False
78.7858 	EXP 	fixation: autoDraw = False
78.7858 	EXP 	pres_text: autoDraw = False
78.7858 	EXP 	recall_txt: autoDraw = True
78.7858 	EXP 	textbox: autoDraw = True
78.7858 	EXP 	cont_button: autoDraw = True
80.7433 	DATA 	Keypress: 2
80.9116 	DATA 	Keypress: 3
81.4274 	DATA 	Keypress: 4
82.0800 	DATA 	Keypress: return
82.6231 	DATA 	Mouse: Left button down, pos=(985,97)
82.6401 	EXP 	recall_txt: autoDraw = False
82.6401 	EXP 	textbox: autoDraw = False
82.6401 	EXP 	cont_button: autoDraw = False
82.6401 	EXP 	feedback_text: text = 'Incorrect'
82.6401 	EXP 	feedback_text: autoDraw = True
82.7336 	DATA 	Mouse:  Left button up, pos=(985,97)
83.6285 	EXP 	New trial (rep=0, index=1): {'condition_file': 'four.xlsx'}
83.6667 	EXP 	Imported four.xlsx as conditions, 3 conditions, 2 params
83.6671 	EXP 	Created sequence: sequential, trialTypes=3, nReps=1, seed=None
83.6674 	EXP 	New trial (rep=0, index=0): {'digitSpan': 4, 'digits': 3141}
83.6677 	EXP 	Created sequence: sequential, trialTypes=1, nReps=4, seed=None
83.6679 	EXP 	New trial (rep=0, index=0): None
83.6789 	EXP 	feedback_text: autoDraw = False
83.6789 	EXP 	feedback_text: autoDraw = False
83.6789 	EXP 	pres_text: text = '3'
83.6789 	EXP 	fixation: autoDraw = True
84.6759 	EXP 	pres_text: autoDraw = True
84.7019 	EXP 	fixation: autoDraw = False
85.6331 	EXP 	New trial (rep=1, index=0): None
85.6433 	EXP 	fixation: autoDraw = False
85.6433 	EXP 	pres_text: autoDraw = False
85.6433 	EXP 	pres_text: text = '1'
85.6433 	EXP 	fixation: autoDraw = True
86.6322 	EXP 	pres_text: autoDraw = True
86.6547 	EXP 	fixation: autoDraw = False
87.6222 	EXP 	New trial (rep=2, index=0): None
87.6433 	EXP 	pres_text: autoDraw = False
87.6433 	EXP 	fixation: autoDraw = False
87.6433 	EXP 	pres_text: autoDraw = False
87.6433 	EXP 	pres_text: text = '4'
87.6433 	EXP 	fixation: autoDraw = True
88.6244 	EXP 	pres_text: autoDraw = True
88.6713 	EXP 	fixation: autoDraw = False
89.6310 	EXP 	New trial (rep=3, index=0): None
89.6434 	EXP 	pres_text: autoDraw = False
89.6434 	EXP 	fixation: autoDraw = False
89.6434 	EXP 	pres_text: autoDraw = False
89.6434 	EXP 	pres_text: text = '1'
89.6434 	EXP 	fixation: autoDraw = True
90.6448 	EXP 	pres_text: autoDraw = True
90.6674 	EXP 	fixation: autoDraw = False
91.6549 	EXP 	fixation: autoDraw = False
91.6549 	EXP 	pres_text: autoDraw = False
91.6549 	EXP 	recall_txt: autoDraw = True
91.6549 	EXP 	textbox: autoDraw = True
91.6549 	EXP 	cont_button: autoDraw = True
92.5542 	DATA 	Keypress: 1
92.8411 	DATA 	Keypress: 4
93.0409 	DATA 	Keypress: 1
94.2252 	DATA 	Mouse: Left button down, pos=(927,123)
94.2597 	EXP 	recall_txt: autoDraw = False
94.2597 	EXP 	textbox: autoDraw = False
94.2597 	EXP 	cont_button: autoDraw = False
94.2597 	EXP 	feedback_text: text = 'Incorrect'
94.2597 	EXP 	feedback_text: autoDraw = True
94.3435 	DATA 	Mouse:  Left button up, pos=(927,123)
95.2563 	EXP 	New trial (rep=0, index=1): {'digitSpan': 4, 'digits': 6351}
95.2569 	EXP 	Created sequence: sequential, trialTypes=1, nReps=4, seed=None
95.2572 	EXP 	New trial (rep=0, index=0): None
95.2702 	EXP 	feedback_text: autoDraw = False
95.2702 	EXP 	pres_text: text = '6'
95.2702 	EXP 	fixation: autoDraw = True
96.2542 	EXP 	pres_text: autoDraw = True
96.2683 	EXP 	fixation: autoDraw = False
97.2566 	EXP 	New trial (rep=1, index=0): None
97.2807 	EXP 	fixation: autoDraw = False
97.2807 	EXP 	pres_text: autoDraw = False
97.2807 	EXP 	pres_text: text = '3'
97.2807 	EXP 	fixation: autoDraw = True
98.2564 	EXP 	pres_text: autoDraw = True
98.3072 	EXP 	fixation: autoDraw = False
99.2497 	EXP 	New trial (rep=2, index=0): None
99.2672 	EXP 	fixation: autoDraw = False
99.2672 	EXP 	pres_text: autoDraw = False
99.2672 	EXP 	pres_text: text = '5'
99.2672 	EXP 	fixation: autoDraw = True
100.2523 	EXP 	pres_text: autoDraw = True
100.2712 	EXP 	fixation: autoDraw = False
101.2415 	EXP 	New trial (rep=3, index=0): None
101.2608 	EXP 	pres_text: autoDraw = False
101.2608 	EXP 	fixation: autoDraw = False
101.2608 	EXP 	pres_text: autoDraw = False
101.2608 	EXP 	pres_text: text = '1'
101.2608 	EXP 	fixation: autoDraw = True
102.2502 	EXP 	pres_text: autoDraw = True
102.2675 	EXP 	fixation: autoDraw = False
103.2634 	EXP 	pres_text: autoDraw = False
103.2634 	EXP 	fixation: autoDraw = False
103.2634 	EXP 	pres_text: autoDraw = False
103.2634 	EXP 	recall_txt: autoDraw = True
103.2634 	EXP 	textbox: autoDraw = True
103.2634 	EXP 	cont_button: autoDraw = True
104.2686 	DATA 	Keypress: 6
104.8681 	DATA 	Keypress: 3
105.8217 	DATA 	Keypress: 5
106.2363 	DATA 	Keypress: 1
108.2144 	DATA 	Mouse: Left button down, pos=(991,97)
108.2499 	EXP 	recall_txt: autoDraw = False
108.2499 	EXP 	textbox: autoDraw = False
108.2499 	EXP 	cont_button: autoDraw = False
108.2499 	EXP 	feedback_text: text = 'Correct!'
108.2499 	EXP 	feedback_text: autoDraw = True
108.2774 	DATA 	Mouse:  Left button up, pos=(991,97)
109.2330 	EXP 	New trial (rep=0, index=2): {'digitSpan': 4, 'digits': 2391}
109.2336 	EXP 	Created sequence: sequential, trialTypes=1, nReps=4, seed=None
109.2338 	EXP 	New trial (rep=0, index=0): None
109.2496 	EXP 	feedback_text: autoDraw = False
109.2496 	EXP 	pres_text: text = '2'
109.2496 	EXP 	fixation: autoDraw = True
110.2319 	EXP 	pres_text: autoDraw = True
110.2774 	EXP 	fixation: autoDraw = False
111.2344 	EXP 	New trial (rep=1, index=0): None
111.2564 	EXP 	fixation: autoDraw = False
111.2564 	EXP 	pres_text: autoDraw = False
111.2564 	EXP 	pres_text: text = '3'
111.2564 	EXP 	fixation: autoDraw = True
112.2570 	EXP 	pres_text: autoDraw = True
112.2802 	EXP 	fixation: autoDraw = False
113.2363 	EXP 	New trial (rep=2, index=0): None
113.2621 	EXP 	fixation: autoDraw = False
113.2621 	EXP 	pres_text: autoDraw = False
113.2621 	EXP 	pres_text: text = '9'
113.2621 	EXP 	fixation: autoDraw = True
114.2536 	EXP 	pres_text: autoDraw = True
114.2634 	EXP 	fixation: autoDraw = False
115.2364 	EXP 	New trial (rep=3, index=0): None
115.2507 	EXP 	fixation: autoDraw = False
115.2507 	EXP 	pres_text: autoDraw = False
115.2507 	EXP 	pres_text: text = '1'
115.2507 	EXP 	fixation: autoDraw = True
116.2488 	EXP 	pres_text: autoDraw = True
116.2797 	EXP 	fixation: autoDraw = False
117.2724 	EXP 	fixation: autoDraw = False
117.2724 	EXP 	pres_text: autoDraw = False
117.2724 	EXP 	recall_txt: autoDraw = True
117.2724 	EXP 	textbox: autoDraw = True
117.2724 	EXP 	cont_button: autoDraw = True
117.7647 	DATA 	Keypress: 2
117.9865 	DATA 	Keypress: 3
118.5305 	DATA 	Keypress: 9
118.9760 	DATA 	Keypress: 1
120.4321 	DATA 	Mouse: Left button down, pos=(996,92)
120.4622 	EXP 	recall_txt: autoDraw = False
120.4622 	EXP 	textbox: autoDraw = False
120.4622 	EXP 	cont_button: autoDraw = False
120.4622 	EXP 	feedback_text: text = 'Correct!'
120.4622 	EXP 	feedback_text: autoDraw = True
120.5114 	DATA 	Mouse:  Left button up, pos=(996,92)
121.4571 	EXP 	New trial (rep=0, index=2): {'condition_file': 'five.xlsx'}
121.4933 	EXP 	Imported five.xlsx as conditions, 3 conditions, 2 params
121.4944 	EXP 	Created sequence: sequential, trialTypes=3, nReps=1, seed=None
121.4950 	EXP 	New trial (rep=0, index=0): {'digitSpan': 5, 'digits': 14932}
121.4956 	EXP 	Created sequence: sequential, trialTypes=1, nReps=5, seed=None
121.4960 	EXP 	New trial (rep=0, index=0): None
121.5041 	EXP 	feedback_text: autoDraw = False
121.5041 	EXP 	pres_text: text = '1'
121.5041 	EXP 	fixation: autoDraw = True
122.4958 	EXP 	pres_text: autoDraw = True
122.5257 	EXP 	fixation: autoDraw = False
123.4703 	EXP 	New trial (rep=1, index=0): None
123.4900 	EXP 	fixation: autoDraw = False
123.4900 	EXP 	pres_text: autoDraw = False
123.4900 	EXP 	pres_text: text = '4'
123.4900 	EXP 	fixation: autoDraw = True
124.4713 	EXP 	pres_text: autoDraw = True
124.5144 	EXP 	fixation: autoDraw = False
125.4580 	EXP 	New trial (rep=2, index=0): None
125.4768 	EXP 	fixation: autoDraw = False
125.4768 	EXP 	pres_text: autoDraw = False
125.4768 	EXP 	pres_text: text = '9'
125.4768 	EXP 	fixation: autoDraw = True
126.4616 	EXP 	pres_text: autoDraw = True
126.4925 	EXP 	fixation: autoDraw = False
127.4651 	EXP 	New trial (rep=3, index=0): None
127.4780 	EXP 	fixation: autoDraw = False
127.4780 	EXP 	pres_text: autoDraw = False
127.4780 	EXP 	pres_text: text = '3'
127.4780 	EXP 	fixation: autoDraw = True
128.4911 	EXP 	fixation: autoDraw = False
128.4911 	EXP 	pres_text: autoDraw = True
129.4582 	EXP 	New trial (rep=4, index=0): None
129.4797 	EXP 	fixation: autoDraw = False
129.4797 	EXP 	pres_text: autoDraw = False
129.4797 	EXP 	pres_text: text = '2'
129.4797 	EXP 	fixation: autoDraw = True
130.4568 	EXP 	pres_text: autoDraw = True
130.4990 	EXP 	fixation: autoDraw = False
131.4883 	EXP 	fixation: autoDraw = False
131.4883 	EXP 	pres_text: autoDraw = False
131.4883 	EXP 	recall_txt: autoDraw = True
131.4883 	EXP 	textbox: autoDraw = True
131.4883 	EXP 	cont_button: autoDraw = True
131.9854 	DATA 	Keypress: 2
132.1238 	DATA 	Keypress: 3
132.3392 	DATA 	Keypress: 1
132.7074 	DATA 	Keypress: 2
132.9984 	DATA 	Keypress: 3
133.5688 	DATA 	Mouse: Left button down, pos=(996,92)
133.6186 	EXP 	recall_txt: autoDraw = False
133.6186 	EXP 	textbox: autoDraw = False
133.6186 	EXP 	cont_button: autoDraw = False
133.6186 	EXP 	feedback_text: text = 'Incorrect'
133.6186 	EXP 	feedback_text: autoDraw = True
133.6944 	DATA 	Mouse:  Left button up, pos=(996,92)
134.5961 	EXP 	New trial (rep=0, index=1): {'digitSpan': 5, 'digits': 10646}
134.5969 	EXP 	Created sequence: sequential, trialTypes=1, nReps=5, seed=None
134.5973 	EXP 	New trial (rep=0, index=0): None
134.6085 	EXP 	feedback_text: autoDraw = False
134.6085 	EXP 	pres_text: text = '1'
134.6085 	EXP 	fixation: autoDraw = True
135.6063 	EXP 	pres_text: autoDraw = True
135.6213 	EXP 	fixation: autoDraw = False
136.6084 	EXP 	New trial (rep=1, index=0): None
136.6229 	EXP 	fixation: autoDraw = False
136.6229 	EXP 	pres_text: autoDraw = False
136.6229 	EXP 	pres_text: text = '0'
136.6229 	EXP 	fixation: autoDraw = True
137.6071 	EXP 	pres_text: autoDraw = True
137.6180 	EXP 	fixation: autoDraw = False
138.5964 	EXP 	New trial (rep=2, index=0): None
138.6174 	EXP 	fixation: autoDraw = False
138.6174 	EXP 	pres_text: autoDraw = False
138.6174 	EXP 	pres_text: text = '6'
138.6174 	EXP 	fixation: autoDraw = True
139.6160 	EXP 	pres_text: autoDraw = True
139.6366 	EXP 	fixation: autoDraw = False
140.6020 	EXP 	New trial (rep=3, index=0): None
140.6286 	EXP 	fixation: autoDraw = False
140.6286 	EXP 	pres_text: autoDraw = False
140.6286 	EXP 	pres_text: text = '4'
140.6286 	EXP 	fixation: autoDraw = True
141.6015 	EXP 	pres_text: autoDraw = True
141.6509 	EXP 	fixation: autoDraw = False
142.5952 	EXP 	New trial (rep=4, index=0): None
142.6195 	EXP 	pres_text: autoDraw = False
142.6195 	EXP 	fixation: autoDraw = False
142.6195 	EXP 	pres_text: autoDraw = False
142.6195 	EXP 	pres_text: text = '6'
142.6195 	EXP 	fixation: autoDraw = True
143.6142 	EXP 	pres_text: autoDraw = True
143.6297 	EXP 	fixation: autoDraw = False
144.6340 	EXP 	fixation: autoDraw = False
144.6340 	EXP 	pres_text: autoDraw = False
144.6340 	EXP 	recall_txt: autoDraw = True
144.6340 	EXP 	textbox: autoDraw = True
144.6340 	EXP 	cont_button: autoDraw = True
147.0041 	DATA 	Keypress: 2
147.1703 	DATA 	Keypress: 3
147.4042 	DATA 	Keypress: 4
147.7529 	DATA 	Keypress: 3
147.9994 	DATA 	Keypress: 2
148.6329 	DATA 	Mouse: Left button down, pos=(996,92)
148.6748 	EXP 	recall_txt: autoDraw = False
148.6748 	EXP 	textbox: autoDraw = False
148.6748 	EXP 	cont_button: autoDraw = False
148.6748 	EXP 	feedback_text: text = 'Incorrect'
148.6748 	EXP 	feedback_text: autoDraw = True
148.7894 	DATA 	Mouse:  Left button up, pos=(996,92)
149.6656 	EXP 	New trial (rep=0, index=2): {'digitSpan': 5, 'digits': 74832}
149.6665 	EXP 	Created sequence: sequential, trialTypes=1, nReps=5, seed=None
149.6668 	EXP 	New trial (rep=0, index=0): None
149.6810 	EXP 	feedback_text: autoDraw = False
149.6810 	EXP 	pres_text: text = '7'
149.6810 	EXP 	fixation: autoDraw = True
150.6762 	EXP 	pres_text: autoDraw = True
150.6957 	EXP 	fixation: autoDraw = False
151.6715 	EXP 	New trial (rep=1, index=0): None
151.6881 	EXP 	fixation: autoDraw = False
151.6881 	EXP 	pres_text: autoDraw = False
151.6881 	EXP 	pres_text: text = '4'
151.6881 	EXP 	fixation: autoDraw = True
152.6968 	EXP 	fixation: autoDraw = False
152.6968 	EXP 	pres_text: autoDraw = True
153.6697 	EXP 	New trial (rep=2, index=0): None
153.6807 	EXP 	fixation: autoDraw = False
153.6807 	EXP 	pres_text: autoDraw = False
153.6807 	EXP 	pres_text: text = '8'
153.6807 	EXP 	fixation: autoDraw = True
154.6806 	EXP 	fixation: autoDraw = False
154.6806 	EXP 	pres_text: autoDraw = True
155.6652 	EXP 	New trial (rep=3, index=0): None
155.6900 	EXP 	fixation: autoDraw = False
155.6900 	EXP 	pres_text: autoDraw = False
155.6900 	EXP 	pres_text: text = '3'
155.6900 	EXP 	fixation: autoDraw = True
156.6693 	EXP 	pres_text: autoDraw = True
156.7164 	EXP 	fixation: autoDraw = False
157.6773 	EXP 	New trial (rep=4, index=0): None
157.6991 	EXP 	fixation: autoDraw = False
157.6991 	EXP 	pres_text: autoDraw = False
157.6991 	EXP 	pres_text: text = '2'
157.6991 	EXP 	fixation: autoDraw = True
158.6820 	EXP 	pres_text: autoDraw = True
158.7068 	EXP 	fixation: autoDraw = False
159.7022 	EXP 	fixation: autoDraw = False
159.7022 	EXP 	pres_text: autoDraw = False
159.7022 	EXP 	recall_txt: autoDraw = True
159.7022 	EXP 	textbox: autoDraw = True
159.7022 	EXP 	cont_button: autoDraw = True
162.8090 	DATA 	Keypress: 2
163.1173 	DATA 	Keypress: 3
163.3827 	DATA 	Keypress: 1
164.0936 	DATA 	Keypress: 4
164.3590 	DATA 	Keypress: 2
165.2117 	DATA 	Mouse: Left button down, pos=(996,92)
165.2495 	EXP 	recall_txt: autoDraw = False
165.2495 	EXP 	textbox: autoDraw = False
165.2495 	EXP 	cont_button: autoDraw = False
165.2495 	EXP 	feedback_text: text = 'Incorrect'
165.2495 	EXP 	feedback_text: autoDraw = True
165.3431 	DATA 	Mouse:  Left button up, pos=(996,92)
166.2453 	EXP 	New trial (rep=0, index=3): {'condition_file': 'six.xlsx'}
166.2712 	EXP 	Imported six.xlsx as conditions, 3 conditions, 2 params
166.2721 	EXP 	Created sequence: sequential, trialTypes=3, nReps=1, seed=None
166.2726 	EXP 	New trial (rep=0, index=0): {'digitSpan': 6, 'digits': 934648}
166.2732 	EXP 	Created sequence: sequential, trialTypes=1, nReps=6, seed=None
166.2737 	EXP 	New trial (rep=0, index=0): None
166.2925 	EXP 	feedback_text: autoDraw = False
166.2925 	EXP 	pres_text: text = '9'
166.2925 	EXP 	fixation: autoDraw = True
167.2774 	EXP 	pres_text: autoDraw = True
167.2947 	EXP 	fixation: autoDraw = False
168.2426 	EXP 	New trial (rep=1, index=0): None
168.2709 	EXP 	fixation: autoDraw = False
168.2709 	EXP 	pres_text: autoDraw = False
168.2709 	EXP 	pres_text: text = '3'
168.2709 	EXP 	fixation: autoDraw = True
169.2436 	EXP 	pres_text: autoDraw = True
169.2929 	EXP 	fixation: autoDraw = False
170.2454 	EXP 	New trial (rep=2, index=0): None
170.2677 	EXP 	fixation: autoDraw = False
170.2677 	EXP 	pres_text: autoDraw = False
170.2677 	EXP 	pres_text: text = '4'
170.2677 	EXP 	fixation: autoDraw = True
171.2599 	EXP 	pres_text: autoDraw = True
171.2902 	EXP 	fixation: autoDraw = False
172.2365 	EXP 	New trial (rep=3, index=0): None
172.2580 	EXP 	fixation: autoDraw = False
172.2580 	EXP 	pres_text: autoDraw = False
172.2580 	EXP 	pres_text: text = '6'
172.2580 	EXP 	fixation: autoDraw = True
173.2353 	EXP 	pres_text: autoDraw = True
173.2775 	EXP 	fixation: autoDraw = False
174.2431 	EXP 	New trial (rep=4, index=0): None
174.2642 	EXP 	fixation: autoDraw = False
174.2642 	EXP 	pres_text: autoDraw = False
174.2642 	EXP 	pres_text: text = '4'
174.2642 	EXP 	fixation: autoDraw = True
175.2731 	EXP 	fixation: autoDraw = False
175.2731 	EXP 	pres_text: autoDraw = True
176.2362 	EXP 	New trial (rep=5, index=0): None
176.2584 	EXP 	fixation: autoDraw = False
176.2584 	EXP 	pres_text: autoDraw = False
176.2584 	EXP 	pres_text: text = '8'
176.2584 	EXP 	fixation: autoDraw = True
177.2590 	EXP 	pres_text: autoDraw = True
177.2708 	EXP 	fixation: autoDraw = False
178.2670 	EXP 	fixation: autoDraw = False
178.2670 	EXP 	pres_text: autoDraw = False
178.2670 	EXP 	recall_txt: autoDraw = True
178.2670 	EXP 	textbox: autoDraw = True
178.2670 	EXP 	cont_button: autoDraw = True
188.2316 	DATA 	Keypress: 1
188.4844 	DATA 	Keypress: 2
188.6987 	DATA 	Keypress: 3
188.9509 	DATA 	Keypress: 4
189.2209 	DATA 	Keypress: 5
189.5011 	DATA 	Keypress: 6
190.0492 	DATA 	Mouse: Left button down, pos=(996,92)
190.0903 	EXP 	recall_txt: autoDraw = False
190.0903 	EXP 	textbox: autoDraw = False
190.0903 	EXP 	cont_button: autoDraw = False
190.0903 	EXP 	feedback_text: text = 'Incorrect'
190.0903 	EXP 	feedback_text: autoDraw = True
190.1168 	DATA 	Mouse:  Left button up, pos=(996,92)
191.0911 	EXP 	New trial (rep=0, index=1): {'digitSpan': 6, 'digits': 179390}
191.0927 	EXP 	Created sequence: sequential, trialTypes=1, nReps=6, seed=None
191.0933 	EXP 	New trial (rep=0, index=0): None
191.1164 	EXP 	feedback_text: autoDraw = False
191.1164 	EXP 	pres_text: text = '1'
191.1164 	EXP 	fixation: autoDraw = True
192.1022 	EXP 	pres_text: autoDraw = True
192.1367 	EXP 	fixation: autoDraw = False
193.0787 	EXP 	New trial (rep=1, index=0): None
193.1041 	EXP 	fixation: autoDraw = False
193.1041 	EXP 	pres_text: autoDraw = False
193.1041 	EXP 	pres_text: text = '7'
193.1041 	EXP 	fixation: autoDraw = True
194.0872 	EXP 	pres_text: autoDraw = True
194.1114 	EXP 	fixation: autoDraw = False
195.0799 	EXP 	New trial (rep=2, index=0): None
195.0985 	EXP 	fixation: autoDraw = False
195.0985 	EXP 	pres_text: autoDraw = False
195.0985 	EXP 	pres_text: text = '9'
195.0985 	EXP 	fixation: autoDraw = True
196.0821 	EXP 	pres_text: autoDraw = True
196.1083 	EXP 	fixation: autoDraw = False
197.0773 	EXP 	New trial (rep=3, index=0): None
197.0983 	EXP 	fixation: autoDraw = False
197.0983 	EXP 	pres_text: autoDraw = False
197.0983 	EXP 	pres_text: text = '3'
197.0983 	EXP 	fixation: autoDraw = True
198.0828 	EXP 	pres_text: autoDraw = True
198.1237 	EXP 	fixation: autoDraw = False
199.0756 	EXP 	New trial (rep=4, index=0): None
199.0950 	EXP 	fixation: autoDraw = False
199.0950 	EXP 	pres_text: autoDraw = False
199.0950 	EXP 	pres_text: text = '9'
199.0950 	EXP 	fixation: autoDraw = True
200.0792 	EXP 	pres_text: autoDraw = True
200.0985 	EXP 	fixation: autoDraw = False
201.0691 	EXP 	New trial (rep=5, index=0): None
201.0799 	EXP 	pres_text: autoDraw = False
201.0799 	EXP 	fixation: autoDraw = False
201.0799 	EXP 	pres_text: autoDraw = False
201.0799 	EXP 	pres_text: text = '0'
201.0799 	EXP 	fixation: autoDraw = True
202.0819 	EXP 	pres_text: autoDraw = True
202.0933 	EXP 	fixation: autoDraw = False
203.1026 	EXP 	fixation: autoDraw = False
203.1026 	EXP 	pres_text: autoDraw = False
203.1026 	EXP 	recall_txt: autoDraw = True
203.1026 	EXP 	textbox: autoDraw = True
203.1026 	EXP 	cont_button: autoDraw = True
206.5071 	DATA 	Mouse: Left button down, pos=(996,92)
206.5240 	EXP 	recall_txt: autoDraw = False
206.5240 	EXP 	textbox: autoDraw = False
206.5240 	EXP 	cont_button: autoDraw = False
206.5240 	EXP 	feedback_text: text = 'Incorrect'
206.5240 	EXP 	feedback_text: autoDraw = True
206.5847 	DATA 	Mouse:  Left button up, pos=(996,92)
207.5234 	EXP 	New trial (rep=0, index=2): {'digitSpan': 6, 'digits': 408288}
207.5245 	EXP 	Created sequence: sequential, trialTypes=1, nReps=6, seed=None
207.5249 	EXP 	New trial (rep=0, index=0): None
207.5465 	EXP 	feedback_text: autoDraw = False
207.5465 	EXP 	pres_text: text = '4'
207.5465 	EXP 	fixation: autoDraw = True
208.5267 	EXP 	pres_text: autoDraw = True
208.5698 	EXP 	fixation: autoDraw = False
209.5246 	EXP 	New trial (rep=1, index=0): None
209.5454 	EXP 	fixation: autoDraw = False
209.5454 	EXP 	pres_text: autoDraw = False
209.5454 	EXP 	pres_text: text = '0'
209.5454 	EXP 	fixation: autoDraw = True
210.5457 	EXP 	pres_text: autoDraw = True
210.5585 	EXP 	fixation: autoDraw = False
211.5233 	EXP 	New trial (rep=2, index=0): None
211.5403 	EXP 	fixation: autoDraw = False
211.5403 	EXP 	pres_text: autoDraw = False
211.5403 	EXP 	pres_text: text = '8'
211.5403 	EXP 	fixation: autoDraw = True
212.5252 	EXP 	pres_text: autoDraw = True
212.5402 	EXP 	fixation: autoDraw = False
213.5209 	EXP 	New trial (rep=3, index=0): None
213.5474 	EXP 	fixation: autoDraw = False
213.5474 	EXP 	pres_text: autoDraw = False
213.5474 	EXP 	pres_text: text = '2'
213.5474 	EXP 	fixation: autoDraw = True
214.5263 	EXP 	pres_text: autoDraw = True
214.5727 	EXP 	fixation: autoDraw = False
215.5197 	EXP 	New trial (rep=4, index=0): None
215.5423 	EXP 	fixation: autoDraw = False
215.5423 	EXP 	pres_text: autoDraw = False
215.5423 	EXP 	pres_text: text = '8'
215.5423 	EXP 	fixation: autoDraw = True
216.5074 	EXP 	pres_text: autoDraw = True
216.5539 	EXP 	fixation: autoDraw = False
217.5128 	EXP 	New trial (rep=5, index=0): None
217.5252 	EXP 	pres_text: autoDraw = False
217.5252 	EXP 	fixation: autoDraw = False
217.5252 	EXP 	pres_text: autoDraw = False
217.5252 	EXP 	pres_text: text = '8'
217.5252 	EXP 	fixation: autoDraw = True
218.5051 	EXP 	pres_text: autoDraw = True
218.5490 	EXP 	fixation: autoDraw = False
219.5341 	EXP 	pres_text: autoDraw = False
219.5341 	EXP 	fixation: autoDraw = False
219.5341 	EXP 	pres_text: autoDraw = False
219.5341 	EXP 	recall_txt: autoDraw = True
219.5341 	EXP 	textbox: autoDraw = True
219.5341 	EXP 	cont_button: autoDraw = True
222.1437 	DATA 	Mouse: Left button down, pos=(996,92)
222.1837 	EXP 	recall_txt: autoDraw = False
222.1837 	EXP 	textbox: autoDraw = False
222.1837 	EXP 	cont_button: autoDraw = False
222.1837 	EXP 	feedback_text: text = 'Incorrect'
222.1837 	EXP 	feedback_text: autoDraw = True
222.2570 	DATA 	Mouse:  Left button up, pos=(996,92)
223.1817 	EXP 	New trial (rep=0, index=4): {'condition_file': 'seven.xlsx'}
223.2186 	EXP 	Imported seven.xlsx as conditions, 3 conditions, 2 params
223.2194 	EXP 	Created sequence: sequential, trialTypes=3, nReps=1, seed=None
223.2200 	EXP 	New trial (rep=0, index=0): {'digitSpan': 7, 'digits': 4498237}
223.2206 	EXP 	Created sequence: sequential, trialTypes=1, nReps=7, seed=None
223.2210 	EXP 	New trial (rep=0, index=0): None
223.2332 	EXP 	feedback_text: autoDraw = False
223.2332 	EXP 	pres_text: text = '4'
223.2332 	EXP 	fixation: autoDraw = True
224.2418 	EXP 	fixation: autoDraw = False
224.2418 	EXP 	pres_text: autoDraw = True
225.1750 	EXP 	New trial (rep=1, index=0): None
225.1921 	EXP 	fixation: autoDraw = False
225.1921 	EXP 	pres_text: autoDraw = False
225.1921 	EXP 	pres_text: text = '4'
225.1921 	EXP 	fixation: autoDraw = True
226.1849 	EXP 	pres_text: autoDraw = True
226.2130 	EXP 	fixation: autoDraw = False
227.1837 	EXP 	New trial (rep=2, index=0): None
227.2035 	EXP 	fixation: autoDraw = False
227.2035 	EXP 	pres_text: autoDraw = False
227.2035 	EXP 	pres_text: text = '9'
227.2035 	EXP 	fixation: autoDraw = True
228.1876 	EXP 	pres_text: autoDraw = True
228.2214 	EXP 	fixation: autoDraw = False
229.1791 	EXP 	New trial (rep=3, index=0): None
229.2000 	EXP 	fixation: autoDraw = False
229.2000 	EXP 	pres_text: autoDraw = False
229.2000 	EXP 	pres_text: text = '8'
229.2000 	EXP 	fixation: autoDraw = True
230.1837 	EXP 	pres_text: autoDraw = True
230.2104 	EXP 	fixation: autoDraw = False
231.1699 	EXP 	New trial (rep=4, index=0): None
231.1868 	EXP 	pres_text: autoDraw = False
231.1868 	EXP 	fixation: autoDraw = False
231.1868 	EXP 	pres_text: autoDraw = False
231.1868 	EXP 	pres_text: text = '2'
231.1868 	EXP 	fixation: autoDraw = True
232.2001 	EXP 	fixation: autoDraw = False
232.2001 	EXP 	pres_text: autoDraw = True
233.1904 	EXP 	New trial (rep=5, index=0): None
233.2024 	EXP 	fixation: autoDraw = False
233.2024 	EXP 	pres_text: autoDraw = False
233.2024 	EXP 	pres_text: text = '3'
233.2024 	EXP 	fixation: autoDraw = True
234.1985 	EXP 	pres_text: autoDraw = True
234.2141 	EXP 	fixation: autoDraw = False
235.1728 	EXP 	New trial (rep=6, index=0): None
235.1986 	EXP 	fixation: autoDraw = False
235.1986 	EXP 	pres_text: autoDraw = False
235.1986 	EXP 	pres_text: text = '7'
235.1986 	EXP 	fixation: autoDraw = True
236.1816 	EXP 	pres_text: autoDraw = True
236.2082 	EXP 	fixation: autoDraw = False
237.2068 	EXP 	fixation: autoDraw = False
237.2068 	EXP 	pres_text: autoDraw = False
237.2068 	EXP 	recall_txt: autoDraw = True
237.2068 	EXP 	textbox: autoDraw = True
237.2068 	EXP 	cont_button: autoDraw = True
244.7098 	DATA 	Mouse: Left button down, pos=(996,92)
244.7534 	EXP 	recall_txt: autoDraw = False
244.7534 	EXP 	textbox: autoDraw = False
244.7534 	EXP 	cont_button: autoDraw = False
244.7534 	EXP 	feedback_text: text = 'Incorrect'
244.7534 	EXP 	feedback_text: autoDraw = True
244.8445 	DATA 	Mouse:  Left button up, pos=(996,92)
245.7465 	EXP 	New trial (rep=0, index=1): {'digitSpan': 7, 'digits': 2544371}
245.7471 	EXP 	Created sequence: sequential, trialTypes=1, nReps=7, seed=None
245.7473 	EXP 	New trial (rep=0, index=0): None
245.7599 	EXP 	feedback_text: autoDraw = False
245.7599 	EXP 	pres_text: text = '2'
245.7599 	EXP 	fixation: autoDraw = True
246.7414 	EXP 	pres_text: autoDraw = True
246.7772 	EXP 	fixation: autoDraw = False
247.7435 	EXP 	New trial (rep=1, index=0): None
247.7670 	EXP 	fixation: autoDraw = False
247.7670 	EXP 	pres_text: autoDraw = False
247.7670 	EXP 	pres_text: text = '5'
247.7670 	EXP 	fixation: autoDraw = True
248.7481 	EXP 	pres_text: autoDraw = True
248.7956 	EXP 	fixation: autoDraw = False
249.7418 	EXP 	New trial (rep=2, index=0): None
249.7575 	EXP 	fixation: autoDraw = False
249.7575 	EXP 	pres_text: autoDraw = False
249.7575 	EXP 	pres_text: text = '4'
249.7575 	EXP 	fixation: autoDraw = True
250.7570 	EXP 	pres_text: autoDraw = True
250.7751 	EXP 	fixation: autoDraw = False
251.7444 	EXP 	New trial (rep=3, index=0): None
251.7558 	EXP 	fixation: autoDraw = False
251.7558 	EXP 	pres_text: autoDraw = False
251.7558 	EXP 	pres_text: text = '4'
251.7558 	EXP 	fixation: autoDraw = True
252.7457 	EXP 	pres_text: autoDraw = True
252.7722 	EXP 	fixation: autoDraw = False
253.7493 	EXP 	New trial (rep=4, index=0): None
253.7643 	EXP 	fixation: autoDraw = False
253.7643 	EXP 	pres_text: autoDraw = False
253.7643 	EXP 	pres_text: text = '3'
253.7643 	EXP 	fixation: autoDraw = True
254.7640 	EXP 	pres_text: autoDraw = True
254.7876 	EXP 	fixation: autoDraw = False
255.7379 	EXP 	New trial (rep=5, index=0): None
255.7631 	EXP 	fixation: autoDraw = False
255.7631 	EXP 	pres_text: autoDraw = False
255.7631 	EXP 	pres_text: text = '7'
255.7631 	EXP 	fixation: autoDraw = True
256.7422 	EXP 	pres_text: autoDraw = True
256.7851 	EXP 	fixation: autoDraw = False
257.7490 	EXP 	New trial (rep=6, index=0): None
257.7739 	EXP 	fixation: autoDraw = False
257.7739 	EXP 	pres_text: autoDraw = False
257.7739 	EXP 	pres_text: text = '1'
257.7739 	EXP 	fixation: autoDraw = True
258.7525 	EXP 	pres_text: autoDraw = True
258.7942 	EXP 	fixation: autoDraw = False
259.7647 	EXP 	fixation: autoDraw = False
259.7647 	EXP 	pres_text: autoDraw = False
259.7647 	EXP 	recall_txt: autoDraw = True
259.7647 	EXP 	textbox: autoDraw = True
259.7647 	EXP 	cont_button: autoDraw = True
260.6564 	DATA 	Mouse: Left button down, pos=(996,92)
260.6903 	EXP 	recall_txt: autoDraw = False
260.6903 	EXP 	textbox: autoDraw = False
260.6903 	EXP 	cont_button: autoDraw = False
260.6903 	EXP 	feedback_text: text = 'Incorrect'
260.6903 	EXP 	feedback_text: autoDraw = True
260.7431 	DATA 	Mouse:  Left button up, pos=(996,92)
261.6769 	EXP 	New trial (rep=0, index=2): {'digitSpan': 7, 'digits': 8875085}
261.6781 	EXP 	Created sequence: sequential, trialTypes=1, nReps=7, seed=None
261.6786 	EXP 	New trial (rep=0, index=0): None
261.6930 	EXP 	feedback_text: autoDraw = False
261.6930 	EXP 	pres_text: text = '8'
261.6930 	EXP 	fixation: autoDraw = True
262.6915 	EXP 	pres_text: autoDraw = True
262.7161 	EXP 	fixation: autoDraw = False
263.6916 	EXP 	New trial (rep=1, index=0): None
263.7090 	EXP 	fixation: autoDraw = False
263.7090 	EXP 	pres_text: autoDraw = False
263.7090 	EXP 	pres_text: text = '8'
263.7090 	EXP 	fixation: autoDraw = True
264.6993 	EXP 	pres_text: autoDraw = True
264.7160 	EXP 	fixation: autoDraw = False
265.6764 	EXP 	New trial (rep=2, index=0): None
265.6894 	EXP 	fixation: autoDraw = False
265.6894 	EXP 	pres_text: autoDraw = False
265.6894 	EXP 	pres_text: text = '7'
265.6894 	EXP 	fixation: autoDraw = True
266.6749 	EXP 	pres_text: autoDraw = True
266.7009 	EXP 	fixation: autoDraw = False
267.6700 	EXP 	New trial (rep=3, index=0): None
267.6912 	EXP 	pres_text: autoDraw = False
267.6912 	EXP 	fixation: autoDraw = False
267.6912 	EXP 	pres_text: autoDraw = False
267.6912 	EXP 	pres_text: text = '5'
267.6912 	EXP 	fixation: autoDraw = True
268.6816 	EXP 	pres_text: autoDraw = True
268.7074 	EXP 	fixation: autoDraw = False
269.6742 	EXP 	New trial (rep=4, index=0): None
269.7011 	EXP 	fixation: autoDraw = False
269.7011 	EXP 	pres_text: autoDraw = False
269.7011 	EXP 	pres_text: text = '0'
269.7011 	EXP 	fixation: autoDraw = True
270.6835 	EXP 	pres_text: autoDraw = True
270.6986 	EXP 	fixation: autoDraw = False
271.6714 	EXP 	New trial (rep=5, index=0): None
271.6973 	EXP 	fixation: autoDraw = False
271.6973 	EXP 	pres_text: autoDraw = False
271.6973 	EXP 	pres_text: text = '8'
271.6973 	EXP 	fixation: autoDraw = True
272.6851 	EXP 	pres_text: autoDraw = True
272.7060 	EXP 	fixation: autoDraw = False
273.6720 	EXP 	New trial (rep=6, index=0): None
273.6887 	EXP 	pres_text: autoDraw = False
273.6887 	EXP 	fixation: autoDraw = False
273.6887 	EXP 	pres_text: autoDraw = False
273.6887 	EXP 	pres_text: text = '5'
273.6887 	EXP 	fixation: autoDraw = True
274.7025 	EXP 	fixation: autoDraw = False
274.7025 	EXP 	pres_text: autoDraw = True
275.7060 	EXP 	fixation: autoDraw = False
275.7060 	EXP 	pres_text: autoDraw = False
275.7060 	EXP 	recall_txt: autoDraw = True
275.7060 	EXP 	textbox: autoDraw = True
275.7060 	EXP 	cont_button: autoDraw = True
277.6684 	DATA 	Mouse: Left button down, pos=(996,92)
277.6957 	EXP 	recall_txt: autoDraw = False
277.6957 	EXP 	textbox: autoDraw = False
277.6957 	EXP 	cont_button: autoDraw = False
277.6957 	EXP 	feedback_text: text = 'Incorrect'
277.6957 	EXP 	feedback_text: autoDraw = True
277.7345 	DATA 	Mouse:  Left button up, pos=(996,92)
278.6811 	EXP 	New trial (rep=0, index=5): {'condition_file': 'eight.xlsx'}
278.7120 	EXP 	Imported eight.xlsx as conditions, 3 conditions, 2 params
278.7128 	EXP 	Created sequence: sequential, trialTypes=3, nReps=1, seed=None
278.7135 	EXP 	New trial (rep=0, index=0): {'digitSpan': 8, 'digits': 46229408}
278.7141 	EXP 	Created sequence: sequential, trialTypes=1, nReps=8, seed=None
278.7145 	EXP 	New trial (rep=0, index=0): None
278.7251 	EXP 	feedback_text: autoDraw = False
278.7251 	EXP 	pres_text: text = '4'
278.7251 	EXP 	fixation: autoDraw = True
279.7142 	EXP 	pres_text: autoDraw = True
279.7300 	EXP 	fixation: autoDraw = False
280.7057 	EXP 	New trial (rep=1, index=0): None
280.7260 	EXP 	fixation: autoDraw = False
280.7260 	EXP 	pres_text: autoDraw = False
280.7260 	EXP 	pres_text: text = '6'
280.7260 	EXP 	fixation: autoDraw = True
281.7183 	EXP 	pres_text: autoDraw = True
281.7303 	EXP 	fixation: autoDraw = False
282.6814 	EXP 	New trial (rep=2, index=0): None
282.6999 	EXP 	fixation: autoDraw = False
282.6999 	EXP 	pres_text: autoDraw = False
282.6999 	EXP 	pres_text: text = '2'
282.6999 	EXP 	fixation: autoDraw = True
283.6835 	EXP 	pres_text: autoDraw = True
283.7007 	EXP 	fixation: autoDraw = False
284.6851 	EXP 	New trial (rep=3, index=0): None
284.6935 	EXP 	fixation: autoDraw = False
284.6935 	EXP 	pres_text: autoDraw = False
284.6935 	EXP 	pres_text: text = '2'
284.6935 	EXP 	fixation: autoDraw = True
285.6755 	EXP 	pres_text: autoDraw = True
285.7123 	EXP 	fixation: autoDraw = False
286.6701 	EXP 	New trial (rep=4, index=0): None
286.6819 	EXP 	pres_text: autoDraw = False
286.6819 	EXP 	fixation: autoDraw = False
286.6819 	EXP 	pres_text: autoDraw = False
286.6819 	EXP 	pres_text: text = '9'
286.6819 	EXP 	fixation: autoDraw = True
287.6797 	EXP 	pres_text: autoDraw = True
287.6908 	EXP 	fixation: autoDraw = False
288.6762 	EXP 	New trial (rep=5, index=0): None
288.6963 	EXP 	pres_text: autoDraw = False
288.6963 	EXP 	fixation: autoDraw = False
288.6963 	EXP 	pres_text: autoDraw = False
288.6963 	EXP 	pres_text: text = '4'
288.6963 	EXP 	fixation: autoDraw = True
289.6833 	EXP 	pres_text: autoDraw = True
289.7053 	EXP 	fixation: autoDraw = False
290.6783 	EXP 	New trial (rep=6, index=0): None
290.6966 	EXP 	pres_text: autoDraw = False
290.6966 	EXP 	fixation: autoDraw = False
290.6966 	EXP 	pres_text: autoDraw = False
290.6966 	EXP 	pres_text: text = '0'
290.6966 	EXP 	fixation: autoDraw = True
291.7021 	EXP 	fixation: autoDraw = False
291.7021 	EXP 	pres_text: autoDraw = True
292.6992 	EXP 	New trial (rep=7, index=0): None
292.7112 	EXP 	fixation: autoDraw = False
292.7112 	EXP 	pres_text: autoDraw = False
292.7112 	EXP 	pres_text: text = '8'
292.7112 	EXP 	fixation: autoDraw = True
293.7101 	EXP 	pres_text: autoDraw = True
293.7269 	EXP 	fixation: autoDraw = False
294.7212 	EXP 	fixation: autoDraw = False
294.7212 	EXP 	pres_text: autoDraw = False
294.7212 	EXP 	recall_txt: autoDraw = True
294.7212 	EXP 	textbox: autoDraw = True
294.7212 	EXP 	cont_button: autoDraw = True
310.6529 	DATA 	Mouse: Left button down, pos=(996,92)
310.6837 	EXP 	recall_txt: autoDraw = False
310.6837 	EXP 	textbox: autoDraw = False
310.6837 	EXP 	cont_button: autoDraw = False
310.6837 	EXP 	feedback_text: text = 'Incorrect'
310.6837 	EXP 	feedback_text: autoDraw = True
310.7902 	DATA 	Mouse:  Left button up, pos=(996,92)
311.6679 	EXP 	New trial (rep=0, index=1): {'digitSpan': 8, 'digits': 70967882}
311.6687 	EXP 	Created sequence: sequential, trialTypes=1, nReps=8, seed=None
311.6692 	EXP 	New trial (rep=0, index=0): None
311.6917 	EXP 	feedback_text: autoDraw = False
311.6917 	EXP 	pres_text: text = '7'
311.6917 	EXP 	fixation: autoDraw = True
311.7869 	DATA 	Mouse: wheel shift=(0,1), pos=(996,92)
312.6686 	EXP 	pres_text: autoDraw = True
312.7133 	EXP 	fixation: autoDraw = False
313.6720 	EXP 	New trial (rep=1, index=0): None
313.6894 	EXP 	fixation: autoDraw = False
313.6894 	EXP 	pres_text: autoDraw = False
313.6894 	EXP 	pres_text: text = '0'
313.6894 	EXP 	fixation: autoDraw = True
314.6948 	EXP 	pres_text: autoDraw = True
314.7156 	EXP 	fixation: autoDraw = False
315.6708 	EXP 	New trial (rep=2, index=0): None
315.6885 	EXP 	fixation: autoDraw = False
315.6885 	EXP 	pres_text: autoDraw = False
315.6885 	EXP 	pres_text: text = '9'
315.6885 	EXP 	fixation: autoDraw = True
316.6818 	EXP 	pres_text: autoDraw = True
316.7033 	EXP 	fixation: autoDraw = False
317.6798 	EXP 	New trial (rep=3, index=0): None
317.7046 	EXP 	fixation: autoDraw = False
317.7046 	EXP 	pres_text: autoDraw = False
317.7046 	EXP 	pres_text: text = '6'
317.7046 	EXP 	fixation: autoDraw = True
318.6773 	EXP 	pres_text: autoDraw = True
318.7156 	EXP 	fixation: autoDraw = False
319.6671 	EXP 	New trial (rep=4, index=0): None
319.6904 	EXP 	pres_text: autoDraw = False
319.6904 	EXP 	fixation: autoDraw = False
319.6904 	EXP 	pres_text: autoDraw = False
319.6904 	EXP 	pres_text: text = '7'
319.6904 	EXP 	fixation: autoDraw = True
320.6785 	EXP 	pres_text: autoDraw = True
320.7000 	EXP 	fixation: autoDraw = False
321.6762 	EXP 	New trial (rep=5, index=0): None
321.6962 	EXP 	fixation: autoDraw = False
321.6962 	EXP 	pres_text: autoDraw = False
321.6962 	EXP 	pres_text: text = '8'
321.6962 	EXP 	fixation: autoDraw = True
322.6821 	EXP 	pres_text: autoDraw = True
322.6976 	EXP 	fixation: autoDraw = False
323.6933 	EXP 	New trial (rep=6, index=0): None
323.7039 	EXP 	fixation: autoDraw = False
323.7039 	EXP 	pres_text: autoDraw = False
323.7039 	EXP 	pres_text: text = '8'
323.7039 	EXP 	fixation: autoDraw = True
324.6971 	EXP 	pres_text: autoDraw = True
324.7187 	EXP 	fixation: autoDraw = False
325.6848 	EXP 	New trial (rep=7, index=0): None
325.6967 	EXP 	fixation: autoDraw = False
325.6967 	EXP 	pres_text: autoDraw = False
325.6967 	EXP 	pres_text: text = '2'
325.6967 	EXP 	fixation: autoDraw = True
326.6788 	EXP 	pres_text: autoDraw = True
326.7251 	EXP 	fixation: autoDraw = False
327.6935 	EXP 	pres_text: autoDraw = False
327.6935 	EXP 	fixation: autoDraw = False
327.6935 	EXP 	pres_text: autoDraw = False
327.6935 	EXP 	recall_txt: autoDraw = True
327.6935 	EXP 	textbox: autoDraw = True
327.6935 	EXP 	cont_button: autoDraw = True
330.8775 	DATA 	Mouse: Left button down, pos=(951,114)
330.9184 	EXP 	recall_txt: autoDraw = False
330.9184 	EXP 	textbox: autoDraw = False
330.9184 	EXP 	cont_button: autoDraw = False
330.9184 	EXP 	feedback_text: text = 'Incorrect'
330.9184 	EXP 	feedback_text: autoDraw = True
330.9472 	DATA 	Mouse:  Left button up, pos=(951,114)
331.9228 	EXP 	New trial (rep=0, index=2): {'digitSpan': 8, 'digits': 27139320}
331.9236 	EXP 	Created sequence: sequential, trialTypes=1, nReps=8, seed=None
331.9240 	EXP 	New trial (rep=0, index=0): None
331.9432 	EXP 	feedback_text: autoDraw = False
331.9432 	EXP 	pres_text: text = '2'
331.9432 	EXP 	fixation: autoDraw = True
332.9265 	EXP 	pres_text: autoDraw = True
332.9469 	EXP 	fixation: autoDraw = False
333.9089 	EXP 	New trial (rep=1, index=0): None
333.9313 	EXP 	fixation: autoDraw = False
333.9313 	EXP 	pres_text: autoDraw = False
333.9313 	EXP 	pres_text: text = '7'
333.9313 	EXP 	fixation: autoDraw = True
334.9108 	EXP 	pres_text: autoDraw = True
334.9411 	EXP 	fixation: autoDraw = False
335.9079 	EXP 	New trial (rep=2, index=0): None
335.9223 	EXP 	fixation: autoDraw = False
335.9223 	EXP 	pres_text: autoDraw = False
335.9223 	EXP 	pres_text: text = '1'
335.9223 	EXP 	fixation: autoDraw = True
336.9117 	EXP 	pres_text: autoDraw = True
336.9235 	EXP 	fixation: autoDraw = False
337.9151 	EXP 	New trial (rep=3, index=0): None
337.9282 	EXP 	fixation: autoDraw = False
337.9282 	EXP 	pres_text: autoDraw = False
337.9282 	EXP 	pres_text: text = '3'
337.9282 	EXP 	fixation: autoDraw = True
338.9199 	EXP 	pres_text: autoDraw = True
338.9410 	EXP 	fixation: autoDraw = False
339.9126 	EXP 	New trial (rep=4, index=0): None
339.9229 	EXP 	fixation: autoDraw = False
339.9229 	EXP 	pres_text: autoDraw = False
339.9229 	EXP 	pres_text: text = '9'
339.9229 	EXP 	fixation: autoDraw = True
340.9219 	EXP 	pres_text: autoDraw = True
340.9377 	EXP 	fixation: autoDraw = False
341.9098 	EXP 	New trial (rep=5, index=0): None
341.9278 	EXP 	fixation: autoDraw = False
341.9278 	EXP 	pres_text: autoDraw = False
341.9278 	EXP 	pres_text: text = '3'
341.9278 	EXP 	fixation: autoDraw = True
342.9210 	EXP 	pres_text: autoDraw = True
342.9361 	EXP 	fixation: autoDraw = False
343.9051 	EXP 	New trial (rep=6, index=0): None
343.9282 	EXP 	fixation: autoDraw = False
343.9282 	EXP 	pres_text: autoDraw = False
343.9282 	EXP 	pres_text: text = '2'
343.9282 	EXP 	fixation: autoDraw = True
344.9043 	EXP 	pres_text: autoDraw = True
344.9389 	EXP 	fixation: autoDraw = False
345.9061 	EXP 	New trial (rep=7, index=0): None
345.9227 	EXP 	fixation: autoDraw = False
345.9227 	EXP 	pres_text: autoDraw = False
345.9227 	EXP 	pres_text: text = '0'
345.9227 	EXP 	fixation: autoDraw = True
346.9297 	EXP 	pres_text: autoDraw = True
346.9477 	EXP 	fixation: autoDraw = False
347.9313 	EXP 	fixation: autoDraw = False
347.9313 	EXP 	pres_text: autoDraw = False
347.9313 	EXP 	recall_txt: autoDraw = True
347.9313 	EXP 	textbox: autoDraw = True
347.9313 	EXP 	cont_button: autoDraw = True
352.7725 	DATA 	Mouse: Left button down, pos=(951,114)
352.8093 	EXP 	recall_txt: autoDraw = False
352.8093 	EXP 	textbox: autoDraw = False
352.8093 	EXP 	cont_button: autoDraw = False
352.8093 	EXP 	feedback_text: text = 'Incorrect'
352.8093 	EXP 	feedback_text: autoDraw = True
352.9539 	DATA 	Mouse:  Left button up, pos=(951,114)
353.8020 	EXP 	New trial (rep=0, index=6): {'condition_file': 'nine.xlsx'}
354.1203 	EXP 	Imported nine.xlsx as conditions, 3 conditions, 2 params
354.1217 	EXP 	Created sequence: sequential, trialTypes=3, nReps=1, seed=None
354.1229 	EXP 	New trial (rep=0, index=0): {'digitSpan': 9, 'digits': 368373442}
354.1240 	EXP 	Created sequence: sequential, trialTypes=1, nReps=9, seed=None
354.1246 	EXP 	New trial (rep=0, index=0): None
354.1362 	EXP 	feedback_text: autoDraw = False
354.1362 	EXP 	pres_text: text = '3'
354.1362 	EXP 	fixation: autoDraw = True
355.1355 	EXP 	pres_text: autoDraw = True
355.1618 	EXP 	fixation: autoDraw = False
355.8055 	EXP 	New trial (rep=1, index=0): None
355.8334 	EXP 	fixation: autoDraw = False
355.8334 	EXP 	pres_text: autoDraw = False
355.8334 	EXP 	pres_text: text = '6'
355.8334 	EXP 	fixation: autoDraw = True
356.8201 	EXP 	pres_text: autoDraw = True
356.8447 	EXP 	fixation: autoDraw = False
357.8049 	EXP 	New trial (rep=2, index=0): None
357.8239 	EXP 	fixation: autoDraw = False
357.8239 	EXP 	pres_text: autoDraw = False
357.8239 	EXP 	pres_text: text = '8'
357.8239 	EXP 	fixation: autoDraw = True
358.8136 	EXP 	pres_text: autoDraw = True
358.8336 	EXP 	fixation: autoDraw = False
359.7984 	EXP 	New trial (rep=3, index=0): None
359.8176 	EXP 	fixation: autoDraw = False
359.8176 	EXP 	pres_text: autoDraw = False
359.8176 	EXP 	pres_text: text = '3'
359.8176 	EXP 	fixation: autoDraw = True
360.8009 	EXP 	pres_text: autoDraw = True
360.8182 	EXP 	fixation: autoDraw = False
361.8030 	EXP 	New trial (rep=4, index=0): None
361.8223 	EXP 	fixation: autoDraw = False
361.8223 	EXP 	pres_text: autoDraw = False
361.8223 	EXP 	pres_text: text = '7'
361.8223 	EXP 	fixation: autoDraw = True
362.8149 	EXP 	pres_text: autoDraw = True
362.8349 	EXP 	fixation: autoDraw = False
363.7947 	EXP 	New trial (rep=5, index=0): None
363.8149 	EXP 	fixation: autoDraw = False
363.8149 	EXP 	pres_text: autoDraw = False
363.8149 	EXP 	pres_text: text = '3'
363.8149 	EXP 	fixation: autoDraw = True
364.8045 	EXP 	pres_text: autoDraw = True
364.8265 	EXP 	fixation: autoDraw = False
365.7958 	EXP 	New trial (rep=6, index=0): None
365.8123 	EXP 	fixation: autoDraw = False
365.8123 	EXP 	pres_text: autoDraw = False
365.8123 	EXP 	pres_text: text = '4'
365.8123 	EXP 	fixation: autoDraw = True
366.8103 	EXP 	pres_text: autoDraw = True
366.8255 	EXP 	fixation: autoDraw = False
367.8137 	EXP 	New trial (rep=7, index=0): None
367.8309 	EXP 	fixation: autoDraw = False
367.8309 	EXP 	pres_text: autoDraw = False
367.8309 	EXP 	pres_text: text = '4'
367.8309 	EXP 	fixation: autoDraw = True
368.8142 	EXP 	pres_text: autoDraw = True
368.8280 	EXP 	fixation: autoDraw = False
369.7924 	EXP 	New trial (rep=8, index=0): None
369.8126 	EXP 	fixation: autoDraw = False
369.8126 	EXP 	pres_text: autoDraw = False
369.8126 	EXP 	pres_text: text = '2'
369.8126 	EXP 	fixation: autoDraw = True
370.8008 	EXP 	pres_text: autoDraw = True
370.8232 	EXP 	fixation: autoDraw = False
371.8126 	EXP 	fixation: autoDraw = False
371.8126 	EXP 	pres_text: autoDraw = False
371.8126 	EXP 	recall_txt: autoDraw = True
371.8126 	EXP 	textbox: autoDraw = True
371.8126 	EXP 	cont_button: autoDraw = True
374.9311 	DATA 	Mouse: Left button down, pos=(951,114)
374.9551 	EXP 	recall_txt: autoDraw = False
374.9551 	EXP 	textbox: autoDraw = False
374.9551 	EXP 	cont_button: autoDraw = False
374.9551 	EXP 	feedback_text: text = 'Incorrect'
374.9551 	EXP 	feedback_text: autoDraw = True
375.0523 	DATA 	Mouse:  Left button up, pos=(951,114)
375.9492 	EXP 	New trial (rep=0, index=1): {'digitSpan': 9, 'digits': 576270919}
375.9505 	EXP 	Created sequence: sequential, trialTypes=1, nReps=9, seed=None
375.9516 	EXP 	New trial (rep=0, index=0): None
375.9627 	EXP 	feedback_text: autoDraw = False
375.9627 	EXP 	feedback_text: autoDraw = False
375.9627 	EXP 	pres_text: text = '5'
375.9627 	EXP 	fixation: autoDraw = True
376.9618 	EXP 	pres_text: autoDraw = True
376.9729 	EXP 	fixation: autoDraw = False
377.9551 	EXP 	New trial (rep=1, index=0): None
377.9782 	EXP 	fixation: autoDraw = False
377.9782 	EXP 	pres_text: autoDraw = False
377.9782 	EXP 	pres_text: text = '7'
377.9782 	EXP 	fixation: autoDraw = True
378.9800 	EXP 	pres_text: autoDraw = True
379.0025 	EXP 	fixation: autoDraw = False
379.9629 	EXP 	New trial (rep=2, index=0): None
379.9817 	EXP 	fixation: autoDraw = False
379.9817 	EXP 	pres_text: autoDraw = False
379.9817 	EXP 	pres_text: text = '6'
379.9817 	EXP 	fixation: autoDraw = True
380.9861 	EXP 	pres_text: autoDraw = True
381.0025 	EXP 	fixation: autoDraw = False
381.9551 	EXP 	New trial (rep=3, index=0): None
381.9829 	EXP 	fixation: autoDraw = False
381.9829 	EXP 	pres_text: autoDraw = False
381.9829 	EXP 	pres_text: text = '2'
381.9829 	EXP 	fixation: autoDraw = True
382.9546 	EXP 	pres_text: autoDraw = True
383.0019 	EXP 	fixation: autoDraw = False
383.9532 	EXP 	New trial (rep=4, index=0): None
383.9727 	EXP 	fixation: autoDraw = False
383.9727 	EXP 	pres_text: autoDraw = False
383.9727 	EXP 	pres_text: text = '7'
383.9727 	EXP 	fixation: autoDraw = True
384.9562 	EXP 	pres_text: autoDraw = True
384.9856 	EXP 	fixation: autoDraw = False
385.9685 	EXP 	New trial (rep=5, index=0): None
385.9891 	EXP 	fixation: autoDraw = False
385.9891 	EXP 	pres_text: autoDraw = False
385.9891 	EXP 	pres_text: text = '0'
385.9891 	EXP 	fixation: autoDraw = True
386.9738 	EXP 	pres_text: autoDraw = True
386.9992 	EXP 	fixation: autoDraw = False
387.9571 	EXP 	New trial (rep=6, index=0): None
387.9804 	EXP 	fixation: autoDraw = False
387.9804 	EXP 	pres_text: autoDraw = False
387.9804 	EXP 	pres_text: text = '9'
387.9804 	EXP 	fixation: autoDraw = True
388.9726 	EXP 	pres_text: autoDraw = True
389.0018 	EXP 	fixation: autoDraw = False
389.9532 	EXP 	New trial (rep=7, index=0): None
389.9751 	EXP 	fixation: autoDraw = False
389.9751 	EXP 	pres_text: autoDraw = False
389.9751 	EXP 	pres_text: text = '1'
389.9751 	EXP 	fixation: autoDraw = True
390.9555 	EXP 	pres_text: autoDraw = True
390.9853 	EXP 	fixation: autoDraw = False
391.9657 	EXP 	New trial (rep=8, index=0): None
391.9850 	EXP 	fixation: autoDraw = False
391.9850 	EXP 	pres_text: autoDraw = False
391.9850 	EXP 	pres_text: text = '9'
391.9850 	EXP 	fixation: autoDraw = True
392.9752 	EXP 	pres_text: autoDraw = True
392.9970 	EXP 	fixation: autoDraw = False
393.9772 	EXP 	fixation: autoDraw = False
393.9772 	EXP 	pres_text: autoDraw = False
393.9772 	EXP 	recall_txt: autoDraw = True
393.9772 	EXP 	textbox: autoDraw = True
393.9772 	EXP 	cont_button: autoDraw = True
395.2507 	DATA 	Mouse: Left button down, pos=(951,114)
395.2841 	EXP 	recall_txt: autoDraw = False
395.2841 	EXP 	textbox: autoDraw = False
395.2841 	EXP 	cont_button: autoDraw = False
395.2841 	EXP 	feedback_text: text = 'Incorrect'
395.2841 	EXP 	feedback_text: autoDraw = True
395.4237 	DATA 	Mouse:  Left button up, pos=(951,114)
396.2769 	EXP 	New trial (rep=0, index=2): {'digitSpan': 9, 'digits': 688655957}
396.2783 	EXP 	Created sequence: sequential, trialTypes=1, nReps=9, seed=None
396.2788 	EXP 	New trial (rep=0, index=0): None
396.3030 	EXP 	feedback_text: autoDraw = False
396.3030 	EXP 	pres_text: text = '6'
396.3030 	EXP 	fixation: autoDraw = True
397.2830 	EXP 	pres_text: autoDraw = True
397.3185 	EXP 	fixation: autoDraw = False
398.2817 	EXP 	New trial (rep=1, index=0): None
398.3082 	EXP 	fixation: autoDraw = False
398.3082 	EXP 	pres_text: autoDraw = False
398.3082 	EXP 	pres_text: text = '8'
398.3082 	EXP 	fixation: autoDraw = True
399.2802 	EXP 	pres_text: autoDraw = True
399.3279 	EXP 	fixation: autoDraw = False
400.2689 	EXP 	New trial (rep=2, index=0): None
400.2818 	EXP 	pres_text: autoDraw = False
400.2818 	EXP 	fixation: autoDraw = False
400.2818 	EXP 	pres_text: autoDraw = False
400.2818 	EXP 	pres_text: text = '8'
400.2818 	EXP 	fixation: autoDraw = True
401.2787 	EXP 	pres_text: autoDraw = True
401.2988 	EXP 	fixation: autoDraw = False
402.2844 	EXP 	New trial (rep=3, index=0): None
402.3265 	EXP 	fixation: autoDraw = False
402.3265 	EXP 	pres_text: autoDraw = False
402.3265 	EXP 	pres_text: text = '6'
402.3265 	EXP 	fixation: autoDraw = True
403.3134 	EXP 	pres_text: autoDraw = True
403.3333 	EXP 	fixation: autoDraw = False
404.2863 	EXP 	New trial (rep=4, index=0): None
404.3054 	EXP 	fixation: autoDraw = False
404.3054 	EXP 	pres_text: autoDraw = False
404.3054 	EXP 	pres_text: text = '5'
404.3054 	EXP 	fixation: autoDraw = True
405.2976 	EXP 	pres_text: autoDraw = True
405.3236 	EXP 	fixation: autoDraw = False
406.2763 	EXP 	New trial (rep=5, index=0): None
406.2926 	EXP 	fixation: autoDraw = False
406.2926 	EXP 	pres_text: autoDraw = False
406.2926 	EXP 	pres_text: text = '5'
406.2926 	EXP 	fixation: autoDraw = True
407.2828 	EXP 	pres_text: autoDraw = True
407.3116 	EXP 	fixation: autoDraw = False
408.2764 	EXP 	New trial (rep=6, index=0): None
408.2961 	EXP 	fixation: autoDraw = False
408.2961 	EXP 	pres_text: autoDraw = False
408.2961 	EXP 	pres_text: text = '9'
408.2961 	EXP 	fixation: autoDraw = True
409.2821 	EXP 	pres_text: autoDraw = True
409.2927 	EXP 	fixation: autoDraw = False
410.2834 	EXP 	New trial (rep=7, index=0): None
410.3041 	EXP 	fixation: autoDraw = False
410.3041 	EXP 	pres_text: autoDraw = False
410.3041 	EXP 	pres_text: text = '5'
410.3041 	EXP 	fixation: autoDraw = True
411.2952 	EXP 	pres_text: autoDraw = True
411.3234 	EXP 	fixation: autoDraw = False
412.2830 	EXP 	New trial (rep=8, index=0): None
412.3022 	EXP 	fixation: autoDraw = False
412.3022 	EXP 	pres_text: autoDraw = False
412.3022 	EXP 	pres_text: text = '7'
412.3022 	EXP 	fixation: autoDraw = True
413.3076 	EXP 	pres_text: autoDraw = True
413.3270 	EXP 	fixation: autoDraw = False
414.3080 	EXP 	fixation: autoDraw = False
414.3080 	EXP 	pres_text: autoDraw = False
414.3080 	EXP 	recall_txt: autoDraw = True
414.3080 	EXP 	textbox: autoDraw = True
414.3080 	EXP 	cont_button: autoDraw = True
416.6458 	DATA 	Keypress: return
417.5753 	DATA 	Keypress: space
418.3645 	DATA 	Keypress: j
419.0936 	DATA 	Keypress: backspace
419.4248 	DATA 	Keypress: 9
419.6921 	DATA 	Keypress: return
420.6919 	DATA 	Keypress: backspace
421.3367 	DATA 	Mouse: Left button down, pos=(951,114)
421.3639 	EXP 	recall_txt: autoDraw = False
421.3639 	EXP 	textbox: autoDraw = False
421.3639 	EXP 	cont_button: autoDraw = False
421.3639 	EXP 	feedback_text: text = 'Incorrect'
421.3639 	EXP 	feedback_text: autoDraw = True
421.4633 	DATA 	Mouse:  Left button up, pos=(951,114)
422.3756 	EXP 	feedback_text: autoDraw = False
422.3756 	EXP 	thank_you: autoDraw = True
425.1470 	DATA 	Mouse: Left button down, pos=(1276,352)
425.3155 	DATA 	Mouse:  Left button up, pos=(1276,352)
425.3644 	EXP 	thank_you: autoDraw = False
425.4738 	EXP 	window1: mouseVisible = True
