7.6006 	WARNING 	User requested fullscreen with size [1024  768], but screen is actually [1920, 1080]. Using actual size
8.2116 	EXP 	Created window1 = Window(allowGUI=True, allowStencil=True, autoLog=True, backendConf=UNKNOWN, backgroundFit=<method-wrapper '__getattribute__' of attributeSetter object at 0x0000016AA0945C70>, backgroundImage=<method-wrapper '__getattribute__' of attributeSetter object at 0x0000016AA0945C10>, bitsMode=UNKNOWN, blendMode='avg', bpc=(8, 8, 8), color=array([0, 0, 0]), colorSpace='rgb', depthBits=8, fullscr=<method-wrapper '__getattribute__' of attributeSetter object at 0x0000016AA0945A60>, gamma=None, gammaErrorPolicy='raise', lms=UNKNOWN, monitor=<psychopy.monitors.calibTools.Monitor object at 0x0000016AA0D70190>, multiSample=False, name='window1', numSamples=2, pos=(0, 0), screen=0, size=array([1920, 1080]), stencilBits=8, stereo=False, title='PsychoPy', units='height', useFBO=True, useRetina=False, viewOri=0.0, viewPos=None, viewScale=None, waitBlanking=True, winType='pyglet')
8.2117 	EXP 	window1: mouseVisible = True
8.2117 	EXP 	window1: backgroundImage = ''
8.2117 	EXP 	window1: backgroundFit = 'none'
8.2134 	EXP 	window1: Attempting to measure frame rate of screen (0) ...
8.2134 	EXP 	window1: recordFrameIntervals = False
8.3448 	EXP 	window1: recordFrameIntervals = True
8.4915 	EXP 	Screen (0) actual frame rate measured at 74.99Hz
8.4916 	EXP 	window1: recordFrameIntervals = False
8.4916 	EXP 	window1: mouseVisible = False
11.0062 	EXP 	Español Digit Span Task: status = STARTED
11.0067 	EXP 	window1: mouseVisible = True
11.0807 	EXP 	Created Instrucciones = TextStim(__class__=<class 'psychopy.visual.text.TextStim'>, alignHoriz=method-wrapper(...), alignText='center', alignVert=method-wrapper(...), anchorHoriz='center', anchorVert='center', antialias=True, autoDraw=False, autoLog=True, bold=False, color=array([1., 1., 1.]), colorSpace='rgb', contrast=1.0, depth=0.0, draggable=False, flipHoriz=False, flipVert=False, font='Arial', fontFiles=[], height=0.03, italic=False, languageStyle='LTR', name='Instrucciones', opacity=1.0, ori=0, pos=array([0., 0.]), rgb=UNKNOWN, text=str(...), units='height', win=Window(...), wrapWidth=1)
11.0808 	EXP 	window1: mouseVisible = True
11.1792 	EXP 	Created cont_boton_2 = ImageStim(__class__=<class 'psychopy.visual.image.ImageStim'>, anchor=('center', 'center'), autoLog=True, color=array([1., 1., 1.]), colorSpace='rgb', contrast=1.0, depth=-1.0, draggable=False, flipHoriz=False, flipVert=False, image='continuar.png', interpolate=True, mask=None, maskParams=None, name='cont_boton_2', opacity=1.0, ori=0.0, pos=array([ 0. , -0.4]), size=array([0.3 , 0.07]), texRes=128.0, units='height', win=Window(...))
11.1793 	EXP 	window1: mouseVisible = True
11.1794 	EXP 	window1: mouseVisible = True
11.1816 	EXP 	Created fixation = TextStim(__class__=<class 'psychopy.visual.text.TextStim'>, alignHoriz=method-wrapper(...), alignText='center', alignVert=method-wrapper(...), anchorHoriz='center', anchorVert='center', antialias=True, autoDraw=False, autoLog=True, bold=False, color=array([1., 1., 1.]), colorSpace='rgb', contrast=1.0, depth=0.0, draggable=False, flipHoriz=False, flipVert=False, font='Arial', fontFiles=[], height=0.1, italic=False, languageStyle='LTR', name='fixation', opacity=1.0, ori=0, pos=array([0., 0.]), rgb=UNKNOWN, text='', units='height', win=Window(...), wrapWidth=1)
11.1817 	EXP 	window1: mouseVisible = True
11.1828 	EXP 	Created pres_text = TextStim(__class__=<class 'psychopy.visual.text.TextStim'>, alignHoriz=method-wrapper(...), alignText='center', alignVert=method-wrapper(...), anchorHoriz='center', anchorVert='center', antialias=True, autoDraw=False, autoLog=True, bold=False, color=array([1., 1., 1.]), colorSpace='rgb', contrast=1.0, depth=-1.0, draggable=False, flipHoriz=False, flipVert=False, font='Arial', fontFiles=[], height=0.1, italic=False, languageStyle='LTR', name='pres_text', opacity=1.0, ori=0, pos=array([0., 0.]), rgb=UNKNOWN, text='', units='height', win=Window(...), wrapWidth=1)
11.1829 	EXP 	window1: mouseVisible = True
11.1904 	EXP 	Created recall_txt = TextStim(__class__=<class 'psychopy.visual.text.TextStim'>, alignHoriz=method-wrapper(...), alignText='center', alignVert=method-wrapper(...), anchorHoriz='center', anchorVert='center', antialias=True, autoDraw=False, autoLog=True, bold=False, color=array([1., 1., 1.]), colorSpace='rgb', contrast=1.0, depth=0.0, draggable=False, flipHoriz=False, flipVert=False, font='Arial', fontFiles=[], height=0.05, italic=False, languageStyle='LTR', name='recall_txt', opacity=1.0, ori=0, pos=array([0.  , 0.25]), rgb=UNKNOWN, text='Recordar', units='height', win=Window(...), wrapWidth=1)
11.1906 	EXP 	window1: mouseVisible = True
11.1907 	EXP 	window1: mouseVisible = True
11.1913 	EXP 	window1: mouseVisible = True
11.1917 	EXP 	window1: mouseVisible = True
11.1957 	EXP 	window1: mouseVisible = True
11.1959 	EXP 	window1: mouseVisible = True
11.1964 	EXP 	window1: mouseVisible = True
11.1969 	EXP 	window1: mouseVisible = True
11.2723 	EXP 	window1: mouseVisible = True
11.3108 	EXP 	Created cont_button = ImageStim(__class__=<class 'psychopy.visual.image.ImageStim'>, anchor=('center', 'center'), autoLog=True, color=array([1., 1., 1.]), colorSpace='rgb', contrast=1.0, depth=-2.0, draggable=False, flipHoriz=False, flipVert=False, image='continuar.png', interpolate=True, mask=None, maskParams=None, name='cont_button', opacity=1.0, ori=0.0, pos=array([ 0. , -0.4]), size=array([0.3 , 0.07]), texRes=128.0, units='height', win=Window(...))
11.3109 	EXP 	window1: mouseVisible = True
11.3110 	EXP 	window1: mouseVisible = True
11.3121 	EXP 	Created Texto_Retroalimentación = TextStim(__class__=<class 'psychopy.visual.text.TextStim'>, alignHoriz=method-wrapper(...), alignText='center', alignVert=method-wrapper(...), anchorHoriz='center', anchorVert='center', antialias=True, autoDraw=False, autoLog=True, bold=False, color=array([1., 1., 1.]), colorSpace='rgb', contrast=1.0, depth=0.0, draggable=False, flipHoriz=False, flipVert=False, font='Arial', fontFiles=[], height=0.05, italic=False, languageStyle='LTR', name='Texto_Retroalimentación', opacity=1.0, ori=0, pos=array([0., 0.]), rgb=UNKNOWN, text='', units='height', win=Window(...), wrapWidth=1)
11.3122 	EXP 	window1: mouseVisible = True
11.3288 	EXP 	Created Gracias = TextStim(__class__=<class 'psychopy.visual.text.TextStim'>, alignHoriz=method-wrapper(...), alignText='center', alignVert=method-wrapper(...), anchorHoriz='center', anchorVert='center', antialias=True, autoDraw=False, autoLog=True, bold=False, color=array([1., 1., 1.]), colorSpace='rgb', contrast=1.0, depth=0.0, draggable=False, flipHoriz=False, flipVert=False, font='Arial', fontFiles=[], height=0.05, italic=False, languageStyle='LTR', name='Gracias', opacity=1.0, ori=0, pos=array([0., 0.]), rgb=UNKNOWN, text=str(...), units='height', win=Window(...), wrapWidth=1)
0.0210 	EXP 	textbox: autoLog = True
0.0688 	EXP 	Instrucciones: autoDraw = True
0.0688 	EXP 	cont_boton_2: autoDraw = True
2.5939 	DATA 	Mouse: Left button down, pos=(1053,138)
2.6388 	EXP 	Imported choose_digitSpan.xlsx as conditions, 5 conditions, 1 params
2.6392 	EXP 	Created sequence: sequential, trialTypes=5, nReps=1, seed=None
2.6394 	EXP 	New trial (rep=0, index=0): {'condition_file': 'three.xlsx'}
2.6439 	EXP 	Imported three.xlsx as conditions, 3 conditions, 2 params
2.6443 	EXP 	Created sequence: sequential, trialTypes=3, nReps=1, seed=None
2.6445 	EXP 	New trial (rep=0, index=0): {'digitSpan': 3, 'digits': 217}
2.6446 	EXP 	Created sequence: sequential, trialTypes=1, nReps=3, seed=None
2.6448 	EXP 	New trial (rep=0, index=0): None
2.6529 	EXP 	Instrucciones: autoDraw = False
2.6529 	EXP 	cont_boton_2: autoDraw = False
2.6529 	EXP 	pres_text: height = 0.1
2.6529 	EXP 	pres_text: height = 0.1
2.6529 	EXP 	pres_text: height = 0.1
2.6529 	EXP 	pres_text: text = '2'
2.6529 	EXP 	fixation: autoDraw = True
2.7172 	DATA 	Mouse:  Left button up, pos=(1053,139)
3.6316 	EXP 	pres_text: autoDraw = True
3.6583 	EXP 	fixation: autoDraw = False
4.6192 	EXP 	New trial (rep=1, index=0): None
4.6320 	EXP 	pres_text: autoDraw = False
4.6320 	EXP 	fixation: autoDraw = False
4.6320 	EXP 	pres_text: autoDraw = False
4.6320 	EXP 	pres_text: height = 0.1
4.6320 	EXP 	pres_text: height = 0.1
4.6320 	EXP 	pres_text: height = 0.1
4.6320 	EXP 	pres_text: text = '1'
4.6320 	EXP 	fixation: autoDraw = True
5.6323 	EXP 	fixation: autoDraw = False
5.6323 	EXP 	pres_text: autoDraw = True
6.6201 	EXP 	New trial (rep=2, index=0): None
6.6328 	EXP 	pres_text: autoDraw = False
6.6328 	EXP 	fixation: autoDraw = False
6.6328 	EXP 	pres_text: autoDraw = False
6.6328 	EXP 	pres_text: height = 0.1
6.6328 	EXP 	pres_text: height = 0.1
6.6328 	EXP 	pres_text: height = 0.1
6.6328 	EXP 	pres_text: text = '7'
6.6328 	EXP 	fixation: autoDraw = True
7.6331 	EXP 	fixation: autoDraw = False
7.6331 	EXP 	pres_text: autoDraw = True
8.6335 	EXP 	pres_text: autoDraw = False
8.6335 	EXP 	fixation: autoDraw = False
8.6335 	EXP 	pres_text: autoDraw = False
8.6335 	EXP 	recall_txt: autoDraw = True
8.6335 	EXP 	textbox: autoDraw = True
8.6335 	EXP 	cont_button: autoDraw = True
14.1291 	DATA 	Keypress: 2
14.3562 	DATA 	Keypress: 1
15.0628 	DATA 	Keypress: 7
15.8631 	DATA 	Keypress: return
17.8239 	DATA 	Mouse: Left button down, pos=(1016,95)
17.8369 	EXP 	recall_txt: autoDraw = False
17.8369 	EXP 	textbox: autoDraw = False
17.8369 	EXP 	cont_button: autoDraw = False
17.8369 	EXP 	Texto_Retroalimentación: height = 0.05
17.8369 	EXP 	Texto_Retroalimentación: height = 0.05
17.8369 	EXP 	Texto_Retroalimentación: height = 0.05
17.8369 	EXP 	Texto_Retroalimentación: text = 'Incorrecto'
17.8369 	EXP 	Texto_Retroalimentación: autoDraw = True
17.9317 	DATA 	Mouse:  Left button up, pos=(1016,95)
18.8246 	EXP 	New trial (rep=0, index=1): {'digitSpan': 3, 'digits': 486}
18.8248 	EXP 	Created sequence: sequential, trialTypes=1, nReps=3, seed=None
18.8249 	EXP 	New trial (rep=0, index=0): None
18.8373 	EXP 	Texto_Retroalimentación: autoDraw = False
18.8373 	EXP 	Texto_Retroalimentación: autoDraw = False
18.8373 	EXP 	pres_text: height = 0.1
18.8373 	EXP 	pres_text: height = 0.1
18.8373 	EXP 	pres_text: height = 0.1
18.8373 	EXP 	pres_text: text = '4'
18.8373 	EXP 	fixation: autoDraw = True
19.8244 	EXP 	pres_text: autoDraw = True
19.8376 	EXP 	fixation: autoDraw = False
20.8120 	EXP 	New trial (rep=1, index=0): None
20.8247 	EXP 	pres_text: autoDraw = False
20.8247 	EXP 	fixation: autoDraw = False
20.8247 	EXP 	pres_text: autoDraw = False
20.8247 	EXP 	pres_text: height = 0.1
20.8247 	EXP 	pres_text: height = 0.1
20.8247 	EXP 	pres_text: height = 0.1
20.8247 	EXP 	pres_text: text = '8'
20.8247 	EXP 	fixation: autoDraw = True
21.8250 	EXP 	fixation: autoDraw = False
21.8250 	EXP 	pres_text: autoDraw = True
22.8145 	EXP 	New trial (rep=2, index=0): None
22.8391 	EXP 	pres_text: autoDraw = False
22.8391 	EXP 	fixation: autoDraw = False
22.8391 	EXP 	pres_text: autoDraw = False
22.8391 	EXP 	pres_text: height = 0.1
22.8391 	EXP 	pres_text: height = 0.1
22.8391 	EXP 	pres_text: height = 0.1
22.8391 	EXP 	pres_text: text = '6'
22.8391 	EXP 	fixation: autoDraw = True
23.8261 	EXP 	pres_text: autoDraw = True
23.8394 	EXP 	fixation: autoDraw = False
24.8398 	EXP 	pres_text: autoDraw = False
24.8398 	EXP 	fixation: autoDraw = False
24.8398 	EXP 	pres_text: autoDraw = False
24.8398 	EXP 	recall_txt: autoDraw = True
24.8398 	EXP 	textbox: autoDraw = True
24.8398 	EXP 	cont_button: autoDraw = True
26.2536 	DATA 	Keypress: 4
26.8405 	DATA 	Keypress: 8
27.3741 	DATA 	Keypress: 6
28.5114 	DATA 	Mouse: Left button down, pos=(1009,86)
28.5342 	EXP 	recall_txt: autoDraw = False
28.5342 	EXP 	textbox: autoDraw = False
28.5342 	EXP 	cont_button: autoDraw = False
28.5342 	EXP 	Texto_Retroalimentación: height = 0.05
28.5342 	EXP 	Texto_Retroalimentación: height = 0.05
28.5342 	EXP 	Texto_Retroalimentación: height = 0.05
28.5342 	EXP 	Texto_Retroalimentación: text = '¡Correcto!'
28.5342 	EXP 	Texto_Retroalimentación: autoDraw = True
28.6423 	DATA 	Mouse:  Left button up, pos=(1009,86)
29.5218 	EXP 	New trial (rep=0, index=2): {'digitSpan': 3, 'digits': 760}
29.5220 	EXP 	Created sequence: sequential, trialTypes=1, nReps=3, seed=None
29.5222 	EXP 	New trial (rep=0, index=0): None
29.5346 	EXP 	Texto_Retroalimentación: autoDraw = False
29.5346 	EXP 	Texto_Retroalimentación: autoDraw = False
29.5346 	EXP 	pres_text: height = 0.1
29.5346 	EXP 	pres_text: height = 0.1
29.5346 	EXP 	pres_text: height = 0.1
29.5346 	EXP 	pres_text: text = '7'
29.5346 	EXP 	fixation: autoDraw = True
30.5217 	EXP 	pres_text: autoDraw = True
30.5350 	EXP 	fixation: autoDraw = False
31.5093 	EXP 	New trial (rep=1, index=0): None
31.5221 	EXP 	pres_text: autoDraw = False
31.5221 	EXP 	fixation: autoDraw = False
31.5221 	EXP 	pres_text: autoDraw = False
31.5221 	EXP 	pres_text: height = 0.1
31.5221 	EXP 	pres_text: height = 0.1
31.5221 	EXP 	pres_text: height = 0.1
31.5221 	EXP 	pres_text: text = '6'
31.5221 	EXP 	fixation: autoDraw = True
32.5224 	EXP 	fixation: autoDraw = False
32.5224 	EXP 	pres_text: autoDraw = True
33.5100 	EXP 	New trial (rep=2, index=0): None
33.5227 	EXP 	pres_text: autoDraw = False
33.5227 	EXP 	fixation: autoDraw = False
33.5227 	EXP 	pres_text: autoDraw = False
33.5227 	EXP 	pres_text: height = 0.1
33.5227 	EXP 	pres_text: height = 0.1
33.5227 	EXP 	pres_text: height = 0.1
33.5227 	EXP 	pres_text: text = '0'
33.5227 	EXP 	fixation: autoDraw = True
34.5231 	EXP 	fixation: autoDraw = False
34.5231 	EXP 	pres_text: autoDraw = True
35.5235 	EXP 	pres_text: autoDraw = False
35.5235 	EXP 	fixation: autoDraw = False
35.5235 	EXP 	pres_text: autoDraw = False
35.5235 	EXP 	recall_txt: autoDraw = True
35.5235 	EXP 	textbox: autoDraw = True
35.5235 	EXP 	cont_button: autoDraw = True
36.9678 	DATA 	Keypress: 7
37.5512 	DATA 	Keypress: 6
38.0472 	DATA 	Keypress: 0
39.1518 	DATA 	Mouse: Left button down, pos=(1011,110)
39.1649 	EXP 	recall_txt: autoDraw = False
39.1649 	EXP 	textbox: autoDraw = False
39.1649 	EXP 	cont_button: autoDraw = False
39.1649 	EXP 	Texto_Retroalimentación: text = '¡Correcto!'
39.1649 	EXP 	Texto_Retroalimentación: autoDraw = True
39.2463 	DATA 	Mouse:  Left button up, pos=(1011,110)
40.1526 	EXP 	New trial (rep=0, index=1): {'condition_file': 'four.xlsx'}
40.1567 	EXP 	Imported four.xlsx as conditions, 3 conditions, 2 params
40.1570 	EXP 	Created sequence: sequential, trialTypes=3, nReps=1, seed=None
40.1572 	EXP 	New trial (rep=0, index=0): {'digitSpan': 4, 'digits': 3141}
40.1574 	EXP 	Created sequence: sequential, trialTypes=1, nReps=4, seed=None
40.1576 	EXP 	New trial (rep=0, index=0): None
40.1653 	EXP 	Texto_Retroalimentación: autoDraw = False
40.1653 	EXP 	Texto_Retroalimentación: autoDraw = False
40.1653 	EXP 	pres_text: height = 0.1
40.1653 	EXP 	pres_text: height = 0.1
40.1653 	EXP 	pres_text: height = 0.1
40.1653 	EXP 	pres_text: text = '3'
40.1653 	EXP 	fixation: autoDraw = True
41.1523 	EXP 	pres_text: autoDraw = True
41.1656 	EXP 	fixation: autoDraw = False
42.1400 	EXP 	New trial (rep=1, index=0): None
42.1527 	EXP 	pres_text: autoDraw = False
42.1527 	EXP 	fixation: autoDraw = False
42.1527 	EXP 	pres_text: autoDraw = False
42.1527 	EXP 	pres_text: height = 0.1
42.1527 	EXP 	pres_text: height = 0.1
42.1527 	EXP 	pres_text: height = 0.1
42.1527 	EXP 	pres_text: text = '1'
42.1527 	EXP 	fixation: autoDraw = True
43.1530 	EXP 	fixation: autoDraw = False
43.1530 	EXP 	pres_text: autoDraw = True
44.1409 	EXP 	New trial (rep=2, index=0): None
44.1535 	EXP 	pres_text: autoDraw = False
44.1535 	EXP 	fixation: autoDraw = False
44.1535 	EXP 	pres_text: autoDraw = False
44.1535 	EXP 	pres_text: height = 0.1
44.1535 	EXP 	pres_text: height = 0.1
44.1535 	EXP 	pres_text: height = 0.1
44.1535 	EXP 	pres_text: text = '4'
44.1535 	EXP 	fixation: autoDraw = True
45.1538 	EXP 	fixation: autoDraw = False
45.1538 	EXP 	pres_text: autoDraw = True
46.1415 	EXP 	New trial (rep=3, index=0): None
46.1542 	EXP 	pres_text: autoDraw = False
46.1542 	EXP 	fixation: autoDraw = False
46.1542 	EXP 	pres_text: autoDraw = False
46.1542 	EXP 	pres_text: height = 0.1
46.1542 	EXP 	pres_text: height = 0.1
46.1542 	EXP 	pres_text: height = 0.1
46.1542 	EXP 	pres_text: text = '1'
46.1542 	EXP 	fixation: autoDraw = True
47.1545 	EXP 	fixation: autoDraw = False
47.1545 	EXP 	pres_text: autoDraw = True
48.1549 	EXP 	pres_text: autoDraw = False
48.1549 	EXP 	fixation: autoDraw = False
48.1549 	EXP 	pres_text: autoDraw = False
48.1549 	EXP 	recall_txt: autoDraw = True
48.1549 	EXP 	textbox: autoDraw = True
48.1549 	EXP 	cont_button: autoDraw = True
50.0395 	DATA 	Keypress: 3
50.3827 	DATA 	Keypress: 1
51.0793 	DATA 	Keypress: 4
51.4230 	DATA 	Keypress: 1
52.9436 	DATA 	Mouse: Left button down, pos=(1064,113)
52.9567 	EXP 	recall_txt: autoDraw = False
52.9567 	EXP 	textbox: autoDraw = False
52.9567 	EXP 	cont_button: autoDraw = False
52.9567 	EXP 	Texto_Retroalimentación: text = '¡Correcto!'
52.9567 	EXP 	Texto_Retroalimentación: autoDraw = True
53.0247 	DATA 	Mouse:  Left button up, pos=(1064,113)
53.9444 	EXP 	New trial (rep=0, index=1): {'digitSpan': 4, 'digits': 6351}
53.9446 	EXP 	Created sequence: sequential, trialTypes=1, nReps=4, seed=None
53.9447 	EXP 	New trial (rep=0, index=0): None
53.9571 	EXP 	Texto_Retroalimentación: autoDraw = False
53.9571 	EXP 	Texto_Retroalimentación: autoDraw = False
53.9571 	EXP 	pres_text: height = 0.1
53.9571 	EXP 	pres_text: height = 0.1
53.9571 	EXP 	pres_text: height = 0.1
53.9571 	EXP 	pres_text: text = '6'
53.9571 	EXP 	fixation: autoDraw = True
54.9441 	EXP 	pres_text: autoDraw = True
54.9575 	EXP 	fixation: autoDraw = False
55.9317 	EXP 	New trial (rep=1, index=0): None
55.9445 	EXP 	pres_text: autoDraw = False
55.9445 	EXP 	fixation: autoDraw = False
55.9445 	EXP 	pres_text: autoDraw = False
55.9445 	EXP 	pres_text: height = 0.1
55.9445 	EXP 	pres_text: height = 0.1
55.9445 	EXP 	pres_text: height = 0.1
55.9445 	EXP 	pres_text: text = '3'
55.9445 	EXP 	fixation: autoDraw = True
56.9449 	EXP 	fixation: autoDraw = False
56.9449 	EXP 	pres_text: autoDraw = True
57.9325 	EXP 	New trial (rep=2, index=0): None
57.9452 	EXP 	pres_text: autoDraw = False
57.9452 	EXP 	fixation: autoDraw = False
57.9452 	EXP 	pres_text: autoDraw = False
57.9452 	EXP 	pres_text: height = 0.1
57.9452 	EXP 	pres_text: height = 0.1
57.9452 	EXP 	pres_text: height = 0.1
57.9452 	EXP 	pres_text: text = '5'
57.9452 	EXP 	fixation: autoDraw = True
58.9457 	EXP 	fixation: autoDraw = False
58.9457 	EXP 	pres_text: autoDraw = True
59.4941 	DATA 	Keypress: escape
59.5997 	EXP 	Español Digit Span Task: status = STOPPED
59.6125 	EXP 	pres_text: autoDraw = False
59.6126 	EXP 	Español Digit Span Task: status = STOPPED
59.7130 	EXP 	window1: mouseVisible = True
