16.1150 	WARNING 	User requested fullscreen with size [1440  900], but screen is actually [1920, 1080]. Using actual size
16.8836 	EXP 	Created window1 = Window(allowGUI=True, allowStencil=True, autoLog=True, backendConf=UNKNOWN, backgroundFit=<method-wrapper '__getattribute__' of attributeSetter object at 0x000002203A704EB0>, backgroundImage=<method-wrapper '__getattribute__' of attributeSetter object at 0x000002203A704E50>, bitsMode=UNKNOWN, blendMode='avg', bpc=(8, 8, 8), color=array([-1, -1, -1]), colorSpace='rgb', depthBits=8, fullscr=<method-wrapper '__getattribute__' of attributeSetter object at 0x000002203A704C70>, gamma=None, gammaErrorPolicy='raise', lms=UNKNOWN, monitor=<psychopy.monitors.calibTools.Monitor object at 0x000002203AAA7970>, multiSample=False, name='window1', numSamples=2, pos=(0, 0), screen=0, size=array([1920, 1080]), stencilBits=8, stereo=False, title='PsychoPy', units='height', useFBO=True, useRetina=False, viewOri=0.0, viewPos=None, viewScale=None, waitBlanking=True, winType='pyglet')
16.8837 	EXP 	window1: mouseVisible = True
16.8837 	EXP 	window1: backgroundImage = ''
16.8837 	EXP 	window1: backgroundFit = 'none'
16.8860 	EXP 	window1: Attempting to measure frame rate of screen (0) ...
16.8860 	EXP 	window1: recordFrameIntervals = False
17.0165 	EXP 	window1: recordFrameIntervals = True
17.1634 	EXP 	Screen (0) actual frame rate measured at 74.96Hz
17.1634 	EXP 	window1: recordFrameIntervals = False
17.1636 	EXP 	window1: mouseVisible = False
20.2133 	EXP 	glasgow_face_matching: status = STARTED
20.2137 	EXP 	window1: mouseVisible = True
21.5384 	EXP 	Created background = ImageStim(__class__=<class 'psychopy.visual.image.ImageStim'>, anchor=('center', 'center'), autoLog=True, color=array([1., 1., 1.]), colorSpace='rgb', contrast=1.0, depth=0.0, draggable=False, flipHoriz=False, flipVert=False, image='background.jpg', interpolate=True, mask=None, maskParams=None, name='background', opacity=1.0, ori=0.0, pos=array([0., 0.]), size=array([2., 1.]), texRes=128.0, units='height', win=Window(...))
21.5387 	EXP 	window1: mouseVisible = True
21.5388 	EXP 	window1: mouseVisible = True
21.5394 	EXP 	window1: mouseVisible = True
21.5399 	EXP 	window1: mouseVisible = True
21.7024 	EXP 	window1: mouseVisible = True
21.7026 	EXP 	window1: mouseVisible = True
21.7031 	EXP 	window1: mouseVisible = True
21.7037 	EXP 	window1: mouseVisible = True
21.7147 	EXP 	window1: mouseVisible = True
22.9891 	EXP 	Created background_2 = ImageStim(__class__=<class 'psychopy.visual.image.ImageStim'>, anchor=('center', 'center'), autoLog=True, color=array([1., 1., 1.]), colorSpace='rgb', contrast=1.0, depth=0.0, draggable=False, flipHoriz=False, flipVert=False, image='background.jpg', interpolate=True, mask=None, maskParams=None, name='background_2', opacity=1.0, ori=0.0, pos=array([0., 0.]), size=array([2., 1.]), texRes=128.0, units='height', win=Window(...))
22.9893 	EXP 	window1: mouseVisible = True
23.0064 	EXP 	Created faces = ImageStim(__class__=<class 'psychopy.visual.image.ImageStim'>, anchor=('center', 'center'), autoLog=True, color=array([1., 1., 1.]), colorSpace='rgb', contrast=1.0, depth=-1.0, draggable=False, flipHoriz=False, flipVert=False, image='default.png', interpolate=True, mask=None, maskParams=None, name='faces', opacity=1.0, ori=0.0, pos=array([0., 0.]), size=array([1.25, 0.78]), texRes=128, units='height', win=Window(...))
23.0067 	EXP 	window1: mouseVisible = True
23.0069 	EXP 	window1: mouseVisible = True
23.0074 	EXP 	window1: mouseVisible = True
23.0080 	EXP 	window1: mouseVisible = True
23.0119 	EXP 	window1: mouseVisible = True
23.0121 	EXP 	window1: mouseVisible = True
23.0126 	EXP 	window1: mouseVisible = True
23.0131 	EXP 	window1: mouseVisible = True
23.0212 	EXP 	window1: mouseVisible = True
23.0214 	EXP 	window1: mouseVisible = True
23.0219 	EXP 	window1: mouseVisible = True
23.0224 	EXP 	window1: mouseVisible = True
23.0599 	EXP 	window1: mouseVisible = True
23.0600 	EXP 	window1: mouseVisible = True
23.0607 	EXP 	window1: mouseVisible = True
23.0614 	EXP 	window1: mouseVisible = True
23.0657 	EXP 	window1: mouseVisible = True
24.3525 	EXP 	Created background_3 = ImageStim(__class__=<class 'psychopy.visual.image.ImageStim'>, anchor=('center', 'center'), autoLog=True, color=array([1., 1., 1.]), colorSpace='rgb', contrast=1.0, depth=0.0, draggable=False, flipHoriz=False, flipVert=False, image='background.jpg', interpolate=True, mask=None, maskParams=None, name='background_3', opacity=1.0, ori=0.0, pos=array([0., 0.]), size=array([2., 1.]), texRes=128.0, units='height', win=Window(...))
24.3528 	EXP 	window1: mouseVisible = True
24.3530 	EXP 	window1: mouseVisible = True
24.3535 	EXP 	window1: mouseVisible = True
24.3541 	EXP 	window1: mouseVisible = True
24.3581 	EXP 	window1: mouseVisible = True
24.3582 	EXP 	window1: mouseVisible = True
24.3588 	EXP 	window1: mouseVisible = True
24.3594 	EXP 	window1: mouseVisible = True
24.3635 	EXP 	window1: mouseVisible = True
24.3636 	EXP 	window1: mouseVisible = True
24.3642 	EXP 	window1: mouseVisible = True
24.3648 	EXP 	window1: mouseVisible = True
24.3695 	EXP 	window1: mouseVisible = True
24.3696 	EXP 	window1: mouseVisible = True
24.3702 	EXP 	window1: mouseVisible = True
24.3709 	EXP 	window1: mouseVisible = True
24.3748 	EXP 	window1: mouseVisible = True
24.3750 	EXP 	window1: mouseVisible = True
24.3756 	EXP 	window1: mouseVisible = True
24.3762 	EXP 	window1: mouseVisible = True
24.3818 	EXP 	window1: mouseVisible = True
24.3820 	EXP 	window1: mouseVisible = True
24.3826 	EXP 	window1: mouseVisible = True
24.3832 	EXP 	window1: mouseVisible = True
24.3873 	EXP 	window1: mouseVisible = True
25.6587 	EXP 	Created background_4 = ImageStim(__class__=<class 'psychopy.visual.image.ImageStim'>, anchor=('center', 'center'), autoLog=True, color=array([1., 1., 1.]), colorSpace='rgb', contrast=1.0, depth=0.0, draggable=False, flipHoriz=False, flipVert=False, image='background.jpg', interpolate=True, mask=None, maskParams=None, name='background_4', opacity=1.0, ori=0.0, pos=array([0., 0.]), size=array([2., 1.]), texRes=128.0, units='height', win=Window(...))
25.6590 	EXP 	window1: mouseVisible = True
25.6591 	EXP 	window1: mouseVisible = True
25.6597 	EXP 	window1: mouseVisible = True
25.6603 	EXP 	window1: mouseVisible = True
25.6646 	EXP 	window1: mouseVisible = True
25.6647 	EXP 	window1: mouseVisible = True
25.6654 	EXP 	window1: mouseVisible = True
25.6660 	EXP 	window1: mouseVisible = True
0.0041 	EXP 	instructionstxt: autoLog = True
0.0041 	EXP 	trial_counter: autoLog = True
0.0041 	EXP 	reminder: autoLog = True
0.0041 	EXP 	textbox: autoLog = True
0.0041 	EXP 	reminder_2: autoLog = True
0.0041 	EXP 	trial_counter_2: autoLog = True
0.0041 	EXP 	endmsg: autoLog = True
0.0297 	EXP 	background: autoDraw = True
0.0297 	EXP 	instructionstxt: autoDraw = True
4.6276 	EXP 	Imported conditions_short.xlsx as conditions, 40 conditions, 3 params
4.6284 	EXP 	Created sequence: random, trialTypes=40, nReps=1, seed=None
4.6286 	EXP 	New trial (rep=0, index=0): {'imageFile': 'same/76b.png', 'corrAns': 'left', 'sameOrDiff': 'same'}
4.6985 	DATA 	Keypress: space
4.7117 	EXP 	background: autoDraw = False
4.7117 	EXP 	instructionstxt: autoDraw = False
4.7117 	EXP 	faces: image = 'same/76b.png'
4.7117 	EXP 	background_2: autoDraw = True
4.7117 	EXP 	faces: autoDraw = True
4.7117 	EXP 	trial_counter: autoDraw = True
4.7117 	EXP 	reminder: autoDraw = True
8.3550 	DATA 	Keypress: right
8.3660 	EXP 	background_2: autoDraw = False
8.3660 	EXP 	faces: autoDraw = False
8.3660 	EXP 	trial_counter: autoDraw = False
8.3660 	EXP 	reminder: autoDraw = False
8.3660 	EXP 	textbox: foreColor = <psychopy.colors.Color: red, alpha=1.0>
8.3660 	EXP 	background_3: autoDraw = True
8.3660 	EXP 	textbox: autoDraw = True
8.3660 	EXP 	reminder_2: autoDraw = True
8.3660 	EXP 	trial_counter_2: autoDraw = True
9.3536 	EXP 	New trial (rep=0, index=1): {'imageFile': 'same/89a.png', 'corrAns': 'left', 'sameOrDiff': 'same'}
9.4065 	EXP 	background_3: autoDraw = False
9.4065 	EXP 	textbox: autoDraw = False
9.4065 	EXP 	reminder_2: autoDraw = False
9.4065 	EXP 	trial_counter_2: autoDraw = False
9.4065 	EXP 	faces: image = 'same/89a.png'
9.4065 	EXP 	background_2: autoDraw = True
9.4065 	EXP 	faces: autoDraw = True
9.4065 	EXP 	trial_counter: autoDraw = True
9.4065 	EXP 	reminder: autoDraw = True
10.0186 	DATA 	Keypress: right
10.0334 	EXP 	background_2: autoDraw = False
10.0334 	EXP 	faces: autoDraw = False
10.0334 	EXP 	trial_counter: autoDraw = False
10.0334 	EXP 	reminder: autoDraw = False
10.0334 	EXP 	textbox: foreColor = <psychopy.colors.Color: red, alpha=1.0>
10.0334 	EXP 	background_3: autoDraw = True
10.0334 	EXP 	textbox: autoDraw = True
10.0334 	EXP 	reminder_2: autoDraw = True
10.0334 	EXP 	trial_counter_2: autoDraw = True
11.0208 	EXP 	New trial (rep=0, index=2): {'imageFile': 'same/78a.png', 'corrAns': 'left', 'sameOrDiff': 'same'}
11.0604 	EXP 	background_3: autoDraw = False
11.0604 	EXP 	textbox: autoDraw = False
11.0604 	EXP 	reminder_2: autoDraw = False
11.0604 	EXP 	trial_counter_2: autoDraw = False
11.0604 	EXP 	faces: image = 'same/78a.png'
11.0604 	EXP 	background_2: autoDraw = True
11.0604 	EXP 	faces: autoDraw = True
11.0604 	EXP 	trial_counter: autoDraw = True
11.0604 	EXP 	reminder: autoDraw = True
11.9652 	DATA 	Keypress: right
11.9808 	EXP 	background_2: autoDraw = False
11.9808 	EXP 	faces: autoDraw = False
11.9808 	EXP 	trial_counter: autoDraw = False
11.9808 	EXP 	reminder: autoDraw = False
11.9808 	EXP 	textbox: foreColor = <psychopy.colors.Color: red, alpha=1.0>
11.9808 	EXP 	background_3: autoDraw = True
11.9808 	EXP 	textbox: autoDraw = True
11.9808 	EXP 	reminder_2: autoDraw = True
11.9808 	EXP 	trial_counter_2: autoDraw = True
12.9681 	EXP 	New trial (rep=0, index=3): {'imageFile': 'different/29b.png', 'corrAns': 'right', 'sameOrDiff': 'different'}
13.0078 	EXP 	background_3: autoDraw = False
13.0078 	EXP 	textbox: autoDraw = False
13.0078 	EXP 	reminder_2: autoDraw = False
13.0078 	EXP 	trial_counter_2: autoDraw = False
13.0078 	EXP 	faces: image = 'different/29b.png'
13.0078 	EXP 	background_2: autoDraw = True
13.0078 	EXP 	faces: autoDraw = True
13.0078 	EXP 	trial_counter: autoDraw = True
13.0078 	EXP 	reminder: autoDraw = True
14.0795 	DATA 	Keypress: right
14.1283 	EXP 	background_2: autoDraw = False
14.1283 	EXP 	faces: autoDraw = False
14.1283 	EXP 	trial_counter: autoDraw = False
14.1283 	EXP 	reminder: autoDraw = False
14.1283 	EXP 	textbox: foreColor = <psychopy.colors.Color: green, alpha=1.0>
14.1283 	EXP 	background_3: autoDraw = True
14.1283 	EXP 	textbox: autoDraw = True
14.1283 	EXP 	reminder_2: autoDraw = True
14.1283 	EXP 	trial_counter_2: autoDraw = True
15.1023 	EXP 	New trial (rep=0, index=4): {'imageFile': 'same/55a.png', 'corrAns': 'left', 'sameOrDiff': 'same'}
15.1419 	EXP 	background_3: autoDraw = False
15.1419 	EXP 	textbox: autoDraw = False
15.1419 	EXP 	reminder_2: autoDraw = False
15.1419 	EXP 	trial_counter_2: autoDraw = False
15.1419 	EXP 	faces: image = 'same/55a.png'
15.1419 	EXP 	background_2: autoDraw = True
15.1419 	EXP 	faces: autoDraw = True
15.1419 	EXP 	trial_counter: autoDraw = True
15.1419 	EXP 	reminder: autoDraw = True
17.8078 	DATA 	Keypress: right
17.8229 	EXP 	background_2: autoDraw = False
17.8229 	EXP 	faces: autoDraw = False
17.8229 	EXP 	trial_counter: autoDraw = False
17.8229 	EXP 	reminder: autoDraw = False
17.8229 	EXP 	textbox: foreColor = <psychopy.colors.Color: red, alpha=1.0>
17.8229 	EXP 	background_3: autoDraw = True
17.8229 	EXP 	textbox: autoDraw = True
17.8229 	EXP 	reminder_2: autoDraw = True
17.8229 	EXP 	trial_counter_2: autoDraw = True
18.8102 	EXP 	New trial (rep=0, index=5): {'imageFile': 'same/82a.png', 'corrAns': 'left', 'sameOrDiff': 'same'}
18.8500 	EXP 	background_3: autoDraw = False
18.8500 	EXP 	textbox: autoDraw = False
18.8500 	EXP 	reminder_2: autoDraw = False
18.8500 	EXP 	trial_counter_2: autoDraw = False
18.8500 	EXP 	faces: image = 'same/82a.png'
18.8500 	EXP 	background_2: autoDraw = True
18.8500 	EXP 	faces: autoDraw = True
18.8500 	EXP 	trial_counter: autoDraw = True
18.8500 	EXP 	reminder: autoDraw = True
20.2081 	DATA 	Keypress: right
20.2239 	EXP 	background_2: autoDraw = False
20.2239 	EXP 	faces: autoDraw = False
20.2239 	EXP 	trial_counter: autoDraw = False
20.2239 	EXP 	reminder: autoDraw = False
20.2239 	EXP 	textbox: foreColor = <psychopy.colors.Color: red, alpha=1.0>
20.2239 	EXP 	background_3: autoDraw = True
20.2239 	EXP 	textbox: autoDraw = True
20.2239 	EXP 	reminder_2: autoDraw = True
20.2239 	EXP 	trial_counter_2: autoDraw = True
21.2112 	EXP 	New trial (rep=0, index=6): {'imageFile': 'different/35b.png', 'corrAns': 'right', 'sameOrDiff': 'different'}
21.2642 	EXP 	background_3: autoDraw = False
21.2642 	EXP 	textbox: autoDraw = False
21.2642 	EXP 	reminder_2: autoDraw = False
21.2642 	EXP 	trial_counter_2: autoDraw = False
21.2642 	EXP 	faces: image = 'different/35b.png'
21.2642 	EXP 	background_2: autoDraw = True
21.2642 	EXP 	faces: autoDraw = True
21.2642 	EXP 	trial_counter: autoDraw = True
21.2642 	EXP 	reminder: autoDraw = True
21.8245 	DATA 	Keypress: right
21.8378 	EXP 	background_2: autoDraw = False
21.8378 	EXP 	faces: autoDraw = False
21.8378 	EXP 	trial_counter: autoDraw = False
21.8378 	EXP 	reminder: autoDraw = False
21.8378 	EXP 	textbox: foreColor = <psychopy.colors.Color: green, alpha=1.0>
21.8378 	EXP 	background_3: autoDraw = True
21.8378 	EXP 	textbox: autoDraw = True
21.8378 	EXP 	reminder_2: autoDraw = True
21.8378 	EXP 	trial_counter_2: autoDraw = True
22.8251 	EXP 	New trial (rep=0, index=7): {'imageFile': 'same/74a.png', 'corrAns': 'left', 'sameOrDiff': 'same'}
22.8648 	EXP 	background_3: autoDraw = False
22.8648 	EXP 	textbox: autoDraw = False
22.8648 	EXP 	reminder_2: autoDraw = False
22.8648 	EXP 	trial_counter_2: autoDraw = False
22.8648 	EXP 	faces: image = 'same/74a.png'
22.8648 	EXP 	background_2: autoDraw = True
22.8648 	EXP 	faces: autoDraw = True
22.8648 	EXP 	trial_counter: autoDraw = True
22.8648 	EXP 	reminder: autoDraw = True
23.4570 	DATA 	Keypress: escape
23.5458 	EXP 	glasgow_face_matching: status = STOPPED
23.5584 	EXP 	background_2: autoDraw = False
23.5584 	EXP 	faces: autoDraw = False
23.5584 	EXP 	trial_counter: autoDraw = False
23.5584 	EXP 	reminder: autoDraw = False
23.5585 	EXP 	glasgow_face_matching: status = STOPPED
23.6615 	EXP 	window1: mouseVisible = True
