9.6911 	WARNING 	User requested fullscreen with size [1440  900], but screen is actually [1920, 1080]. Using actual size
10.3913 	EXP 	Created window1 = Window(allowGUI=True, allowStencil=True, autoLog=True, backendConf=UNKNOWN, backgroundFit=<method-wrapper '__getattribute__' of attributeSetter object at 0x0000019C75A37C40>, backgroundImage=<method-wrapper '__getattribute__' of attributeSetter object at 0x0000019C75A37BE0>, bitsMode=UNKNOWN, blendMode='avg', bpc=(8, 8, 8), color=array([-1, -1, -1]), colorSpace='rgb', depthBits=8, fullscr=<method-wrapper '__getattribute__' of attributeSetter object at 0x0000019C75A37A00>, gamma=None, gammaErrorPolicy='raise', lms=UNKNOWN, monitor=<psychopy.monitors.calibTools.Monitor object at 0x0000019C75DD7700>, multiSample=False, name='window1', numSamples=2, pos=(0, 0), screen=0, size=array([1920, 1080]), stencilBits=8, stereo=False, title='PsychoPy', units='height', useFBO=True, useRetina=False, viewOri=0.0, viewPos=None, viewScale=None, waitBlanking=True, winType='pyglet')
10.3914 	EXP 	window1: mouseVisible = True
10.3914 	EXP 	window1: backgroundImage = ''
10.3914 	EXP 	window1: backgroundFit = 'none'
10.3934 	EXP 	window1: Attempting to measure frame rate of screen (0) ...
10.3934 	EXP 	window1: recordFrameIntervals = False
10.5243 	EXP 	window1: recordFrameIntervals = True
10.6712 	EXP 	Screen (0) actual frame rate measured at 74.95Hz
10.6712 	EXP 	window1: recordFrameIntervals = False
10.6713 	EXP 	window1: mouseVisible = False
13.4144 	EXP 	glasgow_face_matching: status = STARTED
13.4147 	EXP 	window1: mouseVisible = True
13.4905 	EXP 	Created background = ImageStim(__class__=<class 'psychopy.visual.image.ImageStim'>, anchor=('center', 'center'), autoLog=True, color=array([1., 1., 1.]), colorSpace='rgb', contrast=1.0, depth=0.0, draggable=False, flipHoriz=False, flipVert=False, image='background.jpg', interpolate=True, mask=None, maskParams=None, name='background', opacity=1.0, ori=0.0, pos=array([0., 0.]), size=array([2., 1.]), texRes=128.0, units='height', win=Window(...))
13.4909 	EXP 	window1: mouseVisible = True
13.4910 	EXP 	window1: mouseVisible = True
13.4916 	EXP 	window1: mouseVisible = True
13.4923 	EXP 	window1: mouseVisible = True
13.5930 	EXP 	window1: mouseVisible = True
13.5932 	EXP 	window1: mouseVisible = True
13.5938 	EXP 	window1: mouseVisible = True
13.5943 	EXP 	window1: mouseVisible = True
13.6030 	EXP 	window1: mouseVisible = True
13.6742 	EXP 	Created background_2 = ImageStim(__class__=<class 'psychopy.visual.image.ImageStim'>, anchor=('center', 'center'), autoLog=True, color=array([1., 1., 1.]), colorSpace='rgb', contrast=1.0, depth=0.0, draggable=False, flipHoriz=False, flipVert=False, image='background.jpg', interpolate=True, mask=None, maskParams=None, name='background_2', opacity=1.0, ori=0.0, pos=array([0., 0.]), size=array([2., 1.]), texRes=128.0, units='height', win=Window(...))
13.6743 	EXP 	window1: mouseVisible = True
13.6882 	EXP 	Created faces = ImageStim(__class__=<class 'psychopy.visual.image.ImageStim'>, anchor=('center', 'center'), autoLog=True, color=array([1., 1., 1.]), colorSpace='rgb', contrast=1.0, depth=-1.0, draggable=False, flipHoriz=False, flipVert=False, image='default.png', interpolate=True, mask=None, maskParams=None, name='faces', opacity=1.0, ori=0.0, pos=array([0., 0.]), size=array([1.1, 0.8]), texRes=128, units='height', win=Window(...))
13.6886 	EXP 	window1: mouseVisible = True
13.6887 	EXP 	window1: mouseVisible = True
13.6893 	EXP 	window1: mouseVisible = True
13.6899 	EXP 	window1: mouseVisible = True
13.6937 	EXP 	window1: mouseVisible = True
13.6939 	EXP 	window1: mouseVisible = True
13.6944 	EXP 	window1: mouseVisible = True
13.6950 	EXP 	window1: mouseVisible = True
13.6986 	EXP 	window1: mouseVisible = True
13.6988 	EXP 	window1: mouseVisible = True
13.6994 	EXP 	window1: mouseVisible = True
13.7000 	EXP 	window1: mouseVisible = True
13.7185 	EXP 	window1: mouseVisible = True
13.7186 	EXP 	window1: mouseVisible = True
13.7192 	EXP 	window1: mouseVisible = True
13.7197 	EXP 	window1: mouseVisible = True
13.7233 	EXP 	window1: mouseVisible = True
13.8003 	EXP 	Created background_3 = ImageStim(__class__=<class 'psychopy.visual.image.ImageStim'>, anchor=('center', 'center'), autoLog=True, color=array([1., 1., 1.]), colorSpace='rgb', contrast=1.0, depth=0.0, draggable=False, flipHoriz=False, flipVert=False, image='background.jpg', interpolate=True, mask=None, maskParams=None, name='background_3', opacity=1.0, ori=0.0, pos=array([0., 0.]), size=array([2., 1.]), texRes=128.0, units='height', win=Window(...))
13.8006 	EXP 	window1: mouseVisible = True
13.8008 	EXP 	window1: mouseVisible = True
13.8015 	EXP 	window1: mouseVisible = True
13.8021 	EXP 	window1: mouseVisible = True
13.8060 	EXP 	window1: mouseVisible = True
13.8061 	EXP 	window1: mouseVisible = True
13.8067 	EXP 	window1: mouseVisible = True
13.8073 	EXP 	window1: mouseVisible = True
13.8109 	EXP 	window1: mouseVisible = True
13.8111 	EXP 	window1: mouseVisible = True
13.8116 	EXP 	window1: mouseVisible = True
13.8122 	EXP 	window1: mouseVisible = True
13.8166 	EXP 	window1: mouseVisible = True
13.8167 	EXP 	window1: mouseVisible = True
13.8173 	EXP 	window1: mouseVisible = True
13.8178 	EXP 	window1: mouseVisible = True
13.8214 	EXP 	window1: mouseVisible = True
13.8215 	EXP 	window1: mouseVisible = True
13.8220 	EXP 	window1: mouseVisible = True
13.8226 	EXP 	window1: mouseVisible = True
13.8262 	EXP 	window1: mouseVisible = True
13.8264 	EXP 	window1: mouseVisible = True
13.8269 	EXP 	window1: mouseVisible = True
13.8275 	EXP 	window1: mouseVisible = True
13.8316 	EXP 	window1: mouseVisible = True
13.9032 	EXP 	Created background_4 = ImageStim(__class__=<class 'psychopy.visual.image.ImageStim'>, anchor=('center', 'center'), autoLog=True, color=array([1., 1., 1.]), colorSpace='rgb', contrast=1.0, depth=0.0, draggable=False, flipHoriz=False, flipVert=False, image='background.jpg', interpolate=True, mask=None, maskParams=None, name='background_4', opacity=1.0, ori=0.0, pos=array([0., 0.]), size=array([2., 1.]), texRes=128.0, units='height', win=Window(...))
13.9036 	EXP 	window1: mouseVisible = True
13.9039 	EXP 	window1: mouseVisible = True
13.9047 	EXP 	window1: mouseVisible = True
13.9053 	EXP 	window1: mouseVisible = True
13.9100 	EXP 	window1: mouseVisible = True
13.9101 	EXP 	window1: mouseVisible = True
13.9108 	EXP 	window1: mouseVisible = True
13.9113 	EXP 	window1: mouseVisible = True
0.0110 	EXP 	instructionstxt: autoLog = True
0.0110 	EXP 	trial_counter: autoLog = True
0.0110 	EXP 	reminder: autoLog = True
0.0110 	EXP 	textbox: autoLog = True
0.0110 	EXP 	reminder_2: autoLog = True
0.0110 	EXP 	trial_counter_2: autoLog = True
0.0110 	EXP 	endmsg: autoLog = True
0.0239 	EXP 	background: autoDraw = True
0.0239 	EXP 	instructionstxt: autoDraw = True
2.8882 	EXP 	Imported conditions_short.xlsx as conditions, 40 conditions, 3 params
2.8895 	EXP 	Created sequence: random, trialTypes=40, nReps=1, seed=None
2.8898 	EXP 	New trial (rep=0, index=0): {'imageFile': 'same/84a.png', 'corrAns': 'left', 'sameOrDiff': 'same'}
2.9567 	DATA 	Keypress: right
2.9719 	EXP 	background: autoDraw = False
2.9719 	EXP 	instructionstxt: autoDraw = False
2.9719 	EXP 	faces: image = 'same/84a.png'
2.9719 	EXP 	background_2: autoDraw = True
2.9719 	EXP 	faces: autoDraw = True
2.9719 	EXP 	trial_counter: autoDraw = True
2.9719 	EXP 	reminder: autoDraw = True
4.1372 	DATA 	Keypress: escape
4.2530 	EXP 	glasgow_face_matching: status = STOPPED
4.2654 	EXP 	background_2: autoDraw = False
4.2654 	EXP 	faces: autoDraw = False
4.2654 	EXP 	trial_counter: autoDraw = False
4.2654 	EXP 	reminder: autoDraw = False
4.2654 	EXP 	glasgow_face_matching: status = STOPPED
4.3236 	EXP 	window1: mouseVisible = True
