8.5409 	WARNING 	User requested fullscreen with size [1440  900], but screen is actually [1920, 1080]. Using actual size
9.2284 	EXP 	Created window1 = Window(allowGUI=True, allowStencil=True, autoLog=True, backendConf=UNKNOWN, backgroundFit=<method-wrapper '__getattribute__' of attributeSetter object at 0x000001FBA777BB80>, backgroundImage=<method-wrapper '__getattribute__' of attributeSetter object at 0x000001FBA777BB20>, bitsMode=UNKNOWN, blendMode='avg', bpc=(8, 8, 8), color=array([-1, -1, -1]), colorSpace='rgb', depthBits=8, fullscr=<method-wrapper '__getattribute__' of attributeSetter object at 0x000001FBA777B940>, gamma=None, gammaErrorPolicy='raise', lms=UNKNOWN, monitor=<psychopy.monitors.calibTools.Monitor object at 0x000001FBA7B17550>, multiSample=False, name='window1', numSamples=2, pos=(0, 0), screen=0, size=array([1920, 1080]), stencilBits=8, stereo=False, title='PsychoPy', units='height', useFBO=True, useRetina=False, viewOri=0.0, viewPos=None, viewScale=None, waitBlanking=True, winType='pyglet')
9.2285 	EXP 	window1: mouseVisible = True
9.2285 	EXP 	window1: backgroundImage = ''
9.2285 	EXP 	window1: backgroundFit = 'none'
9.2306 	EXP 	window1: Attempting to measure frame rate of screen (0) ...
9.2306 	EXP 	window1: recordFrameIntervals = False
9.3609 	EXP 	window1: recordFrameIntervals = True
9.5079 	EXP 	Screen (0) actual frame rate measured at 74.92Hz
9.5079 	EXP 	window1: recordFrameIntervals = False
9.5080 	EXP 	window1: mouseVisible = False
12.6583 	EXP 	glasgow_face_matching: status = STARTED
12.6587 	EXP 	window1: mouseVisible = True
12.8872 	EXP 	Created background = ImageStim(__class__=<class 'psychopy.visual.image.ImageStim'>, anchor=('center', 'center'), autoLog=True, color=array([1., 1., 1.]), colorSpace='rgb', contrast=1.0, depth=0.0, draggable=False, flipHoriz=False, flipVert=False, image='background.jpg', interpolate=True, mask=None, maskParams=None, name='background', opacity=1.0, ori=0.0, pos=array([0., 0.]), size=array([2., 1.]), texRes=128.0, units='height', win=Window(...))
12.8875 	EXP 	window1: mouseVisible = True
12.8877 	EXP 	window1: mouseVisible = True
12.8883 	EXP 	window1: mouseVisible = True
12.8889 	EXP 	window1: mouseVisible = True
13.0670 	EXP 	window1: mouseVisible = True
13.0672 	EXP 	window1: mouseVisible = True
13.0679 	EXP 	window1: mouseVisible = True
13.0685 	EXP 	window1: mouseVisible = True
13.0810 	EXP 	window1: mouseVisible = True
13.3331 	EXP 	Created background_2 = ImageStim(__class__=<class 'psychopy.visual.image.ImageStim'>, anchor=('center', 'center'), autoLog=True, color=array([1., 1., 1.]), colorSpace='rgb', contrast=1.0, depth=0.0, draggable=False, flipHoriz=False, flipVert=False, image='background.jpg', interpolate=True, mask=None, maskParams=None, name='background_2', opacity=1.0, ori=0.0, pos=array([0., 0.]), size=array([2., 1.]), texRes=128.0, units='height', win=Window(...))
13.3332 	EXP 	window1: mouseVisible = True
13.3484 	EXP 	Created faces = ImageStim(__class__=<class 'psychopy.visual.image.ImageStim'>, anchor=('center', 'center'), autoLog=True, color=array([1., 1., 1.]), colorSpace='rgb', contrast=1.0, depth=-1.0, draggable=False, flipHoriz=False, flipVert=False, image='default.png', interpolate=True, mask=None, maskParams=None, name='faces', opacity=1.0, ori=0.0, pos=array([0., 0.]), size=array([1.25, 0.78]), texRes=128, units='height', win=Window(...))
13.3487 	EXP 	window1: mouseVisible = True
13.3488 	EXP 	window1: mouseVisible = True
13.3494 	EXP 	window1: mouseVisible = True
13.3500 	EXP 	window1: mouseVisible = True
13.3540 	EXP 	window1: mouseVisible = True
13.3541 	EXP 	window1: mouseVisible = True
13.3547 	EXP 	window1: mouseVisible = True
13.3553 	EXP 	window1: mouseVisible = True
13.3637 	EXP 	window1: mouseVisible = True
13.3638 	EXP 	window1: mouseVisible = True
13.3644 	EXP 	window1: mouseVisible = True
13.3650 	EXP 	window1: mouseVisible = True
13.3925 	EXP 	window1: mouseVisible = True
13.3926 	EXP 	window1: mouseVisible = True
13.3933 	EXP 	window1: mouseVisible = True
13.3939 	EXP 	window1: mouseVisible = True
13.3979 	EXP 	window1: mouseVisible = True
13.6398 	EXP 	Created background_3 = ImageStim(__class__=<class 'psychopy.visual.image.ImageStim'>, anchor=('center', 'center'), autoLog=True, color=array([1., 1., 1.]), colorSpace='rgb', contrast=1.0, depth=0.0, draggable=False, flipHoriz=False, flipVert=False, image='background.jpg', interpolate=True, mask=None, maskParams=None, name='background_3', opacity=1.0, ori=0.0, pos=array([0., 0.]), size=array([2., 1.]), texRes=128.0, units='height', win=Window(...))
13.6401 	EXP 	window1: mouseVisible = True
13.6403 	EXP 	window1: mouseVisible = True
13.6411 	EXP 	window1: mouseVisible = True
13.6418 	EXP 	window1: mouseVisible = True
13.6464 	EXP 	window1: mouseVisible = True
13.6466 	EXP 	window1: mouseVisible = True
13.6472 	EXP 	window1: mouseVisible = True
13.6477 	EXP 	window1: mouseVisible = True
13.6518 	EXP 	window1: mouseVisible = True
13.6520 	EXP 	window1: mouseVisible = True
13.6526 	EXP 	window1: mouseVisible = True
13.6531 	EXP 	window1: mouseVisible = True
13.6581 	EXP 	window1: mouseVisible = True
13.6583 	EXP 	window1: mouseVisible = True
13.6589 	EXP 	window1: mouseVisible = True
13.6595 	EXP 	window1: mouseVisible = True
13.6636 	EXP 	window1: mouseVisible = True
13.6638 	EXP 	window1: mouseVisible = True
13.6644 	EXP 	window1: mouseVisible = True
13.6651 	EXP 	window1: mouseVisible = True
13.6695 	EXP 	window1: mouseVisible = True
13.6698 	EXP 	window1: mouseVisible = True
13.6704 	EXP 	window1: mouseVisible = True
13.6710 	EXP 	window1: mouseVisible = True
13.6752 	EXP 	window1: mouseVisible = True
13.9224 	EXP 	Created background_4 = ImageStim(__class__=<class 'psychopy.visual.image.ImageStim'>, anchor=('center', 'center'), autoLog=True, color=array([1., 1., 1.]), colorSpace='rgb', contrast=1.0, depth=0.0, draggable=False, flipHoriz=False, flipVert=False, image='background.jpg', interpolate=True, mask=None, maskParams=None, name='background_4', opacity=1.0, ori=0.0, pos=array([0., 0.]), size=array([2., 1.]), texRes=128.0, units='height', win=Window(...))
13.9229 	EXP 	window1: mouseVisible = True
13.9231 	EXP 	window1: mouseVisible = True
13.9240 	EXP 	window1: mouseVisible = True
13.9249 	EXP 	window1: mouseVisible = True
13.9297 	EXP 	window1: mouseVisible = True
13.9299 	EXP 	window1: mouseVisible = True
13.9305 	EXP 	window1: mouseVisible = True
13.9311 	EXP 	window1: mouseVisible = True
0.0154 	EXP 	instructionstxt: autoLog = True
0.0154 	EXP 	trial_counter: autoLog = True
0.0154 	EXP 	reminder: autoLog = True
0.0154 	EXP 	textbox: autoLog = True
0.0154 	EXP 	reminder_2: autoLog = True
0.0154 	EXP 	trial_counter_2: autoLog = True
0.0154 	EXP 	endmsg: autoLog = True
0.0413 	EXP 	background: autoDraw = True
0.0413 	EXP 	instructionstxt: autoDraw = True
1.9722 	EXP 	Imported conditions_short.xlsx as conditions, 40 conditions, 3 params
1.9730 	EXP 	Created sequence: random, trialTypes=40, nReps=1, seed=None
1.9732 	EXP 	New trial (rep=0, index=0): {'imageFile': 'same/55a.png', 'corrAns': 'left', 'sameOrDiff': 'same'}
2.0517 	DATA 	Keypress: right
2.0687 	EXP 	background: autoDraw = False
2.0687 	EXP 	instructionstxt: autoDraw = False
2.0687 	EXP 	faces: image = 'same/55a.png'
2.0687 	EXP 	background_2: autoDraw = True
2.0687 	EXP 	faces: autoDraw = True
2.0687 	EXP 	trial_counter: autoDraw = True
2.0687 	EXP 	reminder: autoDraw = True
7.1547 	DATA 	Keypress: right
7.1638 	EXP 	background_2: autoDraw = False
7.1638 	EXP 	faces: autoDraw = False
7.1638 	EXP 	trial_counter: autoDraw = False
7.1638 	EXP 	reminder: autoDraw = False
7.1638 	EXP 	textbox: foreColor = <psychopy.colors.Color: red, alpha=1.0>
7.1638 	EXP 	background_3: autoDraw = True
7.1638 	EXP 	textbox: autoDraw = True
7.1638 	EXP 	reminder_2: autoDraw = True
7.1638 	EXP 	trial_counter_2: autoDraw = True
8.1512 	EXP 	New trial (rep=0, index=1): {'imageFile': 'same/98a.png', 'corrAns': 'left', 'sameOrDiff': 'same'}
8.2042 	EXP 	background_3: autoDraw = False
8.2042 	EXP 	textbox: autoDraw = False
8.2042 	EXP 	reminder_2: autoDraw = False
8.2042 	EXP 	trial_counter_2: autoDraw = False
8.2042 	EXP 	faces: image = 'same/98a.png'
8.2042 	EXP 	background_2: autoDraw = True
8.2042 	EXP 	faces: autoDraw = True
8.2042 	EXP 	trial_counter: autoDraw = True
8.2042 	EXP 	reminder: autoDraw = True
8.8494 	DATA 	Keypress: left
8.8977 	EXP 	background_2: autoDraw = False
8.8977 	EXP 	faces: autoDraw = False
8.8977 	EXP 	trial_counter: autoDraw = False
8.8977 	EXP 	reminder: autoDraw = False
8.8977 	EXP 	textbox: foreColor = <psychopy.colors.Color: green, alpha=1.0>
8.8977 	EXP 	background_3: autoDraw = True
8.8977 	EXP 	textbox: autoDraw = True
8.8977 	EXP 	reminder_2: autoDraw = True
8.8977 	EXP 	trial_counter_2: autoDraw = True
9.8719 	EXP 	New trial (rep=0, index=2): {'imageFile': 'same/74a.png', 'corrAns': 'left', 'sameOrDiff': 'same'}
9.9248 	EXP 	background_3: autoDraw = False
9.9248 	EXP 	textbox: autoDraw = False
9.9248 	EXP 	reminder_2: autoDraw = False
9.9248 	EXP 	trial_counter_2: autoDraw = False
9.9248 	EXP 	faces: image = 'same/74a.png'
9.9248 	EXP 	background_2: autoDraw = True
9.9248 	EXP 	faces: autoDraw = True
9.9248 	EXP 	trial_counter: autoDraw = True
9.9248 	EXP 	reminder: autoDraw = True
11.0506 	DATA 	Keypress: left
11.0853 	EXP 	background_2: autoDraw = False
11.0853 	EXP 	faces: autoDraw = False
11.0853 	EXP 	trial_counter: autoDraw = False
11.0853 	EXP 	reminder: autoDraw = False
11.0853 	EXP 	textbox: foreColor = <psychopy.colors.Color: green, alpha=1.0>
11.0853 	EXP 	background_3: autoDraw = True
11.0853 	EXP 	textbox: autoDraw = True
11.0853 	EXP 	reminder_2: autoDraw = True
11.0853 	EXP 	trial_counter_2: autoDraw = True
12.0726 	EXP 	New trial (rep=0, index=3): {'imageFile': 'different/22a.png', 'corrAns': 'right', 'sameOrDiff': 'different'}
12.1123 	EXP 	background_3: autoDraw = False
12.1123 	EXP 	textbox: autoDraw = False
12.1123 	EXP 	reminder_2: autoDraw = False
12.1123 	EXP 	trial_counter_2: autoDraw = False
12.1123 	EXP 	faces: image = 'different/22a.png'
12.1123 	EXP 	background_2: autoDraw = True
12.1123 	EXP 	faces: autoDraw = True
12.1123 	EXP 	trial_counter: autoDraw = True
12.1123 	EXP 	reminder: autoDraw = True
13.4710 	DATA 	Keypress: right
13.4862 	EXP 	background_2: autoDraw = False
13.4862 	EXP 	faces: autoDraw = False
13.4862 	EXP 	trial_counter: autoDraw = False
13.4862 	EXP 	reminder: autoDraw = False
13.4862 	EXP 	textbox: foreColor = <psychopy.colors.Color: green, alpha=1.0>
13.4862 	EXP 	background_3: autoDraw = True
13.4862 	EXP 	textbox: autoDraw = True
13.4862 	EXP 	reminder_2: autoDraw = True
13.4862 	EXP 	trial_counter_2: autoDraw = True
14.4735 	EXP 	New trial (rep=0, index=4): {'imageFile': 'same/75c.png', 'corrAns': 'left', 'sameOrDiff': 'same'}
14.5132 	EXP 	background_3: autoDraw = False
14.5132 	EXP 	textbox: autoDraw = False
14.5132 	EXP 	reminder_2: autoDraw = False
14.5132 	EXP 	trial_counter_2: autoDraw = False
14.5132 	EXP 	faces: image = 'same/75c.png'
14.5132 	EXP 	background_2: autoDraw = True
14.5132 	EXP 	faces: autoDraw = True
14.5132 	EXP 	trial_counter: autoDraw = True
14.5132 	EXP 	reminder: autoDraw = True
16.3055 	DATA 	Keypress: left
16.3405 	EXP 	background_2: autoDraw = False
16.3405 	EXP 	faces: autoDraw = False
16.3405 	EXP 	trial_counter: autoDraw = False
16.3405 	EXP 	reminder: autoDraw = False
16.3405 	EXP 	textbox: foreColor = <psychopy.colors.Color: green, alpha=1.0>
16.3405 	EXP 	background_3: autoDraw = True
16.3405 	EXP 	textbox: autoDraw = True
16.3405 	EXP 	reminder_2: autoDraw = True
16.3405 	EXP 	trial_counter_2: autoDraw = True
17.3278 	EXP 	New trial (rep=0, index=5): {'imageFile': 'same/81b.png', 'corrAns': 'left', 'sameOrDiff': 'same'}
17.3676 	EXP 	background_3: autoDraw = False
17.3676 	EXP 	textbox: autoDraw = False
17.3676 	EXP 	reminder_2: autoDraw = False
17.3676 	EXP 	trial_counter_2: autoDraw = False
17.3676 	EXP 	faces: image = 'same/81b.png'
17.3676 	EXP 	background_2: autoDraw = True
17.3676 	EXP 	faces: autoDraw = True
17.3676 	EXP 	trial_counter: autoDraw = True
17.3676 	EXP 	reminder: autoDraw = True
18.2739 	DATA 	Keypress: right
18.2879 	EXP 	background_2: autoDraw = False
18.2879 	EXP 	faces: autoDraw = False
18.2879 	EXP 	trial_counter: autoDraw = False
18.2879 	EXP 	reminder: autoDraw = False
18.2879 	EXP 	textbox: foreColor = <psychopy.colors.Color: red, alpha=1.0>
18.2879 	EXP 	background_3: autoDraw = True
18.2879 	EXP 	textbox: autoDraw = True
18.2879 	EXP 	reminder_2: autoDraw = True
18.2879 	EXP 	trial_counter_2: autoDraw = True
19.2752 	EXP 	New trial (rep=0, index=6): {'imageFile': 'different/25a.png', 'corrAns': 'right', 'sameOrDiff': 'different'}
19.3150 	EXP 	background_3: autoDraw = False
19.3150 	EXP 	textbox: autoDraw = False
19.3150 	EXP 	reminder_2: autoDraw = False
19.3150 	EXP 	trial_counter_2: autoDraw = False
19.3150 	EXP 	faces: image = 'different/25a.png'
19.3150 	EXP 	background_2: autoDraw = True
19.3150 	EXP 	faces: autoDraw = True
19.3150 	EXP 	trial_counter: autoDraw = True
19.3150 	EXP 	reminder: autoDraw = True
21.5876 	DATA 	Keypress: left
21.6225 	EXP 	background_2: autoDraw = False
21.6225 	EXP 	faces: autoDraw = False
21.6225 	EXP 	trial_counter: autoDraw = False
21.6225 	EXP 	reminder: autoDraw = False
21.6225 	EXP 	textbox: foreColor = <psychopy.colors.Color: red, alpha=1.0>
21.6225 	EXP 	background_3: autoDraw = True
21.6225 	EXP 	textbox: autoDraw = True
21.6225 	EXP 	reminder_2: autoDraw = True
21.6225 	EXP 	trial_counter_2: autoDraw = True
22.6098 	EXP 	New trial (rep=0, index=7): {'imageFile': 'same/88b.png', 'corrAns': 'left', 'sameOrDiff': 'same'}
22.6629 	EXP 	background_3: autoDraw = False
22.6629 	EXP 	textbox: autoDraw = False
22.6629 	EXP 	reminder_2: autoDraw = False
22.6629 	EXP 	trial_counter_2: autoDraw = False
22.6629 	EXP 	faces: image = 'same/88b.png'
22.6629 	EXP 	background_2: autoDraw = True
22.6629 	EXP 	faces: autoDraw = True
22.6629 	EXP 	trial_counter: autoDraw = True
22.6629 	EXP 	reminder: autoDraw = True
25.9298 	DATA 	Keypress: left
25.9441 	EXP 	background_2: autoDraw = False
25.9441 	EXP 	faces: autoDraw = False
25.9441 	EXP 	trial_counter: autoDraw = False
25.9441 	EXP 	reminder: autoDraw = False
25.9441 	EXP 	textbox: foreColor = <psychopy.colors.Color: green, alpha=1.0>
25.9441 	EXP 	background_3: autoDraw = True
25.9441 	EXP 	textbox: autoDraw = True
25.9441 	EXP 	reminder_2: autoDraw = True
25.9441 	EXP 	trial_counter_2: autoDraw = True
26.9321 	EXP 	New trial (rep=0, index=8): {'imageFile': 'different/18a.png', 'corrAns': 'right', 'sameOrDiff': 'different'}
27.0116 	EXP 	background_3: autoDraw = False
27.0116 	EXP 	textbox: autoDraw = False
27.0116 	EXP 	reminder_2: autoDraw = False
27.0116 	EXP 	trial_counter_2: autoDraw = False
27.0116 	EXP 	faces: image = 'different/18a.png'
27.0116 	EXP 	background_2: autoDraw = True
27.0116 	EXP 	faces: autoDraw = True
27.0116 	EXP 	trial_counter: autoDraw = True
27.0116 	EXP 	reminder: autoDraw = True
28.8433 	DATA 	Keypress: left
28.8785 	EXP 	background_2: autoDraw = False
28.8785 	EXP 	faces: autoDraw = False
28.8785 	EXP 	trial_counter: autoDraw = False
28.8785 	EXP 	reminder: autoDraw = False
28.8785 	EXP 	textbox: foreColor = <psychopy.colors.Color: red, alpha=1.0>
28.8785 	EXP 	background_3: autoDraw = True
28.8785 	EXP 	textbox: autoDraw = True
28.8785 	EXP 	reminder_2: autoDraw = True
28.8785 	EXP 	trial_counter_2: autoDraw = True
29.8658 	EXP 	New trial (rep=0, index=9): {'imageFile': 'same/57c.png', 'corrAns': 'left', 'sameOrDiff': 'same'}
29.9055 	EXP 	background_3: autoDraw = False
29.9055 	EXP 	textbox: autoDraw = False
29.9055 	EXP 	reminder_2: autoDraw = False
29.9055 	EXP 	trial_counter_2: autoDraw = False
29.9055 	EXP 	faces: image = 'same/57c.png'
29.9055 	EXP 	background_2: autoDraw = True
29.9055 	EXP 	faces: autoDraw = True
29.9055 	EXP 	trial_counter: autoDraw = True
29.9055 	EXP 	reminder: autoDraw = True
30.6920 	DATA 	Keypress: left
30.7059 	EXP 	background_2: autoDraw = False
30.7059 	EXP 	faces: autoDraw = False
30.7059 	EXP 	trial_counter: autoDraw = False
30.7059 	EXP 	reminder: autoDraw = False
30.7059 	EXP 	textbox: foreColor = <psychopy.colors.Color: green, alpha=1.0>
30.7059 	EXP 	background_3: autoDraw = True
30.7059 	EXP 	textbox: autoDraw = True
30.7059 	EXP 	reminder_2: autoDraw = True
30.7059 	EXP 	trial_counter_2: autoDraw = True
31.6932 	EXP 	New trial (rep=0, index=10): {'imageFile': 'different/7c.png', 'corrAns': 'right', 'sameOrDiff': 'different'}
31.7329 	EXP 	background_3: autoDraw = False
31.7329 	EXP 	textbox: autoDraw = False
31.7329 	EXP 	reminder_2: autoDraw = False
31.7329 	EXP 	trial_counter_2: autoDraw = False
31.7329 	EXP 	faces: image = 'different/7c.png'
31.7329 	EXP 	background_2: autoDraw = True
31.7329 	EXP 	faces: autoDraw = True
31.7329 	EXP 	trial_counter: autoDraw = True
31.7329 	EXP 	reminder: autoDraw = True
32.3604 	DATA 	Keypress: left
32.3732 	EXP 	background_2: autoDraw = False
32.3732 	EXP 	faces: autoDraw = False
32.3732 	EXP 	trial_counter: autoDraw = False
32.3732 	EXP 	reminder: autoDraw = False
32.3732 	EXP 	textbox: foreColor = <psychopy.colors.Color: red, alpha=1.0>
32.3732 	EXP 	background_3: autoDraw = True
32.3732 	EXP 	textbox: autoDraw = True
32.3732 	EXP 	reminder_2: autoDraw = True
32.3732 	EXP 	trial_counter_2: autoDraw = True
33.3604 	EXP 	New trial (rep=0, index=11): {'imageFile': 'different/17a.png', 'corrAns': 'right', 'sameOrDiff': 'different'}
33.4002 	EXP 	background_3: autoDraw = False
33.4002 	EXP 	textbox: autoDraw = False
33.4002 	EXP 	reminder_2: autoDraw = False
33.4002 	EXP 	trial_counter_2: autoDraw = False
33.4002 	EXP 	faces: image = 'different/17a.png'
33.4002 	EXP 	background_2: autoDraw = True
33.4002 	EXP 	faces: autoDraw = True
33.4002 	EXP 	trial_counter: autoDraw = True
33.4002 	EXP 	reminder: autoDraw = True
33.9061 	DATA 	Keypress: left
33.9204 	EXP 	background_2: autoDraw = False
33.9204 	EXP 	faces: autoDraw = False
33.9204 	EXP 	trial_counter: autoDraw = False
33.9204 	EXP 	reminder: autoDraw = False
33.9204 	EXP 	textbox: foreColor = <psychopy.colors.Color: red, alpha=1.0>
33.9204 	EXP 	background_3: autoDraw = True
33.9204 	EXP 	textbox: autoDraw = True
33.9204 	EXP 	reminder_2: autoDraw = True
33.9204 	EXP 	trial_counter_2: autoDraw = True
34.5809 	DATA 	Keypress: escape
34.6945 	EXP 	glasgow_face_matching: status = STOPPED
34.7074 	EXP 	background_3: autoDraw = False
34.7074 	EXP 	textbox: autoDraw = False
34.7074 	EXP 	reminder_2: autoDraw = False
34.7074 	EXP 	trial_counter_2: autoDraw = False
34.7075 	EXP 	glasgow_face_matching: status = STOPPED
34.7673 	EXP 	window1: mouseVisible = True
