18.8496 	WARNING 	User requested fullscreen with size [1440  900], but screen is actually [1920, 1080]. Using actual size
20.1858 	EXP 	Created window1 = Window(allowGUI=True, allowStencil=True, autoLog=True, backendConf=UNKNOWN, backgroundFit=<method-wrapper '__getattribute__' of attributeSetter object at 0x0000024D40E37CA0>, backgroundImage=<method-wrapper '__getattribute__' of attributeSetter object at 0x0000024D40E37C40>, bitsMode=UNKNOWN, blendMode='avg', bpc=(8, 8, 8), color=array([-1, -1, -1]), colorSpace='rgb', depthBits=8, fullscr=<method-wrapper '__getattribute__' of attributeSetter object at 0x0000024D40E37A60>, gamma=None, gammaErrorPolicy='raise', lms=UNKNOWN, monitor=<psychopy.monitors.calibTools.Monitor object at 0x0000024D411D7760>, multiSample=False, name='window1', numSamples=2, pos=(0, 0), screen=0, size=array([1920, 1080]), stencilBits=8, stereo=False, title='PsychoPy', units='height', useFBO=True, useRetina=False, viewOri=0.0, viewPos=None, viewScale=None, waitBlanking=True, winType='pyglet')
20.1859 	EXP 	window1: mouseVisible = True
20.1859 	EXP 	window1: backgroundImage = ''
20.1859 	EXP 	window1: backgroundFit = 'none'
20.1877 	EXP 	window1: Attempting to measure frame rate of screen (0) ...
20.1877 	EXP 	window1: recordFrameIntervals = False
20.3324 	EXP 	window1: recordFrameIntervals = True
20.4790 	EXP 	Screen (0) actual frame rate measured at 75.04Hz
20.4790 	EXP 	window1: recordFrameIntervals = False
20.4791 	EXP 	window1: mouseVisible = False
24.5225 	EXP 	glasgow_face_matching: status = STARTED
24.5337 	EXP 	window1: mouseVisible = True
26.0590 	EXP 	Created background = ImageStim(__class__=<class 'psychopy.visual.image.ImageStim'>, anchor=('center', 'center'), autoLog=True, color=array([1., 1., 1.]), colorSpace='rgb', contrast=1.0, depth=0.0, draggable=False, flipHoriz=False, flipVert=False, image='background.jpg', interpolate=True, mask=None, maskParams=None, name='background', opacity=1.0, ori=0.0, pos=array([0., 0.]), size=array([2., 1.]), texRes=128.0, units='height', win=Window(...))
26.0594 	EXP 	window1: mouseVisible = True
26.0596 	EXP 	window1: mouseVisible = True
26.0602 	EXP 	window1: mouseVisible = True
26.0608 	EXP 	window1: mouseVisible = True
26.1831 	EXP 	window1: mouseVisible = True
26.1833 	EXP 	window1: mouseVisible = True
26.1838 	EXP 	window1: mouseVisible = True
26.1844 	EXP 	window1: mouseVisible = True
26.1934 	EXP 	window1: mouseVisible = True
27.4563 	EXP 	Created background_2 = ImageStim(__class__=<class 'psychopy.visual.image.ImageStim'>, anchor=('center', 'center'), autoLog=True, color=array([1., 1., 1.]), colorSpace='rgb', contrast=1.0, depth=0.0, draggable=False, flipHoriz=False, flipVert=False, image='background.jpg', interpolate=True, mask=None, maskParams=None, name='background_2', opacity=1.0, ori=0.0, pos=array([0., 0.]), size=array([2., 1.]), texRes=128.0, units='height', win=Window(...))
27.4564 	EXP 	window1: mouseVisible = True
27.5026 	EXP 	Created faces = ImageStim(__class__=<class 'psychopy.visual.image.ImageStim'>, anchor=('center', 'center'), autoLog=True, color=array([1., 1., 1.]), colorSpace='rgb', contrast=1.0, depth=-1.0, draggable=False, flipHoriz=False, flipVert=False, image='default.png', interpolate=True, mask=None, maskParams=None, name='faces', opacity=1.0, ori=0.0, pos=array([0., 0.]), size=array([1.25, 0.78]), texRes=128, units='height', win=Window(...))
27.5029 	EXP 	window1: mouseVisible = True
27.5031 	EXP 	window1: mouseVisible = True
27.5036 	EXP 	window1: mouseVisible = True
27.5041 	EXP 	window1: mouseVisible = True
27.5077 	EXP 	window1: mouseVisible = True
27.5078 	EXP 	window1: mouseVisible = True
27.5084 	EXP 	window1: mouseVisible = True
27.5089 	EXP 	window1: mouseVisible = True
27.5125 	EXP 	window1: mouseVisible = True
27.5127 	EXP 	window1: mouseVisible = True
27.5133 	EXP 	window1: mouseVisible = True
27.5138 	EXP 	window1: mouseVisible = True
27.5342 	EXP 	window1: mouseVisible = True
27.5343 	EXP 	window1: mouseVisible = True
27.5350 	EXP 	window1: mouseVisible = True
27.5356 	EXP 	window1: mouseVisible = True
27.5396 	EXP 	window1: mouseVisible = True
28.8208 	EXP 	Created background_3 = ImageStim(__class__=<class 'psychopy.visual.image.ImageStim'>, anchor=('center', 'center'), autoLog=True, color=array([1., 1., 1.]), colorSpace='rgb', contrast=1.0, depth=0.0, draggable=False, flipHoriz=False, flipVert=False, image='background.jpg', interpolate=True, mask=None, maskParams=None, name='background_3', opacity=1.0, ori=0.0, pos=array([0., 0.]), size=array([2., 1.]), texRes=128.0, units='height', win=Window(...))
28.8211 	EXP 	window1: mouseVisible = True
28.8212 	EXP 	window1: mouseVisible = True
28.8217 	EXP 	window1: mouseVisible = True
28.8222 	EXP 	window1: mouseVisible = True
28.8262 	EXP 	window1: mouseVisible = True
28.8264 	EXP 	window1: mouseVisible = True
28.8269 	EXP 	window1: mouseVisible = True
28.8274 	EXP 	window1: mouseVisible = True
28.8308 	EXP 	window1: mouseVisible = True
28.8310 	EXP 	window1: mouseVisible = True
28.8315 	EXP 	window1: mouseVisible = True
28.8320 	EXP 	window1: mouseVisible = True
28.8361 	EXP 	window1: mouseVisible = True
28.8362 	EXP 	window1: mouseVisible = True
28.8369 	EXP 	window1: mouseVisible = True
28.8375 	EXP 	window1: mouseVisible = True
28.8413 	EXP 	window1: mouseVisible = True
28.8414 	EXP 	window1: mouseVisible = True
28.8420 	EXP 	window1: mouseVisible = True
28.8426 	EXP 	window1: mouseVisible = True
28.8466 	EXP 	window1: mouseVisible = True
28.8468 	EXP 	window1: mouseVisible = True
28.8474 	EXP 	window1: mouseVisible = True
28.8479 	EXP 	window1: mouseVisible = True
28.8515 	EXP 	window1: mouseVisible = True
30.0795 	EXP 	Created background_4 = ImageStim(__class__=<class 'psychopy.visual.image.ImageStim'>, anchor=('center', 'center'), autoLog=True, color=array([1., 1., 1.]), colorSpace='rgb', contrast=1.0, depth=0.0, draggable=False, flipHoriz=False, flipVert=False, image='background.jpg', interpolate=True, mask=None, maskParams=None, name='background_4', opacity=1.0, ori=0.0, pos=array([0., 0.]), size=array([2., 1.]), texRes=128.0, units='height', win=Window(...))
30.0798 	EXP 	window1: mouseVisible = True
30.0800 	EXP 	window1: mouseVisible = True
30.0806 	EXP 	window1: mouseVisible = True
30.0813 	EXP 	window1: mouseVisible = True
30.0861 	EXP 	window1: mouseVisible = True
30.0863 	EXP 	window1: mouseVisible = True
30.0870 	EXP 	window1: mouseVisible = True
30.0876 	EXP 	window1: mouseVisible = True
0.0051 	EXP 	instructionstxt: autoLog = True
0.0051 	EXP 	trial_counter: autoLog = True
0.0051 	EXP 	reminder: autoLog = True
0.0051 	EXP 	textbox: autoLog = True
0.0051 	EXP 	reminder_2: autoLog = True
0.0051 	EXP 	trial_counter_2: autoLog = True
0.0051 	EXP 	endmsg: autoLog = True
0.0308 	EXP 	background: autoDraw = True
0.0308 	EXP 	instructionstxt: autoDraw = True
7.3976 	EXP 	Imported conditions_short.xlsx as conditions, 40 conditions, 3 params
7.4198 	EXP 	Created sequence: random, trialTypes=40, nReps=1, seed=None
7.4201 	EXP 	New trial (rep=0, index=0): {'imageFile': 'same/76b.png', 'corrAns': 'left', 'sameOrDiff': 'same'}
7.5078 	DATA 	Keypress: right
7.5139 	EXP 	background: autoDraw = False
7.5139 	EXP 	instructionstxt: autoDraw = False
7.5139 	EXP 	faces: image = 'same/76b.png'
7.5139 	EXP 	background_2: autoDraw = True
7.5139 	EXP 	faces: autoDraw = True
7.5139 	EXP 	trial_counter: autoDraw = True
7.5139 	EXP 	reminder: autoDraw = True
16.6550 	DATA 	Keypress: right
16.6904 	EXP 	background_2: autoDraw = False
16.6904 	EXP 	faces: autoDraw = False
16.6904 	EXP 	trial_counter: autoDraw = False
16.6904 	EXP 	reminder: autoDraw = False
16.6904 	EXP 	textbox: foreColor = <psychopy.colors.Color: red, alpha=1.0>
16.6904 	EXP 	background_3: autoDraw = True
16.6904 	EXP 	textbox: autoDraw = True
16.6904 	EXP 	reminder_2: autoDraw = True
16.6904 	EXP 	trial_counter_2: autoDraw = True
17.6778 	EXP 	New trial (rep=0, index=1): {'imageFile': 'different/18a.png', 'corrAns': 'right', 'sameOrDiff': 'different'}
17.7175 	EXP 	background_3: autoDraw = False
17.7175 	EXP 	textbox: autoDraw = False
17.7175 	EXP 	reminder_2: autoDraw = False
17.7175 	EXP 	trial_counter_2: autoDraw = False
17.7175 	EXP 	faces: image = 'different/18a.png'
17.7175 	EXP 	background_2: autoDraw = True
17.7175 	EXP 	faces: autoDraw = True
17.7175 	EXP 	trial_counter: autoDraw = True
17.7175 	EXP 	reminder: autoDraw = True
18.3228 	DATA 	Keypress: right
18.3310 	EXP 	background_2: autoDraw = False
18.3310 	EXP 	faces: autoDraw = False
18.3310 	EXP 	trial_counter: autoDraw = False
18.3310 	EXP 	reminder: autoDraw = False
18.3310 	EXP 	textbox: foreColor = <psychopy.colors.Color: green, alpha=1.0>
18.3310 	EXP 	background_3: autoDraw = True
18.3310 	EXP 	textbox: autoDraw = True
18.3310 	EXP 	reminder_2: autoDraw = True
18.3310 	EXP 	trial_counter_2: autoDraw = True
19.3184 	EXP 	New trial (rep=0, index=2): {'imageFile': 'same/55a.png', 'corrAns': 'left', 'sameOrDiff': 'same'}
19.3581 	EXP 	background_3: autoDraw = False
19.3581 	EXP 	textbox: autoDraw = False
19.3581 	EXP 	reminder_2: autoDraw = False
19.3581 	EXP 	trial_counter_2: autoDraw = False
19.3581 	EXP 	faces: image = 'same/55a.png'
19.3581 	EXP 	background_2: autoDraw = True
19.3581 	EXP 	faces: autoDraw = True
19.3581 	EXP 	trial_counter: autoDraw = True
19.3581 	EXP 	reminder: autoDraw = True
22.8106 	DATA 	Keypress: right
22.8261 	EXP 	background_2: autoDraw = False
22.8261 	EXP 	faces: autoDraw = False
22.8261 	EXP 	trial_counter: autoDraw = False
22.8261 	EXP 	reminder: autoDraw = False
22.8261 	EXP 	textbox: foreColor = <psychopy.colors.Color: red, alpha=1.0>
22.8261 	EXP 	background_3: autoDraw = True
22.8261 	EXP 	textbox: autoDraw = True
22.8261 	EXP 	reminder_2: autoDraw = True
22.8261 	EXP 	trial_counter_2: autoDraw = True
23.8134 	EXP 	New trial (rep=0, index=3): {'imageFile': 'same/98a.png', 'corrAns': 'left', 'sameOrDiff': 'same'}
23.8531 	EXP 	background_3: autoDraw = False
23.8531 	EXP 	textbox: autoDraw = False
23.8531 	EXP 	reminder_2: autoDraw = False
23.8531 	EXP 	trial_counter_2: autoDraw = False
23.8531 	EXP 	faces: image = 'same/98a.png'
23.8531 	EXP 	background_2: autoDraw = True
23.8531 	EXP 	faces: autoDraw = True
23.8531 	EXP 	trial_counter: autoDraw = True
23.8531 	EXP 	reminder: autoDraw = True
24.8459 	DATA 	Keypress: escape
25.1744 	EXP 	glasgow_face_matching: status = STOPPED
25.1870 	EXP 	background_2: autoDraw = False
25.1870 	EXP 	faces: autoDraw = False
25.1870 	EXP 	trial_counter: autoDraw = False
25.1870 	EXP 	reminder: autoDraw = False
25.1870 	EXP 	glasgow_face_matching: status = STOPPED
25.2595 	EXP 	window1: mouseVisible = True
