21.8331 	WARNING 	User requested fullscreen with size [1440  900], but screen is actually [1920, 1080]. Using actual size
22.5801 	EXP 	Created window1 = Window(allowGUI=True, allowStencil=True, autoLog=True, backendConf=UNKNOWN, backgroundFit=<method-wrapper '__getattribute__' of attributeSetter object at 0x000002124657BCD0>, backgroundImage=<method-wrapper '__getattribute__' of attributeSetter object at 0x000002124657BC70>, bitsMode=UNKNOWN, blendMode='avg', bpc=(8, 8, 8), color=array([-1, -1, -1]), colorSpace='rgb', depthBits=8, fullscr=<method-wrapper '__getattribute__' of attributeSetter object at 0x000002124657BAF0>, gamma=None, gammaErrorPolicy='raise', lms=UNKNOWN, monitor=<psychopy.monitors.calibTools.Monitor object at 0x00000212469173A0>, multiSample=False, name='window1', numSamples=2, pos=(0, 0), screen=0, size=array([1920, 1080]), stencilBits=8, stereo=False, title='PsychoPy', units='height', useFBO=True, useRetina=False, viewOri=0.0, viewPos=None, viewScale=None, waitBlanking=True, winType='pyglet')
22.5802 	EXP 	window1: mouseVisible = True
22.5803 	EXP 	window1: backgroundImage = ''
22.5803 	EXP 	window1: backgroundFit = 'none'
22.5824 	EXP 	window1: Attempting to measure frame rate of screen (0) ...
22.5825 	EXP 	window1: recordFrameIntervals = False
22.7130 	EXP 	window1: recordFrameIntervals = True
22.8599 	EXP 	Screen (0) actual frame rate measured at 74.97Hz
22.8599 	EXP 	window1: recordFrameIntervals = False
22.8602 	EXP 	window1: mouseVisible = False
25.8112 	EXP 	glasgow_face_matching: status = STARTED
25.8115 	EXP 	window1: mouseVisible = True
26.9933 	EXP 	Created background = ImageStim(__class__=<class 'psychopy.visual.image.ImageStim'>, anchor=('center', 'center'), autoLog=True, color=array([1., 1., 1.]), colorSpace='rgb', contrast=1.0, depth=0.0, draggable=False, flipHoriz=False, flipVert=False, image='background.jpg', interpolate=True, mask=None, maskParams=None, name='background', opacity=1.0, ori=0.0, pos=array([0., 0.]), size=array([2., 1.]), texRes=128.0, units='height', win=Window(...))
26.9937 	EXP 	window1: mouseVisible = True
26.9938 	EXP 	window1: mouseVisible = True
26.9944 	EXP 	window1: mouseVisible = True
26.9950 	EXP 	window1: mouseVisible = True
27.1551 	EXP 	window1: mouseVisible = True
27.1553 	EXP 	window1: mouseVisible = True
27.1559 	EXP 	window1: mouseVisible = True
27.1565 	EXP 	window1: mouseVisible = True
27.1672 	EXP 	window1: mouseVisible = True
28.3886 	EXP 	Created background_2 = ImageStim(__class__=<class 'psychopy.visual.image.ImageStim'>, anchor=('center', 'center'), autoLog=True, color=array([1., 1., 1.]), colorSpace='rgb', contrast=1.0, depth=0.0, draggable=False, flipHoriz=False, flipVert=False, image='background.jpg', interpolate=True, mask=None, maskParams=None, name='background_2', opacity=1.0, ori=0.0, pos=array([0., 0.]), size=array([2., 1.]), texRes=128.0, units='height', win=Window(...))
28.3888 	EXP 	window1: mouseVisible = True
28.4067 	EXP 	Created faces = ImageStim(__class__=<class 'psychopy.visual.image.ImageStim'>, anchor=('center', 'center'), autoLog=True, color=array([1., 1., 1.]), colorSpace='rgb', contrast=1.0, depth=-1.0, draggable=False, flipHoriz=False, flipVert=False, image='default.png', interpolate=True, mask=None, maskParams=None, name='faces', opacity=1.0, ori=0.0, pos=array([0., 0.]), size=array([1.25, 0.78]), texRes=128, units='height', win=Window(...))
28.4070 	EXP 	window1: mouseVisible = True
28.4072 	EXP 	window1: mouseVisible = True
28.4080 	EXP 	window1: mouseVisible = True
28.4086 	EXP 	window1: mouseVisible = True
28.4141 	EXP 	window1: mouseVisible = True
28.4142 	EXP 	window1: mouseVisible = True
28.4149 	EXP 	window1: mouseVisible = True
28.4155 	EXP 	window1: mouseVisible = True
28.4252 	EXP 	window1: mouseVisible = True
28.4254 	EXP 	window1: mouseVisible = True
28.4260 	EXP 	window1: mouseVisible = True
28.4266 	EXP 	window1: mouseVisible = True
28.4567 	EXP 	window1: mouseVisible = True
28.4569 	EXP 	window1: mouseVisible = True
28.4575 	EXP 	window1: mouseVisible = True
28.4581 	EXP 	window1: mouseVisible = True
28.4618 	EXP 	window1: mouseVisible = True
29.6722 	EXP 	Created background_3 = ImageStim(__class__=<class 'psychopy.visual.image.ImageStim'>, anchor=('center', 'center'), autoLog=True, color=array([1., 1., 1.]), colorSpace='rgb', contrast=1.0, depth=0.0, draggable=False, flipHoriz=False, flipVert=False, image='background.jpg', interpolate=True, mask=None, maskParams=None, name='background_3', opacity=1.0, ori=0.0, pos=array([0., 0.]), size=array([2., 1.]), texRes=128.0, units='height', win=Window(...))
29.6726 	EXP 	window1: mouseVisible = True
29.6727 	EXP 	window1: mouseVisible = True
29.6734 	EXP 	window1: mouseVisible = True
29.6740 	EXP 	window1: mouseVisible = True
29.6781 	EXP 	window1: mouseVisible = True
29.6783 	EXP 	window1: mouseVisible = True
29.6789 	EXP 	window1: mouseVisible = True
29.6795 	EXP 	window1: mouseVisible = True
29.6835 	EXP 	window1: mouseVisible = True
29.6837 	EXP 	window1: mouseVisible = True
29.6843 	EXP 	window1: mouseVisible = True
29.6849 	EXP 	window1: mouseVisible = True
29.6890 	EXP 	window1: mouseVisible = True
29.6891 	EXP 	window1: mouseVisible = True
29.6897 	EXP 	window1: mouseVisible = True
29.6903 	EXP 	window1: mouseVisible = True
29.6940 	EXP 	window1: mouseVisible = True
29.6941 	EXP 	window1: mouseVisible = True
29.6947 	EXP 	window1: mouseVisible = True
29.6953 	EXP 	window1: mouseVisible = True
29.7024 	EXP 	window1: mouseVisible = True
29.7026 	EXP 	window1: mouseVisible = True
29.7032 	EXP 	window1: mouseVisible = True
29.7038 	EXP 	window1: mouseVisible = True
29.7077 	EXP 	window1: mouseVisible = True
30.9340 	EXP 	Created background_4 = ImageStim(__class__=<class 'psychopy.visual.image.ImageStim'>, anchor=('center', 'center'), autoLog=True, color=array([1., 1., 1.]), colorSpace='rgb', contrast=1.0, depth=0.0, draggable=False, flipHoriz=False, flipVert=False, image='background.jpg', interpolate=True, mask=None, maskParams=None, name='background_4', opacity=1.0, ori=0.0, pos=array([0., 0.]), size=array([2., 1.]), texRes=128.0, units='height', win=Window(...))
30.9343 	EXP 	window1: mouseVisible = True
30.9344 	EXP 	window1: mouseVisible = True
30.9350 	EXP 	window1: mouseVisible = True
30.9355 	EXP 	window1: mouseVisible = True
30.9395 	EXP 	window1: mouseVisible = True
30.9396 	EXP 	window1: mouseVisible = True
30.9402 	EXP 	window1: mouseVisible = True
30.9408 	EXP 	window1: mouseVisible = True
0.0126 	EXP 	instructionstxt: autoLog = True
0.0126 	EXP 	trial_counter: autoLog = True
0.0126 	EXP 	reminder: autoLog = True
0.0126 	EXP 	textbox: autoLog = True
0.0126 	EXP 	reminder_2: autoLog = True
0.0126 	EXP 	trial_counter_2: autoLog = True
0.0126 	EXP 	endmsg: autoLog = True
0.0384 	EXP 	background: autoDraw = True
0.0384 	EXP 	instructionstxt: autoDraw = True
22.6726 	DATA 	Keypress: right
22.7359 	EXP 	Imported conditions_short.xlsx as conditions, 40 conditions, 3 params
22.7394 	EXP 	Created sequence: random, trialTypes=40, nReps=1, seed=None
22.7402 	EXP 	New trial (rep=0, index=0): {'imageFile': 'same/89a.png', 'corrAns': 'left', 'sameOrDiff': 'same'}
23.0347 	EXP 	background: autoDraw = False
23.0347 	EXP 	instructionstxt: autoDraw = False
23.0347 	EXP 	faces: image = 'same/89a.png'
23.0347 	EXP 	background_2: autoDraw = True
23.0347 	EXP 	faces: autoDraw = True
23.0347 	EXP 	trial_counter: autoDraw = True
23.0347 	EXP 	reminder: autoDraw = True
33.7461 	DATA 	Keypress: right
33.7575 	EXP 	background_2: autoDraw = False
33.7575 	EXP 	faces: autoDraw = False
33.7575 	EXP 	trial_counter: autoDraw = False
33.7575 	EXP 	reminder: autoDraw = False
33.7575 	EXP 	textbox: foreColor = <psychopy.colors.Color: red, alpha=1.0>
33.7575 	EXP 	background_3: autoDraw = True
33.7575 	EXP 	textbox: autoDraw = True
33.7575 	EXP 	reminder_2: autoDraw = True
33.7575 	EXP 	trial_counter_2: autoDraw = True
34.7449 	EXP 	New trial (rep=0, index=1): {'imageFile': 'different/19b.png', 'corrAns': 'right', 'sameOrDiff': 'different'}
34.7846 	EXP 	background_3: autoDraw = False
34.7846 	EXP 	textbox: autoDraw = False
34.7846 	EXP 	reminder_2: autoDraw = False
34.7846 	EXP 	trial_counter_2: autoDraw = False
34.7846 	EXP 	faces: image = 'different/19b.png'
34.7846 	EXP 	background_2: autoDraw = True
34.7846 	EXP 	faces: autoDraw = True
34.7846 	EXP 	trial_counter: autoDraw = True
34.7846 	EXP 	reminder: autoDraw = True
37.1768 	DATA 	Keypress: right
37.2325 	EXP 	background_2: autoDraw = False
37.2325 	EXP 	faces: autoDraw = False
37.2325 	EXP 	trial_counter: autoDraw = False
37.2325 	EXP 	reminder: autoDraw = False
37.2325 	EXP 	textbox: foreColor = <psychopy.colors.Color: green, alpha=1.0>
37.2325 	EXP 	background_3: autoDraw = True
37.2325 	EXP 	textbox: autoDraw = True
37.2325 	EXP 	reminder_2: autoDraw = True
37.2325 	EXP 	trial_counter_2: autoDraw = True
38.1995 	EXP 	New trial (rep=0, index=2): {'imageFile': 'different/21a.png', 'corrAns': 'right', 'sameOrDiff': 'different'}
38.2392 	EXP 	background_3: autoDraw = False
38.2392 	EXP 	textbox: autoDraw = False
38.2392 	EXP 	reminder_2: autoDraw = False
38.2392 	EXP 	trial_counter_2: autoDraw = False
38.2392 	EXP 	faces: image = 'different/21a.png'
38.2392 	EXP 	background_2: autoDraw = True
38.2392 	EXP 	faces: autoDraw = True
38.2392 	EXP 	trial_counter: autoDraw = True
38.2392 	EXP 	reminder: autoDraw = True
40.3719 	DATA 	Keypress: right
40.3867 	EXP 	background_2: autoDraw = False
40.3867 	EXP 	faces: autoDraw = False
40.3867 	EXP 	trial_counter: autoDraw = False
40.3867 	EXP 	reminder: autoDraw = False
40.3867 	EXP 	textbox: foreColor = <psychopy.colors.Color: green, alpha=1.0>
40.3867 	EXP 	background_3: autoDraw = True
40.3867 	EXP 	textbox: autoDraw = True
40.3867 	EXP 	reminder_2: autoDraw = True
40.3867 	EXP 	trial_counter_2: autoDraw = True
41.3743 	EXP 	New trial (rep=0, index=3): {'imageFile': 'different/7c.png', 'corrAns': 'right', 'sameOrDiff': 'different'}
41.4272 	EXP 	background_3: autoDraw = False
41.4272 	EXP 	textbox: autoDraw = False
41.4272 	EXP 	reminder_2: autoDraw = False
41.4272 	EXP 	trial_counter_2: autoDraw = False
41.4272 	EXP 	faces: image = 'different/7c.png'
41.4272 	EXP 	background_2: autoDraw = True
41.4272 	EXP 	faces: autoDraw = True
41.4272 	EXP 	trial_counter: autoDraw = True
41.4272 	EXP 	reminder: autoDraw = True
44.9936 	DATA 	Keypress: right
45.0284 	EXP 	background_2: autoDraw = False
45.0284 	EXP 	faces: autoDraw = False
45.0284 	EXP 	trial_counter: autoDraw = False
45.0284 	EXP 	reminder: autoDraw = False
45.0284 	EXP 	textbox: foreColor = <psychopy.colors.Color: green, alpha=1.0>
45.0284 	EXP 	background_3: autoDraw = True
45.0284 	EXP 	textbox: autoDraw = True
45.0284 	EXP 	reminder_2: autoDraw = True
45.0284 	EXP 	trial_counter_2: autoDraw = True
46.0158 	EXP 	New trial (rep=0, index=4): {'imageFile': 'same/56a.png', 'corrAns': 'left', 'sameOrDiff': 'same'}
46.0555 	EXP 	background_3: autoDraw = False
46.0555 	EXP 	textbox: autoDraw = False
46.0555 	EXP 	reminder_2: autoDraw = False
46.0555 	EXP 	trial_counter_2: autoDraw = False
46.0555 	EXP 	faces: image = 'same/56a.png'
46.0555 	EXP 	background_2: autoDraw = True
46.0555 	EXP 	faces: autoDraw = True
46.0555 	EXP 	trial_counter: autoDraw = True
46.0555 	EXP 	reminder: autoDraw = True
47.4000 	DATA 	Keypress: right
47.4160 	EXP 	background_2: autoDraw = False
47.4160 	EXP 	faces: autoDraw = False
47.4160 	EXP 	trial_counter: autoDraw = False
47.4160 	EXP 	reminder: autoDraw = False
47.4160 	EXP 	textbox: foreColor = <psychopy.colors.Color: red, alpha=1.0>
47.4160 	EXP 	background_3: autoDraw = True
47.4160 	EXP 	textbox: autoDraw = True
47.4160 	EXP 	reminder_2: autoDraw = True
47.4160 	EXP 	trial_counter_2: autoDraw = True
48.4034 	EXP 	New trial (rep=0, index=5): {'imageFile': 'different/17a.png', 'corrAns': 'right', 'sameOrDiff': 'different'}
48.4431 	EXP 	background_3: autoDraw = False
48.4431 	EXP 	textbox: autoDraw = False
48.4431 	EXP 	reminder_2: autoDraw = False
48.4431 	EXP 	trial_counter_2: autoDraw = False
48.4431 	EXP 	faces: image = 'different/17a.png'
48.4431 	EXP 	background_2: autoDraw = True
48.4431 	EXP 	faces: autoDraw = True
48.4431 	EXP 	trial_counter: autoDraw = True
48.4431 	EXP 	reminder: autoDraw = True
51.4850 	DATA 	Keypress: right
51.4975 	EXP 	background_2: autoDraw = False
51.4975 	EXP 	faces: autoDraw = False
51.4975 	EXP 	trial_counter: autoDraw = False
51.4975 	EXP 	reminder: autoDraw = False
51.4975 	EXP 	textbox: foreColor = <psychopy.colors.Color: green, alpha=1.0>
51.4975 	EXP 	background_3: autoDraw = True
51.4975 	EXP 	textbox: autoDraw = True
51.4975 	EXP 	reminder_2: autoDraw = True
51.4975 	EXP 	trial_counter_2: autoDraw = True
52.4849 	EXP 	New trial (rep=0, index=6): {'imageFile': 'same/69c.png', 'corrAns': 'left', 'sameOrDiff': 'same'}
52.5246 	EXP 	background_3: autoDraw = False
52.5246 	EXP 	textbox: autoDraw = False
52.5246 	EXP 	reminder_2: autoDraw = False
52.5246 	EXP 	trial_counter_2: autoDraw = False
52.5246 	EXP 	faces: image = 'same/69c.png'
52.5246 	EXP 	background_2: autoDraw = True
52.5246 	EXP 	faces: autoDraw = True
52.5246 	EXP 	trial_counter: autoDraw = True
52.5246 	EXP 	reminder: autoDraw = True
53.9040 	DATA 	Keypress: right
53.9384 	EXP 	background_2: autoDraw = False
53.9384 	EXP 	faces: autoDraw = False
53.9384 	EXP 	trial_counter: autoDraw = False
53.9384 	EXP 	reminder: autoDraw = False
53.9384 	EXP 	textbox: foreColor = <psychopy.colors.Color: red, alpha=1.0>
53.9384 	EXP 	background_3: autoDraw = True
53.9384 	EXP 	textbox: autoDraw = True
53.9384 	EXP 	reminder_2: autoDraw = True
53.9384 	EXP 	trial_counter_2: autoDraw = True
54.9258 	EXP 	New trial (rep=0, index=7): {'imageFile': 'same/58a.png', 'corrAns': 'left', 'sameOrDiff': 'same'}
54.9655 	EXP 	background_3: autoDraw = False
54.9655 	EXP 	textbox: autoDraw = False
54.9655 	EXP 	reminder_2: autoDraw = False
54.9655 	EXP 	trial_counter_2: autoDraw = False
54.9655 	EXP 	faces: image = 'same/58a.png'
54.9655 	EXP 	background_2: autoDraw = True
54.9655 	EXP 	faces: autoDraw = True
54.9655 	EXP 	trial_counter: autoDraw = True
54.9655 	EXP 	reminder: autoDraw = True
55.5705 	DATA 	Keypress: right
55.6058 	EXP 	background_2: autoDraw = False
55.6058 	EXP 	faces: autoDraw = False
55.6058 	EXP 	trial_counter: autoDraw = False
55.6058 	EXP 	reminder: autoDraw = False
55.6058 	EXP 	textbox: foreColor = <psychopy.colors.Color: red, alpha=1.0>
55.6058 	EXP 	background_3: autoDraw = True
55.6058 	EXP 	textbox: autoDraw = True
55.6058 	EXP 	reminder_2: autoDraw = True
55.6058 	EXP 	trial_counter_2: autoDraw = True
56.5931 	EXP 	New trial (rep=0, index=8): {'imageFile': 'same/84a.png', 'corrAns': 'left', 'sameOrDiff': 'same'}
56.6328 	EXP 	background_3: autoDraw = False
56.6328 	EXP 	textbox: autoDraw = False
56.6328 	EXP 	reminder_2: autoDraw = False
56.6328 	EXP 	trial_counter_2: autoDraw = False
56.6328 	EXP 	faces: image = 'same/84a.png'
56.6328 	EXP 	background_2: autoDraw = True
56.6328 	EXP 	faces: autoDraw = True
56.6328 	EXP 	trial_counter: autoDraw = True
56.6328 	EXP 	reminder: autoDraw = True
57.3452 	DATA 	Keypress: right
57.3797 	EXP 	background_2: autoDraw = False
57.3797 	EXP 	faces: autoDraw = False
57.3797 	EXP 	trial_counter: autoDraw = False
57.3797 	EXP 	reminder: autoDraw = False
57.3797 	EXP 	textbox: foreColor = <psychopy.colors.Color: red, alpha=1.0>
57.3797 	EXP 	background_3: autoDraw = True
57.3797 	EXP 	textbox: autoDraw = True
57.3797 	EXP 	reminder_2: autoDraw = True
57.3797 	EXP 	trial_counter_2: autoDraw = True
58.3670 	EXP 	New trial (rep=0, index=9): {'imageFile': 'different/22a.png', 'corrAns': 'right', 'sameOrDiff': 'different'}
58.4201 	EXP 	background_3: autoDraw = False
58.4201 	EXP 	textbox: autoDraw = False
58.4201 	EXP 	reminder_2: autoDraw = False
58.4201 	EXP 	trial_counter_2: autoDraw = False
58.4201 	EXP 	faces: image = 'different/22a.png'
58.4201 	EXP 	background_2: autoDraw = True
58.4201 	EXP 	faces: autoDraw = True
58.4201 	EXP 	trial_counter: autoDraw = True
58.4201 	EXP 	reminder: autoDraw = True
59.1647 	DATA 	Keypress: right
59.1804 	EXP 	background_2: autoDraw = False
59.1804 	EXP 	faces: autoDraw = False
59.1804 	EXP 	trial_counter: autoDraw = False
59.1804 	EXP 	reminder: autoDraw = False
59.1804 	EXP 	textbox: foreColor = <psychopy.colors.Color: green, alpha=1.0>
59.1804 	EXP 	background_3: autoDraw = True
59.1804 	EXP 	textbox: autoDraw = True
59.1804 	EXP 	reminder_2: autoDraw = True
59.1804 	EXP 	trial_counter_2: autoDraw = True
60.1678 	EXP 	New trial (rep=0, index=10): {'imageFile': 'same/59a.png', 'corrAns': 'left', 'sameOrDiff': 'same'}
60.2074 	EXP 	background_3: autoDraw = False
60.2074 	EXP 	textbox: autoDraw = False
60.2074 	EXP 	reminder_2: autoDraw = False
60.2074 	EXP 	trial_counter_2: autoDraw = False
60.2074 	EXP 	faces: image = 'same/59a.png'
60.2074 	EXP 	background_2: autoDraw = True
60.2074 	EXP 	faces: autoDraw = True
60.2074 	EXP 	trial_counter: autoDraw = True
60.2074 	EXP 	reminder: autoDraw = True
60.5923 	DATA 	Keypress: right
60.6076 	EXP 	background_2: autoDraw = False
60.6076 	EXP 	faces: autoDraw = False
60.6076 	EXP 	trial_counter: autoDraw = False
60.6076 	EXP 	reminder: autoDraw = False
60.6076 	EXP 	textbox: foreColor = <psychopy.colors.Color: red, alpha=1.0>
60.6076 	EXP 	background_3: autoDraw = True
60.6076 	EXP 	textbox: autoDraw = True
60.6076 	EXP 	reminder_2: autoDraw = True
60.6076 	EXP 	trial_counter_2: autoDraw = True
61.6085 	EXP 	New trial (rep=0, index=11): {'imageFile': 'same/55a.png', 'corrAns': 'left', 'sameOrDiff': 'same'}
61.6480 	EXP 	background_3: autoDraw = False
61.6480 	EXP 	textbox: autoDraw = False
61.6480 	EXP 	reminder_2: autoDraw = False
61.6480 	EXP 	trial_counter_2: autoDraw = False
61.6480 	EXP 	faces: image = 'same/55a.png'
61.6480 	EXP 	background_2: autoDraw = True
61.6480 	EXP 	faces: autoDraw = True
61.6480 	EXP 	trial_counter: autoDraw = True
61.6480 	EXP 	reminder: autoDraw = True
62.2746 	DATA 	Keypress: right
62.2882 	EXP 	background_2: autoDraw = False
62.2882 	EXP 	faces: autoDraw = False
62.2882 	EXP 	trial_counter: autoDraw = False
62.2882 	EXP 	reminder: autoDraw = False
62.2882 	EXP 	textbox: foreColor = <psychopy.colors.Color: red, alpha=1.0>
62.2882 	EXP 	background_3: autoDraw = True
62.2882 	EXP 	textbox: autoDraw = True
62.2882 	EXP 	reminder_2: autoDraw = True
62.2882 	EXP 	trial_counter_2: autoDraw = True
63.2755 	EXP 	New trial (rep=0, index=12): {'imageFile': 'different/24b.png', 'corrAns': 'right', 'sameOrDiff': 'different'}
63.3153 	EXP 	background_3: autoDraw = False
63.3153 	EXP 	textbox: autoDraw = False
63.3153 	EXP 	reminder_2: autoDraw = False
63.3153 	EXP 	trial_counter_2: autoDraw = False
63.3153 	EXP 	faces: image = 'different/24b.png'
63.3153 	EXP 	background_2: autoDraw = True
63.3153 	EXP 	faces: autoDraw = True
63.3153 	EXP 	trial_counter: autoDraw = True
63.3153 	EXP 	reminder: autoDraw = True
64.4811 	DATA 	Keypress: right
64.5158 	EXP 	background_2: autoDraw = False
64.5158 	EXP 	faces: autoDraw = False
64.5158 	EXP 	trial_counter: autoDraw = False
64.5158 	EXP 	reminder: autoDraw = False
64.5158 	EXP 	textbox: foreColor = <psychopy.colors.Color: green, alpha=1.0>
64.5158 	EXP 	background_3: autoDraw = True
64.5158 	EXP 	textbox: autoDraw = True
64.5158 	EXP 	reminder_2: autoDraw = True
64.5158 	EXP 	trial_counter_2: autoDraw = True
65.1356 	DATA 	Keypress: right
65.3221 	DATA 	Keypress: right
65.4958 	DATA 	Keypress: right
65.5031 	EXP 	New trial (rep=0, index=13): {'imageFile': 'different/25a.png', 'corrAns': 'right', 'sameOrDiff': 'different'}
65.5428 	EXP 	background_3: autoDraw = False
65.5428 	EXP 	textbox: autoDraw = False
65.5428 	EXP 	reminder_2: autoDraw = False
65.5428 	EXP 	trial_counter_2: autoDraw = False
65.5428 	EXP 	faces: image = 'different/25a.png'
65.5428 	EXP 	background_2: autoDraw = True
65.5428 	EXP 	faces: autoDraw = True
65.5428 	EXP 	trial_counter: autoDraw = True
65.5428 	EXP 	reminder: autoDraw = True
65.6754 	DATA 	Keypress: right
65.6895 	EXP 	background_2: autoDraw = False
65.6895 	EXP 	faces: autoDraw = False
65.6895 	EXP 	trial_counter: autoDraw = False
65.6895 	EXP 	reminder: autoDraw = False
65.6895 	EXP 	textbox: foreColor = <psychopy.colors.Color: green, alpha=1.0>
65.6895 	EXP 	background_3: autoDraw = True
65.6895 	EXP 	textbox: autoDraw = True
65.6895 	EXP 	reminder_2: autoDraw = True
65.6895 	EXP 	trial_counter_2: autoDraw = True
65.8069 	DATA 	Keypress: right
65.9358 	DATA 	Keypress: right
66.0952 	DATA 	Keypress: right
66.2295 	DATA 	Keypress: right
66.3629 	DATA 	Keypress: right
66.4963 	DATA 	Keypress: right
66.6172 	DATA 	Keypress: right
66.6768 	EXP 	New trial (rep=0, index=14): {'imageFile': 'different/26b.png', 'corrAns': 'right', 'sameOrDiff': 'different'}
66.7166 	EXP 	background_3: autoDraw = False
66.7166 	EXP 	textbox: autoDraw = False
66.7166 	EXP 	reminder_2: autoDraw = False
66.7166 	EXP 	trial_counter_2: autoDraw = False
66.7166 	EXP 	faces: image = 'different/26b.png'
66.7166 	EXP 	background_2: autoDraw = True
66.7166 	EXP 	faces: autoDraw = True
66.7166 	EXP 	trial_counter: autoDraw = True
66.7166 	EXP 	reminder: autoDraw = True
66.7688 	DATA 	Keypress: right
66.7832 	EXP 	background_2: autoDraw = False
66.7832 	EXP 	faces: autoDraw = False
66.7832 	EXP 	trial_counter: autoDraw = False
66.7832 	EXP 	reminder: autoDraw = False
66.7832 	EXP 	textbox: foreColor = <psychopy.colors.Color: green, alpha=1.0>
66.7832 	EXP 	background_3: autoDraw = True
66.7832 	EXP 	textbox: autoDraw = True
66.7832 	EXP 	reminder_2: autoDraw = True
66.7832 	EXP 	trial_counter_2: autoDraw = True
66.8969 	DATA 	Keypress: right
67.0564 	DATA 	Keypress: right
67.1911 	DATA 	Keypress: right
67.3371 	DATA 	Keypress: right
67.4696 	DATA 	Keypress: right
67.6031 	DATA 	Keypress: right
67.7627 	DATA 	Keypress: right
67.7706 	EXP 	New trial (rep=0, index=15): {'imageFile': 'same/78a.png', 'corrAns': 'left', 'sameOrDiff': 'same'}
67.8103 	EXP 	background_3: autoDraw = False
67.8103 	EXP 	textbox: autoDraw = False
67.8103 	EXP 	reminder_2: autoDraw = False
67.8103 	EXP 	trial_counter_2: autoDraw = False
67.8103 	EXP 	faces: image = 'same/78a.png'
67.8103 	EXP 	background_2: autoDraw = True
67.8103 	EXP 	faces: autoDraw = True
67.8103 	EXP 	trial_counter: autoDraw = True
67.8103 	EXP 	reminder: autoDraw = True
67.8952 	DATA 	Keypress: right
67.9303 	EXP 	background_2: autoDraw = False
67.9303 	EXP 	faces: autoDraw = False
67.9303 	EXP 	trial_counter: autoDraw = False
67.9303 	EXP 	reminder: autoDraw = False
67.9303 	EXP 	textbox: foreColor = <psychopy.colors.Color: red, alpha=1.0>
67.9303 	EXP 	background_3: autoDraw = True
67.9303 	EXP 	textbox: autoDraw = True
67.9303 	EXP 	reminder_2: autoDraw = True
67.9303 	EXP 	trial_counter_2: autoDraw = True
68.0311 	DATA 	Keypress: right
68.1768 	DATA 	Keypress: right
68.3233 	DATA 	Keypress: right
68.4566 	DATA 	Keypress: right
68.6304 	DATA 	Keypress: right
68.7902 	DATA 	Keypress: right
68.9177 	EXP 	New trial (rep=0, index=16): {'imageFile': 'same/76b.png', 'corrAns': 'left', 'sameOrDiff': 'same'}
68.9451 	DATA 	Keypress: right
68.9574 	EXP 	background_3: autoDraw = False
68.9574 	EXP 	textbox: autoDraw = False
68.9574 	EXP 	reminder_2: autoDraw = False
68.9574 	EXP 	trial_counter_2: autoDraw = False
68.9574 	EXP 	faces: image = 'same/76b.png'
68.9574 	EXP 	background_2: autoDraw = True
68.9574 	EXP 	faces: autoDraw = True
68.9574 	EXP 	trial_counter: autoDraw = True
68.9574 	EXP 	reminder: autoDraw = True
69.1430 	DATA 	Keypress: right
69.1575 	EXP 	background_2: autoDraw = False
69.1575 	EXP 	faces: autoDraw = False
69.1575 	EXP 	trial_counter: autoDraw = False
69.1575 	EXP 	reminder: autoDraw = False
69.1575 	EXP 	textbox: foreColor = <psychopy.colors.Color: red, alpha=1.0>
69.1575 	EXP 	background_3: autoDraw = True
69.1575 	EXP 	textbox: autoDraw = True
69.1575 	EXP 	reminder_2: autoDraw = True
69.1575 	EXP 	trial_counter_2: autoDraw = True
69.3324 	DATA 	Keypress: right
69.5107 	DATA 	Keypress: right
69.7119 	DATA 	Keypress: right
69.8985 	DATA 	Keypress: right
70.1121 	DATA 	Keypress: right
70.1448 	EXP 	New trial (rep=0, index=17): {'imageFile': 'different/35b.png', 'corrAns': 'right', 'sameOrDiff': 'different'}
70.1845 	EXP 	background_3: autoDraw = False
70.1845 	EXP 	textbox: autoDraw = False
70.1845 	EXP 	reminder_2: autoDraw = False
70.1845 	EXP 	trial_counter_2: autoDraw = False
70.1845 	EXP 	faces: image = 'different/35b.png'
70.1845 	EXP 	background_2: autoDraw = True
70.1845 	EXP 	faces: autoDraw = True
70.1845 	EXP 	trial_counter: autoDraw = True
70.1845 	EXP 	reminder: autoDraw = True
70.2965 	DATA 	Keypress: right
70.3312 	EXP 	background_2: autoDraw = False
70.3312 	EXP 	faces: autoDraw = False
70.3312 	EXP 	trial_counter: autoDraw = False
70.3312 	EXP 	reminder: autoDraw = False
70.3312 	EXP 	textbox: foreColor = <psychopy.colors.Color: green, alpha=1.0>
70.3312 	EXP 	background_3: autoDraw = True
70.3312 	EXP 	textbox: autoDraw = True
70.3312 	EXP 	reminder_2: autoDraw = True
70.3312 	EXP 	trial_counter_2: autoDraw = True
70.4844 	DATA 	Keypress: right
70.6712 	DATA 	Keypress: right
70.8584 	DATA 	Keypress: right
71.0320 	DATA 	Keypress: right
71.1915 	DATA 	Keypress: right
71.3186 	EXP 	New trial (rep=0, index=18): {'imageFile': 'different/28b.png', 'corrAns': 'right', 'sameOrDiff': 'different'}
71.3583 	EXP 	background_3: autoDraw = False
71.3583 	EXP 	textbox: autoDraw = False
71.3583 	EXP 	reminder_2: autoDraw = False
71.3583 	EXP 	trial_counter_2: autoDraw = False
71.3583 	EXP 	faces: image = 'different/28b.png'
71.3583 	EXP 	background_2: autoDraw = True
71.3583 	EXP 	faces: autoDraw = True
71.3583 	EXP 	trial_counter: autoDraw = True
71.3583 	EXP 	reminder: autoDraw = True
71.3632 	DATA 	Keypress: right
71.5694 	DATA 	Keypress: right
71.5851 	EXP 	background_2: autoDraw = False
71.5851 	EXP 	faces: autoDraw = False
71.5851 	EXP 	trial_counter: autoDraw = False
71.5851 	EXP 	reminder: autoDraw = False
71.5851 	EXP 	textbox: foreColor = <psychopy.colors.Color: green, alpha=1.0>
71.5851 	EXP 	background_3: autoDraw = True
71.5851 	EXP 	textbox: autoDraw = True
71.5851 	EXP 	reminder_2: autoDraw = True
71.5851 	EXP 	trial_counter_2: autoDraw = True
71.7172 	DATA 	Keypress: right
71.9117 	DATA 	Keypress: right
72.0845 	DATA 	Keypress: right
72.2577 	DATA 	Keypress: right
72.4583 	DATA 	Keypress: right
72.5590 	EXP 	New trial (rep=0, index=19): {'imageFile': 'same/79a.png', 'corrAns': 'left', 'sameOrDiff': 'same'}
72.5987 	EXP 	background_3: autoDraw = False
72.5987 	EXP 	textbox: autoDraw = False
72.5987 	EXP 	reminder_2: autoDraw = False
72.5987 	EXP 	trial_counter_2: autoDraw = False
72.5987 	EXP 	faces: image = 'same/79a.png'
72.5987 	EXP 	background_2: autoDraw = True
72.5987 	EXP 	faces: autoDraw = True
72.5987 	EXP 	trial_counter: autoDraw = True
72.5987 	EXP 	reminder: autoDraw = True
72.6766 	DATA 	Keypress: right
72.6922 	EXP 	background_2: autoDraw = False
72.6922 	EXP 	faces: autoDraw = False
72.6922 	EXP 	trial_counter: autoDraw = False
72.6922 	EXP 	reminder: autoDraw = False
72.6922 	EXP 	textbox: foreColor = <psychopy.colors.Color: red, alpha=1.0>
72.6922 	EXP 	background_3: autoDraw = True
72.6922 	EXP 	textbox: autoDraw = True
72.6922 	EXP 	reminder_2: autoDraw = True
72.6922 	EXP 	trial_counter_2: autoDraw = True
72.8591 	DATA 	Keypress: right
73.0724 	DATA 	Keypress: right
73.2717 	DATA 	Keypress: right
73.4580 	DATA 	Keypress: right
73.6452 	DATA 	Keypress: right
73.6794 	EXP 	New trial (rep=0, index=20): {'imageFile': 'different/11b.png', 'corrAns': 'right', 'sameOrDiff': 'different'}
73.7325 	EXP 	background_3: autoDraw = False
73.7325 	EXP 	textbox: autoDraw = False
73.7325 	EXP 	reminder_2: autoDraw = False
73.7325 	EXP 	trial_counter_2: autoDraw = False
73.7325 	EXP 	faces: image = 'different/11b.png'
73.7325 	EXP 	background_2: autoDraw = True
73.7325 	EXP 	faces: autoDraw = True
73.7325 	EXP 	trial_counter: autoDraw = True
73.7325 	EXP 	reminder: autoDraw = True
73.8175 	DATA 	Keypress: right
73.8525 	EXP 	background_2: autoDraw = False
73.8525 	EXP 	faces: autoDraw = False
73.8525 	EXP 	trial_counter: autoDraw = False
73.8525 	EXP 	reminder: autoDraw = False
73.8525 	EXP 	textbox: foreColor = <psychopy.colors.Color: green, alpha=1.0>
73.8525 	EXP 	background_3: autoDraw = True
73.8525 	EXP 	textbox: autoDraw = True
73.8525 	EXP 	reminder_2: autoDraw = True
73.8525 	EXP 	trial_counter_2: autoDraw = True
74.0063 	DATA 	Keypress: right
74.2192 	DATA 	Keypress: right
74.3919 	DATA 	Keypress: right
74.5933 	DATA 	Keypress: right
74.7667 	DATA 	Keypress: right
74.8400 	EXP 	New trial (rep=0, index=21): {'imageFile': 'same/81b.png', 'corrAns': 'left', 'sameOrDiff': 'same'}
74.8796 	EXP 	background_3: autoDraw = False
74.8796 	EXP 	textbox: autoDraw = False
74.8796 	EXP 	reminder_2: autoDraw = False
74.8796 	EXP 	trial_counter_2: autoDraw = False
74.8796 	EXP 	faces: image = 'same/81b.png'
74.8796 	EXP 	background_2: autoDraw = True
74.8796 	EXP 	faces: autoDraw = True
74.8796 	EXP 	trial_counter: autoDraw = True
74.8796 	EXP 	reminder: autoDraw = True
74.9448 	DATA 	Keypress: right
74.9596 	EXP 	background_2: autoDraw = False
74.9596 	EXP 	faces: autoDraw = False
74.9596 	EXP 	trial_counter: autoDraw = False
74.9596 	EXP 	reminder: autoDraw = False
74.9596 	EXP 	textbox: foreColor = <psychopy.colors.Color: red, alpha=1.0>
74.9596 	EXP 	background_3: autoDraw = True
74.9596 	EXP 	textbox: autoDraw = True
74.9596 	EXP 	reminder_2: autoDraw = True
74.9596 	EXP 	trial_counter_2: autoDraw = True
75.1392 	DATA 	Keypress: right
75.3043 	DATA 	Keypress: right
75.4596 	DATA 	Keypress: right
75.6469 	DATA 	Keypress: right
75.8344 	DATA 	Keypress: right
75.9469 	EXP 	New trial (rep=0, index=22): {'imageFile': 'same/57c.png', 'corrAns': 'left', 'sameOrDiff': 'same'}
75.9867 	EXP 	background_3: autoDraw = False
75.9867 	EXP 	textbox: autoDraw = False
75.9867 	EXP 	reminder_2: autoDraw = False
75.9867 	EXP 	trial_counter_2: autoDraw = False
75.9867 	EXP 	faces: image = 'same/57c.png'
75.9867 	EXP 	background_2: autoDraw = True
75.9867 	EXP 	faces: autoDraw = True
75.9867 	EXP 	trial_counter: autoDraw = True
75.9867 	EXP 	reminder: autoDraw = True
76.0120 	DATA 	Keypress: right
76.0285 	EXP 	background_2: autoDraw = False
76.0285 	EXP 	faces: autoDraw = False
76.0285 	EXP 	trial_counter: autoDraw = False
76.0285 	EXP 	reminder: autoDraw = False
76.0285 	EXP 	textbox: foreColor = <psychopy.colors.Color: red, alpha=1.0>
76.0285 	EXP 	background_3: autoDraw = True
76.0285 	EXP 	textbox: autoDraw = True
76.0285 	EXP 	reminder_2: autoDraw = True
76.0285 	EXP 	trial_counter_2: autoDraw = True
76.1400 	DATA 	Keypress: right
76.3393 	DATA 	Keypress: right
76.5145 	DATA 	Keypress: right
76.6596 	DATA 	Keypress: right
76.8471 	DATA 	Keypress: right
76.9947 	DATA 	Keypress: right
77.0140 	EXP 	New trial (rep=0, index=23): {'imageFile': 'same/82a.png', 'corrAns': 'left', 'sameOrDiff': 'same'}
77.0537 	EXP 	background_3: autoDraw = False
77.0537 	EXP 	textbox: autoDraw = False
77.0537 	EXP 	reminder_2: autoDraw = False
77.0537 	EXP 	trial_counter_2: autoDraw = False
77.0537 	EXP 	faces: image = 'same/82a.png'
77.0537 	EXP 	background_2: autoDraw = True
77.0537 	EXP 	faces: autoDraw = True
77.0537 	EXP 	trial_counter: autoDraw = True
77.0537 	EXP 	reminder: autoDraw = True
77.2260 	DATA 	Keypress: right
77.2404 	EXP 	background_2: autoDraw = False
77.2404 	EXP 	faces: autoDraw = False
77.2404 	EXP 	trial_counter: autoDraw = False
77.2404 	EXP 	reminder: autoDraw = False
77.2404 	EXP 	textbox: foreColor = <psychopy.colors.Color: red, alpha=1.0>
77.2404 	EXP 	background_3: autoDraw = True
77.2404 	EXP 	textbox: autoDraw = True
77.2404 	EXP 	reminder_2: autoDraw = True
77.2404 	EXP 	trial_counter_2: autoDraw = True
77.3934 	DATA 	Keypress: right
77.5666 	DATA 	Keypress: right
77.7268 	DATA 	Keypress: right
77.8874 	DATA 	Keypress: right
78.0743 	DATA 	Keypress: right
78.2309 	EXP 	New trial (rep=0, index=24): {'imageFile': 'same/64b.png', 'corrAns': 'left', 'sameOrDiff': 'same'}
78.2750 	DATA 	Keypress: right
78.2809 	EXP 	background_3: autoDraw = False
78.2809 	EXP 	textbox: autoDraw = False
78.2809 	EXP 	reminder_2: autoDraw = False
78.2809 	EXP 	trial_counter_2: autoDraw = False
78.2809 	EXP 	faces: image = 'same/64b.png'
78.2809 	EXP 	background_2: autoDraw = True
78.2809 	EXP 	faces: autoDraw = True
78.2809 	EXP 	trial_counter: autoDraw = True
78.2809 	EXP 	reminder: autoDraw = True
78.4276 	DATA 	Keypress: right
78.4410 	EXP 	background_2: autoDraw = False
78.4410 	EXP 	faces: autoDraw = False
78.4410 	EXP 	trial_counter: autoDraw = False
78.4410 	EXP 	reminder: autoDraw = False
78.4410 	EXP 	textbox: foreColor = <psychopy.colors.Color: red, alpha=1.0>
78.4410 	EXP 	background_3: autoDraw = True
78.4410 	EXP 	textbox: autoDraw = True
78.4410 	EXP 	reminder_2: autoDraw = True
78.4410 	EXP 	trial_counter_2: autoDraw = True
78.5821 	DATA 	Keypress: right
78.7694 	DATA 	Keypress: right
78.9556 	DATA 	Keypress: right
79.1546 	DATA 	Keypress: right
79.3143 	DATA 	Keypress: right
79.4283 	EXP 	New trial (rep=0, index=25): {'imageFile': 'same/74a.png', 'corrAns': 'left', 'sameOrDiff': 'same'}
79.4680 	EXP 	background_3: autoDraw = False
79.4680 	EXP 	textbox: autoDraw = False
79.4680 	EXP 	reminder_2: autoDraw = False
79.4680 	EXP 	trial_counter_2: autoDraw = False
79.4680 	EXP 	faces: image = 'same/74a.png'
79.4680 	EXP 	background_2: autoDraw = True
79.4680 	EXP 	faces: autoDraw = True
79.4680 	EXP 	trial_counter: autoDraw = True
79.4680 	EXP 	reminder: autoDraw = True
79.5063 	DATA 	Keypress: right
79.5213 	EXP 	background_2: autoDraw = False
79.5213 	EXP 	faces: autoDraw = False
79.5213 	EXP 	trial_counter: autoDraw = False
79.5213 	EXP 	reminder: autoDraw = False
79.5213 	EXP 	textbox: foreColor = <psychopy.colors.Color: red, alpha=1.0>
79.5213 	EXP 	background_3: autoDraw = True
79.5213 	EXP 	textbox: autoDraw = True
79.5213 	EXP 	reminder_2: autoDraw = True
79.5213 	EXP 	trial_counter_2: autoDraw = True
79.9015 	DATA 	Keypress: right
80.1025 	DATA 	Keypress: right
80.3044 	DATA 	Keypress: right
80.5013 	DATA 	Keypress: right
80.5086 	EXP 	New trial (rep=0, index=26): {'imageFile': 'different/3c.png', 'corrAns': 'right', 'sameOrDiff': 'different'}
80.5484 	EXP 	background_3: autoDraw = False
80.5484 	EXP 	textbox: autoDraw = False
80.5484 	EXP 	reminder_2: autoDraw = False
80.5484 	EXP 	trial_counter_2: autoDraw = False
80.5484 	EXP 	faces: image = 'different/3c.png'
80.5484 	EXP 	background_2: autoDraw = True
80.5484 	EXP 	faces: autoDraw = True
80.5484 	EXP 	trial_counter: autoDraw = True
80.5484 	EXP 	reminder: autoDraw = True
80.7610 	DATA 	Keypress: right
80.7751 	EXP 	background_2: autoDraw = False
80.7751 	EXP 	faces: autoDraw = False
80.7751 	EXP 	trial_counter: autoDraw = False
80.7751 	EXP 	reminder: autoDraw = False
80.7751 	EXP 	textbox: foreColor = <psychopy.colors.Color: green, alpha=1.0>
80.7751 	EXP 	background_3: autoDraw = True
80.7751 	EXP 	textbox: autoDraw = True
80.7751 	EXP 	reminder_2: autoDraw = True
80.7751 	EXP 	trial_counter_2: autoDraw = True
80.9682 	DATA 	Keypress: right
81.1282 	DATA 	Keypress: right
81.3153 	DATA 	Keypress: right
81.5285 	DATA 	Keypress: right
81.7627 	EXP 	New trial (rep=0, index=27): {'imageFile': 'different/27b.png', 'corrAns': 'right', 'sameOrDiff': 'different'}
81.7881 	DATA 	Keypress: right
81.8022 	EXP 	background_3: autoDraw = False
81.8022 	EXP 	textbox: autoDraw = False
81.8022 	EXP 	reminder_2: autoDraw = False
81.8022 	EXP 	trial_counter_2: autoDraw = False
81.8022 	EXP 	faces: image = 'different/27b.png'
81.8022 	EXP 	background_2: autoDraw = True
81.8022 	EXP 	faces: autoDraw = True
81.8022 	EXP 	trial_counter: autoDraw = True
81.8022 	EXP 	reminder: autoDraw = True
81.9537 	DATA 	Keypress: right
81.9889 	EXP 	background_2: autoDraw = False
81.9889 	EXP 	faces: autoDraw = False
81.9889 	EXP 	trial_counter: autoDraw = False
81.9889 	EXP 	reminder: autoDraw = False
81.9889 	EXP 	textbox: foreColor = <psychopy.colors.Color: green, alpha=1.0>
81.9889 	EXP 	background_3: autoDraw = True
81.9889 	EXP 	textbox: autoDraw = True
81.9889 	EXP 	reminder_2: autoDraw = True
81.9889 	EXP 	trial_counter_2: autoDraw = True
82.1842 	DATA 	Keypress: right
82.3948 	DATA 	Keypress: right
82.5824 	DATA 	Keypress: right
82.7958 	DATA 	Keypress: right
82.9763 	EXP 	New trial (rep=0, index=28): {'imageFile': 'different/18a.png', 'corrAns': 'right', 'sameOrDiff': 'different'}
83.0023 	DATA 	Keypress: right
83.0160 	EXP 	background_3: autoDraw = False
83.0160 	EXP 	textbox: autoDraw = False
83.0160 	EXP 	reminder_2: autoDraw = False
83.0160 	EXP 	trial_counter_2: autoDraw = False
83.0160 	EXP 	faces: image = 'different/18a.png'
83.0160 	EXP 	background_2: autoDraw = True
83.0160 	EXP 	faces: autoDraw = True
83.0160 	EXP 	trial_counter: autoDraw = True
83.0160 	EXP 	reminder: autoDraw = True
83.3289 	DATA 	Keypress: right
83.3628 	EXP 	background_2: autoDraw = False
83.3628 	EXP 	faces: autoDraw = False
83.3628 	EXP 	trial_counter: autoDraw = False
83.3628 	EXP 	reminder: autoDraw = False
83.3628 	EXP 	textbox: foreColor = <psychopy.colors.Color: green, alpha=1.0>
83.3628 	EXP 	background_3: autoDraw = True
83.3628 	EXP 	textbox: autoDraw = True
83.3628 	EXP 	reminder_2: autoDraw = True
83.3628 	EXP 	trial_counter_2: autoDraw = True
83.5702 	DATA 	Keypress: right
83.7695 	DATA 	Keypress: right
83.9827 	DATA 	Keypress: right
84.2229 	DATA 	Keypress: right
84.3506 	EXP 	New trial (rep=0, index=29): {'imageFile': 'different/36c.png', 'corrAns': 'right', 'sameOrDiff': 'different'}
84.4032 	EXP 	background_3: autoDraw = False
84.4032 	EXP 	textbox: autoDraw = False
84.4032 	EXP 	reminder_2: autoDraw = False
84.4032 	EXP 	trial_counter_2: autoDraw = False
84.4032 	EXP 	faces: image = 'different/36c.png'
84.4032 	EXP 	background_2: autoDraw = True
84.4032 	EXP 	faces: autoDraw = True
84.4032 	EXP 	trial_counter: autoDraw = True
84.4032 	EXP 	reminder: autoDraw = True
84.4690 	DATA 	Keypress: right
84.4832 	EXP 	background_2: autoDraw = False
84.4832 	EXP 	faces: autoDraw = False
84.4832 	EXP 	trial_counter: autoDraw = False
84.4832 	EXP 	reminder: autoDraw = False
84.4832 	EXP 	textbox: foreColor = <psychopy.colors.Color: green, alpha=1.0>
84.4832 	EXP 	background_3: autoDraw = True
84.4832 	EXP 	textbox: autoDraw = True
84.4832 	EXP 	reminder_2: autoDraw = True
84.4832 	EXP 	trial_counter_2: autoDraw = True
84.7695 	DATA 	Keypress: right
84.9967 	DATA 	Keypress: right
85.2102 	DATA 	Keypress: right
85.4102 	DATA 	Keypress: right
85.4706 	EXP 	New trial (rep=0, index=30): {'imageFile': 'same/98a.png', 'corrAns': 'left', 'sameOrDiff': 'same'}
85.5102 	EXP 	background_3: autoDraw = False
85.5102 	EXP 	textbox: autoDraw = False
85.5102 	EXP 	reminder_2: autoDraw = False
85.5102 	EXP 	trial_counter_2: autoDraw = False
85.5102 	EXP 	faces: image = 'same/98a.png'
85.5102 	EXP 	background_2: autoDraw = True
85.5102 	EXP 	faces: autoDraw = True
85.5102 	EXP 	trial_counter: autoDraw = True
85.5102 	EXP 	reminder: autoDraw = True
85.6437 	DATA 	Keypress: right
85.6570 	EXP 	background_2: autoDraw = False
85.6570 	EXP 	faces: autoDraw = False
85.6570 	EXP 	trial_counter: autoDraw = False
85.6570 	EXP 	reminder: autoDraw = False
85.6570 	EXP 	textbox: foreColor = <psychopy.colors.Color: red, alpha=1.0>
85.6570 	EXP 	background_3: autoDraw = True
85.6570 	EXP 	textbox: autoDraw = True
85.6570 	EXP 	reminder_2: autoDraw = True
85.6570 	EXP 	trial_counter_2: autoDraw = True
85.8912 	DATA 	Keypress: right
86.1059 	DATA 	Keypress: right
86.3040 	DATA 	Keypress: right
86.5299 	DATA 	Keypress: right
86.6443 	EXP 	New trial (rep=0, index=31): {'imageFile': 'same/88b.png', 'corrAns': 'left', 'sameOrDiff': 'same'}
86.6840 	EXP 	background_3: autoDraw = False
86.6840 	EXP 	textbox: autoDraw = False
86.6840 	EXP 	reminder_2: autoDraw = False
86.6840 	EXP 	trial_counter_2: autoDraw = False
86.6840 	EXP 	faces: image = 'same/88b.png'
86.6840 	EXP 	background_2: autoDraw = True
86.6840 	EXP 	faces: autoDraw = True
86.6840 	EXP 	trial_counter: autoDraw = True
86.6840 	EXP 	reminder: autoDraw = True
86.7496 	DATA 	Keypress: right
86.7640 	EXP 	background_2: autoDraw = False
86.7640 	EXP 	faces: autoDraw = False
86.7640 	EXP 	trial_counter: autoDraw = False
86.7640 	EXP 	reminder: autoDraw = False
86.7640 	EXP 	textbox: foreColor = <psychopy.colors.Color: red, alpha=1.0>
86.7640 	EXP 	background_3: autoDraw = True
86.7640 	EXP 	textbox: autoDraw = True
86.7640 	EXP 	reminder_2: autoDraw = True
86.7640 	EXP 	trial_counter_2: autoDraw = True
86.9434 	DATA 	Keypress: right
87.1843 	DATA 	Keypress: right
87.4244 	DATA 	Keypress: right
87.6512 	DATA 	Keypress: right
87.7515 	EXP 	New trial (rep=0, index=32): {'imageFile': 'same/75c.png', 'corrAns': 'left', 'sameOrDiff': 'same'}
87.7911 	EXP 	background_3: autoDraw = False
87.7911 	EXP 	textbox: autoDraw = False
87.7911 	EXP 	reminder_2: autoDraw = False
87.7911 	EXP 	trial_counter_2: autoDraw = False
87.7911 	EXP 	faces: image = 'same/75c.png'
87.7911 	EXP 	background_2: autoDraw = True
87.7911 	EXP 	faces: autoDraw = True
87.7911 	EXP 	trial_counter: autoDraw = True
87.7911 	EXP 	reminder: autoDraw = True
88.0839 	DATA 	Keypress: right
88.0979 	EXP 	background_2: autoDraw = False
88.0979 	EXP 	faces: autoDraw = False
88.0979 	EXP 	trial_counter: autoDraw = False
88.0979 	EXP 	reminder: autoDraw = False
88.0979 	EXP 	textbox: foreColor = <psychopy.colors.Color: red, alpha=1.0>
88.0979 	EXP 	background_3: autoDraw = True
88.0979 	EXP 	textbox: autoDraw = True
88.0979 	EXP 	reminder_2: autoDraw = True
88.0979 	EXP 	trial_counter_2: autoDraw = True
88.2647 	DATA 	Keypress: right
88.4794 	DATA 	Keypress: right
89.0852 	EXP 	New trial (rep=0, index=33): {'imageFile': 'same/73a.png', 'corrAns': 'left', 'sameOrDiff': 'same'}
89.1249 	EXP 	background_3: autoDraw = False
89.1249 	EXP 	textbox: autoDraw = False
89.1249 	EXP 	reminder_2: autoDraw = False
89.1249 	EXP 	trial_counter_2: autoDraw = False
89.1249 	EXP 	faces: image = 'same/73a.png'
89.1249 	EXP 	background_2: autoDraw = True
89.1249 	EXP 	faces: autoDraw = True
89.1249 	EXP 	trial_counter: autoDraw = True
89.1249 	EXP 	reminder: autoDraw = True
89.4579 	DATA 	Keypress: right
89.4717 	EXP 	background_2: autoDraw = False
89.4717 	EXP 	faces: autoDraw = False
89.4717 	EXP 	trial_counter: autoDraw = False
89.4717 	EXP 	reminder: autoDraw = False
89.4717 	EXP 	textbox: foreColor = <psychopy.colors.Color: red, alpha=1.0>
89.4717 	EXP 	background_3: autoDraw = True
89.4717 	EXP 	textbox: autoDraw = True
89.4717 	EXP 	reminder_2: autoDraw = True
89.4717 	EXP 	trial_counter_2: autoDraw = True
89.6650 	DATA 	Keypress: right
90.0786 	DATA 	Keypress: right
90.3316 	DATA 	Keypress: right
90.4591 	EXP 	New trial (rep=0, index=34): {'imageFile': 'different/31b.png', 'corrAns': 'right', 'sameOrDiff': 'different'}
90.4988 	EXP 	background_3: autoDraw = False
90.4988 	EXP 	textbox: autoDraw = False
90.4988 	EXP 	reminder_2: autoDraw = False
90.4988 	EXP 	trial_counter_2: autoDraw = False
90.4988 	EXP 	faces: image = 'different/31b.png'
90.4988 	EXP 	background_2: autoDraw = True
90.4988 	EXP 	faces: autoDraw = True
90.4988 	EXP 	trial_counter: autoDraw = True
90.4988 	EXP 	reminder: autoDraw = True
90.9038 	DATA 	Keypress: right
90.9389 	EXP 	background_2: autoDraw = False
90.9389 	EXP 	faces: autoDraw = False
90.9389 	EXP 	trial_counter: autoDraw = False
90.9389 	EXP 	reminder: autoDraw = False
90.9389 	EXP 	textbox: foreColor = <psychopy.colors.Color: green, alpha=1.0>
90.9389 	EXP 	background_3: autoDraw = True
90.9389 	EXP 	textbox: autoDraw = True
90.9389 	EXP 	reminder_2: autoDraw = True
90.9389 	EXP 	trial_counter_2: autoDraw = True
91.2786 	DATA 	Keypress: right
91.7592 	DATA 	Keypress: right
91.9263 	EXP 	New trial (rep=0, index=35): {'imageFile': 'different/4a.png', 'corrAns': 'right', 'sameOrDiff': 'different'}
91.9660 	EXP 	background_3: autoDraw = False
91.9660 	EXP 	textbox: autoDraw = False
91.9660 	EXP 	reminder_2: autoDraw = False
91.9660 	EXP 	trial_counter_2: autoDraw = False
91.9660 	EXP 	faces: image = 'different/4a.png'
91.9660 	EXP 	background_2: autoDraw = True
91.9660 	EXP 	faces: autoDraw = True
91.9660 	EXP 	trial_counter: autoDraw = True
91.9660 	EXP 	reminder: autoDraw = True
91.9713 	DATA 	Keypress: right
92.3210 	DATA 	Keypress: right
92.3263 	EXP 	background_2: autoDraw = False
92.3263 	EXP 	faces: autoDraw = False
92.3263 	EXP 	trial_counter: autoDraw = False
92.3263 	EXP 	reminder: autoDraw = False
92.3263 	EXP 	textbox: foreColor = <psychopy.colors.Color: green, alpha=1.0>
92.3263 	EXP 	background_3: autoDraw = True
92.3263 	EXP 	textbox: autoDraw = True
92.3263 	EXP 	reminder_2: autoDraw = True
92.3263 	EXP 	trial_counter_2: autoDraw = True
92.5595 	DATA 	Keypress: right
92.7860 	DATA 	Keypress: right
93.0400 	DATA 	Keypress: right
93.3135 	EXP 	New trial (rep=0, index=36): {'imageFile': 'different/40b.png', 'corrAns': 'right', 'sameOrDiff': 'different'}
93.3397 	DATA 	Keypress: right
93.3532 	EXP 	background_3: autoDraw = False
93.3532 	EXP 	textbox: autoDraw = False
93.3532 	EXP 	reminder_2: autoDraw = False
93.3532 	EXP 	trial_counter_2: autoDraw = False
93.3532 	EXP 	faces: image = 'different/40b.png'
93.3532 	EXP 	background_2: autoDraw = True
93.3532 	EXP 	faces: autoDraw = True
93.3532 	EXP 	trial_counter: autoDraw = True
93.3532 	EXP 	reminder: autoDraw = True
93.5526 	DATA 	Keypress: right
93.5666 	EXP 	background_2: autoDraw = False
93.5666 	EXP 	faces: autoDraw = False
93.5666 	EXP 	trial_counter: autoDraw = False
93.5666 	EXP 	reminder: autoDraw = False
93.5666 	EXP 	textbox: foreColor = <psychopy.colors.Color: green, alpha=1.0>
93.5666 	EXP 	background_3: autoDraw = True
93.5666 	EXP 	textbox: autoDraw = True
93.5666 	EXP 	reminder_2: autoDraw = True
93.5666 	EXP 	trial_counter_2: autoDraw = True
93.7598 	DATA 	Keypress: right
94.0795 	DATA 	Keypress: right
94.5540 	EXP 	New trial (rep=0, index=37): {'imageFile': 'different/29b.png', 'corrAns': 'right', 'sameOrDiff': 'different'}
94.5936 	EXP 	background_3: autoDraw = False
94.5936 	EXP 	textbox: autoDraw = False
94.5936 	EXP 	reminder_2: autoDraw = False
94.5936 	EXP 	trial_counter_2: autoDraw = False
94.5936 	EXP 	faces: image = 'different/29b.png'
94.5936 	EXP 	background_2: autoDraw = True
94.5936 	EXP 	faces: autoDraw = True
94.5936 	EXP 	trial_counter: autoDraw = True
94.5936 	EXP 	reminder: autoDraw = True
94.6586 	DATA 	Keypress: right
94.6737 	EXP 	background_2: autoDraw = False
94.6737 	EXP 	faces: autoDraw = False
94.6737 	EXP 	trial_counter: autoDraw = False
94.6737 	EXP 	reminder: autoDraw = False
94.6737 	EXP 	textbox: foreColor = <psychopy.colors.Color: green, alpha=1.0>
94.6737 	EXP 	background_3: autoDraw = True
94.6737 	EXP 	textbox: autoDraw = True
94.6737 	EXP 	reminder_2: autoDraw = True
94.6737 	EXP 	trial_counter_2: autoDraw = True
94.9207 	DATA 	Keypress: right
95.2404 	DATA 	Keypress: right
95.6611 	EXP 	New trial (rep=0, index=38): {'imageFile': 'different/32c.png', 'corrAns': 'right', 'sameOrDiff': 'different'}
95.7007 	EXP 	background_3: autoDraw = False
95.7007 	EXP 	textbox: autoDraw = False
95.7007 	EXP 	reminder_2: autoDraw = False
95.7007 	EXP 	trial_counter_2: autoDraw = False
95.7007 	EXP 	faces: image = 'different/32c.png'
95.7007 	EXP 	background_2: autoDraw = True
95.7007 	EXP 	faces: autoDraw = True
95.7007 	EXP 	trial_counter: autoDraw = True
95.7007 	EXP 	reminder: autoDraw = True
95.7989 	DATA 	Keypress: right
95.8341 	EXP 	background_2: autoDraw = False
95.8341 	EXP 	faces: autoDraw = False
95.8341 	EXP 	trial_counter: autoDraw = False
95.8341 	EXP 	reminder: autoDraw = False
95.8341 	EXP 	textbox: foreColor = <psychopy.colors.Color: green, alpha=1.0>
95.8341 	EXP 	background_3: autoDraw = True
95.8341 	EXP 	textbox: autoDraw = True
95.8341 	EXP 	reminder_2: autoDraw = True
95.8341 	EXP 	trial_counter_2: autoDraw = True
96.0673 	DATA 	Keypress: right
96.3088 	DATA 	Keypress: right
96.8214 	EXP 	New trial (rep=0, index=39): {'imageFile': 'same/63a.png', 'corrAns': 'left', 'sameOrDiff': 'same'}
96.8485 	DATA 	Keypress: right
96.8612 	EXP 	background_3: autoDraw = False
96.8612 	EXP 	textbox: autoDraw = False
96.8612 	EXP 	reminder_2: autoDraw = False
96.8612 	EXP 	trial_counter_2: autoDraw = False
96.8612 	EXP 	faces: image = 'same/63a.png'
96.8612 	EXP 	background_2: autoDraw = True
96.8612 	EXP 	faces: autoDraw = True
96.8612 	EXP 	trial_counter: autoDraw = True
96.8612 	EXP 	reminder: autoDraw = True
97.0869 	DATA 	Keypress: right
97.1012 	EXP 	background_2: autoDraw = False
97.1012 	EXP 	faces: autoDraw = False
97.1012 	EXP 	trial_counter: autoDraw = False
97.1012 	EXP 	reminder: autoDraw = False
97.1012 	EXP 	textbox: foreColor = <psychopy.colors.Color: red, alpha=1.0>
97.1012 	EXP 	background_3: autoDraw = True
97.1012 	EXP 	textbox: autoDraw = True
97.1012 	EXP 	reminder_2: autoDraw = True
97.1012 	EXP 	trial_counter_2: autoDraw = True
97.3217 	DATA 	Keypress: right
97.9348 	DATA 	Keypress: right
98.1016 	EXP 	background_3: autoDraw = False
98.1016 	EXP 	textbox: autoDraw = False
98.1016 	EXP 	reminder_2: autoDraw = False
98.1016 	EXP 	trial_counter_2: autoDraw = False
98.1016 	EXP 	background_4: autoDraw = True
98.1016 	EXP 	endmsg: autoDraw = True
98.1444 	DATA 	Keypress: right
98.4409 	DATA 	Keypress: right
104.4678 	DATA 	Keypress: right
106.5744 	DATA 	Keypress: escape
106.6920 	EXP 	glasgow_face_matching: status = STOPPED
106.7048 	EXP 	background_4: autoDraw = False
106.7048 	EXP 	endmsg: autoDraw = False
106.7049 	EXP 	glasgow_face_matching: status = STOPPED
106.8251 	EXP 	window1: mouseVisible = True
