11.7353 	WARNING 	User requested fullscreen with size [1440  900], but screen is actually [1920, 1080]. Using actual size
13.2666 	EXP 	Created window1 = Window(allowGUI=True, allowStencil=True, autoLog=True, backendConf=UNKNOWN, backgroundFit=<method-wrapper '__getattribute__' of attributeSetter object at 0x000001C494A01D90>, backgroundImage=<method-wrapper '__getattribute__' of attributeSetter object at 0x000001C494A01D30>, bitsMode=UNKNOWN, blendMode='avg', bpc=(8, 8, 8), color=array([-1, -1, -1]), colorSpace='rgb', depthBits=8, fullscr=<method-wrapper '__getattribute__' of attributeSetter object at 0x000001C494A01B50>, gamma=None, gammaErrorPolicy='raise', lms=UNKNOWN, monitor=<psychopy.monitors.calibTools.Monitor object at 0x000001C494DA3850>, multiSample=False, name='window1', numSamples=2, pos=(0, 0), screen=0, size=array([1920, 1080]), stencilBits=8, stereo=False, title='PsychoPy', units='norm', useFBO=True, useRetina=False, viewOri=0.0, viewPos=None, viewScale=None, waitBlanking=True, winType='pyglet')
13.2667 	EXP 	window1: mouseVisible = True
13.2667 	EXP 	window1: backgroundImage = ''
13.2667 	EXP 	window1: backgroundFit = 'none'
13.2683 	EXP 	window1: Attempting to measure frame rate of screen (0) ...
13.2683 	EXP 	window1: recordFrameIntervals = False
13.3997 	EXP 	window1: recordFrameIntervals = True
13.5465 	EXP 	Screen (0) actual frame rate measured at 75.00Hz
13.5465 	EXP 	window1: recordFrameIntervals = False
13.5466 	EXP 	window1: mouseVisible = False
17.7875 	EXP 	GFMT_short: status = STARTED
17.7879 	EXP 	window1: mouseVisible = True
19.0881 	EXP 	Created background = ImageStim(__class__=<class 'psychopy.visual.image.ImageStim'>, anchor=('center', 'center'), autoLog=True, color=array([1., 1., 1.]), colorSpace='rgb', contrast=1.0, depth=0.0, draggable=False, flipHoriz=False, flipVert=False, image='background.jpg', interpolate=True, mask=None, maskParams=None, name='background', opacity=1.0, ori=0.0, pos=array([0., 0.]), size=array([1.55, 1.  ]), texRes=128.0, units='norm', win=Window(...))
19.0884 	EXP 	window1: mouseVisible = True
19.0885 	EXP 	window1: mouseVisible = True
19.0891 	EXP 	window1: mouseVisible = True
19.0897 	EXP 	window1: mouseVisible = True
19.1865 	EXP 	window1: mouseVisible = True
19.1867 	EXP 	window1: mouseVisible = True
19.1873 	EXP 	window1: mouseVisible = True
19.1878 	EXP 	window1: mouseVisible = True
19.1953 	EXP 	window1: mouseVisible = True
19.1983 	EXP 	Created background_2 = ImageStim(__class__=<class 'psychopy.visual.image.ImageStim'>, anchor=('center', 'center'), autoLog=True, color=array([1., 1., 1.]), colorSpace='rgb', contrast=1.0, depth=0.0, draggable=False, flipHoriz=False, flipVert=False, image=None, interpolate=True, mask=None, maskParams=None, name='background_2', opacity=1.0, ori=0.0, pos=array([0., 0.]), size=array([1.55, 1.  ]), texRes=128.0, units='norm', win=Window(...))
19.1984 	EXP 	window1: mouseVisible = True
19.2447 	EXP 	Created faces = ImageStim(__class__=<class 'psychopy.visual.image.ImageStim'>, anchor=('center', 'center'), autoLog=True, color=array([1., 1., 1.]), colorSpace='rgb', contrast=1.0, depth=-1.0, draggable=False, flipHoriz=False, flipVert=False, image='default.png', interpolate=True, mask=None, maskParams=None, name='faces', opacity=1.0, ori=0.0, pos=array([0., 0.]), size=array([0.26666667, 0.47407407]), texRes=128, units='norm', win=Window(...))
19.2450 	EXP 	window1: mouseVisible = True
19.2451 	EXP 	window1: mouseVisible = True
19.2457 	EXP 	window1: mouseVisible = True
19.2462 	EXP 	window1: mouseVisible = True
19.2503 	EXP 	window1: mouseVisible = True
19.2505 	EXP 	window1: mouseVisible = True
19.2511 	EXP 	window1: mouseVisible = True
19.2516 	EXP 	window1: mouseVisible = True
19.2556 	EXP 	window1: mouseVisible = True
20.4403 	EXP 	Created background_3 = ImageStim(__class__=<class 'psychopy.visual.image.ImageStim'>, anchor=('center', 'center'), autoLog=True, color=array([1., 1., 1.]), colorSpace='rgb', contrast=1.0, depth=0.0, draggable=False, flipHoriz=False, flipVert=False, image='background.jpg', interpolate=True, mask=None, maskParams=None, name='background_3', opacity=1.0, ori=0.0, pos=array([0., 0.]), size=array([1.55, 1.  ]), texRes=128.0, units='norm', win=Window(...))
20.4405 	EXP 	window1: mouseVisible = True
20.4407 	EXP 	window1: mouseVisible = True
20.4413 	EXP 	window1: mouseVisible = True
20.4418 	EXP 	window1: mouseVisible = True
20.4465 	EXP 	window1: mouseVisible = True
20.4466 	EXP 	window1: mouseVisible = True
20.4472 	EXP 	window1: mouseVisible = True
20.4478 	EXP 	window1: mouseVisible = True
20.4518 	EXP 	window1: mouseVisible = True
21.6616 	EXP 	Created background_4 = ImageStim(__class__=<class 'psychopy.visual.image.ImageStim'>, anchor=('center', 'center'), autoLog=True, color=array([1., 1., 1.]), colorSpace='rgb', contrast=1.0, depth=0.0, draggable=False, flipHoriz=False, flipVert=False, image='background.jpg', interpolate=True, mask=None, maskParams=None, name='background_4', opacity=1.0, ori=0.0, pos=array([0., 0.]), size=array([1.55, 1.  ]), texRes=128.0, units='norm', win=Window(...))
21.6618 	EXP 	window1: mouseVisible = True
21.6620 	EXP 	window1: mouseVisible = True
21.6626 	EXP 	window1: mouseVisible = True
21.6631 	EXP 	window1: mouseVisible = True
21.6673 	EXP 	window1: mouseVisible = True
21.6674 	EXP 	window1: mouseVisible = True
21.6680 	EXP 	window1: mouseVisible = True
21.6685 	EXP 	window1: mouseVisible = True
0.0108 	EXP 	instructionstxt: autoLog = True
0.0108 	EXP 	trial_counter: autoLog = True
0.0108 	EXP 	textbox: autoLog = True
0.0108 	EXP 	endmsg: autoLog = True
0.0367 	EXP 	background: autoDraw = True
0.0367 	EXP 	instructionstxt: autoDraw = True
2.7266 	EXP 	Imported conditions.xlsx as conditions, 40 conditions, 3 params
2.7680 	EXP 	Created sequence: random, trialTypes=40, nReps=1, seed=None
2.7682 	EXP 	New trial (rep=0, index=0): {'imageFile': 'same/82a.png', 'corrAns': 'left', 'sameOrDiff': 'same'}
2.8230 	DATA 	Keypress: space
2.8380 	EXP 	background: autoDraw = False
2.8380 	EXP 	instructionstxt: autoDraw = False
2.8380 	EXP 	faces: image = 'same/82a.png'
2.8380 	EXP 	background_2: autoDraw = True
2.8380 	EXP 	faces: autoDraw = True
2.8380 	EXP 	trial_counter: autoDraw = True
6.9559 	DATA 	Keypress: right
6.9592 	EXP 	background_2: autoDraw = False
6.9592 	EXP 	faces: autoDraw = False
6.9592 	EXP 	trial_counter: autoDraw = False
6.9592 	EXP 	textbox: foreColor = <psychopy.colors.Color: red, alpha=1.0>
6.9592 	EXP 	background_3: autoDraw = True
6.9592 	EXP 	textbox: autoDraw = True
7.9469 	EXP 	New trial (rep=0, index=1): {'imageFile': 'different/35b.png', 'corrAns': 'right', 'sameOrDiff': 'different'}
7.9863 	EXP 	background_3: autoDraw = False
7.9863 	EXP 	textbox: autoDraw = False
7.9863 	EXP 	background_3: autoDraw = False
7.9863 	EXP 	textbox: autoDraw = False
7.9863 	EXP 	faces: image = 'different/35b.png'
7.9863 	EXP 	background_2: autoDraw = True
7.9863 	EXP 	faces: autoDraw = True
7.9863 	EXP 	trial_counter: autoDraw = True
8.8181 	DATA 	Keypress: left
8.8266 	EXP 	background_2: autoDraw = False
8.8266 	EXP 	faces: autoDraw = False
8.8266 	EXP 	trial_counter: autoDraw = False
8.8266 	EXP 	textbox: foreColor = <psychopy.colors.Color: red, alpha=1.0>
8.8266 	EXP 	background_3: autoDraw = True
8.8266 	EXP 	textbox: autoDraw = True
9.8143 	EXP 	New trial (rep=0, index=2): {'imageFile': 'different/25a.png', 'corrAns': 'right', 'sameOrDiff': 'different'}
9.8537 	EXP 	background_3: autoDraw = False
9.8537 	EXP 	textbox: autoDraw = False
9.8537 	EXP 	background_3: autoDraw = False
9.8537 	EXP 	textbox: autoDraw = False
9.8537 	EXP 	faces: image = 'different/25a.png'
9.8537 	EXP 	background_2: autoDraw = True
9.8537 	EXP 	faces: autoDraw = True
9.8537 	EXP 	trial_counter: autoDraw = True
10.3844 	DATA 	Keypress: right
10.3871 	EXP 	background_2: autoDraw = False
10.3871 	EXP 	faces: autoDraw = False
10.3871 	EXP 	trial_counter: autoDraw = False
10.3871 	EXP 	textbox: foreColor = <psychopy.colors.Color: green, alpha=1.0>
10.3871 	EXP 	background_3: autoDraw = True
10.3871 	EXP 	textbox: autoDraw = True
11.3748 	EXP 	New trial (rep=0, index=3): {'imageFile': 'different/27b.png', 'corrAns': 'right', 'sameOrDiff': 'different'}
11.4008 	EXP 	background_3: autoDraw = False
11.4008 	EXP 	textbox: autoDraw = False
11.4008 	EXP 	background_3: autoDraw = False
11.4008 	EXP 	textbox: autoDraw = False
11.4008 	EXP 	faces: image = 'different/27b.png'
11.4008 	EXP 	background_2: autoDraw = True
11.4008 	EXP 	faces: autoDraw = True
11.4008 	EXP 	trial_counter: autoDraw = True
11.9908 	DATA 	Keypress: escape
12.0950 	EXP 	GFMT_short: status = STOPPED
12.1078 	EXP 	background_2: autoDraw = False
12.1078 	EXP 	faces: autoDraw = False
12.1078 	EXP 	trial_counter: autoDraw = False
12.1078 	EXP 	GFMT_short: status = STOPPED
12.1780 	EXP 	window1: mouseVisible = True
