19.3928 	WARNING 	User requested fullscreen with size [1440  900], but screen is actually [1920, 1080]. Using actual size
20.1067 	EXP 	Created window1 = Window(allowGUI=True, allowStencil=True, autoLog=True, backendConf=UNKNOWN, backgroundFit=<method-wrapper '__getattribute__' of attributeSetter object at 0x0000014D8D055B80>, backgroundImage=<method-wrapper '__getattribute__' of attributeSetter object at 0x0000014D8D055B20>, bitsMode=UNKNOWN, blendMode='avg', bpc=(8, 8, 8), color=array([-1, -1, -1]), colorSpace='rgb', depthBits=8, fullscr=<method-wrapper '__getattribute__' of attributeSetter object at 0x0000014D8D055940>, gamma=None, gammaErrorPolicy='raise', lms=UNKNOWN, monitor=<psychopy.monitors.calibTools.Monitor object at 0x0000014D8D3F5640>, multiSample=False, name='window1', numSamples=2, pos=(0, 0), screen=0, size=array([1920, 1080]), stencilBits=8, stereo=False, title='PsychoPy', units='norm', useFBO=True, useRetina=False, viewOri=0.0, viewPos=None, viewScale=None, waitBlanking=True, winType='pyglet')
20.1068 	EXP 	window1: mouseVisible = True
20.1068 	EXP 	window1: backgroundImage = ''
20.1068 	EXP 	window1: backgroundFit = 'none'
20.1089 	EXP 	window1: Attempting to measure frame rate of screen (0) ...
20.1089 	EXP 	window1: recordFrameIntervals = False
20.2397 	EXP 	window1: recordFrameIntervals = True
20.3865 	EXP 	Screen (0) actual frame rate measured at 75.00Hz
20.3865 	EXP 	window1: recordFrameIntervals = False
20.3866 	EXP 	window1: mouseVisible = False
23.3430 	EXP 	GFMT_short: status = STARTED
23.3433 	EXP 	window1: mouseVisible = True
23.4863 	EXP 	Created background = ImageStim(__class__=<class 'psychopy.visual.image.ImageStim'>, anchor=('center', 'center'), autoLog=True, color=array([1., 1., 1.]), colorSpace='rgb', contrast=1.0, depth=0.0, draggable=False, flipHoriz=False, flipVert=False, image='background.jpg', interpolate=True, mask=None, maskParams=None, name='background', opacity=1.0, ori=0.0, pos=array([0., 0.]), size=array([1.55, 1.  ]), texRes=128.0, units='norm', win=Window(...))
23.4866 	EXP 	window1: mouseVisible = True
23.4868 	EXP 	window1: mouseVisible = True
23.4874 	EXP 	window1: mouseVisible = True
23.4880 	EXP 	window1: mouseVisible = True
23.6068 	EXP 	window1: mouseVisible = True
23.6069 	EXP 	window1: mouseVisible = True
23.6075 	EXP 	window1: mouseVisible = True
23.6080 	EXP 	window1: mouseVisible = True
23.6160 	EXP 	window1: mouseVisible = True
23.6185 	EXP 	Created background_2 = ImageStim(__class__=<class 'psychopy.visual.image.ImageStim'>, anchor=('center', 'center'), autoLog=True, color=array([1., 1., 1.]), colorSpace='rgb', contrast=1.0, depth=0.0, draggable=False, flipHoriz=False, flipVert=False, image=None, interpolate=True, mask=None, maskParams=None, name='background_2', opacity=1.0, ori=0.0, pos=array([0., 0.]), size=array([1.55, 1.  ]), texRes=128.0, units='norm', win=Window(...))
23.6186 	EXP 	window1: mouseVisible = True
23.6322 	EXP 	Created faces = ImageStim(__class__=<class 'psychopy.visual.image.ImageStim'>, anchor=('center', 'center'), autoLog=True, color=array([1., 1., 1.]), colorSpace='rgb', contrast=1.0, depth=-1.0, draggable=False, flipHoriz=False, flipVert=False, image='default.png', interpolate=True, mask=None, maskParams=None, name='faces', opacity=1.0, ori=0.0, pos=array([0., 0.]), size=array([0.26666667, 0.47407407]), texRes=128, units='norm', win=Window(...))
23.6325 	EXP 	window1: mouseVisible = True
23.6326 	EXP 	window1: mouseVisible = True
23.6332 	EXP 	window1: mouseVisible = True
23.6338 	EXP 	window1: mouseVisible = True
23.6381 	EXP 	window1: mouseVisible = True
23.6382 	EXP 	window1: mouseVisible = True
23.6388 	EXP 	window1: mouseVisible = True
23.6394 	EXP 	window1: mouseVisible = True
23.6435 	EXP 	window1: mouseVisible = True
23.7964 	EXP 	Created background_3 = ImageStim(__class__=<class 'psychopy.visual.image.ImageStim'>, anchor=('center', 'center'), autoLog=True, color=array([1., 1., 1.]), colorSpace='rgb', contrast=1.0, depth=0.0, draggable=False, flipHoriz=False, flipVert=False, image='background.jpg', interpolate=True, mask=None, maskParams=None, name='background_3', opacity=1.0, ori=0.0, pos=array([0., 0.]), size=array([1.55, 1.  ]), texRes=128.0, units='norm', win=Window(...))
23.7968 	EXP 	window1: mouseVisible = True
23.7969 	EXP 	window1: mouseVisible = True
23.7975 	EXP 	window1: mouseVisible = True
23.7981 	EXP 	window1: mouseVisible = True
23.8024 	EXP 	window1: mouseVisible = True
23.8025 	EXP 	window1: mouseVisible = True
23.8031 	EXP 	window1: mouseVisible = True
23.8036 	EXP 	window1: mouseVisible = True
23.8075 	EXP 	window1: mouseVisible = True
23.9519 	EXP 	Created background_4 = ImageStim(__class__=<class 'psychopy.visual.image.ImageStim'>, anchor=('center', 'center'), autoLog=True, color=array([1., 1., 1.]), colorSpace='rgb', contrast=1.0, depth=0.0, draggable=False, flipHoriz=False, flipVert=False, image='background.jpg', interpolate=True, mask=None, maskParams=None, name='background_4', opacity=1.0, ori=0.0, pos=array([0., 0.]), size=array([1.55, 1.  ]), texRes=128.0, units='norm', win=Window(...))
23.9522 	EXP 	window1: mouseVisible = True
23.9523 	EXP 	window1: mouseVisible = True
23.9530 	EXP 	window1: mouseVisible = True
23.9536 	EXP 	window1: mouseVisible = True
23.9585 	EXP 	window1: mouseVisible = True
23.9586 	EXP 	window1: mouseVisible = True
23.9593 	EXP 	window1: mouseVisible = True
23.9599 	EXP 	window1: mouseVisible = True
0.0108 	EXP 	instructionstxt: autoLog = True
0.0108 	EXP 	trial_counter: autoLog = True
0.0108 	EXP 	textbox: autoLog = True
0.0108 	EXP 	endmsg: autoLog = True
0.0233 	EXP 	background: autoDraw = True
0.0233 	EXP 	instructionstxt: autoDraw = True
1.8668 	DATA 	Mouse: Left button down, pos=(901,380)
1.9202 	DATA 	Mouse:  Left button up, pos=(901,380)
2.5420 	EXP 	Imported conditions.xlsx as conditions, 40 conditions, 3 params
2.5431 	EXP 	Created sequence: random, trialTypes=40, nReps=1, seed=None
2.5434 	EXP 	New trial (rep=0, index=0): {'imageFile': 'different/28b.png', 'corrAns': 'right', 'sameOrDiff': 'different'}
2.6083 	DATA 	Keypress: space
2.6112 	EXP 	background: autoDraw = False
2.6112 	EXP 	instructionstxt: autoDraw = False
2.6112 	EXP 	faces: image = 'different/28b.png'
2.6112 	EXP 	background_2: autoDraw = True
2.6112 	EXP 	faces: autoDraw = True
2.6112 	EXP 	trial_counter: autoDraw = True
5.4880 	DATA 	Keypress: left
5.4920 	EXP 	background_2: autoDraw = False
5.4920 	EXP 	faces: autoDraw = False
5.4920 	EXP 	trial_counter: autoDraw = False
5.4920 	EXP 	textbox: foreColor = <psychopy.colors.Color: red, alpha=1.0>
5.4920 	EXP 	background_3: autoDraw = True
5.4920 	EXP 	textbox: autoDraw = True
6.4798 	EXP 	New trial (rep=0, index=1): {'imageFile': 'same/57c.png', 'corrAns': 'left', 'sameOrDiff': 'same'}
6.5191 	EXP 	background_3: autoDraw = False
6.5191 	EXP 	textbox: autoDraw = False
6.5191 	EXP 	background_3: autoDraw = False
6.5191 	EXP 	textbox: autoDraw = False
6.5191 	EXP 	faces: image = 'same/57c.png'
6.5191 	EXP 	background_2: autoDraw = True
6.5191 	EXP 	faces: autoDraw = True
6.5191 	EXP 	trial_counter: autoDraw = True
6.9514 	DATA 	Keypress: right
6.9592 	EXP 	background_2: autoDraw = False
6.9592 	EXP 	faces: autoDraw = False
6.9592 	EXP 	trial_counter: autoDraw = False
6.9592 	EXP 	textbox: foreColor = <psychopy.colors.Color: red, alpha=1.0>
6.9592 	EXP 	background_3: autoDraw = True
6.9592 	EXP 	textbox: autoDraw = True
7.9469 	EXP 	New trial (rep=0, index=2): {'imageFile': 'same/79a.png', 'corrAns': 'left', 'sameOrDiff': 'same'}
7.9862 	EXP 	background_3: autoDraw = False
7.9862 	EXP 	textbox: autoDraw = False
7.9862 	EXP 	background_3: autoDraw = False
7.9862 	EXP 	textbox: autoDraw = False
7.9862 	EXP 	faces: image = 'same/79a.png'
7.9862 	EXP 	background_2: autoDraw = True
7.9862 	EXP 	faces: autoDraw = True
7.9862 	EXP 	trial_counter: autoDraw = True
8.2431 	DATA 	Keypress: right
8.2664 	EXP 	background_2: autoDraw = False
8.2664 	EXP 	faces: autoDraw = False
8.2664 	EXP 	trial_counter: autoDraw = False
8.2664 	EXP 	textbox: foreColor = <psychopy.colors.Color: red, alpha=1.0>
8.2664 	EXP 	background_3: autoDraw = True
8.2664 	EXP 	textbox: autoDraw = True
9.2542 	EXP 	New trial (rep=0, index=3): {'imageFile': 'same/88b.png', 'corrAns': 'left', 'sameOrDiff': 'same'}
9.2801 	EXP 	background_3: autoDraw = False
9.2801 	EXP 	textbox: autoDraw = False
9.2801 	EXP 	background_3: autoDraw = False
9.2801 	EXP 	textbox: autoDraw = False
9.2801 	EXP 	faces: image = 'same/88b.png'
9.2801 	EXP 	background_2: autoDraw = True
9.2801 	EXP 	faces: autoDraw = True
9.2801 	EXP 	trial_counter: autoDraw = True
9.6587 	DATA 	Keypress: right
9.6670 	EXP 	background_2: autoDraw = False
9.6670 	EXP 	faces: autoDraw = False
9.6670 	EXP 	trial_counter: autoDraw = False
9.6670 	EXP 	textbox: foreColor = <psychopy.colors.Color: red, alpha=1.0>
9.6670 	EXP 	background_3: autoDraw = True
9.6670 	EXP 	textbox: autoDraw = True
9.9091 	DATA 	Keypress: right
10.1629 	DATA 	Keypress: right
10.3363 	DATA 	Keypress: right
10.6295 	DATA 	Keypress: right
10.6546 	EXP 	New trial (rep=0, index=4): {'imageFile': 'same/78a.png', 'corrAns': 'left', 'sameOrDiff': 'same'}
10.6940 	EXP 	background_3: autoDraw = False
10.6940 	EXP 	textbox: autoDraw = False
10.6940 	EXP 	background_3: autoDraw = False
10.6940 	EXP 	textbox: autoDraw = False
10.6940 	EXP 	faces: image = 'same/78a.png'
10.6940 	EXP 	background_2: autoDraw = True
10.6940 	EXP 	faces: autoDraw = True
10.6940 	EXP 	trial_counter: autoDraw = True
10.8590 	DATA 	Keypress: right
10.8674 	EXP 	background_2: autoDraw = False
10.8674 	EXP 	faces: autoDraw = False
10.8674 	EXP 	trial_counter: autoDraw = False
10.8674 	EXP 	textbox: foreColor = <psychopy.colors.Color: red, alpha=1.0>
10.8674 	EXP 	background_3: autoDraw = True
10.8674 	EXP 	textbox: autoDraw = True
11.1221 	DATA 	Keypress: right
11.2965 	DATA 	Keypress: right
11.5234 	DATA 	Keypress: right
11.8551 	EXP 	New trial (rep=0, index=5): {'imageFile': 'same/55a.png', 'corrAns': 'left', 'sameOrDiff': 'same'}
11.8944 	EXP 	background_3: autoDraw = False
11.8944 	EXP 	textbox: autoDraw = False
11.8944 	EXP 	background_3: autoDraw = False
11.8944 	EXP 	textbox: autoDraw = False
11.8944 	EXP 	faces: image = 'same/55a.png'
11.8944 	EXP 	background_2: autoDraw = True
11.8944 	EXP 	faces: autoDraw = True
11.8944 	EXP 	trial_counter: autoDraw = True
12.1134 	DATA 	Keypress: right
12.1212 	EXP 	background_2: autoDraw = False
12.1212 	EXP 	faces: autoDraw = False
12.1212 	EXP 	trial_counter: autoDraw = False
12.1212 	EXP 	textbox: foreColor = <psychopy.colors.Color: red, alpha=1.0>
12.1212 	EXP 	background_3: autoDraw = True
12.1212 	EXP 	textbox: autoDraw = True
12.6437 	DATA 	Keypress: right
13.1088 	EXP 	New trial (rep=0, index=6): {'imageFile': 'different/22a.png', 'corrAns': 'right', 'sameOrDiff': 'different'}
13.1348 	EXP 	background_3: autoDraw = False
13.1348 	EXP 	textbox: autoDraw = False
13.1348 	EXP 	background_3: autoDraw = False
13.1348 	EXP 	textbox: autoDraw = False
13.1348 	EXP 	faces: image = 'different/22a.png'
13.1348 	EXP 	background_2: autoDraw = True
13.1348 	EXP 	faces: autoDraw = True
13.1348 	EXP 	trial_counter: autoDraw = True
13.4413 	DATA 	Keypress: right
13.4550 	EXP 	background_2: autoDraw = False
13.4550 	EXP 	faces: autoDraw = False
13.4550 	EXP 	trial_counter: autoDraw = False
13.4550 	EXP 	textbox: foreColor = <psychopy.colors.Color: green, alpha=1.0>
13.4550 	EXP 	background_3: autoDraw = True
13.4550 	EXP 	textbox: autoDraw = True
14.4423 	EXP 	New trial (rep=0, index=7): {'imageFile': 'different/21a.png', 'corrAns': 'right', 'sameOrDiff': 'different'}
14.4821 	EXP 	background_3: autoDraw = False
14.4821 	EXP 	textbox: autoDraw = False
14.4821 	EXP 	faces: image = 'different/21a.png'
14.4821 	EXP 	background_2: autoDraw = True
14.4821 	EXP 	faces: autoDraw = True
14.4821 	EXP 	trial_counter: autoDraw = True
14.7410 	DATA 	Keypress: right
14.7622 	EXP 	background_2: autoDraw = False
14.7622 	EXP 	faces: autoDraw = False
14.7622 	EXP 	trial_counter: autoDraw = False
14.7622 	EXP 	textbox: foreColor = <psychopy.colors.Color: green, alpha=1.0>
14.7622 	EXP 	background_3: autoDraw = True
14.7622 	EXP 	textbox: autoDraw = True
15.7498 	EXP 	New trial (rep=0, index=8): {'imageFile': 'same/58a.png', 'corrAns': 'left', 'sameOrDiff': 'same'}
15.7892 	EXP 	background_3: autoDraw = False
15.7892 	EXP 	textbox: autoDraw = False
15.7892 	EXP 	background_3: autoDraw = False
15.7892 	EXP 	textbox: autoDraw = False
15.7892 	EXP 	faces: image = 'same/58a.png'
15.7892 	EXP 	background_2: autoDraw = True
15.7892 	EXP 	faces: autoDraw = True
15.7892 	EXP 	trial_counter: autoDraw = True
16.5811 	DATA 	Keypress: right
16.5895 	EXP 	background_2: autoDraw = False
16.5895 	EXP 	faces: autoDraw = False
16.5895 	EXP 	trial_counter: autoDraw = False
16.5895 	EXP 	textbox: foreColor = <psychopy.colors.Color: red, alpha=1.0>
16.5895 	EXP 	background_3: autoDraw = True
16.5895 	EXP 	textbox: autoDraw = True
17.5772 	EXP 	New trial (rep=0, index=9): {'imageFile': 'different/17a.png', 'corrAns': 'right', 'sameOrDiff': 'different'}
17.6032 	EXP 	background_3: autoDraw = False
17.6032 	EXP 	textbox: autoDraw = False
17.6032 	EXP 	background_3: autoDraw = False
17.6032 	EXP 	textbox: autoDraw = False
17.6032 	EXP 	faces: image = 'different/17a.png'
17.6032 	EXP 	background_2: autoDraw = True
17.6032 	EXP 	faces: autoDraw = True
17.6032 	EXP 	trial_counter: autoDraw = True
18.5796 	DATA 	Keypress: right
18.6036 	EXP 	background_2: autoDraw = False
18.6036 	EXP 	faces: autoDraw = False
18.6036 	EXP 	trial_counter: autoDraw = False
18.6036 	EXP 	textbox: foreColor = <psychopy.colors.Color: green, alpha=1.0>
18.6036 	EXP 	background_3: autoDraw = True
18.6036 	EXP 	textbox: autoDraw = True
19.5914 	EXP 	New trial (rep=0, index=10): {'imageFile': 'same/89a.png', 'corrAns': 'left', 'sameOrDiff': 'same'}
19.6173 	EXP 	background_3: autoDraw = False
19.6173 	EXP 	textbox: autoDraw = False
19.6173 	EXP 	background_3: autoDraw = False
19.6173 	EXP 	textbox: autoDraw = False
19.6173 	EXP 	faces: image = 'same/89a.png'
19.6173 	EXP 	background_2: autoDraw = True
19.6173 	EXP 	faces: autoDraw = True
19.6173 	EXP 	trial_counter: autoDraw = True
20.6360 	DATA 	Keypress: left
20.6443 	EXP 	background_2: autoDraw = False
20.6443 	EXP 	faces: autoDraw = False
20.6443 	EXP 	trial_counter: autoDraw = False
20.6443 	EXP 	textbox: foreColor = <psychopy.colors.Color: green, alpha=1.0>
20.6443 	EXP 	background_3: autoDraw = True
20.6443 	EXP 	textbox: autoDraw = True
21.6320 	EXP 	New trial (rep=0, index=11): {'imageFile': 'same/82a.png', 'corrAns': 'left', 'sameOrDiff': 'same'}
21.6581 	EXP 	background_3: autoDraw = False
21.6581 	EXP 	textbox: autoDraw = False
21.6581 	EXP 	background_3: autoDraw = False
21.6581 	EXP 	textbox: autoDraw = False
21.6581 	EXP 	faces: image = 'same/82a.png'
21.6581 	EXP 	background_2: autoDraw = True
21.6581 	EXP 	faces: autoDraw = True
21.6581 	EXP 	trial_counter: autoDraw = True
22.6634 	DATA 	Keypress: left
22.6718 	EXP 	background_2: autoDraw = False
22.6718 	EXP 	faces: autoDraw = False
22.6718 	EXP 	trial_counter: autoDraw = False
22.6718 	EXP 	textbox: foreColor = <psychopy.colors.Color: green, alpha=1.0>
22.6718 	EXP 	background_3: autoDraw = True
22.6718 	EXP 	textbox: autoDraw = True
23.6595 	EXP 	New trial (rep=0, index=12): {'imageFile': 'different/35b.png', 'corrAns': 'right', 'sameOrDiff': 'different'}
23.6855 	EXP 	background_3: autoDraw = False
23.6855 	EXP 	textbox: autoDraw = False
23.6855 	EXP 	background_3: autoDraw = False
23.6855 	EXP 	textbox: autoDraw = False
23.6855 	EXP 	faces: image = 'different/35b.png'
23.6855 	EXP 	background_2: autoDraw = True
23.6855 	EXP 	faces: autoDraw = True
23.6855 	EXP 	trial_counter: autoDraw = True
24.6244 	DATA 	Keypress: right
24.6326 	EXP 	background_2: autoDraw = False
24.6326 	EXP 	faces: autoDraw = False
24.6326 	EXP 	trial_counter: autoDraw = False
24.6326 	EXP 	textbox: foreColor = <psychopy.colors.Color: green, alpha=1.0>
24.6326 	EXP 	background_3: autoDraw = True
24.6326 	EXP 	textbox: autoDraw = True
25.6202 	EXP 	New trial (rep=0, index=13): {'imageFile': 'same/59a.png', 'corrAns': 'left', 'sameOrDiff': 'same'}
25.6462 	EXP 	background_3: autoDraw = False
25.6462 	EXP 	textbox: autoDraw = False
25.6462 	EXP 	background_3: autoDraw = False
25.6462 	EXP 	textbox: autoDraw = False
25.6462 	EXP 	faces: image = 'same/59a.png'
25.6462 	EXP 	background_2: autoDraw = True
25.6462 	EXP 	faces: autoDraw = True
25.6462 	EXP 	trial_counter: autoDraw = True
26.6262 	DATA 	Keypress: left
26.6333 	EXP 	background_2: autoDraw = False
26.6333 	EXP 	faces: autoDraw = False
26.6333 	EXP 	trial_counter: autoDraw = False
26.6333 	EXP 	textbox: foreColor = <psychopy.colors.Color: green, alpha=1.0>
26.6333 	EXP 	background_3: autoDraw = True
26.6333 	EXP 	textbox: autoDraw = True
27.6210 	EXP 	New trial (rep=0, index=14): {'imageFile': 'same/81b.png', 'corrAns': 'left', 'sameOrDiff': 'same'}
27.6470 	EXP 	background_3: autoDraw = False
27.6470 	EXP 	textbox: autoDraw = False
27.6470 	EXP 	background_3: autoDraw = False
27.6470 	EXP 	textbox: autoDraw = False
27.6470 	EXP 	faces: image = 'same/81b.png'
27.6470 	EXP 	background_2: autoDraw = True
27.6470 	EXP 	faces: autoDraw = True
27.6470 	EXP 	trial_counter: autoDraw = True
29.3057 	DATA 	Keypress: left
29.3142 	EXP 	background_2: autoDraw = False
29.3142 	EXP 	faces: autoDraw = False
29.3142 	EXP 	trial_counter: autoDraw = False
29.3142 	EXP 	textbox: foreColor = <psychopy.colors.Color: green, alpha=1.0>
29.3142 	EXP 	background_3: autoDraw = True
29.3142 	EXP 	textbox: autoDraw = True
30.3019 	EXP 	New trial (rep=0, index=15): {'imageFile': 'different/32c.png', 'corrAns': 'right', 'sameOrDiff': 'different'}
30.3282 	EXP 	background_3: autoDraw = False
30.3282 	EXP 	textbox: autoDraw = False
30.3282 	EXP 	background_3: autoDraw = False
30.3282 	EXP 	textbox: autoDraw = False
30.3282 	EXP 	faces: image = 'different/32c.png'
30.3282 	EXP 	background_2: autoDraw = True
30.3282 	EXP 	faces: autoDraw = True
30.3282 	EXP 	trial_counter: autoDraw = True
31.1743 	DATA 	Keypress: right
31.1816 	EXP 	background_2: autoDraw = False
31.1816 	EXP 	faces: autoDraw = False
31.1816 	EXP 	trial_counter: autoDraw = False
31.1816 	EXP 	textbox: foreColor = <psychopy.colors.Color: green, alpha=1.0>
31.1816 	EXP 	background_3: autoDraw = True
31.1816 	EXP 	textbox: autoDraw = True
32.1695 	EXP 	New trial (rep=0, index=16): {'imageFile': 'different/7c.png', 'corrAns': 'right', 'sameOrDiff': 'different'}
32.1953 	EXP 	background_3: autoDraw = False
32.1953 	EXP 	textbox: autoDraw = False
32.1953 	EXP 	background_3: autoDraw = False
32.1953 	EXP 	textbox: autoDraw = False
32.1953 	EXP 	faces: image = 'different/7c.png'
32.1953 	EXP 	background_2: autoDraw = True
32.1953 	EXP 	faces: autoDraw = True
32.1953 	EXP 	trial_counter: autoDraw = True
34.1620 	DATA 	Keypress: left
34.1694 	EXP 	background_2: autoDraw = False
34.1694 	EXP 	faces: autoDraw = False
34.1694 	EXP 	trial_counter: autoDraw = False
34.1694 	EXP 	textbox: foreColor = <psychopy.colors.Color: red, alpha=1.0>
34.1694 	EXP 	background_3: autoDraw = True
34.1694 	EXP 	textbox: autoDraw = True
35.1572 	EXP 	New trial (rep=0, index=17): {'imageFile': 'different/27b.png', 'corrAns': 'right', 'sameOrDiff': 'different'}
35.1831 	EXP 	background_3: autoDraw = False
35.1831 	EXP 	textbox: autoDraw = False
35.1831 	EXP 	background_3: autoDraw = False
35.1831 	EXP 	textbox: autoDraw = False
35.1831 	EXP 	faces: image = 'different/27b.png'
35.1831 	EXP 	background_2: autoDraw = True
35.1831 	EXP 	faces: autoDraw = True
35.1831 	EXP 	trial_counter: autoDraw = True
36.7356 	DATA 	Keypress: right
36.7437 	EXP 	background_2: autoDraw = False
36.7437 	EXP 	faces: autoDraw = False
36.7437 	EXP 	trial_counter: autoDraw = False
36.7437 	EXP 	textbox: foreColor = <psychopy.colors.Color: green, alpha=1.0>
36.7437 	EXP 	background_3: autoDraw = True
36.7437 	EXP 	textbox: autoDraw = True
37.7315 	EXP 	New trial (rep=0, index=18): {'imageFile': 'different/11b.png', 'corrAns': 'right', 'sameOrDiff': 'different'}
37.7574 	EXP 	background_3: autoDraw = False
37.7574 	EXP 	textbox: autoDraw = False
37.7574 	EXP 	background_3: autoDraw = False
37.7574 	EXP 	textbox: autoDraw = False
37.7574 	EXP 	faces: image = 'different/11b.png'
37.7574 	EXP 	background_2: autoDraw = True
37.7574 	EXP 	faces: autoDraw = True
37.7574 	EXP 	trial_counter: autoDraw = True
39.9223 	DATA 	Keypress: right
39.9449 	EXP 	background_2: autoDraw = False
39.9449 	EXP 	faces: autoDraw = False
39.9449 	EXP 	trial_counter: autoDraw = False
39.9449 	EXP 	textbox: foreColor = <psychopy.colors.Color: green, alpha=1.0>
39.9449 	EXP 	background_3: autoDraw = True
39.9449 	EXP 	textbox: autoDraw = True
40.9327 	EXP 	New trial (rep=0, index=19): {'imageFile': 'different/4a.png', 'corrAns': 'right', 'sameOrDiff': 'different'}
40.9586 	EXP 	background_3: autoDraw = False
40.9586 	EXP 	textbox: autoDraw = False
40.9586 	EXP 	background_3: autoDraw = False
40.9586 	EXP 	textbox: autoDraw = False
40.9586 	EXP 	faces: image = 'different/4a.png'
40.9586 	EXP 	background_2: autoDraw = True
40.9586 	EXP 	faces: autoDraw = True
40.9586 	EXP 	trial_counter: autoDraw = True
41.8709 	DATA 	Keypress: right
41.8789 	EXP 	background_2: autoDraw = False
41.8789 	EXP 	faces: autoDraw = False
41.8789 	EXP 	trial_counter: autoDraw = False
41.8789 	EXP 	textbox: foreColor = <psychopy.colors.Color: green, alpha=1.0>
41.8789 	EXP 	background_3: autoDraw = True
41.8789 	EXP 	textbox: autoDraw = True
42.8666 	EXP 	New trial (rep=0, index=20): {'imageFile': 'different/40b.png', 'corrAns': 'right', 'sameOrDiff': 'different'}
42.8926 	EXP 	background_3: autoDraw = False
42.8926 	EXP 	textbox: autoDraw = False
42.8926 	EXP 	background_3: autoDraw = False
42.8926 	EXP 	textbox: autoDraw = False
42.8926 	EXP 	faces: image = 'different/40b.png'
42.8926 	EXP 	background_2: autoDraw = True
42.8926 	EXP 	faces: autoDraw = True
42.8926 	EXP 	trial_counter: autoDraw = True
43.3114 	DATA 	Keypress: right
43.3195 	EXP 	background_2: autoDraw = False
43.3195 	EXP 	faces: autoDraw = False
43.3195 	EXP 	trial_counter: autoDraw = False
43.3195 	EXP 	textbox: foreColor = <psychopy.colors.Color: green, alpha=1.0>
43.3195 	EXP 	background_3: autoDraw = True
43.3195 	EXP 	textbox: autoDraw = True
44.3094 	EXP 	New trial (rep=0, index=21): {'imageFile': 'same/73a.png', 'corrAns': 'left', 'sameOrDiff': 'same'}
44.4134 	EXP 	background_3: autoDraw = False
44.4134 	EXP 	textbox: autoDraw = False
44.4134 	EXP 	background_3: autoDraw = False
44.4134 	EXP 	textbox: autoDraw = False
44.4134 	EXP 	faces: image = 'same/73a.png'
44.4134 	EXP 	background_2: autoDraw = True
44.4134 	EXP 	faces: autoDraw = True
44.4134 	EXP 	trial_counter: autoDraw = True
45.3734 	DATA 	Keypress: left
45.4137 	EXP 	background_2: autoDraw = False
45.4137 	EXP 	faces: autoDraw = False
45.4137 	EXP 	trial_counter: autoDraw = False
45.4137 	EXP 	textbox: foreColor = <psychopy.colors.Color: green, alpha=1.0>
45.4137 	EXP 	background_3: autoDraw = True
45.4137 	EXP 	textbox: autoDraw = True
46.4019 	EXP 	New trial (rep=0, index=22): {'imageFile': 'different/24b.png', 'corrAns': 'right', 'sameOrDiff': 'different'}
46.4942 	EXP 	background_3: autoDraw = False
46.4942 	EXP 	textbox: autoDraw = False
46.4942 	EXP 	faces: image = 'different/24b.png'
46.4942 	EXP 	background_2: autoDraw = True
46.4942 	EXP 	faces: autoDraw = True
46.4942 	EXP 	trial_counter: autoDraw = True
47.6332 	DATA 	Keypress: left
47.6411 	EXP 	background_2: autoDraw = False
47.6411 	EXP 	faces: autoDraw = False
47.6411 	EXP 	trial_counter: autoDraw = False
47.6411 	EXP 	textbox: foreColor = <psychopy.colors.Color: red, alpha=1.0>
47.6411 	EXP 	background_3: autoDraw = True
47.6411 	EXP 	textbox: autoDraw = True
48.6288 	EXP 	New trial (rep=0, index=23): {'imageFile': 'same/75c.png', 'corrAns': 'left', 'sameOrDiff': 'same'}
48.6682 	EXP 	background_3: autoDraw = False
48.6682 	EXP 	textbox: autoDraw = False
48.6682 	EXP 	background_3: autoDraw = False
48.6682 	EXP 	textbox: autoDraw = False
48.6682 	EXP 	faces: image = 'same/75c.png'
48.6682 	EXP 	background_2: autoDraw = True
48.6682 	EXP 	faces: autoDraw = True
48.6682 	EXP 	trial_counter: autoDraw = True
50.0471 	DATA 	Keypress: left
50.0554 	EXP 	background_2: autoDraw = False
50.0554 	EXP 	faces: autoDraw = False
50.0554 	EXP 	trial_counter: autoDraw = False
50.0554 	EXP 	textbox: foreColor = <psychopy.colors.Color: green, alpha=1.0>
50.0554 	EXP 	background_3: autoDraw = True
50.0554 	EXP 	textbox: autoDraw = True
51.0430 	EXP 	New trial (rep=0, index=24): {'imageFile': 'different/29b.png', 'corrAns': 'right', 'sameOrDiff': 'different'}
51.0691 	EXP 	background_3: autoDraw = False
51.0691 	EXP 	textbox: autoDraw = False
51.0691 	EXP 	background_3: autoDraw = False
51.0691 	EXP 	textbox: autoDraw = False
51.0691 	EXP 	faces: image = 'different/29b.png'
51.0691 	EXP 	background_2: autoDraw = True
51.0691 	EXP 	faces: autoDraw = True
51.0691 	EXP 	trial_counter: autoDraw = True
52.4589 	DATA 	Keypress: right
52.4829 	EXP 	background_2: autoDraw = False
52.4829 	EXP 	faces: autoDraw = False
52.4829 	EXP 	trial_counter: autoDraw = False
52.4829 	EXP 	textbox: foreColor = <psychopy.colors.Color: green, alpha=1.0>
52.4829 	EXP 	background_3: autoDraw = True
52.4829 	EXP 	textbox: autoDraw = True
53.4706 	EXP 	New trial (rep=0, index=25): {'imageFile': 'same/64b.png', 'corrAns': 'left', 'sameOrDiff': 'same'}
53.4966 	EXP 	background_3: autoDraw = False
53.4966 	EXP 	textbox: autoDraw = False
53.4966 	EXP 	background_3: autoDraw = False
53.4966 	EXP 	textbox: autoDraw = False
53.4966 	EXP 	faces: image = 'same/64b.png'
53.4966 	EXP 	background_2: autoDraw = True
53.4966 	EXP 	faces: autoDraw = True
53.4966 	EXP 	trial_counter: autoDraw = True
54.3556 	DATA 	Keypress: left
54.3637 	EXP 	background_2: autoDraw = False
54.3637 	EXP 	faces: autoDraw = False
54.3637 	EXP 	trial_counter: autoDraw = False
54.3637 	EXP 	textbox: foreColor = <psychopy.colors.Color: green, alpha=1.0>
54.3637 	EXP 	background_3: autoDraw = True
54.3637 	EXP 	textbox: autoDraw = True
55.3514 	EXP 	New trial (rep=0, index=26): {'imageFile': 'different/25a.png', 'corrAns': 'right', 'sameOrDiff': 'different'}
55.3773 	EXP 	background_3: autoDraw = False
55.3773 	EXP 	textbox: autoDraw = False
55.3773 	EXP 	background_3: autoDraw = False
55.3773 	EXP 	textbox: autoDraw = False
55.3773 	EXP 	faces: image = 'different/25a.png'
55.3773 	EXP 	background_2: autoDraw = True
55.3773 	EXP 	faces: autoDraw = True
55.3773 	EXP 	trial_counter: autoDraw = True
56.5832 	DATA 	Keypress: left
56.5911 	EXP 	background_2: autoDraw = False
56.5911 	EXP 	faces: autoDraw = False
56.5911 	EXP 	trial_counter: autoDraw = False
56.5911 	EXP 	textbox: foreColor = <psychopy.colors.Color: red, alpha=1.0>
56.5911 	EXP 	background_3: autoDraw = True
56.5911 	EXP 	textbox: autoDraw = True
57.5788 	EXP 	New trial (rep=0, index=27): {'imageFile': 'different/3c.png', 'corrAns': 'right', 'sameOrDiff': 'different'}
57.6049 	EXP 	background_3: autoDraw = False
57.6049 	EXP 	textbox: autoDraw = False
57.6049 	EXP 	background_3: autoDraw = False
57.6049 	EXP 	textbox: autoDraw = False
57.6049 	EXP 	faces: image = 'different/3c.png'
57.6049 	EXP 	background_2: autoDraw = True
57.6049 	EXP 	faces: autoDraw = True
57.6049 	EXP 	trial_counter: autoDraw = True
58.5702 	DATA 	Keypress: right
58.5785 	EXP 	background_2: autoDraw = False
58.5785 	EXP 	faces: autoDraw = False
58.5785 	EXP 	trial_counter: autoDraw = False
58.5785 	EXP 	textbox: foreColor = <psychopy.colors.Color: green, alpha=1.0>
58.5785 	EXP 	background_3: autoDraw = True
58.5785 	EXP 	textbox: autoDraw = True
59.5663 	EXP 	New trial (rep=0, index=28): {'imageFile': 'same/63a.png', 'corrAns': 'left', 'sameOrDiff': 'same'}
59.5923 	EXP 	background_3: autoDraw = False
59.5923 	EXP 	textbox: autoDraw = False
59.5923 	EXP 	background_3: autoDraw = False
59.5923 	EXP 	textbox: autoDraw = False
59.5923 	EXP 	faces: image = 'same/63a.png'
59.5923 	EXP 	background_2: autoDraw = True
59.5923 	EXP 	faces: autoDraw = True
59.5923 	EXP 	trial_counter: autoDraw = True
61.0641 	DATA 	Keypress: left
61.0728 	EXP 	background_2: autoDraw = False
61.0728 	EXP 	faces: autoDraw = False
61.0728 	EXP 	trial_counter: autoDraw = False
61.0728 	EXP 	textbox: foreColor = <psychopy.colors.Color: green, alpha=1.0>
61.0728 	EXP 	background_3: autoDraw = True
61.0728 	EXP 	textbox: autoDraw = True
62.0607 	EXP 	New trial (rep=0, index=29): {'imageFile': 'different/19b.png', 'corrAns': 'right', 'sameOrDiff': 'different'}
62.0865 	EXP 	background_3: autoDraw = False
62.0865 	EXP 	textbox: autoDraw = False
62.0865 	EXP 	background_3: autoDraw = False
62.0865 	EXP 	textbox: autoDraw = False
62.0865 	EXP 	faces: image = 'different/19b.png'
62.0865 	EXP 	background_2: autoDraw = True
62.0865 	EXP 	faces: autoDraw = True
62.0865 	EXP 	trial_counter: autoDraw = True
63.1860 	DATA 	Keypress: right
63.1936 	EXP 	background_2: autoDraw = False
63.1936 	EXP 	faces: autoDraw = False
63.1936 	EXP 	trial_counter: autoDraw = False
63.1936 	EXP 	textbox: foreColor = <psychopy.colors.Color: green, alpha=1.0>
63.1936 	EXP 	background_3: autoDraw = True
63.1936 	EXP 	textbox: autoDraw = True
64.1814 	EXP 	New trial (rep=0, index=30): {'imageFile': 'same/74a.png', 'corrAns': 'left', 'sameOrDiff': 'same'}
64.2206 	EXP 	background_3: autoDraw = False
64.2206 	EXP 	textbox: autoDraw = False
64.2206 	EXP 	background_3: autoDraw = False
64.2206 	EXP 	textbox: autoDraw = False
64.2206 	EXP 	faces: image = 'same/74a.png'
64.2206 	EXP 	background_2: autoDraw = True
64.2206 	EXP 	faces: autoDraw = True
64.2206 	EXP 	trial_counter: autoDraw = True
65.9315 	DATA 	Keypress: left
65.9546 	EXP 	background_2: autoDraw = False
65.9546 	EXP 	faces: autoDraw = False
65.9546 	EXP 	trial_counter: autoDraw = False
65.9546 	EXP 	textbox: foreColor = <psychopy.colors.Color: green, alpha=1.0>
65.9546 	EXP 	background_3: autoDraw = True
65.9546 	EXP 	textbox: autoDraw = True
66.9422 	EXP 	New trial (rep=0, index=31): {'imageFile': 'different/36c.png', 'corrAns': 'right', 'sameOrDiff': 'different'}
66.9683 	EXP 	background_3: autoDraw = False
66.9683 	EXP 	textbox: autoDraw = False
66.9683 	EXP 	background_3: autoDraw = False
66.9683 	EXP 	textbox: autoDraw = False
66.9683 	EXP 	faces: image = 'different/36c.png'
66.9683 	EXP 	background_2: autoDraw = True
66.9683 	EXP 	faces: autoDraw = True
66.9683 	EXP 	trial_counter: autoDraw = True
68.0524 	DATA 	Keypress: left
68.0754 	EXP 	background_2: autoDraw = False
68.0754 	EXP 	faces: autoDraw = False
68.0754 	EXP 	trial_counter: autoDraw = False
68.0754 	EXP 	textbox: foreColor = <psychopy.colors.Color: red, alpha=1.0>
68.0754 	EXP 	background_3: autoDraw = True
68.0754 	EXP 	textbox: autoDraw = True
69.0632 	EXP 	New trial (rep=0, index=32): {'imageFile': 'different/26b.png', 'corrAns': 'right', 'sameOrDiff': 'different'}
69.1025 	EXP 	background_3: autoDraw = False
69.1025 	EXP 	textbox: autoDraw = False
69.1025 	EXP 	background_3: autoDraw = False
69.1025 	EXP 	textbox: autoDraw = False
69.1025 	EXP 	faces: image = 'different/26b.png'
69.1025 	EXP 	background_2: autoDraw = True
69.1025 	EXP 	faces: autoDraw = True
69.1025 	EXP 	trial_counter: autoDraw = True
70.0150 	DATA 	Keypress: right
70.0228 	EXP 	background_2: autoDraw = False
70.0228 	EXP 	faces: autoDraw = False
70.0228 	EXP 	trial_counter: autoDraw = False
70.0228 	EXP 	textbox: foreColor = <psychopy.colors.Color: green, alpha=1.0>
70.0228 	EXP 	background_3: autoDraw = True
70.0228 	EXP 	textbox: autoDraw = True
71.0106 	EXP 	New trial (rep=0, index=33): {'imageFile': 'different/18a.png', 'corrAns': 'right', 'sameOrDiff': 'different'}
71.0365 	EXP 	background_3: autoDraw = False
71.0365 	EXP 	textbox: autoDraw = False
71.0365 	EXP 	background_3: autoDraw = False
71.0365 	EXP 	textbox: autoDraw = False
71.0365 	EXP 	faces: image = 'different/18a.png'
71.0365 	EXP 	background_2: autoDraw = True
71.0365 	EXP 	faces: autoDraw = True
71.0365 	EXP 	trial_counter: autoDraw = True
72.2206 	DATA 	Keypress: right
72.2320 	EXP 	background_2: autoDraw = False
72.2320 	EXP 	faces: autoDraw = False
72.2320 	EXP 	trial_counter: autoDraw = False
72.2320 	EXP 	textbox: foreColor = <psychopy.colors.Color: green, alpha=1.0>
72.2320 	EXP 	background_3: autoDraw = True
72.2320 	EXP 	textbox: autoDraw = True
73.2243 	EXP 	New trial (rep=0, index=34): {'imageFile': 'same/69c.png', 'corrAns': 'left', 'sameOrDiff': 'same'}
73.2507 	EXP 	background_3: autoDraw = False
73.2507 	EXP 	textbox: autoDraw = False
73.2507 	EXP 	faces: image = 'same/69c.png'
73.2507 	EXP 	background_2: autoDraw = True
73.2507 	EXP 	faces: autoDraw = True
73.2507 	EXP 	trial_counter: autoDraw = True
74.2169 	DATA 	Keypress: left
74.2245 	EXP 	background_2: autoDraw = False
74.2245 	EXP 	faces: autoDraw = False
74.2245 	EXP 	trial_counter: autoDraw = False
74.2245 	EXP 	textbox: foreColor = <psychopy.colors.Color: green, alpha=1.0>
74.2245 	EXP 	background_3: autoDraw = True
74.2245 	EXP 	textbox: autoDraw = True
75.2121 	EXP 	New trial (rep=0, index=35): {'imageFile': 'same/84a.png', 'corrAns': 'left', 'sameOrDiff': 'same'}
75.2381 	EXP 	background_3: autoDraw = False
75.2381 	EXP 	textbox: autoDraw = False
75.2381 	EXP 	background_3: autoDraw = False
75.2381 	EXP 	textbox: autoDraw = False
75.2381 	EXP 	faces: image = 'same/84a.png'
75.2381 	EXP 	background_2: autoDraw = True
75.2381 	EXP 	faces: autoDraw = True
75.2381 	EXP 	trial_counter: autoDraw = True
76.3224 	DATA 	Keypress: left
76.3452 	EXP 	background_2: autoDraw = False
76.3452 	EXP 	faces: autoDraw = False
76.3452 	EXP 	trial_counter: autoDraw = False
76.3452 	EXP 	textbox: foreColor = <psychopy.colors.Color: green, alpha=1.0>
76.3452 	EXP 	background_3: autoDraw = True
76.3452 	EXP 	textbox: autoDraw = True
77.3330 	EXP 	New trial (rep=0, index=36): {'imageFile': 'same/98a.png', 'corrAns': 'left', 'sameOrDiff': 'same'}
77.3589 	EXP 	background_3: autoDraw = False
77.3589 	EXP 	textbox: autoDraw = False
77.3589 	EXP 	background_3: autoDraw = False
77.3589 	EXP 	textbox: autoDraw = False
77.3589 	EXP 	faces: image = 'same/98a.png'
77.3589 	EXP 	background_2: autoDraw = True
77.3589 	EXP 	faces: autoDraw = True
77.3589 	EXP 	trial_counter: autoDraw = True
78.9630 	DATA 	Keypress: left
78.9862 	EXP 	background_2: autoDraw = False
78.9862 	EXP 	faces: autoDraw = False
78.9862 	EXP 	trial_counter: autoDraw = False
78.9862 	EXP 	textbox: foreColor = <psychopy.colors.Color: green, alpha=1.0>
78.9862 	EXP 	background_3: autoDraw = True
78.9862 	EXP 	textbox: autoDraw = True
79.9739 	EXP 	New trial (rep=0, index=37): {'imageFile': 'same/56a.png', 'corrAns': 'left', 'sameOrDiff': 'same'}
79.9999 	EXP 	background_3: autoDraw = False
79.9999 	EXP 	textbox: autoDraw = False
79.9999 	EXP 	background_3: autoDraw = False
79.9999 	EXP 	textbox: autoDraw = False
79.9999 	EXP 	faces: image = 'same/56a.png'
79.9999 	EXP 	background_2: autoDraw = True
79.9999 	EXP 	faces: autoDraw = True
79.9999 	EXP 	trial_counter: autoDraw = True
81.2379 	DATA 	Keypress: left
81.2538 	EXP 	background_2: autoDraw = False
81.2538 	EXP 	faces: autoDraw = False
81.2538 	EXP 	trial_counter: autoDraw = False
81.2538 	EXP 	textbox: foreColor = <psychopy.colors.Color: green, alpha=1.0>
81.2538 	EXP 	background_3: autoDraw = True
81.2538 	EXP 	textbox: autoDraw = True
82.2416 	EXP 	New trial (rep=0, index=38): {'imageFile': 'different/31b.png', 'corrAns': 'right', 'sameOrDiff': 'different'}
82.2674 	EXP 	background_3: autoDraw = False
82.2674 	EXP 	textbox: autoDraw = False
82.2674 	EXP 	background_3: autoDraw = False
82.2674 	EXP 	textbox: autoDraw = False
82.2674 	EXP 	faces: image = 'different/31b.png'
82.2674 	EXP 	background_2: autoDraw = True
82.2674 	EXP 	faces: autoDraw = True
82.2674 	EXP 	trial_counter: autoDraw = True
86.2339 	DATA 	Keypress: left
86.2422 	EXP 	background_2: autoDraw = False
86.2422 	EXP 	faces: autoDraw = False
86.2422 	EXP 	trial_counter: autoDraw = False
86.2422 	EXP 	textbox: foreColor = <psychopy.colors.Color: red, alpha=1.0>
86.2422 	EXP 	background_3: autoDraw = True
86.2422 	EXP 	textbox: autoDraw = True
87.2298 	EXP 	New trial (rep=0, index=39): {'imageFile': 'same/76b.png', 'corrAns': 'left', 'sameOrDiff': 'same'}
87.2693 	EXP 	background_3: autoDraw = False
87.2693 	EXP 	textbox: autoDraw = False
87.2693 	EXP 	background_3: autoDraw = False
87.2693 	EXP 	textbox: autoDraw = False
87.2693 	EXP 	faces: image = 'same/76b.png'
87.2693 	EXP 	background_2: autoDraw = True
87.2693 	EXP 	faces: autoDraw = True
87.2693 	EXP 	trial_counter: autoDraw = True
88.1282 	DATA 	Keypress: left
88.1363 	EXP 	background_2: autoDraw = False
88.1363 	EXP 	faces: autoDraw = False
88.1363 	EXP 	trial_counter: autoDraw = False
88.1363 	EXP 	textbox: foreColor = <psychopy.colors.Color: green, alpha=1.0>
88.1363 	EXP 	background_3: autoDraw = True
88.1363 	EXP 	textbox: autoDraw = True
89.1367 	EXP 	background_3: autoDraw = False
89.1367 	EXP 	textbox: autoDraw = False
89.1367 	EXP 	background_3: autoDraw = False
89.1367 	EXP 	textbox: autoDraw = False
89.1367 	EXP 	background_4: autoDraw = True
89.1367 	EXP 	endmsg: autoDraw = True
92.7943 	DATA 	Keypress: left
93.8476 	DATA 	Keypress: space
94.1550 	DATA 	Keypress: return
94.4878 	DATA 	Keypress: escape
94.5792 	EXP 	GFMT_short: status = STOPPED
94.5920 	EXP 	background_4: autoDraw = False
94.5920 	EXP 	endmsg: autoDraw = False
94.5921 	EXP 	GFMT_short: status = STOPPED
94.6671 	EXP 	window1: mouseVisible = True
